True Label:  0
Verification Radius(L-inf):  4
Mean:  (0.485, 0.456, 0.406)
Std:  (0.229, 0.224, 0.225)
Stepwise Spliting # 0 Start
Sampling... (20000 samples)
Constructing Template...
Spliting...
Stepwise Spliting # 1 Start
Sampling... (20000 samples)
Constructing Template...
Spliting...
Stepwise Spliting # 2 Start
Sampling... (20000 samples)
Constructing Template...
Spliting...
Stepwise Spliting # 3 Start
Sampling... (20000 samples)
Constructing Template...
Spliting...
Stepwise Spliting # 4 Start
Sampling... (20000 samples)
Constructing Template...
Spliting...
Last Step...
Margin:  0.0246075891691091
Evaluated Delta Max Value:  [3.03975362]
Potential Counter-example Found
True Label:  tensor(58, device='cuda:0') Score:  tensor(3.6868, device='cuda:0') Original Label: 0 Scores:  tensor(2.4310, device='cuda:0')
Conter-example Confirmed
Unsafe. Adversarial Example Found.
True Label:  0
Verification Radius(L-inf):  4
Mean:  (0.485, 0.456, 0.406)
Std:  (0.229, 0.224, 0.225)
Stepwise Spliting # 0 Start
Sampling... (20000 samples)
Constructing Template...
Spliting...
Stepwise Spliting # 1 Start
Sampling... (20000 samples)
Constructing Template...
Spliting...
Stepwise Spliting # 2 Start
Sampling... (20000 samples)
Constructing Template...
Spliting...
Stepwise Spliting # 3 Start
Sampling... (20000 samples)
Constructing Template...
Spliting...
Stepwise Spliting # 4 Start
Sampling... (20000 samples)
Constructing Template...
Spliting...
Last Step...
Margin:  0.026273064193060858
Evaluated Delta Max Value:  [0.20037461]
Potential Counter-example Found
True Label:  tensor(0, device='cuda:0') Score:  tensor(9.1881, device='cuda:0') Original Label: 0 Scores:  tensor(9.1881, device='cuda:0')
Unknown. Potential Counter-Example exists.
True Label:  0
Verification Radius(L-inf):  4
Mean:  (0.485, 0.456, 0.406)
Std:  (0.229, 0.224, 0.225)
Stepwise Spliting # 0 Start
Sampling... (20000 samples)
Constructing Template...
Spliting...
Stepwise Spliting # 1 Start
Sampling... (20000 samples)
Constructing Template...
Spliting...
Stepwise Spliting # 2 Start
Sampling... (20000 samples)
Constructing Template...
Spliting...
Stepwise Spliting # 3 Start
Sampling... (20000 samples)
Constructing Template...
Spliting...
Stepwise Spliting # 4 Start
Sampling... (20000 samples)
Constructing Template...
Spliting...
Last Step...
Margin:  0.024998492439696707
Evaluated Delta Max Value:  [3.59322213]
Potential Counter-example Found
True Label:  tensor(693, device='cuda:0') Score:  tensor(7.2144, device='cuda:0') Original Label: 0 Scores:  tensor(5.4568, device='cuda:0')
Conter-example Confirmed
Unsafe. Adversarial Example Found.
True Label:  0
Verification Radius(L-inf):  4
Mean:  (0.485, 0.456, 0.406)
Std:  (0.229, 0.224, 0.225)
Stepwise Spliting # 0 Start
Sampling... (20000 samples)
Constructing Template...
Spliting...
Stepwise Spliting # 1 Start
Sampling... (20000 samples)
Constructing Template...
Spliting...
Stepwise Spliting # 2 Start
Sampling... (20000 samples)
Constructing Template...
Spliting...
Stepwise Spliting # 3 Start
Sampling... (20000 samples)
Constructing Template...
Spliting...
Stepwise Spliting # 4 Start
Sampling... (20000 samples)
Constructing Template...
Spliting...
Last Step...
Margin:  0.012302168004281633
Evaluated Delta Max Value:  [-0.50438373]
Network is PAC-model robust with error rate 0.01 and confidence level 0.999
True Label:  0
Verification Radius(L-inf):  4
Mean:  (0.485, 0.456, 0.406)
Std:  (0.229, 0.224, 0.225)
Stepwise Spliting # 0 Start
Sampling... (20000 samples)
Constructing Template...
Spliting...
Stepwise Spliting # 1 Start
Sampling... (20000 samples)
Constructing Template...
Spliting...
Stepwise Spliting # 2 Start
Sampling... (20000 samples)
Constructing Template...
Spliting...
Stepwise Spliting # 3 Start
Sampling... (20000 samples)
Constructing Template...
Spliting...
Stepwise Spliting # 4 Start
Sampling... (20000 samples)
Constructing Template...
Spliting...
Last Step...
Margin:  0.05210839206380591
Evaluated Delta Max Value:  [4.82350809]
Potential Counter-example Found
True Label:  tensor(868, device='cuda:0') Score:  tensor(6.3379, device='cuda:0') Original Label: 0 Scores:  tensor(5.7397, device='cuda:0')
Conter-example Confirmed
Unsafe. Adversarial Example Found.
True Label:  217
Verification Radius(L-inf):  4
Mean:  (0.485, 0.456, 0.406)
Std:  (0.229, 0.224, 0.225)
Stepwise Spliting # 0 Start
Sampling... (20000 samples)
Constructing Template...
Spliting...
Stepwise Spliting # 1 Start
Sampling... (20000 samples)
Constructing Template...
Spliting...
Stepwise Spliting # 2 Start
Sampling... (20000 samples)
Constructing Template...
Spliting...
Stepwise Spliting # 3 Start
Sampling... (20000 samples)
Constructing Template...
Spliting...
Stepwise Spliting # 4 Start
Sampling... (20000 samples)
Constructing Template...
Spliting...
Last Step...
Margin:  0.02984818953174484
Evaluated Delta Max Value:  [0.89244952]
Potential Counter-example Found
True Label:  tensor(217, device='cuda:0') Score:  tensor(10.0950, device='cuda:0') Original Label: 217 Scores:  tensor(10.0950, device='cuda:0')
Unknown. Potential Counter-Example exists.
True Label:  217
Verification Radius(L-inf):  4
Mean:  (0.485, 0.456, 0.406)
Std:  (0.229, 0.224, 0.225)
Stepwise Spliting # 0 Start
Sampling... (20000 samples)
Constructing Template...
Spliting...
Stepwise Spliting # 1 Start
Sampling... (20000 samples)
Constructing Template...
Spliting...
Stepwise Spliting # 2 Start
Sampling... (20000 samples)
Constructing Template...
Spliting...
Stepwise Spliting # 3 Start
Sampling... (20000 samples)
Constructing Template...
Spliting...
Stepwise Spliting # 4 Start
Sampling... (20000 samples)
Constructing Template...
Spliting...
Last Step...
Margin:  0.024401993782808606
Evaluated Delta Max Value:  [-0.06579661]
Network is PAC-model robust with error rate 0.01 and confidence level 0.999
True Label:  217
Verification Radius(L-inf):  4
Mean:  (0.485, 0.456, 0.406)
Std:  (0.229, 0.224, 0.225)
Stepwise Spliting # 0 Start
Sampling... (20000 samples)
Constructing Template...
Spliting...
Stepwise Spliting # 1 Start
Sampling... (20000 samples)
Constructing Template...
Spliting...
Stepwise Spliting # 2 Start
Sampling... (20000 samples)
Constructing Template...
Spliting...
Stepwise Spliting # 3 Start
Sampling... (20000 samples)
Constructing Template...
Spliting...
Stepwise Spliting # 4 Start
Sampling... (20000 samples)
Constructing Template...
Spliting...
Last Step...
Margin:  0.014871784341154867
Evaluated Delta Max Value:  [1.66785755]
Potential Counter-example Found
True Label:  tensor(232, device='cuda:0') Score:  tensor(9.4106, device='cuda:0') Original Label: 217 Scores:  tensor(9.1501, device='cuda:0')
Conter-example Confirmed
Unsafe. Adversarial Example Found.
True Label:  217
Verification Radius(L-inf):  4
Mean:  (0.485, 0.456, 0.406)
Std:  (0.229, 0.224, 0.225)
Stepwise Spliting # 0 Start
Sampling... (20000 samples)
Constructing Template...
Spliting...
Stepwise Spliting # 1 Start
Sampling... (20000 samples)
Constructing Template...
Spliting...
Stepwise Spliting # 2 Start
Sampling... (20000 samples)
Constructing Template...
Spliting...
Stepwise Spliting # 3 Start
Sampling... (20000 samples)
Constructing Template...
Spliting...
Stepwise Spliting # 4 Start
Sampling... (20000 samples)
Constructing Template...
Spliting...
Last Step...
Margin:  0.08854316146258157
Evaluated Delta Max Value:  [8.83990143]
Potential Counter-example Found
True Label:  tensor(422, device='cuda:0') Score:  tensor(6.7213, device='cuda:0') Original Label: 217 Scores:  tensor(3.8322, device='cuda:0')
Conter-example Confirmed
Unsafe. Adversarial Example Found.
True Label:  217
Verification Radius(L-inf):  4
Mean:  (0.485, 0.456, 0.406)
Std:  (0.229, 0.224, 0.225)
Stepwise Spliting # 0 Start
Sampling... (20000 samples)
Constructing Template...
Spliting...
Stepwise Spliting # 1 Start
Sampling... (20000 samples)
Constructing Template...
Spliting...
Stepwise Spliting # 2 Start
Sampling... (20000 samples)
Constructing Template...
Spliting...
Stepwise Spliting # 3 Start
Sampling... (20000 samples)
Constructing Template...
Spliting...
Stepwise Spliting # 4 Start
Sampling... (20000 samples)
Constructing Template...
Spliting...
Last Step...
Margin:  0.032256051866836444
Evaluated Delta Max Value:  [4.37052359]
Potential Counter-example Found
True Label:  tensor(645, device='cuda:0') Score:  tensor(7.9803, device='cuda:0') Original Label: 217 Scores:  tensor(5.3296, device='cuda:0')
Conter-example Confirmed
Unsafe. Adversarial Example Found.
True Label:  482
Verification Radius(L-inf):  4
Mean:  (0.485, 0.456, 0.406)
Std:  (0.229, 0.224, 0.225)
Stepwise Spliting # 0 Start
Sampling... (20000 samples)
Constructing Template...
Spliting...
Stepwise Spliting # 1 Start
Sampling... (20000 samples)
Constructing Template...
Spliting...
Stepwise Spliting # 2 Start
Sampling... (20000 samples)
Constructing Template...
Spliting...
Stepwise Spliting # 3 Start
Sampling... (20000 samples)
Constructing Template...
Spliting...
Stepwise Spliting # 4 Start
Sampling... (20000 samples)
Constructing Template...
Spliting...
Last Step...
Margin:  0.014558447383093753
Evaluated Delta Max Value:  [3.87227425]
Potential Counter-example Found
True Label:  tensor(481, device='cuda:0') Score:  tensor(8.3983, device='cuda:0') Original Label: 482 Scores:  tensor(5.6604, device='cuda:0')
Conter-example Confirmed
Unsafe. Adversarial Example Found.
True Label:  482
Verification Radius(L-inf):  4
Mean:  (0.485, 0.456, 0.406)
Std:  (0.229, 0.224, 0.225)
Stepwise Spliting # 0 Start
Sampling... (20000 samples)
Constructing Template...
Spliting...
Stepwise Spliting # 1 Start
Sampling... (20000 samples)
Constructing Template...
Spliting...
Stepwise Spliting # 2 Start
Sampling... (20000 samples)
Constructing Template...
Spliting...
Stepwise Spliting # 3 Start
Sampling... (20000 samples)
Constructing Template...
Spliting...
Stepwise Spliting # 4 Start
Sampling... (20000 samples)
Constructing Template...
Spliting...
Last Step...
Margin:  0.00810092769110815
Evaluated Delta Max Value:  [0.82647897]
Potential Counter-example Found
True Label:  tensor(848, device='cuda:0') Score:  tensor(9.5184, device='cuda:0') Original Label: 482 Scores:  tensor(9.3596, device='cuda:0')
Conter-example Confirmed
Unsafe. Adversarial Example Found.
True Label:  482
Verification Radius(L-inf):  4
Mean:  (0.485, 0.456, 0.406)
Std:  (0.229, 0.224, 0.225)
Stepwise Spliting # 0 Start
Sampling... (20000 samples)
Constructing Template...
Spliting...
Stepwise Spliting # 1 Start
Sampling... (20000 samples)
Constructing Template...
Spliting...
Stepwise Spliting # 2 Start
Sampling... (20000 samples)
Constructing Template...
Spliting...
Stepwise Spliting # 3 Start
Sampling... (20000 samples)
Constructing Template...
Spliting...
Stepwise Spliting # 4 Start
Sampling... (20000 samples)
Constructing Template...
Spliting...
Last Step...
Margin:  0.004255951437936778
Evaluated Delta Max Value:  [1.00432453]
Potential Counter-example Found
True Label:  tensor(848, device='cuda:0') Score:  tensor(8.6892, device='cuda:0') Original Label: 482 Scores:  tensor(7.9928, device='cuda:0')
Conter-example Confirmed
Unsafe. Adversarial Example Found.
True Label:  482
Verification Radius(L-inf):  4
Mean:  (0.485, 0.456, 0.406)
Std:  (0.229, 0.224, 0.225)
Stepwise Spliting # 0 Start
Sampling... (20000 samples)
Constructing Template...
Spliting...
Stepwise Spliting # 1 Start
Sampling... (20000 samples)
Constructing Template...
Spliting...
Stepwise Spliting # 2 Start
Sampling... (20000 samples)
Constructing Template...
Spliting...
Stepwise Spliting # 3 Start
Sampling... (20000 samples)
Constructing Template...
Spliting...
Stepwise Spliting # 4 Start
Sampling... (20000 samples)
Constructing Template...
Spliting...
Last Step...
Margin:  0.03650055759219095
Evaluated Delta Max Value:  [3.83118804]
Potential Counter-example Found
True Label:  tensor(818, device='cuda:0') Score:  tensor(9.6698, device='cuda:0') Original Label: 482 Scores:  tensor(8.9086, device='cuda:0')
Conter-example Confirmed
Unsafe. Adversarial Example Found.
True Label:  482
Verification Radius(L-inf):  4
Mean:  (0.485, 0.456, 0.406)
Std:  (0.229, 0.224, 0.225)
Stepwise Spliting # 0 Start
Sampling... (20000 samples)
Constructing Template...
Spliting...
Stepwise Spliting # 1 Start
Sampling... (20000 samples)
Constructing Template...
Spliting...
Stepwise Spliting # 2 Start
Sampling... (20000 samples)
Constructing Template...
Spliting...
Stepwise Spliting # 3 Start
Sampling... (20000 samples)
Constructing Template...
Spliting...
Stepwise Spliting # 4 Start
Sampling... (20000 samples)
Constructing Template...
Spliting...
Last Step...
Margin:  0.0033087855992637305
Evaluated Delta Max Value:  [0.60291133]
Potential Counter-example Found
True Label:  tensor(848, device='cuda:0') Score:  tensor(10.2676, device='cuda:0') Original Label: 482 Scores:  tensor(9.9193, device='cuda:0')
Conter-example Confirmed
Unsafe. Adversarial Example Found.
True Label:  491
Verification Radius(L-inf):  4
Mean:  (0.485, 0.456, 0.406)
Std:  (0.229, 0.224, 0.225)
Stepwise Spliting # 0 Start
Sampling... (20000 samples)
Constructing Template...
Spliting...
Stepwise Spliting # 1 Start
Sampling... (20000 samples)
Constructing Template...
Spliting...
Stepwise Spliting # 2 Start
Sampling... (20000 samples)
Constructing Template...
Spliting...
Stepwise Spliting # 3 Start
Sampling... (20000 samples)
Constructing Template...
Spliting...
Stepwise Spliting # 4 Start
Sampling... (20000 samples)
Constructing Template...
Spliting...
Last Step...
Margin:  0.02060456002226447
Evaluated Delta Max Value:  [0.75492931]
Potential Counter-example Found
True Label:  tensor(491, device='cuda:0') Score:  tensor(6.9195, device='cuda:0') Original Label: 491 Scores:  tensor(6.9195, device='cuda:0')
Unknown. Potential Counter-Example exists.
True Label:  491
Verification Radius(L-inf):  4
Mean:  (0.485, 0.456, 0.406)
Std:  (0.229, 0.224, 0.225)
Stepwise Spliting # 0 Start
Sampling... (20000 samples)
Constructing Template...
Spliting...
Stepwise Spliting # 1 Start
Sampling... (20000 samples)
Constructing Template...
Spliting...
Stepwise Spliting # 2 Start
Sampling... (20000 samples)
Constructing Template...
Spliting...
Stepwise Spliting # 3 Start
Sampling... (20000 samples)
Constructing Template...
Spliting...
Stepwise Spliting # 4 Start
Sampling... (20000 samples)
Constructing Template...
Spliting...
Last Step...
Margin:  0.06859381631179762
Evaluated Delta Max Value:  [13.0681047]
Potential Counter-example Found
True Label:  tensor(790, device='cuda:0') Score:  tensor(12.5514, device='cuda:0') Original Label: 491 Scores:  tensor(4.2839, device='cuda:0')
Conter-example Confirmed
Unsafe. Adversarial Example Found.
True Label:  491
Verification Radius(L-inf):  4
Mean:  (0.485, 0.456, 0.406)
Std:  (0.229, 0.224, 0.225)
Stepwise Spliting # 0 Start
Sampling... (20000 samples)
Constructing Template...
Spliting...
Stepwise Spliting # 1 Start
Sampling... (20000 samples)
Constructing Template...
Spliting...
Stepwise Spliting # 2 Start
Sampling... (20000 samples)
Constructing Template...
Spliting...
Stepwise Spliting # 3 Start
Sampling... (20000 samples)
Constructing Template...
Spliting...
Stepwise Spliting # 4 Start
Sampling... (20000 samples)
Constructing Template...
Spliting...
Last Step...
Margin:  0.054857972002583466
Evaluated Delta Max Value:  [0.93551996]
Potential Counter-example Found
True Label:  tensor(491, device='cuda:0') Score:  tensor(15.0034, device='cuda:0') Original Label: 491 Scores:  tensor(15.0034, device='cuda:0')
Unknown. Potential Counter-Example exists.
True Label:  491
Verification Radius(L-inf):  4
Mean:  (0.485, 0.456, 0.406)
Std:  (0.229, 0.224, 0.225)
Stepwise Spliting # 0 Start
Sampling... (20000 samples)
Constructing Template...
Spliting...
Stepwise Spliting # 1 Start
Sampling... (20000 samples)
Constructing Template...
Spliting...
Stepwise Spliting # 2 Start
Sampling... (20000 samples)
Constructing Template...
Spliting...
Stepwise Spliting # 3 Start
Sampling... (20000 samples)
Constructing Template...
Spliting...
Stepwise Spliting # 4 Start
Sampling... (20000 samples)
Constructing Template...
Spliting...
Last Step...
Margin:  0.03903081674468023
Evaluated Delta Max Value:  [6.10292353]
Potential Counter-example Found
True Label:  tensor(522, device='cuda:0') Score:  tensor(6.6289, device='cuda:0') Original Label: 491 Scores:  tensor(3.5871, device='cuda:0')
Conter-example Confirmed
Unsafe. Adversarial Example Found.
True Label:  491
Verification Radius(L-inf):  4
Mean:  (0.485, 0.456, 0.406)
Std:  (0.229, 0.224, 0.225)
Stepwise Spliting # 0 Start
Sampling... (20000 samples)
Constructing Template...
Spliting...
Stepwise Spliting # 1 Start
Sampling... (20000 samples)
Constructing Template...
Spliting...
Stepwise Spliting # 2 Start
Sampling... (20000 samples)
Constructing Template...
Spliting...
Stepwise Spliting # 3 Start
Sampling... (20000 samples)
Constructing Template...
Spliting...
Stepwise Spliting # 4 Start
Sampling... (20000 samples)
Constructing Template...
Spliting...
Last Step...
Margin:  0.023005859580820243
Evaluated Delta Max Value:  [5.51281041]
Potential Counter-example Found
True Label:  tensor(537, device='cuda:0') Score:  tensor(6.2229, device='cuda:0') Original Label: 491 Scores:  tensor(2.6300, device='cuda:0')
Conter-example Confirmed
Unsafe. Adversarial Example Found.
True Label:  497
Verification Radius(L-inf):  4
Mean:  (0.485, 0.456, 0.406)
Std:  (0.229, 0.224, 0.225)
Stepwise Spliting # 0 Start
Sampling... (20000 samples)
Constructing Template...
Spliting...
Stepwise Spliting # 1 Start
Sampling... (20000 samples)
Constructing Template...
Spliting...
Stepwise Spliting # 2 Start
Sampling... (20000 samples)
Constructing Template...
Spliting...
Stepwise Spliting # 3 Start
Sampling... (20000 samples)
Constructing Template...
Spliting...
Stepwise Spliting # 4 Start
Sampling... (20000 samples)
Constructing Template...
Spliting...
Last Step...
Margin:  0.03150163069494627
Evaluated Delta Max Value:  [1.72845899]
Potential Counter-example Found
True Label:  tensor(497, device='cuda:0') Score:  tensor(8.4454, device='cuda:0') Original Label: 497 Scores:  tensor(8.4454, device='cuda:0')
Unknown. Potential Counter-Example exists.
True Label:  497
Verification Radius(L-inf):  4
Mean:  (0.485, 0.456, 0.406)
Std:  (0.229, 0.224, 0.225)
Stepwise Spliting # 0 Start
Sampling... (20000 samples)
Constructing Template...
Spliting...
Stepwise Spliting # 1 Start
Sampling... (20000 samples)
Constructing Template...
Spliting...
Stepwise Spliting # 2 Start
Sampling... (20000 samples)
Constructing Template...
Spliting...
Stepwise Spliting # 3 Start
Sampling... (20000 samples)
Constructing Template...
Spliting...
Stepwise Spliting # 4 Start
Sampling... (20000 samples)
Constructing Template...
Spliting...
Last Step...
Margin:  0.05142677276513563
Evaluated Delta Max Value:  [3.35020813]
Potential Counter-example Found
True Label:  tensor(497, device='cuda:0') Score:  tensor(6.9148, device='cuda:0') Original Label: 497 Scores:  tensor(6.9148, device='cuda:0')
Unknown. Potential Counter-Example exists.
True Label:  497
Verification Radius(L-inf):  4
Mean:  (0.485, 0.456, 0.406)
Std:  (0.229, 0.224, 0.225)
Stepwise Spliting # 0 Start
Sampling... (20000 samples)
Constructing Template...
Spliting...
Stepwise Spliting # 1 Start
Sampling... (20000 samples)
Constructing Template...
Spliting...
Stepwise Spliting # 2 Start
Sampling... (20000 samples)
Constructing Template...
Spliting...
Stepwise Spliting # 3 Start
Sampling... (20000 samples)
Constructing Template...
Spliting...
Stepwise Spliting # 4 Start
Sampling... (20000 samples)
Constructing Template...
Spliting...
Last Step...
Margin:  0.051078164205746845
Evaluated Delta Max Value:  [8.31298891]
Potential Counter-example Found
True Label:  tensor(437, device='cuda:0') Score:  tensor(9.5394, device='cuda:0') Original Label: 497 Scores:  tensor(5.7312, device='cuda:0')
Conter-example Confirmed
Unsafe. Adversarial Example Found.
True Label:  497
Verification Radius(L-inf):  4
Mean:  (0.485, 0.456, 0.406)
Std:  (0.229, 0.224, 0.225)
Stepwise Spliting # 0 Start
Sampling... (20000 samples)
Constructing Template...
Spliting...
Stepwise Spliting # 1 Start
Sampling... (20000 samples)
Constructing Template...
Spliting...
Stepwise Spliting # 2 Start
Sampling... (20000 samples)
Constructing Template...
Spliting...
Stepwise Spliting # 3 Start
Sampling... (20000 samples)
Constructing Template...
Spliting...
Stepwise Spliting # 4 Start
Sampling... (20000 samples)
Constructing Template...
Spliting...
Last Step...
Margin:  0.011441354501594114
Evaluated Delta Max Value:  [0.52051299]
Potential Counter-example Found
True Label:  tensor(497, device='cuda:0') Score:  tensor(12.0933, device='cuda:0') Original Label: 497 Scores:  tensor(12.0933, device='cuda:0')
Unknown. Potential Counter-Example exists.
True Label:  497
Verification Radius(L-inf):  4
Mean:  (0.485, 0.456, 0.406)
Std:  (0.229, 0.224, 0.225)
Stepwise Spliting # 0 Start
Sampling... (20000 samples)
Constructing Template...
Spliting...
Stepwise Spliting # 1 Start
Sampling... (20000 samples)
Constructing Template...
Spliting...
Stepwise Spliting # 2 Start
Sampling... (20000 samples)
Constructing Template...
Spliting...
Stepwise Spliting # 3 Start
Sampling... (20000 samples)
Constructing Template...
Spliting...
Stepwise Spliting # 4 Start
Sampling... (20000 samples)
Constructing Template...
Spliting...
Last Step...
Margin:  0.009016290364666224
Evaluated Delta Max Value:  [2.13127567]
Potential Counter-example Found
True Label:  tensor(663, device='cuda:0') Score:  tensor(8.5126, device='cuda:0') Original Label: 497 Scores:  tensor(7.2296, device='cuda:0')
Conter-example Confirmed
Unsafe. Adversarial Example Found.
True Label:  566
Verification Radius(L-inf):  4
Mean:  (0.485, 0.456, 0.406)
Std:  (0.229, 0.224, 0.225)
Stepwise Spliting # 0 Start
Sampling... (20000 samples)
Constructing Template...
Spliting...
Stepwise Spliting # 1 Start
Sampling... (20000 samples)
Constructing Template...
Spliting...
Stepwise Spliting # 2 Start
Sampling... (20000 samples)
Constructing Template...
Spliting...
Stepwise Spliting # 3 Start
Sampling... (20000 samples)
Constructing Template...
Spliting...
Stepwise Spliting # 4 Start
Sampling... (20000 samples)
Constructing Template...
Spliting...
Last Step...
Margin:  0.08378859556921636
Evaluated Delta Max Value:  [7.54982468]
Potential Counter-example Found
True Label:  tensor(401, device='cuda:0') Score:  tensor(6.6176, device='cuda:0') Original Label: 566 Scores:  tensor(5.3687, device='cuda:0')
Conter-example Confirmed
Unsafe. Adversarial Example Found.
True Label:  566
Verification Radius(L-inf):  4
Mean:  (0.485, 0.456, 0.406)
Std:  (0.229, 0.224, 0.225)
Stepwise Spliting # 0 Start
Sampling... (20000 samples)
Constructing Template...
Spliting...
Stepwise Spliting # 1 Start
Sampling... (20000 samples)
Constructing Template...
Spliting...
Stepwise Spliting # 2 Start
Sampling... (20000 samples)
Constructing Template...
Spliting...
Stepwise Spliting # 3 Start
Sampling... (20000 samples)
Constructing Template...
Spliting...
Stepwise Spliting # 4 Start
Sampling... (20000 samples)
Constructing Template...
Spliting...
Last Step...
Margin:  0.02432222739591383
Evaluated Delta Max Value:  [2.13501344]
Potential Counter-example Found
True Label:  tensor(875, device='cuda:0') Score:  tensor(6.1627, device='cuda:0') Original Label: 566 Scores:  tensor(5.8064, device='cuda:0')
Conter-example Confirmed
Unsafe. Adversarial Example Found.
True Label:  566
Verification Radius(L-inf):  4
Mean:  (0.485, 0.456, 0.406)
Std:  (0.229, 0.224, 0.225)
Stepwise Spliting # 0 Start
Sampling... (20000 samples)
Constructing Template...
Spliting...
Stepwise Spliting # 1 Start
Sampling... (20000 samples)
Constructing Template...
Spliting...
Stepwise Spliting # 2 Start
Sampling... (20000 samples)
Constructing Template...
Spliting...
Stepwise Spliting # 3 Start
Sampling... (20000 samples)
Constructing Template...
Spliting...
Stepwise Spliting # 4 Start
Sampling... (20000 samples)
Constructing Template...
Spliting...
Last Step...
Margin:  0.046435343349453095
Evaluated Delta Max Value:  [4.26241169]
Potential Counter-example Found
True Label:  tensor(642, device='cuda:0') Score:  tensor(5.3701, device='cuda:0') Original Label: 566 Scores:  tensor(4.8757, device='cuda:0')
Conter-example Confirmed
Unsafe. Adversarial Example Found.
True Label:  566
Verification Radius(L-inf):  4
Mean:  (0.485, 0.456, 0.406)
Std:  (0.229, 0.224, 0.225)
Stepwise Spliting # 0 Start
Sampling... (20000 samples)
Constructing Template...
Spliting...
Stepwise Spliting # 1 Start
Sampling... (20000 samples)
Constructing Template...
Spliting...
Stepwise Spliting # 2 Start
Sampling... (20000 samples)
Constructing Template...
Spliting...
Stepwise Spliting # 3 Start
Sampling... (20000 samples)
Constructing Template...
Spliting...
Stepwise Spliting # 4 Start
Sampling... (20000 samples)
Constructing Template...
Spliting...
Last Step...
Margin:  0.08402355438147957
Evaluated Delta Max Value:  [5.76353328]
Potential Counter-example Found
True Label:  tensor(566, device='cuda:0') Score:  tensor(8.1359, device='cuda:0') Original Label: 566 Scores:  tensor(8.1359, device='cuda:0')
Unknown. Potential Counter-Example exists.
True Label:  566
Verification Radius(L-inf):  4
Mean:  (0.485, 0.456, 0.406)
Std:  (0.229, 0.224, 0.225)
Stepwise Spliting # 0 Start
Sampling... (20000 samples)
Constructing Template...
Spliting...
Stepwise Spliting # 1 Start
Sampling... (20000 samples)
Constructing Template...
Spliting...
Stepwise Spliting # 2 Start
Sampling... (20000 samples)
Constructing Template...
Spliting...
Stepwise Spliting # 3 Start
Sampling... (20000 samples)
Constructing Template...
Spliting...
Stepwise Spliting # 4 Start
Sampling... (20000 samples)
Constructing Template...
Spliting...
Last Step...
Margin:  0.03800810379074804
Evaluated Delta Max Value:  [10.47686346]
Potential Counter-example Found
True Label:  tensor(513, device='cuda:0') Score:  tensor(23.6385, device='cuda:0') Original Label: 566 Scores:  tensor(16.3985, device='cuda:0')
Conter-example Confirmed
Unsafe. Adversarial Example Found.
True Label:  569
Verification Radius(L-inf):  4
Mean:  (0.485, 0.456, 0.406)
Std:  (0.229, 0.224, 0.225)
Stepwise Spliting # 0 Start
Sampling... (20000 samples)
Constructing Template...
Spliting...
Stepwise Spliting # 1 Start
Sampling... (20000 samples)
Constructing Template...
Spliting...
Stepwise Spliting # 2 Start
Sampling... (20000 samples)
Constructing Template...
Spliting...
Stepwise Spliting # 3 Start
Sampling... (20000 samples)
Constructing Template...
Spliting...
Stepwise Spliting # 4 Start
Sampling... (20000 samples)
Constructing Template...
Spliting...
Last Step...
Margin:  0.020201011392462664
Evaluated Delta Max Value:  [1.97524718]
Potential Counter-example Found
True Label:  tensor(867, device='cuda:0') Score:  tensor(10.2366, device='cuda:0') Original Label: 569 Scores:  tensor(9.7647, device='cuda:0')
Conter-example Confirmed
Unsafe. Adversarial Example Found.
True Label:  569
Verification Radius(L-inf):  4
Mean:  (0.485, 0.456, 0.406)
Std:  (0.229, 0.224, 0.225)
Stepwise Spliting # 0 Start
Sampling... (20000 samples)
Constructing Template...
Spliting...
Stepwise Spliting # 1 Start
Sampling... (20000 samples)
Constructing Template...
Spliting...
Stepwise Spliting # 2 Start
Sampling... (20000 samples)
Constructing Template...
Spliting...
Stepwise Spliting # 3 Start
Sampling... (20000 samples)
Constructing Template...
Spliting...
Stepwise Spliting # 4 Start
Sampling... (20000 samples)
Constructing Template...
Spliting...
Last Step...
Margin:  0.03463302680011804
Evaluated Delta Max Value:  [4.04490017]
Potential Counter-example Found
True Label:  tensor(660, device='cuda:0') Score:  tensor(5.6801, device='cuda:0') Original Label: 569 Scores:  tensor(3.9990, device='cuda:0')
Conter-example Confirmed
Unsafe. Adversarial Example Found.
True Label:  569
Verification Radius(L-inf):  4
Mean:  (0.485, 0.456, 0.406)
Std:  (0.229, 0.224, 0.225)
Stepwise Spliting # 0 Start
Sampling... (20000 samples)
Constructing Template...
Spliting...
Stepwise Spliting # 1 Start
Sampling... (20000 samples)
Constructing Template...
Spliting...
Stepwise Spliting # 2 Start
Sampling... (20000 samples)
Constructing Template...
Spliting...
Stepwise Spliting # 3 Start
Sampling... (20000 samples)
Constructing Template...
Spliting...
Stepwise Spliting # 4 Start
Sampling... (20000 samples)
Constructing Template...
Spliting...
Last Step...
Margin:  0.025503198442527394
Evaluated Delta Max Value:  [1.97627334]
Potential Counter-example Found
True Label:  tensor(829, device='cuda:0') Score:  tensor(9.8477, device='cuda:0') Original Label: 569 Scores:  tensor(9.7245, device='cuda:0')
Conter-example Confirmed
Unsafe. Adversarial Example Found.
True Label:  569
Verification Radius(L-inf):  4
Mean:  (0.485, 0.456, 0.406)
Std:  (0.229, 0.224, 0.225)
Stepwise Spliting # 0 Start
Sampling... (20000 samples)
Constructing Template...
Spliting...
Stepwise Spliting # 1 Start
Sampling... (20000 samples)
Constructing Template...
Spliting...
Stepwise Spliting # 2 Start
Sampling... (20000 samples)
Constructing Template...
Spliting...
Stepwise Spliting # 3 Start
Sampling... (20000 samples)
Constructing Template...
Spliting...
Stepwise Spliting # 4 Start
Sampling... (20000 samples)
Constructing Template...
Spliting...
Last Step...
Margin:  0.027347368462878774
Evaluated Delta Max Value:  [3.46652209]
Potential Counter-example Found
True Label:  tensor(661, device='cuda:0') Score:  tensor(5.7849, device='cuda:0') Original Label: 569 Scores:  tensor(4.5964, device='cuda:0')
Conter-example Confirmed
Unsafe. Adversarial Example Found.
True Label:  569
Verification Radius(L-inf):  4
Mean:  (0.485, 0.456, 0.406)
Std:  (0.229, 0.224, 0.225)
Stepwise Spliting # 0 Start
Sampling... (20000 samples)
Constructing Template...
Spliting...
Stepwise Spliting # 1 Start
Sampling... (20000 samples)
Constructing Template...
Spliting...
Stepwise Spliting # 2 Start
Sampling... (20000 samples)
Constructing Template...
Spliting...
Stepwise Spliting # 3 Start
Sampling... (20000 samples)
Constructing Template...
Spliting...
Stepwise Spliting # 4 Start
Sampling... (20000 samples)
Constructing Template...
Spliting...
Last Step...
Margin:  0.02014749237685365
Evaluated Delta Max Value:  [2.1352042]
Potential Counter-example Found
True Label:  tensor(867, device='cuda:0') Score:  tensor(11.3713, device='cuda:0') Original Label: 569 Scores:  tensor(10.8348, device='cuda:0')
Conter-example Confirmed
Unsafe. Adversarial Example Found.
True Label:  571
Verification Radius(L-inf):  4
Mean:  (0.485, 0.456, 0.406)
Std:  (0.229, 0.224, 0.225)
Stepwise Spliting # 0 Start
Sampling... (20000 samples)
Constructing Template...
Spliting...
Stepwise Spliting # 1 Start
Sampling... (20000 samples)
Constructing Template...
Spliting...
Stepwise Spliting # 2 Start
Sampling... (20000 samples)
Constructing Template...
Spliting...
Stepwise Spliting # 3 Start
Sampling... (20000 samples)
Constructing Template...
Spliting...
Stepwise Spliting # 4 Start
Sampling... (20000 samples)
Constructing Template...
Spliting...
Last Step...
Margin:  0.024662007299212085
Evaluated Delta Max Value:  [-2.50350432]
Network is PAC-model robust with error rate 0.01 and confidence level 0.999
True Label:  571
Verification Radius(L-inf):  4
Mean:  (0.485, 0.456, 0.406)
Std:  (0.229, 0.224, 0.225)
Stepwise Spliting # 0 Start
Sampling... (20000 samples)
Constructing Template...
Spliting...
Stepwise Spliting # 1 Start
Sampling... (20000 samples)
Constructing Template...
Spliting...
Stepwise Spliting # 2 Start
Sampling... (20000 samples)
Constructing Template...
Spliting...
Stepwise Spliting # 3 Start
Sampling... (20000 samples)
Constructing Template...
Spliting...
Stepwise Spliting # 4 Start
Sampling... (20000 samples)
Constructing Template...
Spliting...
Last Step...
Margin:  0.02558112244758126
Evaluated Delta Max Value:  [5.4489439]
Potential Counter-example Found
True Label:  tensor(480, device='cuda:0') Score:  tensor(12.9823, device='cuda:0') Original Label: 571 Scores:  tensor(9.2710, device='cuda:0')
Conter-example Confirmed
Unsafe. Adversarial Example Found.
True Label:  571
Verification Radius(L-inf):  4
Mean:  (0.485, 0.456, 0.406)
Std:  (0.229, 0.224, 0.225)
Stepwise Spliting # 0 Start
Sampling... (20000 samples)
Constructing Template...
Spliting...
Stepwise Spliting # 1 Start
Sampling... (20000 samples)
Constructing Template...
Spliting...
Stepwise Spliting # 2 Start
Sampling... (20000 samples)
Constructing Template...
Spliting...
Stepwise Spliting # 3 Start
Sampling... (20000 samples)
Constructing Template...
Spliting...
Stepwise Spliting # 4 Start
Sampling... (20000 samples)
Constructing Template...
Spliting...
Last Step...
Margin:  0.04673069582835332
Evaluated Delta Max Value:  [1.03669864]
Potential Counter-example Found
True Label:  tensor(571, device='cuda:0') Score:  tensor(11.4290, device='cuda:0') Original Label: 571 Scores:  tensor(11.4290, device='cuda:0')
Unknown. Potential Counter-Example exists.
True Label:  571
Verification Radius(L-inf):  4
Mean:  (0.485, 0.456, 0.406)
Std:  (0.229, 0.224, 0.225)
Stepwise Spliting # 0 Start
Sampling... (20000 samples)
Constructing Template...
Spliting...
Stepwise Spliting # 1 Start
Sampling... (20000 samples)
Constructing Template...
Spliting...
Stepwise Spliting # 2 Start
Sampling... (20000 samples)
Constructing Template...
Spliting...
Stepwise Spliting # 3 Start
Sampling... (20000 samples)
Constructing Template...
Spliting...
Stepwise Spliting # 4 Start
Sampling... (20000 samples)
Constructing Template...
Spliting...
Last Step...
Margin:  0.051342902366250165
Evaluated Delta Max Value:  [4.01883672]
Potential Counter-example Found
True Label:  tensor(571, device='cuda:0') Score:  tensor(9.4975, device='cuda:0') Original Label: 571 Scores:  tensor(9.4975, device='cuda:0')
Unknown. Potential Counter-Example exists.
True Label:  571
Verification Radius(L-inf):  4
Mean:  (0.485, 0.456, 0.406)
Std:  (0.229, 0.224, 0.225)
Stepwise Spliting # 0 Start
Sampling... (20000 samples)
Constructing Template...
Spliting...
Stepwise Spliting # 1 Start
Sampling... (20000 samples)
Constructing Template...
Spliting...
Stepwise Spliting # 2 Start
Sampling... (20000 samples)
Constructing Template...
Spliting...
Stepwise Spliting # 3 Start
Sampling... (20000 samples)
Constructing Template...
Spliting...
Stepwise Spliting # 4 Start
Sampling... (20000 samples)
Constructing Template...
Spliting...
Last Step...
Margin:  0.02725601214106599
Evaluated Delta Max Value:  [1.75464224]
Potential Counter-example Found
True Label:  tensor(637, device='cuda:0') Score:  tensor(11.6487, device='cuda:0') Original Label: 571 Scores:  tensor(11.6072, device='cuda:0')
Conter-example Confirmed
Unsafe. Adversarial Example Found.
True Label:  574
Verification Radius(L-inf):  4
Mean:  (0.485, 0.456, 0.406)
Std:  (0.229, 0.224, 0.225)
Stepwise Spliting # 0 Start
Sampling... (20000 samples)
Constructing Template...
Spliting...
Stepwise Spliting # 1 Start
Sampling... (20000 samples)
Constructing Template...
Spliting...
Stepwise Spliting # 2 Start
Sampling... (20000 samples)
Constructing Template...
Spliting...
Stepwise Spliting # 3 Start
Sampling... (20000 samples)
Constructing Template...
Spliting...
Stepwise Spliting # 4 Start
Sampling... (20000 samples)
Constructing Template...
Spliting...
Last Step...
Margin:  0.04327234720641604
Evaluated Delta Max Value:  [-1.4542123]
Network is PAC-model robust with error rate 0.01 and confidence level 0.999
True Label:  574
Verification Radius(L-inf):  4
Mean:  (0.485, 0.456, 0.406)
Std:  (0.229, 0.224, 0.225)
Stepwise Spliting # 0 Start
Sampling... (20000 samples)
Constructing Template...
Spliting...
Stepwise Spliting # 1 Start
Sampling... (20000 samples)
Constructing Template...
Spliting...
Stepwise Spliting # 2 Start
Sampling... (20000 samples)
Constructing Template...
Spliting...
Stepwise Spliting # 3 Start
Sampling... (20000 samples)
Constructing Template...
Spliting...
Stepwise Spliting # 4 Start
Sampling... (20000 samples)
Constructing Template...
Spliting...
Last Step...
Margin:  0.07467799072742398
Evaluated Delta Max Value:  [9.17159821]
Potential Counter-example Found
True Label:  tensor(429, device='cuda:0') Score:  tensor(13.8997, device='cuda:0') Original Label: 574 Scores:  tensor(11.8418, device='cuda:0')
Conter-example Confirmed
Unsafe. Adversarial Example Found.
True Label:  574
Verification Radius(L-inf):  4
Mean:  (0.485, 0.456, 0.406)
Std:  (0.229, 0.224, 0.225)
Stepwise Spliting # 0 Start
Sampling... (20000 samples)
Constructing Template...
Spliting...
Stepwise Spliting # 1 Start
Sampling... (20000 samples)
Constructing Template...
Spliting...
Stepwise Spliting # 2 Start
Sampling... (20000 samples)
Constructing Template...
Spliting...
Stepwise Spliting # 3 Start
Sampling... (20000 samples)
Constructing Template...
Spliting...
Stepwise Spliting # 4 Start
Sampling... (20000 samples)
Constructing Template...
Spliting...
Last Step...
Margin:  0.021051776124150545
Evaluated Delta Max Value:  [1.03677172]
Potential Counter-example Found
True Label:  tensor(574, device='cuda:0') Score:  tensor(5.9709, device='cuda:0') Original Label: 574 Scores:  tensor(5.9709, device='cuda:0')
Unknown. Potential Counter-Example exists.
True Label:  574
Verification Radius(L-inf):  4
Mean:  (0.485, 0.456, 0.406)
Std:  (0.229, 0.224, 0.225)
Stepwise Spliting # 0 Start
Sampling... (20000 samples)
Constructing Template...
Spliting...
Stepwise Spliting # 1 Start
Sampling... (20000 samples)
Constructing Template...
Spliting...
Stepwise Spliting # 2 Start
Sampling... (20000 samples)
Constructing Template...
Spliting...
Stepwise Spliting # 3 Start
Sampling... (20000 samples)
Constructing Template...
Spliting...
Stepwise Spliting # 4 Start
Sampling... (20000 samples)
Constructing Template...
Spliting...
Last Step...
Margin:  0.0567840901340837
Evaluated Delta Max Value:  [8.90679887]
Potential Counter-example Found
True Label:  tensor(855, device='cuda:0') Score:  tensor(8.1565, device='cuda:0') Original Label: 574 Scores:  tensor(4.2706, device='cuda:0')
Conter-example Confirmed
Unsafe. Adversarial Example Found.
True Label:  574
Verification Radius(L-inf):  4
Mean:  (0.485, 0.456, 0.406)
Std:  (0.229, 0.224, 0.225)
Stepwise Spliting # 0 Start
Sampling... (20000 samples)
Constructing Template...
Spliting...
Stepwise Spliting # 1 Start
Sampling... (20000 samples)
Constructing Template...
Spliting...
Stepwise Spliting # 2 Start
Sampling... (20000 samples)
Constructing Template...
Spliting...
Stepwise Spliting # 3 Start
Sampling... (20000 samples)
Constructing Template...
Spliting...
Stepwise Spliting # 4 Start
Sampling... (20000 samples)
Constructing Template...
Spliting...
Last Step...
Margin:  0.019834255874647044
Evaluated Delta Max Value:  [0.65890325]
Potential Counter-example Found
True Label:  tensor(574, device='cuda:0') Score:  tensor(10.4612, device='cuda:0') Original Label: 574 Scores:  tensor(10.4612, device='cuda:0')
Unknown. Potential Counter-Example exists.
True Label:  701
Verification Radius(L-inf):  4
Mean:  (0.485, 0.456, 0.406)
Std:  (0.229, 0.224, 0.225)
Stepwise Spliting # 0 Start
Sampling... (20000 samples)
Constructing Template...
Spliting...
Stepwise Spliting # 1 Start
Sampling... (20000 samples)
Constructing Template...
Spliting...
Stepwise Spliting # 2 Start
Sampling... (20000 samples)
Constructing Template...
Spliting...
Stepwise Spliting # 3 Start
Sampling... (20000 samples)
Constructing Template...
Spliting...
Stepwise Spliting # 4 Start
Sampling... (20000 samples)
Constructing Template...
Spliting...
Last Step...
Margin:  0.03427294870003195
Evaluated Delta Max Value:  [-3.53430605]
Network is PAC-model robust with error rate 0.01 and confidence level 0.999
True Label:  701
Verification Radius(L-inf):  4
Mean:  (0.485, 0.456, 0.406)
Std:  (0.229, 0.224, 0.225)
Stepwise Spliting # 0 Start
Sampling... (20000 samples)
Constructing Template...
Spliting...
Stepwise Spliting # 1 Start
Sampling... (20000 samples)
Constructing Template...
Spliting...
Stepwise Spliting # 2 Start
Sampling... (20000 samples)
Constructing Template...
Spliting...
Stepwise Spliting # 3 Start
Sampling... (20000 samples)
Constructing Template...
Spliting...
Stepwise Spliting # 4 Start
Sampling... (20000 samples)
Constructing Template...
Spliting...
Last Step...
Margin:  0.06714530235725591
Evaluated Delta Max Value:  [1.79108528]
Potential Counter-example Found
True Label:  tensor(701, device='cuda:0') Score:  tensor(10.9141, device='cuda:0') Original Label: 701 Scores:  tensor(10.9141, device='cuda:0')
Unknown. Potential Counter-Example exists.
True Label:  701
Verification Radius(L-inf):  4
Mean:  (0.485, 0.456, 0.406)
Std:  (0.229, 0.224, 0.225)
Stepwise Spliting # 0 Start
Sampling... (20000 samples)
Constructing Template...
Spliting...
Stepwise Spliting # 1 Start
Sampling... (20000 samples)
Constructing Template...
Spliting...
Stepwise Spliting # 2 Start
Sampling... (20000 samples)
Constructing Template...
Spliting...
Stepwise Spliting # 3 Start
Sampling... (20000 samples)
Constructing Template...
Spliting...
Stepwise Spliting # 4 Start
Sampling... (20000 samples)
Constructing Template...
Spliting...
Last Step...
Margin:  0.03507010502221597
Evaluated Delta Max Value:  [-1.1327411]
Network is PAC-model robust with error rate 0.01 and confidence level 0.999
True Label:  701
Verification Radius(L-inf):  4
Mean:  (0.485, 0.456, 0.406)
Std:  (0.229, 0.224, 0.225)
Stepwise Spliting # 0 Start
Sampling... (20000 samples)
Constructing Template...
Spliting...
Stepwise Spliting # 1 Start
Sampling... (20000 samples)
Constructing Template...
Spliting...
Stepwise Spliting # 2 Start
Sampling... (20000 samples)
Constructing Template...
Spliting...
Stepwise Spliting # 3 Start
Sampling... (20000 samples)
Constructing Template...
Spliting...
Stepwise Spliting # 4 Start
Sampling... (20000 samples)
Constructing Template...
Spliting...
Last Step...
Margin:  0.03768055830906736
Evaluated Delta Max Value:  [1.49203112]
Potential Counter-example Found
True Label:  tensor(701, device='cuda:0') Score:  tensor(8.7188, device='cuda:0') Original Label: 701 Scores:  tensor(8.7188, device='cuda:0')
Unknown. Potential Counter-Example exists.
True Label:  701
Verification Radius(L-inf):  4
Mean:  (0.485, 0.456, 0.406)
Std:  (0.229, 0.224, 0.225)
Stepwise Spliting # 0 Start
Sampling... (20000 samples)
Constructing Template...
Spliting...
Stepwise Spliting # 1 Start
Sampling... (20000 samples)
Constructing Template...
Spliting...
Stepwise Spliting # 2 Start
Sampling... (20000 samples)
Constructing Template...
Spliting...
Stepwise Spliting # 3 Start
Sampling... (20000 samples)
Constructing Template...
Spliting...
Stepwise Spliting # 4 Start
Sampling... (20000 samples)
Constructing Template...
Spliting...
Last Step...
Margin:  0.01811748315072159
Evaluated Delta Max Value:  [0.89735902]
Potential Counter-example Found
True Label:  tensor(701, device='cuda:0') Score:  tensor(7.8374, device='cuda:0') Original Label: 701 Scores:  tensor(7.8374, device='cuda:0')
Unknown. Potential Counter-Example exists.
Total: 50 Verified : 6
Total Time: 31675.68709540367
