True Label:  0
Verification Radius(L-inf):  4
Mean:  (0.485, 0.456, 0.406)
Std:  (0.229, 0.224, 0.225)
Stepwise Spliting # 0 Start
Sampling... (20000 samples)
Constructing Template...
Spliting...
Stepwise Spliting # 1 Start
Sampling... (20000 samples)
Constructing Template...
Spliting...
Stepwise Spliting # 2 Start
Sampling... (20000 samples)
Constructing Template...
Spliting...
Stepwise Spliting # 3 Start
Sampling... (20000 samples)
Constructing Template...
Spliting...
Stepwise Spliting # 4 Start
Sampling... (20000 samples)
Constructing Template...
Spliting...
Last Step...
Margin:  0.07392052983714059
Evaluated Delta Max Value:  [7.23512684]
Potential Counter-example Found
True Label:  tensor(6, device='cuda:0') Score:  tensor(6.8644, device='cuda:0') Original Label: 0 Scores:  tensor(6.0939, device='cuda:0')
Conter-example Confirmed
Unsafe. Adversarial Example Found.
True Label:  0
Verification Radius(L-inf):  4
Mean:  (0.485, 0.456, 0.406)
Std:  (0.229, 0.224, 0.225)
Stepwise Spliting # 0 Start
Sampling... (20000 samples)
Constructing Template...
Spliting...
Stepwise Spliting # 1 Start
Sampling... (20000 samples)
Constructing Template...
Spliting...
Stepwise Spliting # 2 Start
Sampling... (20000 samples)
Constructing Template...
Spliting...
Stepwise Spliting # 3 Start
Sampling... (20000 samples)
Constructing Template...
Spliting...
Stepwise Spliting # 4 Start
Sampling... (20000 samples)
Constructing Template...
Spliting...
Last Step...
Margin:  0.04059610418864201
Evaluated Delta Max Value:  [0.67105464]
Potential Counter-example Found
True Label:  tensor(0, device='cuda:0') Score:  tensor(12.1350, device='cuda:0') Original Label: 0 Scores:  tensor(12.1350, device='cuda:0')
Unknown. Potential Counter-Example exists.
True Label:  0
Verification Radius(L-inf):  4
Mean:  (0.485, 0.456, 0.406)
Std:  (0.229, 0.224, 0.225)
Stepwise Spliting # 0 Start
Sampling... (20000 samples)
Constructing Template...
Spliting...
Stepwise Spliting # 1 Start
Sampling... (20000 samples)
Constructing Template...
Spliting...
Stepwise Spliting # 2 Start
Sampling... (20000 samples)
Constructing Template...
Spliting...
Stepwise Spliting # 3 Start
Sampling... (20000 samples)
Constructing Template...
Spliting...
Stepwise Spliting # 4 Start
Sampling... (20000 samples)
Constructing Template...
Spliting...
Last Step...
Margin:  0.027895773639458055
Evaluated Delta Max Value:  [4.84841826]
Potential Counter-example Found
True Label:  tensor(621, device='cuda:0') Score:  tensor(7.9328, device='cuda:0') Original Label: 0 Scores:  tensor(5.1744, device='cuda:0')
Conter-example Confirmed
Unsafe. Adversarial Example Found.
True Label:  0
Verification Radius(L-inf):  4
Mean:  (0.485, 0.456, 0.406)
Std:  (0.229, 0.224, 0.225)
Stepwise Spliting # 0 Start
Sampling... (20000 samples)
Constructing Template...
Spliting...
Stepwise Spliting # 1 Start
Sampling... (20000 samples)
Constructing Template...
Spliting...
Stepwise Spliting # 2 Start
Sampling... (20000 samples)
Constructing Template...
Spliting...
Stepwise Spliting # 3 Start
Sampling... (20000 samples)
Constructing Template...
Spliting...
Stepwise Spliting # 4 Start
Sampling... (20000 samples)
Constructing Template...
Spliting...
Last Step...
Margin:  0.03128365077157591
Evaluated Delta Max Value:  [-0.07546929]
Network is PAC-model robust with error rate 0.01 and confidence level 0.999
True Label:  0
Verification Radius(L-inf):  4
Mean:  (0.485, 0.456, 0.406)
Std:  (0.229, 0.224, 0.225)
Stepwise Spliting # 0 Start
Sampling... (20000 samples)
Constructing Template...
Spliting...
Stepwise Spliting # 1 Start
Sampling... (20000 samples)
Constructing Template...
Spliting...
Stepwise Spliting # 2 Start
Sampling... (20000 samples)
Constructing Template...
Spliting...
Stepwise Spliting # 3 Start
Sampling... (20000 samples)
Constructing Template...
Spliting...
Stepwise Spliting # 4 Start
Sampling... (20000 samples)
Constructing Template...
Spliting...
Last Step...
Margin:  0.05147909849393972
Evaluated Delta Max Value:  [-1.79957806]
Network is PAC-model robust with error rate 0.01 and confidence level 0.999
True Label:  217
Verification Radius(L-inf):  4
Mean:  (0.485, 0.456, 0.406)
Std:  (0.229, 0.224, 0.225)
Stepwise Spliting # 0 Start
Sampling... (20000 samples)
Constructing Template...
Spliting...
Stepwise Spliting # 1 Start
Sampling... (20000 samples)
Constructing Template...
Spliting...
Stepwise Spliting # 2 Start
Sampling... (20000 samples)
Constructing Template...
Spliting...
Stepwise Spliting # 3 Start
Sampling... (20000 samples)
Constructing Template...
Spliting...
Stepwise Spliting # 4 Start
Sampling... (20000 samples)
Constructing Template...
Spliting...
Last Step...
Margin:  0.03365356626351623
Evaluated Delta Max Value:  [0.63462527]
Potential Counter-example Found
True Label:  tensor(217, device='cuda:0') Score:  tensor(14.1842, device='cuda:0') Original Label: 217 Scores:  tensor(14.1842, device='cuda:0')
Unknown. Potential Counter-Example exists.
True Label:  217
Verification Radius(L-inf):  4
Mean:  (0.485, 0.456, 0.406)
Std:  (0.229, 0.224, 0.225)
Stepwise Spliting # 0 Start
Sampling... (20000 samples)
Constructing Template...
Spliting...
Stepwise Spliting # 1 Start
Sampling... (20000 samples)
Constructing Template...
Spliting...
Stepwise Spliting # 2 Start
Sampling... (20000 samples)
Constructing Template...
Spliting...
Stepwise Spliting # 3 Start
Sampling... (20000 samples)
Constructing Template...
Spliting...
Stepwise Spliting # 4 Start
Sampling... (20000 samples)
Constructing Template...
Spliting...
Last Step...
Margin:  0.025066184595947227
Evaluated Delta Max Value:  [-0.74977639]
Network is PAC-model robust with error rate 0.01 and confidence level 0.999
True Label:  217
Verification Radius(L-inf):  4
Mean:  (0.485, 0.456, 0.406)
Std:  (0.229, 0.224, 0.225)
Stepwise Spliting # 0 Start
Sampling... (20000 samples)
Constructing Template...
Spliting...
Stepwise Spliting # 1 Start
Sampling... (20000 samples)
Constructing Template...
Spliting...
Stepwise Spliting # 2 Start
Sampling... (20000 samples)
Constructing Template...
Spliting...
Stepwise Spliting # 3 Start
Sampling... (20000 samples)
Constructing Template...
Spliting...
Stepwise Spliting # 4 Start
Sampling... (20000 samples)
Constructing Template...
Spliting...
Last Step...
Margin:  0.04647005513135971
Evaluated Delta Max Value:  [4.76140668]
Potential Counter-example Found
True Label:  tensor(239, device='cuda:0') Score:  tensor(10.5535, device='cuda:0') Original Label: 217 Scores:  tensor(9.4731, device='cuda:0')
Conter-example Confirmed
Unsafe. Adversarial Example Found.
True Label:  217
Verification Radius(L-inf):  4
Mean:  (0.485, 0.456, 0.406)
Std:  (0.229, 0.224, 0.225)
Stepwise Spliting # 0 Start
Sampling... (20000 samples)
Constructing Template...
Spliting...
Stepwise Spliting # 1 Start
Sampling... (20000 samples)
Constructing Template...
Spliting...
Stepwise Spliting # 2 Start
Sampling... (20000 samples)
Constructing Template...
Spliting...
Stepwise Spliting # 3 Start
Sampling... (20000 samples)
Constructing Template...
Spliting...
Stepwise Spliting # 4 Start
Sampling... (20000 samples)
Constructing Template...
Spliting...
Last Step...
Margin:  0.03515576711432411
Evaluated Delta Max Value:  [0.79905742]
Potential Counter-example Found
True Label:  tensor(217, device='cuda:0') Score:  tensor(15.2668, device='cuda:0') Original Label: 217 Scores:  tensor(15.2668, device='cuda:0')
Unknown. Potential Counter-Example exists.
True Label:  217
Verification Radius(L-inf):  4
Mean:  (0.485, 0.456, 0.406)
Std:  (0.229, 0.224, 0.225)
Stepwise Spliting # 0 Start
Sampling... (20000 samples)
Constructing Template...
Spliting...
Stepwise Spliting # 1 Start
Sampling... (20000 samples)
Constructing Template...
Spliting...
Stepwise Spliting # 2 Start
Sampling... (20000 samples)
Constructing Template...
Spliting...
Stepwise Spliting # 3 Start
Sampling... (20000 samples)
Constructing Template...
Spliting...
Stepwise Spliting # 4 Start
Sampling... (20000 samples)
Constructing Template...
Spliting...
Last Step...
Margin:  0.05020144726812603
Evaluated Delta Max Value:  [3.86401977]
Potential Counter-example Found
True Label:  tensor(176, device='cuda:0') Score:  tensor(9.3394, device='cuda:0') Original Label: 217 Scores:  tensor(9.1376, device='cuda:0')
Conter-example Confirmed
Unsafe. Adversarial Example Found.
True Label:  482
Verification Radius(L-inf):  4
Mean:  (0.485, 0.456, 0.406)
Std:  (0.229, 0.224, 0.225)
Stepwise Spliting # 0 Start
Sampling... (20000 samples)
Constructing Template...
Spliting...
Stepwise Spliting # 1 Start
Sampling... (20000 samples)
Constructing Template...
Spliting...
Stepwise Spliting # 2 Start
Sampling... (20000 samples)
Constructing Template...
Spliting...
Stepwise Spliting # 3 Start
Sampling... (20000 samples)
Constructing Template...
Spliting...
Stepwise Spliting # 4 Start
Sampling... (20000 samples)
Constructing Template...
Spliting...
Last Step...
Margin:  0.023884802218825607
Evaluated Delta Max Value:  [3.62135643]
Potential Counter-example Found
True Label:  tensor(481, device='cuda:0') Score:  tensor(10.7474, device='cuda:0') Original Label: 482 Scores:  tensor(8.5878, device='cuda:0')
Conter-example Confirmed
Unsafe. Adversarial Example Found.
True Label:  482
Verification Radius(L-inf):  4
Mean:  (0.485, 0.456, 0.406)
Std:  (0.229, 0.224, 0.225)
Stepwise Spliting # 0 Start
Sampling... (20000 samples)
Constructing Template...
Spliting...
Stepwise Spliting # 1 Start
Sampling... (20000 samples)
Constructing Template...
Spliting...
Stepwise Spliting # 2 Start
Sampling... (20000 samples)
Constructing Template...
Spliting...
Stepwise Spliting # 3 Start
Sampling... (20000 samples)
Constructing Template...
Spliting...
Stepwise Spliting # 4 Start
Sampling... (20000 samples)
Constructing Template...
Spliting...
Last Step...
Margin:  0.007669370623313743
Evaluated Delta Max Value:  [1.31415252]
Potential Counter-example Found
True Label:  tensor(848, device='cuda:0') Score:  tensor(10.4469, device='cuda:0') Original Label: 482 Scores:  tensor(9.6986, device='cuda:0')
Conter-example Confirmed
Unsafe. Adversarial Example Found.
True Label:  482
Verification Radius(L-inf):  4
Mean:  (0.485, 0.456, 0.406)
Std:  (0.229, 0.224, 0.225)
Stepwise Spliting # 0 Start
Sampling... (20000 samples)
Constructing Template...
Spliting...
Stepwise Spliting # 1 Start
Sampling... (20000 samples)
Constructing Template...
Spliting...
Stepwise Spliting # 2 Start
Sampling... (20000 samples)
Constructing Template...
Spliting...
Stepwise Spliting # 3 Start
Sampling... (20000 samples)
Constructing Template...
Spliting...
Stepwise Spliting # 4 Start
Sampling... (20000 samples)
Constructing Template...
Spliting...
Last Step...
Margin:  0.0063899090843801964
Evaluated Delta Max Value:  [1.58860429]
Potential Counter-example Found
True Label:  tensor(848, device='cuda:0') Score:  tensor(9.2347, device='cuda:0') Original Label: 482 Scores:  tensor(8.0693, device='cuda:0')
Conter-example Confirmed
Unsafe. Adversarial Example Found.
True Label:  482
Verification Radius(L-inf):  4
Mean:  (0.485, 0.456, 0.406)
Std:  (0.229, 0.224, 0.225)
Stepwise Spliting # 0 Start
Sampling... (20000 samples)
Constructing Template...
Spliting...
Stepwise Spliting # 1 Start
Sampling... (20000 samples)
Constructing Template...
Spliting...
Stepwise Spliting # 2 Start
Sampling... (20000 samples)
Constructing Template...
Spliting...
Stepwise Spliting # 3 Start
Sampling... (20000 samples)
Constructing Template...
Spliting...
Stepwise Spliting # 4 Start
Sampling... (20000 samples)
Constructing Template...
Spliting...
Last Step...
Margin:  0.08191234157278604
Evaluated Delta Max Value:  [5.9113058]
Potential Counter-example Found
True Label:  tensor(818, device='cuda:0') Score:  tensor(11.6599, device='cuda:0') Original Label: 482 Scores:  tensor(11.0778, device='cuda:0')
Conter-example Confirmed
Unsafe. Adversarial Example Found.
True Label:  482
Verification Radius(L-inf):  4
Mean:  (0.485, 0.456, 0.406)
Std:  (0.229, 0.224, 0.225)
Stepwise Spliting # 0 Start
Sampling... (20000 samples)
Constructing Template...
Spliting...
Stepwise Spliting # 1 Start
Sampling... (20000 samples)
Constructing Template...
Spliting...
Stepwise Spliting # 2 Start
Sampling... (20000 samples)
Constructing Template...
Spliting...
Stepwise Spliting # 3 Start
Sampling... (20000 samples)
Constructing Template...
Spliting...
Stepwise Spliting # 4 Start
Sampling... (20000 samples)
Constructing Template...
Spliting...
Last Step...
Margin:  0.03935097233408846
Evaluated Delta Max Value:  [3.58563909]
Potential Counter-example Found
True Label:  tensor(807, device='cuda:0') Score:  tensor(11.7951, device='cuda:0') Original Label: 482 Scores:  tensor(10.9682, device='cuda:0')
Conter-example Confirmed
Unsafe. Adversarial Example Found.
True Label:  491
Verification Radius(L-inf):  4
Mean:  (0.485, 0.456, 0.406)
Std:  (0.229, 0.224, 0.225)
Stepwise Spliting # 0 Start
Sampling... (20000 samples)
Constructing Template...
Spliting...
Stepwise Spliting # 1 Start
Sampling... (20000 samples)
Constructing Template...
Spliting...
Stepwise Spliting # 2 Start
Sampling... (20000 samples)
Constructing Template...
Spliting...
Stepwise Spliting # 3 Start
Sampling... (20000 samples)
Constructing Template...
Spliting...
Stepwise Spliting # 4 Start
Sampling... (20000 samples)
Constructing Template...
Spliting...
Last Step...
Margin:  0.039337292750404096
Evaluated Delta Max Value:  [-0.89659356]
Network is PAC-model robust with error rate 0.01 and confidence level 0.999
True Label:  491
Verification Radius(L-inf):  4
Mean:  (0.485, 0.456, 0.406)
Std:  (0.229, 0.224, 0.225)
Stepwise Spliting # 0 Start
Sampling... (20000 samples)
Constructing Template...
Spliting...
Stepwise Spliting # 1 Start
Sampling... (20000 samples)
Constructing Template...
Spliting...
Stepwise Spliting # 2 Start
Sampling... (20000 samples)
Constructing Template...
Spliting...
Stepwise Spliting # 3 Start
Sampling... (20000 samples)
Constructing Template...
Spliting...
Stepwise Spliting # 4 Start
Sampling... (20000 samples)
Constructing Template...
Spliting...
Last Step...
Margin:  0.0809684546938394
Evaluated Delta Max Value:  [12.98250237]
Potential Counter-example Found
True Label:  tensor(507, device='cuda:0') Score:  tensor(11.9455, device='cuda:0') Original Label: 491 Scores:  tensor(5.5971, device='cuda:0')
Conter-example Confirmed
Unsafe. Adversarial Example Found.
True Label:  491
Verification Radius(L-inf):  4
Mean:  (0.485, 0.456, 0.406)
Std:  (0.229, 0.224, 0.225)
Stepwise Spliting # 0 Start
Sampling... (20000 samples)
Constructing Template...
Spliting...
Stepwise Spliting # 1 Start
Sampling... (20000 samples)
Constructing Template...
Spliting...
Stepwise Spliting # 2 Start
Sampling... (20000 samples)
Constructing Template...
Spliting...
Stepwise Spliting # 3 Start
Sampling... (20000 samples)
Constructing Template...
Spliting...
Stepwise Spliting # 4 Start
Sampling... (20000 samples)
Constructing Template...
Spliting...
Last Step...
Margin:  0.06951684800686087
Evaluated Delta Max Value:  [2.01470773]
Potential Counter-example Found
True Label:  tensor(491, device='cuda:0') Score:  tensor(14.0383, device='cuda:0') Original Label: 491 Scores:  tensor(14.0383, device='cuda:0')
Unknown. Potential Counter-Example exists.
True Label:  491
Verification Radius(L-inf):  4
Mean:  (0.485, 0.456, 0.406)
Std:  (0.229, 0.224, 0.225)
Stepwise Spliting # 0 Start
Sampling... (20000 samples)
Constructing Template...
Spliting...
Stepwise Spliting # 1 Start
Sampling... (20000 samples)
Constructing Template...
Spliting...
Stepwise Spliting # 2 Start
Sampling... (20000 samples)
Constructing Template...
Spliting...
Stepwise Spliting # 3 Start
Sampling... (20000 samples)
Constructing Template...
Spliting...
Stepwise Spliting # 4 Start
Sampling... (20000 samples)
Constructing Template...
Spliting...
Last Step...
Margin:  0.06531696404737453
Evaluated Delta Max Value:  [6.91011894]
Potential Counter-example Found
True Label:  tensor(522, device='cuda:0') Score:  tensor(7.5460, device='cuda:0') Original Label: 491 Scores:  tensor(5.4839, device='cuda:0')
Conter-example Confirmed
Unsafe. Adversarial Example Found.
True Label:  491
Verification Radius(L-inf):  4
Mean:  (0.485, 0.456, 0.406)
Std:  (0.229, 0.224, 0.225)
Stepwise Spliting # 0 Start
Sampling... (20000 samples)
Constructing Template...
Spliting...
Stepwise Spliting # 1 Start
Sampling... (20000 samples)
Constructing Template...
Spliting...
Stepwise Spliting # 2 Start
Sampling... (20000 samples)
Constructing Template...
Spliting...
Stepwise Spliting # 3 Start
Sampling... (20000 samples)
Constructing Template...
Spliting...
Stepwise Spliting # 4 Start
Sampling... (20000 samples)
Constructing Template...
Spliting...
Last Step...
Margin:  0.03195908075206155
Evaluated Delta Max Value:  [4.65725247]
Potential Counter-example Found
True Label:  tensor(792, device='cuda:0') Score:  tensor(7.9945, device='cuda:0') Original Label: 491 Scores:  tensor(6.0325, device='cuda:0')
Conter-example Confirmed
Unsafe. Adversarial Example Found.
True Label:  497
Verification Radius(L-inf):  4
Mean:  (0.485, 0.456, 0.406)
Std:  (0.229, 0.224, 0.225)
Stepwise Spliting # 0 Start
Sampling... (20000 samples)
Constructing Template...
Spliting...
Stepwise Spliting # 1 Start
Sampling... (20000 samples)
Constructing Template...
Spliting...
Stepwise Spliting # 2 Start
Sampling... (20000 samples)
Constructing Template...
Spliting...
Stepwise Spliting # 3 Start
Sampling... (20000 samples)
Constructing Template...
Spliting...
Stepwise Spliting # 4 Start
Sampling... (20000 samples)
Constructing Template...
Spliting...
Last Step...
Margin:  0.02111118381395105
Evaluated Delta Max Value:  [0.68857312]
Potential Counter-example Found
True Label:  tensor(497, device='cuda:0') Score:  tensor(10.9951, device='cuda:0') Original Label: 497 Scores:  tensor(10.9951, device='cuda:0')
Unknown. Potential Counter-Example exists.
True Label:  497
Verification Radius(L-inf):  4
Mean:  (0.485, 0.456, 0.406)
Std:  (0.229, 0.224, 0.225)
Stepwise Spliting # 0 Start
Sampling... (20000 samples)
Constructing Template...
Spliting...
Stepwise Spliting # 1 Start
Sampling... (20000 samples)
Constructing Template...
Spliting...
Stepwise Spliting # 2 Start
Sampling... (20000 samples)
Constructing Template...
Spliting...
Stepwise Spliting # 3 Start
Sampling... (20000 samples)
Constructing Template...
Spliting...
Stepwise Spliting # 4 Start
Sampling... (20000 samples)
Constructing Template...
Spliting...
Last Step...
Margin:  0.020889294167477424
Evaluated Delta Max Value:  [0.46142686]
Potential Counter-example Found
True Label:  tensor(497, device='cuda:0') Score:  tensor(12.2029, device='cuda:0') Original Label: 497 Scores:  tensor(12.2029, device='cuda:0')
Unknown. Potential Counter-Example exists.
True Label:  497
Verification Radius(L-inf):  4
Mean:  (0.485, 0.456, 0.406)
Std:  (0.229, 0.224, 0.225)
Stepwise Spliting # 0 Start
Sampling... (20000 samples)
Constructing Template...
Spliting...
Stepwise Spliting # 1 Start
Sampling... (20000 samples)
Constructing Template...
Spliting...
Stepwise Spliting # 2 Start
Sampling... (20000 samples)
Constructing Template...
Spliting...
Stepwise Spliting # 3 Start
Sampling... (20000 samples)
Constructing Template...
Spliting...
Stepwise Spliting # 4 Start
Sampling... (20000 samples)
Constructing Template...
Spliting...
Last Step...
Margin:  0.06209239199405703
Evaluated Delta Max Value:  [9.46030728]
Potential Counter-example Found
True Label:  tensor(437, device='cuda:0') Score:  tensor(11.2404, device='cuda:0') Original Label: 497 Scores:  tensor(7.6251, device='cuda:0')
Conter-example Confirmed
Unsafe. Adversarial Example Found.
True Label:  497
Verification Radius(L-inf):  4
Mean:  (0.485, 0.456, 0.406)
Std:  (0.229, 0.224, 0.225)
Stepwise Spliting # 0 Start
Sampling... (20000 samples)
Constructing Template...
Spliting...
Stepwise Spliting # 1 Start
Sampling... (20000 samples)
Constructing Template...
Spliting...
Stepwise Spliting # 2 Start
Sampling... (20000 samples)
Constructing Template...
Spliting...
Stepwise Spliting # 3 Start
Sampling... (20000 samples)
Constructing Template...
Spliting...
Stepwise Spliting # 4 Start
Sampling... (20000 samples)
Constructing Template...
Spliting...
Last Step...
Margin:  0.013719808356985386
Evaluated Delta Max Value:  [-0.08306074]
Network is PAC-model robust with error rate 0.01 and confidence level 0.999
True Label:  497
Verification Radius(L-inf):  4
Mean:  (0.485, 0.456, 0.406)
Std:  (0.229, 0.224, 0.225)
Stepwise Spliting # 0 Start
Sampling... (20000 samples)
Constructing Template...
Spliting...
Stepwise Spliting # 1 Start
Sampling... (20000 samples)
Constructing Template...
Spliting...
Stepwise Spliting # 2 Start
Sampling... (20000 samples)
Constructing Template...
Spliting...
Stepwise Spliting # 3 Start
Sampling... (20000 samples)
Constructing Template...
Spliting...
Stepwise Spliting # 4 Start
Sampling... (20000 samples)
Constructing Template...
Spliting...
Last Step...
Margin:  0.011953488509800103
Evaluated Delta Max Value:  [2.80632677]
Potential Counter-example Found
True Label:  tensor(663, device='cuda:0') Score:  tensor(8.5319, device='cuda:0') Original Label: 497 Scores:  tensor(6.7874, device='cuda:0')
Conter-example Confirmed
Unsafe. Adversarial Example Found.
True Label:  566
Verification Radius(L-inf):  4
Mean:  (0.485, 0.456, 0.406)
Std:  (0.229, 0.224, 0.225)
Stepwise Spliting # 0 Start
Sampling... (20000 samples)
Constructing Template...
Spliting...
Stepwise Spliting # 1 Start
Sampling... (20000 samples)
Constructing Template...
Spliting...
Stepwise Spliting # 2 Start
Sampling... (20000 samples)
Constructing Template...
Spliting...
Stepwise Spliting # 3 Start
Sampling... (20000 samples)
Constructing Template...
Spliting...
Stepwise Spliting # 4 Start
Sampling... (20000 samples)
Constructing Template...
Spliting...
Last Step...
Margin:  0.03615829224244904
Evaluated Delta Max Value:  [1.6916639]
Potential Counter-example Found
True Label:  tensor(566, device='cuda:0') Score:  tensor(9.2879, device='cuda:0') Original Label: 566 Scores:  tensor(9.2879, device='cuda:0')
Unknown. Potential Counter-Example exists.
True Label:  566
Verification Radius(L-inf):  4
Mean:  (0.485, 0.456, 0.406)
Std:  (0.229, 0.224, 0.225)
Stepwise Spliting # 0 Start
Sampling... (20000 samples)
Constructing Template...
Spliting...
Stepwise Spliting # 1 Start
Sampling... (20000 samples)
Constructing Template...
Spliting...
Stepwise Spliting # 2 Start
Sampling... (20000 samples)
Constructing Template...
Spliting...
Stepwise Spliting # 3 Start
Sampling... (20000 samples)
Constructing Template...
Spliting...
Stepwise Spliting # 4 Start
Sampling... (20000 samples)
Constructing Template...
Spliting...
Last Step...
Margin:  0.035832529401504276
Evaluated Delta Max Value:  [3.2329532]
Potential Counter-example Found
True Label:  tensor(875, device='cuda:0') Score:  tensor(7.5462, device='cuda:0') Original Label: 566 Scores:  tensor(6.6946, device='cuda:0')
Conter-example Confirmed
Unsafe. Adversarial Example Found.
True Label:  566
Verification Radius(L-inf):  4
Mean:  (0.485, 0.456, 0.406)
Std:  (0.229, 0.224, 0.225)
Stepwise Spliting # 0 Start
Sampling... (20000 samples)
Constructing Template...
Spliting...
Stepwise Spliting # 1 Start
Sampling... (20000 samples)
Constructing Template...
Spliting...
Stepwise Spliting # 2 Start
Sampling... (20000 samples)
Constructing Template...
Spliting...
Stepwise Spliting # 3 Start
Sampling... (20000 samples)
Constructing Template...
Spliting...
Stepwise Spliting # 4 Start
Sampling... (20000 samples)
Constructing Template...
Spliting...
Last Step...
Margin:  0.07555800502434806
Evaluated Delta Max Value:  [6.04573265]
Potential Counter-example Found
True Label:  tensor(566, device='cuda:0') Score:  tensor(5.4462, device='cuda:0') Original Label: 566 Scores:  tensor(5.4462, device='cuda:0')
Unknown. Potential Counter-Example exists.
True Label:  566
Verification Radius(L-inf):  4
Mean:  (0.485, 0.456, 0.406)
Std:  (0.229, 0.224, 0.225)
Stepwise Spliting # 0 Start
Sampling... (20000 samples)
Constructing Template...
Spliting...
Stepwise Spliting # 1 Start
Sampling... (20000 samples)
Constructing Template...
Spliting...
Stepwise Spliting # 2 Start
Sampling... (20000 samples)
Constructing Template...
Spliting...
Stepwise Spliting # 3 Start
Sampling... (20000 samples)
Constructing Template...
Spliting...
Stepwise Spliting # 4 Start
Sampling... (20000 samples)
Constructing Template...
Spliting...
Last Step...
Margin:  0.11763216929060327
Evaluated Delta Max Value:  [5.89924288]
Potential Counter-example Found
True Label:  tensor(566, device='cuda:0') Score:  tensor(9.1576, device='cuda:0') Original Label: 566 Scores:  tensor(9.1576, device='cuda:0')
Unknown. Potential Counter-Example exists.
True Label:  566
Verification Radius(L-inf):  4
Mean:  (0.485, 0.456, 0.406)
Std:  (0.229, 0.224, 0.225)
Stepwise Spliting # 0 Start
Sampling... (20000 samples)
Constructing Template...
Spliting...
Stepwise Spliting # 1 Start
Sampling... (20000 samples)
Constructing Template...
Spliting...
Stepwise Spliting # 2 Start
Sampling... (20000 samples)
Constructing Template...
Spliting...
Stepwise Spliting # 3 Start
Sampling... (20000 samples)
Constructing Template...
Spliting...
Stepwise Spliting # 4 Start
Sampling... (20000 samples)
Constructing Template...
Spliting...
Last Step...
Margin:  0.061157936846841565
Evaluated Delta Max Value:  [12.49668371]
Potential Counter-example Found
True Label:  tensor(513, device='cuda:0') Score:  tensor(27.3180, device='cuda:0') Original Label: 566 Scores:  tensor(19.3641, device='cuda:0')
Conter-example Confirmed
Unsafe. Adversarial Example Found.
True Label:  569
Verification Radius(L-inf):  4
Mean:  (0.485, 0.456, 0.406)
Std:  (0.229, 0.224, 0.225)
Stepwise Spliting # 0 Start
Sampling... (20000 samples)
Constructing Template...
Spliting...
Stepwise Spliting # 1 Start
Sampling... (20000 samples)
Constructing Template...
Spliting...
Stepwise Spliting # 2 Start
Sampling... (20000 samples)
Constructing Template...
Spliting...
Stepwise Spliting # 3 Start
Sampling... (20000 samples)
Constructing Template...
Spliting...
Stepwise Spliting # 4 Start
Sampling... (20000 samples)
Constructing Template...
Spliting...
Last Step...
Margin:  0.03203280523132124
Evaluated Delta Max Value:  [0.06042889]
Potential Counter-example Found
True Label:  tensor(569, device='cuda:0') Score:  tensor(12.8948, device='cuda:0') Original Label: 569 Scores:  tensor(12.8948, device='cuda:0')
Unknown. Potential Counter-Example exists.
True Label:  569
Verification Radius(L-inf):  4
Mean:  (0.485, 0.456, 0.406)
Std:  (0.229, 0.224, 0.225)
Stepwise Spliting # 0 Start
Sampling... (20000 samples)
Constructing Template...
Spliting...
Stepwise Spliting # 1 Start
Sampling... (20000 samples)
Constructing Template...
Spliting...
Stepwise Spliting # 2 Start
Sampling... (20000 samples)
Constructing Template...
Spliting...
Stepwise Spliting # 3 Start
Sampling... (20000 samples)
Constructing Template...
Spliting...
Stepwise Spliting # 4 Start
Sampling... (20000 samples)
Constructing Template...
Spliting...
Last Step...
Margin:  0.09028994812848623
Evaluated Delta Max Value:  [5.54313538]
Potential Counter-example Found
True Label:  tensor(569, device='cuda:0') Score:  tensor(8.3753, device='cuda:0') Original Label: 569 Scores:  tensor(8.3753, device='cuda:0')
Unknown. Potential Counter-Example exists.
True Label:  569
Verification Radius(L-inf):  4
Mean:  (0.485, 0.456, 0.406)
Std:  (0.229, 0.224, 0.225)
Stepwise Spliting # 0 Start
Sampling... (20000 samples)
Constructing Template...
Spliting...
Stepwise Spliting # 1 Start
Sampling... (20000 samples)
Constructing Template...
Spliting...
Stepwise Spliting # 2 Start
Sampling... (20000 samples)
Constructing Template...
Spliting...
Stepwise Spliting # 3 Start
Sampling... (20000 samples)
Constructing Template...
Spliting...
Stepwise Spliting # 4 Start
Sampling... (20000 samples)
Constructing Template...
Spliting...
Last Step...
Margin:  0.021188031151060605
Evaluated Delta Max Value:  [1.43602277]
Potential Counter-example Found
True Label:  tensor(864, device='cuda:0') Score:  tensor(14.0622, device='cuda:0') Original Label: 569 Scores:  tensor(14.0465, device='cuda:0')
Conter-example Confirmed
Unsafe. Adversarial Example Found.
True Label:  569
Verification Radius(L-inf):  4
Mean:  (0.485, 0.456, 0.406)
Std:  (0.229, 0.224, 0.225)
Stepwise Spliting # 0 Start
Sampling... (20000 samples)
Constructing Template...
Spliting...
Stepwise Spliting # 1 Start
Sampling... (20000 samples)
Constructing Template...
Spliting...
Stepwise Spliting # 2 Start
Sampling... (20000 samples)
Constructing Template...
Spliting...
Stepwise Spliting # 3 Start
Sampling... (20000 samples)
Constructing Template...
Spliting...
Stepwise Spliting # 4 Start
Sampling... (20000 samples)
Constructing Template...
Spliting...
Last Step...
Margin:  0.021122608866773085
Evaluated Delta Max Value:  [0.77954474]
Potential Counter-example Found
True Label:  tensor(569, device='cuda:0') Score:  tensor(7.7531, device='cuda:0') Original Label: 569 Scores:  tensor(7.7531, device='cuda:0')
Unknown. Potential Counter-Example exists.
True Label:  569
Verification Radius(L-inf):  4
Mean:  (0.485, 0.456, 0.406)
Std:  (0.229, 0.224, 0.225)
Stepwise Spliting # 0 Start
Sampling... (20000 samples)
Constructing Template...
Spliting...
Stepwise Spliting # 1 Start
Sampling... (20000 samples)
Constructing Template...
Spliting...
Stepwise Spliting # 2 Start
Sampling... (20000 samples)
Constructing Template...
Spliting...
Stepwise Spliting # 3 Start
Sampling... (20000 samples)
Constructing Template...
Spliting...
Stepwise Spliting # 4 Start
Sampling... (20000 samples)
Constructing Template...
Spliting...
Last Step...
Margin:  0.0363494687060576
Evaluated Delta Max Value:  [1.47782327]
Potential Counter-example Found
True Label:  tensor(569, device='cuda:0') Score:  tensor(15.2441, device='cuda:0') Original Label: 569 Scores:  tensor(15.2441, device='cuda:0')
Unknown. Potential Counter-Example exists.
True Label:  571
Verification Radius(L-inf):  4
Mean:  (0.485, 0.456, 0.406)
Std:  (0.229, 0.224, 0.225)
Stepwise Spliting # 0 Start
Sampling... (20000 samples)
Constructing Template...
Spliting...
Stepwise Spliting # 1 Start
Sampling... (20000 samples)
Constructing Template...
Spliting...
Stepwise Spliting # 2 Start
Sampling... (20000 samples)
Constructing Template...
Spliting...
Stepwise Spliting # 3 Start
Sampling... (20000 samples)
Constructing Template...
Spliting...
Stepwise Spliting # 4 Start
Sampling... (20000 samples)
Constructing Template...
Spliting...
Last Step...
Margin:  0.042625629394228426
Evaluated Delta Max Value:  [-0.46522601]
Network is PAC-model robust with error rate 0.01 and confidence level 0.999
True Label:  571
Verification Radius(L-inf):  4
Mean:  (0.485, 0.456, 0.406)
Std:  (0.229, 0.224, 0.225)
Stepwise Spliting # 0 Start
Sampling... (20000 samples)
Constructing Template...
Spliting...
Stepwise Spliting # 1 Start
Sampling... (20000 samples)
Constructing Template...
Spliting...
Stepwise Spliting # 2 Start
Sampling... (20000 samples)
Constructing Template...
Spliting...
Stepwise Spliting # 3 Start
Sampling... (20000 samples)
Constructing Template...
Spliting...
Stepwise Spliting # 4 Start
Sampling... (20000 samples)
Constructing Template...
Spliting...
Last Step...
Margin:  0.03001795633684834
Evaluated Delta Max Value:  [6.32851307]
Potential Counter-example Found
True Label:  tensor(480, device='cuda:0') Score:  tensor(15.3622, device='cuda:0') Original Label: 571 Scores:  tensor(11.0962, device='cuda:0')
Conter-example Confirmed
Unsafe. Adversarial Example Found.
True Label:  571
Verification Radius(L-inf):  4
Mean:  (0.485, 0.456, 0.406)
Std:  (0.229, 0.224, 0.225)
Stepwise Spliting # 0 Start
Sampling... (20000 samples)
Constructing Template...
Spliting...
Stepwise Spliting # 1 Start
Sampling... (20000 samples)
Constructing Template...
Spliting...
Stepwise Spliting # 2 Start
Sampling... (20000 samples)
Constructing Template...
Spliting...
Stepwise Spliting # 3 Start
Sampling... (20000 samples)
Constructing Template...
Spliting...
Stepwise Spliting # 4 Start
Sampling... (20000 samples)
Constructing Template...
Spliting...
Last Step...
Margin:  0.0644861251662654
Evaluated Delta Max Value:  [-0.74736696]
Network is PAC-model robust with error rate 0.01 and confidence level 0.999
True Label:  571
Verification Radius(L-inf):  4
Mean:  (0.485, 0.456, 0.406)
Std:  (0.229, 0.224, 0.225)
Stepwise Spliting # 0 Start
Sampling... (20000 samples)
Constructing Template...
Spliting...
Stepwise Spliting # 1 Start
Sampling... (20000 samples)
Constructing Template...
Spliting...
Stepwise Spliting # 2 Start
Sampling... (20000 samples)
Constructing Template...
Spliting...
Stepwise Spliting # 3 Start
Sampling... (20000 samples)
Constructing Template...
Spliting...
Stepwise Spliting # 4 Start
Sampling... (20000 samples)
Constructing Template...
Spliting...
Last Step...
Margin:  0.06943459730029389
Evaluated Delta Max Value:  [5.80739836]
Potential Counter-example Found
True Label:  tensor(571, device='cuda:0') Score:  tensor(10.0781, device='cuda:0') Original Label: 571 Scores:  tensor(10.0781, device='cuda:0')
Unknown. Potential Counter-Example exists.
True Label:  571
Verification Radius(L-inf):  4
Mean:  (0.485, 0.456, 0.406)
Std:  (0.229, 0.224, 0.225)
Stepwise Spliting # 0 Start
Sampling... (20000 samples)
Constructing Template...
Spliting...
Stepwise Spliting # 1 Start
Sampling... (20000 samples)
Constructing Template...
Spliting...
Stepwise Spliting # 2 Start
Sampling... (20000 samples)
Constructing Template...
Spliting...
Stepwise Spliting # 3 Start
Sampling... (20000 samples)
Constructing Template...
Spliting...
Stepwise Spliting # 4 Start
Sampling... (20000 samples)
Constructing Template...
Spliting...
Last Step...
Margin:  0.03256057945285873
Evaluated Delta Max Value:  [0.45151568]
Potential Counter-example Found
True Label:  tensor(571, device='cuda:0') Score:  tensor(13.8149, device='cuda:0') Original Label: 571 Scores:  tensor(13.8149, device='cuda:0')
Unknown. Potential Counter-Example exists.
True Label:  574
Verification Radius(L-inf):  4
Mean:  (0.485, 0.456, 0.406)
Std:  (0.229, 0.224, 0.225)
Stepwise Spliting # 0 Start
Sampling... (20000 samples)
Constructing Template...
Spliting...
Stepwise Spliting # 1 Start
Sampling... (20000 samples)
Constructing Template...
Spliting...
Stepwise Spliting # 2 Start
Sampling... (20000 samples)
Constructing Template...
Spliting...
Stepwise Spliting # 3 Start
Sampling... (20000 samples)
Constructing Template...
Spliting...
Stepwise Spliting # 4 Start
Sampling... (20000 samples)
Constructing Template...
Spliting...
Last Step...
Margin:  0.04457163324546087
Evaluated Delta Max Value:  [-1.96483431]
Network is PAC-model robust with error rate 0.01 and confidence level 0.999
True Label:  574
Verification Radius(L-inf):  4
Mean:  (0.485, 0.456, 0.406)
Std:  (0.229, 0.224, 0.225)
Stepwise Spliting # 0 Start
Sampling... (20000 samples)
Constructing Template...
Spliting...
Stepwise Spliting # 1 Start
Sampling... (20000 samples)
Constructing Template...
Spliting...
Stepwise Spliting # 2 Start
Sampling... (20000 samples)
Constructing Template...
Spliting...
Stepwise Spliting # 3 Start
Sampling... (20000 samples)
Constructing Template...
Spliting...
Stepwise Spliting # 4 Start
Sampling... (20000 samples)
Constructing Template...
Spliting...
Last Step...
Margin:  0.045172220553044706
Evaluated Delta Max Value:  [1.58889403]
Potential Counter-example Found
True Label:  tensor(574, device='cuda:0') Score:  tensor(14.6545, device='cuda:0') Original Label: 574 Scores:  tensor(14.6545, device='cuda:0')
Unknown. Potential Counter-Example exists.
True Label:  574
Verification Radius(L-inf):  4
Mean:  (0.485, 0.456, 0.406)
Std:  (0.229, 0.224, 0.225)
Stepwise Spliting # 0 Start
Sampling... (20000 samples)
Constructing Template...
Spliting...
Stepwise Spliting # 1 Start
Sampling... (20000 samples)
Constructing Template...
Spliting...
Stepwise Spliting # 2 Start
Sampling... (20000 samples)
Constructing Template...
Spliting...
Stepwise Spliting # 3 Start
Sampling... (20000 samples)
Constructing Template...
Spliting...
Stepwise Spliting # 4 Start
Sampling... (20000 samples)
Constructing Template...
Spliting...
Last Step...
Margin:  0.029854155402375904
Evaluated Delta Max Value:  [0.37940272]
Potential Counter-example Found
True Label:  tensor(574, device='cuda:0') Score:  tensor(8.9654, device='cuda:0') Original Label: 574 Scores:  tensor(8.9654, device='cuda:0')
Unknown. Potential Counter-Example exists.
True Label:  574
Verification Radius(L-inf):  4
Mean:  (0.485, 0.456, 0.406)
Std:  (0.229, 0.224, 0.225)
Stepwise Spliting # 0 Start
Sampling... (20000 samples)
Constructing Template...
Spliting...
Stepwise Spliting # 1 Start
Sampling... (20000 samples)
Constructing Template...
Spliting...
Stepwise Spliting # 2 Start
Sampling... (20000 samples)
Constructing Template...
Spliting...
Stepwise Spliting # 3 Start
Sampling... (20000 samples)
Constructing Template...
Spliting...
Stepwise Spliting # 4 Start
Sampling... (20000 samples)
Constructing Template...
Spliting...
Last Step...
Margin:  0.05318703150593951
Evaluated Delta Max Value:  [4.64395151]
Potential Counter-example Found
True Label:  tensor(574, device='cuda:0') Score:  tensor(9.3378, device='cuda:0') Original Label: 574 Scores:  tensor(9.3378, device='cuda:0')
Unknown. Potential Counter-Example exists.
True Label:  574
Verification Radius(L-inf):  4
Mean:  (0.485, 0.456, 0.406)
Std:  (0.229, 0.224, 0.225)
Stepwise Spliting # 0 Start
Sampling... (20000 samples)
Constructing Template...
Spliting...
Stepwise Spliting # 1 Start
Sampling... (20000 samples)
Constructing Template...
Spliting...
Stepwise Spliting # 2 Start
Sampling... (20000 samples)
Constructing Template...
Spliting...
Stepwise Spliting # 3 Start
Sampling... (20000 samples)
Constructing Template...
Spliting...
Stepwise Spliting # 4 Start
Sampling... (20000 samples)
Constructing Template...
Spliting...
Last Step...
Margin:  0.03654768933424979
Evaluated Delta Max Value:  [0.68619715]
Potential Counter-example Found
True Label:  tensor(574, device='cuda:0') Score:  tensor(15.8720, device='cuda:0') Original Label: 574 Scores:  tensor(15.8720, device='cuda:0')
Unknown. Potential Counter-Example exists.
True Label:  701
Verification Radius(L-inf):  4
Mean:  (0.485, 0.456, 0.406)
Std:  (0.229, 0.224, 0.225)
Stepwise Spliting # 0 Start
Sampling... (20000 samples)
Constructing Template...
Spliting...
Stepwise Spliting # 1 Start
Sampling... (20000 samples)
Constructing Template...
Spliting...
Stepwise Spliting # 2 Start
Sampling... (20000 samples)
Constructing Template...
Spliting...
Stepwise Spliting # 3 Start
Sampling... (20000 samples)
Constructing Template...
Spliting...
Stepwise Spliting # 4 Start
Sampling... (20000 samples)
Constructing Template...
Spliting...
Last Step...
Margin:  0.028891365751295695
Evaluated Delta Max Value:  [-4.67441122]
Network is PAC-model robust with error rate 0.01 and confidence level 0.999
True Label:  701
Verification Radius(L-inf):  4
Mean:  (0.485, 0.456, 0.406)
Std:  (0.229, 0.224, 0.225)
Stepwise Spliting # 0 Start
Sampling... (20000 samples)
Constructing Template...
Spliting...
Stepwise Spliting # 1 Start
Sampling... (20000 samples)
Constructing Template...
Spliting...
Stepwise Spliting # 2 Start
Sampling... (20000 samples)
Constructing Template...
Spliting...
Stepwise Spliting # 3 Start
Sampling... (20000 samples)
Constructing Template...
Spliting...
Stepwise Spliting # 4 Start
Sampling... (20000 samples)
Constructing Template...
Spliting...
Last Step...
Margin:  0.06675056399032453
Evaluated Delta Max Value:  [1.87836245]
Potential Counter-example Found
True Label:  tensor(701, device='cuda:0') Score:  tensor(12.3461, device='cuda:0') Original Label: 701 Scores:  tensor(12.3461, device='cuda:0')
Unknown. Potential Counter-Example exists.
True Label:  701
Verification Radius(L-inf):  4
Mean:  (0.485, 0.456, 0.406)
Std:  (0.229, 0.224, 0.225)
Stepwise Spliting # 0 Start
Sampling... (20000 samples)
Constructing Template...
Spliting...
Stepwise Spliting # 1 Start
Sampling... (20000 samples)
Constructing Template...
Spliting...
Stepwise Spliting # 2 Start
Sampling... (20000 samples)
Constructing Template...
Spliting...
Stepwise Spliting # 3 Start
Sampling... (20000 samples)
Constructing Template...
Spliting...
Stepwise Spliting # 4 Start
Sampling... (20000 samples)
Constructing Template...
Spliting...
Last Step...
Margin:  0.045260405018173966
Evaluated Delta Max Value:  [-2.44467704]
Network is PAC-model robust with error rate 0.01 and confidence level 0.999
True Label:  701
Verification Radius(L-inf):  4
Mean:  (0.485, 0.456, 0.406)
Std:  (0.229, 0.224, 0.225)
Stepwise Spliting # 0 Start
Sampling... (20000 samples)
Constructing Template...
Spliting...
Stepwise Spliting # 1 Start
Sampling... (20000 samples)
Constructing Template...
Spliting...
Stepwise Spliting # 2 Start
Sampling... (20000 samples)
Constructing Template...
Spliting...
Stepwise Spliting # 3 Start
Sampling... (20000 samples)
Constructing Template...
Spliting...
Stepwise Spliting # 4 Start
Sampling... (20000 samples)
Constructing Template...
Spliting...
Last Step...
Margin:  0.05662999739650054
Evaluated Delta Max Value:  [1.09976364]
Potential Counter-example Found
True Label:  tensor(701, device='cuda:0') Score:  tensor(16.0350, device='cuda:0') Original Label: 701 Scores:  tensor(16.0350, device='cuda:0')
Unknown. Potential Counter-Example exists.
True Label:  701
Verification Radius(L-inf):  4
Mean:  (0.485, 0.456, 0.406)
Std:  (0.229, 0.224, 0.225)
Stepwise Spliting # 0 Start
Sampling... (20000 samples)
Constructing Template...
Spliting...
Stepwise Spliting # 1 Start
Sampling... (20000 samples)
Constructing Template...
Spliting...
Stepwise Spliting # 2 Start
Sampling... (20000 samples)
Constructing Template...
Spliting...
Stepwise Spliting # 3 Start
Sampling... (20000 samples)
Constructing Template...
Spliting...
Stepwise Spliting # 4 Start
Sampling... (20000 samples)
Constructing Template...
Spliting...
Last Step...
Margin:  0.022368003959918337
Evaluated Delta Max Value:  [0.84994502]
Potential Counter-example Found
True Label:  tensor(701, device='cuda:0') Score:  tensor(11.6586, device='cuda:0') Original Label: 701 Scores:  tensor(11.6586, device='cuda:0')
Unknown. Potential Counter-Example exists.
Total: 50 Verified : 10
Total Time: 31621.01395010948
