Original Output:  tensor([ 7.2687, -1.5799, -0.6871,  0.7276, -1.0177,  0.7267, -2.0078, -2.5108,
        -1.9560, -1.7162])
True Label:  0
Verification Radius(L-inf):  4
Mean:  (0.485, 0.456, 0.406)
Std:  (0.229, 0.224, 0.225)
Stepwise Spliting # 0 Start
Sampling...
Constructing Template 0...
Component 0 Spliting...
Constructing Template 1...
Component 1 Spliting...
Constructing Template 2...
Component 2 Spliting...
Constructing Template 3...
Component 3 Spliting...
Constructing Template 4...
Component 4 Spliting...
Constructing Template 5...
Component 5 Spliting...
Constructing Template 6...
Component 6 Spliting...
Constructing Template 7...
Component 7 Spliting...
Constructing Template 8...
Component 8 Spliting...
Constructing Template 9...
Component 9 Spliting...
Stepwise Spliting # 1 Start
Sampling...
Constructing Template 0...
Component 0 Spliting...
Constructing Template 1...
Component 1 Spliting...
Constructing Template 2...
Component 2 Spliting...
Constructing Template 3...
Component 3 Spliting...
Constructing Template 4...
Component 4 Spliting...
Constructing Template 5...
Component 5 Spliting...
Constructing Template 6...
Component 6 Spliting...
Constructing Template 7...
Component 7 Spliting...
Constructing Template 8...
Component 8 Spliting...
Constructing Template 9...
Component 9 Spliting...
Stepwise Spliting # 2 Start
Sampling...
Constructing Template 0...
Component 0 Spliting...
Constructing Template 1...
Component 1 Spliting...
Constructing Template 2...
Component 2 Spliting...
Constructing Template 3...
Component 3 Spliting...
Constructing Template 4...
Component 4 Spliting...
Constructing Template 5...
Component 5 Spliting...
Constructing Template 6...
Component 6 Spliting...
Constructing Template 7...
Component 7 Spliting...
Constructing Template 8...
Component 8 Spliting...
Constructing Template 9...
Component 9 Spliting...
Stepwise Spliting # 3 Start
Sampling...
Constructing Template 0...
Component 0 Spliting...
Constructing Template 1...
Component 1 Spliting...
Constructing Template 2...
Component 2 Spliting...
Constructing Template 3...
Component 3 Spliting...
Constructing Template 4...
Component 4 Spliting...
Constructing Template 5...
Component 5 Spliting...
Constructing Template 6...
Component 6 Spliting...
Constructing Template 7...
Component 7 Spliting...
Constructing Template 8...
Component 8 Spliting...
Constructing Template 9...
Component 9 Spliting...
Stepwise Spliting # 4 Start
Sampling...
Constructing Template 0...
Component 0 Spliting...
Constructing Template 1...
Component 1 Spliting...
Constructing Template 2...
Component 2 Spliting...
Constructing Template 3...
Component 3 Spliting...
Constructing Template 4...
Component 4 Spliting...
Constructing Template 5...
Component 5 Spliting...
Constructing Template 6...
Component 6 Spliting...
Constructing Template 7...
Component 7 Spliting...
Constructing Template 8...
Component 8 Spliting...
Constructing Template 9...
Component 9 Spliting...
Last Step...
Component Margins:  [0.09131986226367417, 0.11496111655074515, 0.11391898565179392, 0.08842178447113991, 0.11499054495541028, 0.10674759192446226, 0.10926596212102258, 0.09420580251829724, 0.0971543501769272, 0.10455070783088338]
Margin:  0.11499054495541028
1  Class:  english_springer Evaluated Delta Max Value:  1.0561664100112838
Potential Counter-example Found
Fake Counter-Example. Potential Attack Class: english_springer Score: tensor(-1.3081, device='cuda:0') Real Largest Class: tench Score: tensor(6.0601, device='cuda:0') Original Label Score: tensor(6.0601, device='cuda:0')
Difference: tensor(-7.3682, device='cuda:0')
2  Class:  cassette_player Evaluated Delta Max Value:  1.4814577799735318
Potential Counter-example Found
Fake Counter-Example. Potential Attack Class: cassette_player Score: tensor(-0.2764, device='cuda:0') Real Largest Class: tench Score: tensor(5.9692, device='cuda:0') Original Label Score: tensor(5.9692, device='cuda:0')
Difference: tensor(-6.2456, device='cuda:0')
3  Class:  chain_saw Evaluated Delta Max Value:  3.022028030278296
Potential Counter-example Found
Fake Counter-Example. Potential Attack Class: chain_saw Score: tensor(1.1720, device='cuda:0') Real Largest Class: tench Score: tensor(5.8352, device='cuda:0') Original Label Score: tensor(5.8352, device='cuda:0')
Difference: tensor(-4.6631, device='cuda:0')
4  Class:  church Evaluated Delta Max Value:  3.0054581251846235
Potential Counter-example Found
Fake Counter-Example. Potential Attack Class: church Score: tensor(-0.3696, device='cuda:0') Real Largest Class: tench Score: tensor(5.8625, device='cuda:0') Original Label Score: tensor(5.8625, device='cuda:0')
Difference: tensor(-6.2321, device='cuda:0')
5  Class:  french_horn Evaluated Delta Max Value:  3.741086772428021
Potential Counter-example Found
Fake Counter-Example. Potential Attack Class: french_horn Score: tensor(1.4201, device='cuda:0') Real Largest Class: tench Score: tensor(6.0645, device='cuda:0') Original Label Score: tensor(6.0645, device='cuda:0')
Difference: tensor(-4.6443, device='cuda:0')
6  Class:  garbage_truck Evaluated Delta Max Value:  0.18799663295531488
Potential Counter-example Found
Fake Counter-Example. Potential Attack Class: garbage_truck Score: tensor(-1.5382, device='cuda:0') Real Largest Class: tench Score: tensor(5.8310, device='cuda:0') Original Label Score: tensor(5.8310, device='cuda:0')
Difference: tensor(-7.3691, device='cuda:0')
7  Class:  gas_pump Evaluated Delta Max Value:  -0.012885002003336421
8  Class:  golf_ball Evaluated Delta Max Value:  -0.4463859692938543
9  Class:  parachute Evaluated Delta Max Value:  0.5922700079819094
Potential Counter-example Found
Fake Counter-Example. Potential Attack Class: parachute Score: tensor(-1.4361, device='cuda:0') Real Largest Class: tench Score: tensor(5.9435, device='cuda:0') Original Label Score: tensor(5.9435, device='cuda:0')
Difference: tensor(-7.3796, device='cuda:0')
Unknown. Potential Counter-Example exists.
Original Output:  tensor([13.8040, -2.2100, -0.4238,  2.2727, -2.0514,  1.6150,  0.2298,  0.7562,
        -2.8755,  0.0211])
True Label:  0
Verification Radius(L-inf):  4
Mean:  (0.485, 0.456, 0.406)
Std:  (0.229, 0.224, 0.225)
Stepwise Spliting # 0 Start
Sampling...
Constructing Template 0...
Component 0 Spliting...
Constructing Template 1...
Component 1 Spliting...
Constructing Template 2...
Component 2 Spliting...
Constructing Template 3...
Component 3 Spliting...
Constructing Template 4...
Component 4 Spliting...
Constructing Template 5...
Component 5 Spliting...
Constructing Template 6...
Component 6 Spliting...
Constructing Template 7...
Component 7 Spliting...
Constructing Template 8...
Component 8 Spliting...
Constructing Template 9...
Component 9 Spliting...
Stepwise Spliting # 1 Start
Sampling...
Constructing Template 0...
Component 0 Spliting...
Constructing Template 1...
Component 1 Spliting...
Constructing Template 2...
Component 2 Spliting...
Constructing Template 3...
Component 3 Spliting...
Constructing Template 4...
Component 4 Spliting...
Constructing Template 5...
Component 5 Spliting...
Constructing Template 6...
Component 6 Spliting...
Constructing Template 7...
Component 7 Spliting...
Constructing Template 8...
Component 8 Spliting...
Constructing Template 9...
Component 9 Spliting...
Stepwise Spliting # 2 Start
Sampling...
Constructing Template 0...
Component 0 Spliting...
Constructing Template 1...
Component 1 Spliting...
Constructing Template 2...
Component 2 Spliting...
Constructing Template 3...
Component 3 Spliting...
Constructing Template 4...
Component 4 Spliting...
Constructing Template 5...
Component 5 Spliting...
Constructing Template 6...
Component 6 Spliting...
Constructing Template 7...
Component 7 Spliting...
Constructing Template 8...
Component 8 Spliting...
Constructing Template 9...
Component 9 Spliting...
Stepwise Spliting # 3 Start
Sampling...
Constructing Template 0...
Component 0 Spliting...
Constructing Template 1...
Component 1 Spliting...
Constructing Template 2...
Component 2 Spliting...
Constructing Template 3...
Component 3 Spliting...
Constructing Template 4...
Component 4 Spliting...
Constructing Template 5...
Component 5 Spliting...
Constructing Template 6...
Component 6 Spliting...
Constructing Template 7...
Component 7 Spliting...
Constructing Template 8...
Component 8 Spliting...
Constructing Template 9...
Component 9 Spliting...
Stepwise Spliting # 4 Start
Sampling...
Constructing Template 0...
Component 0 Spliting...
Constructing Template 1...
Component 1 Spliting...
Constructing Template 2...
Component 2 Spliting...
Constructing Template 3...
Component 3 Spliting...
Constructing Template 4...
Component 4 Spliting...
Constructing Template 5...
Component 5 Spliting...
Constructing Template 6...
Component 6 Spliting...
Constructing Template 7...
Component 7 Spliting...
Constructing Template 8...
Component 8 Spliting...
Constructing Template 9...
Component 9 Spliting...
Last Step...
Component Margins:  [0.10280434523279336, 0.1264177819797503, 0.09459612236198334, 0.1119972394578741, 0.09441677229302847, 0.1202638040654398, 0.10373229070561063, 0.11252468426360407, 0.089860234883818, 0.10824843535199147]
Margin:  0.1264177819797503
1  Class:  english_springer Evaluated Delta Max Value:  -4.981328410044828
2  Class:  cassette_player Evaluated Delta Max Value:  -2.681300022709784
3  Class:  chain_saw Evaluated Delta Max Value:  -0.1123915113556424
4  Class:  church Evaluated Delta Max Value:  -4.707924654537035
5  Class:  french_horn Evaluated Delta Max Value:  -1.3504907274591493
6  Class:  garbage_truck Evaluated Delta Max Value:  -2.5376907616423834
7  Class:  gas_pump Evaluated Delta Max Value:  -1.345326665698448
8  Class:  golf_ball Evaluated Delta Max Value:  -5.751251521909519
9  Class:  parachute Evaluated Delta Max Value:  -1.772896270359749
Network is PAC-model robust with error rate 0.01 and confidence level 0.999
Original Output:  tensor([-0.8499, 14.3842, -0.8471,  0.1728, -1.2952,  0.1143,  0.8176,  0.4179,
        -0.0739, -0.8786])
True Label:  1
Verification Radius(L-inf):  4
Mean:  (0.485, 0.456, 0.406)
Std:  (0.229, 0.224, 0.225)
Stepwise Spliting # 0 Start
Sampling...
Constructing Template 0...
Component 0 Spliting...
Constructing Template 1...
Component 1 Spliting...
Constructing Template 2...
Component 2 Spliting...
Constructing Template 3...
Component 3 Spliting...
Constructing Template 4...
Component 4 Spliting...
Constructing Template 5...
Component 5 Spliting...
Constructing Template 6...
Component 6 Spliting...
Constructing Template 7...
Component 7 Spliting...
Constructing Template 8...
Component 8 Spliting...
Constructing Template 9...
Component 9 Spliting...
Stepwise Spliting # 1 Start
Sampling...
Constructing Template 0...
Component 0 Spliting...
Constructing Template 1...
Component 1 Spliting...
Constructing Template 2...
Component 2 Spliting...
Constructing Template 3...
Component 3 Spliting...
Constructing Template 4...
Component 4 Spliting...
Constructing Template 5...
Component 5 Spliting...
Constructing Template 6...
Component 6 Spliting...
Constructing Template 7...
Component 7 Spliting...
Constructing Template 8...
Component 8 Spliting...
Constructing Template 9...
Component 9 Spliting...
Stepwise Spliting # 2 Start
Sampling...
Constructing Template 0...
Component 0 Spliting...
Constructing Template 1...
Component 1 Spliting...
Constructing Template 2...
Component 2 Spliting...
Constructing Template 3...
Component 3 Spliting...
Constructing Template 4...
Component 4 Spliting...
Constructing Template 5...
Component 5 Spliting...
Constructing Template 6...
Component 6 Spliting...
Constructing Template 7...
Component 7 Spliting...
Constructing Template 8...
Component 8 Spliting...
Constructing Template 9...
Component 9 Spliting...
Stepwise Spliting # 3 Start
Sampling...
Constructing Template 0...
Component 0 Spliting...
Constructing Template 1...
Component 1 Spliting...
Constructing Template 2...
Component 2 Spliting...
Constructing Template 3...
Component 3 Spliting...
Constructing Template 4...
Component 4 Spliting...
Constructing Template 5...
Component 5 Spliting...
Constructing Template 6...
Component 6 Spliting...
Constructing Template 7...
Component 7 Spliting...
Constructing Template 8...
Component 8 Spliting...
Constructing Template 9...
Component 9 Spliting...
Stepwise Spliting # 4 Start
Sampling...
Constructing Template 0...
Component 0 Spliting...
Constructing Template 1...
Component 1 Spliting...
Constructing Template 2...
Component 2 Spliting...
Constructing Template 3...
Component 3 Spliting...
Constructing Template 4...
Component 4 Spliting...
Constructing Template 5...
Component 5 Spliting...
Constructing Template 6...
Component 6 Spliting...
Constructing Template 7...
Component 7 Spliting...
Constructing Template 8...
Component 8 Spliting...
Constructing Template 9...
Component 9 Spliting...
Last Step...
Component Margins:  [0.05222461610813056, 0.041467564281083114, 0.05216105851031827, 0.049130120671094346, 0.04557495224036856, 0.037794315480450535, 0.050736460466286104, 0.04273767912739501, 0.05014233643086996, 0.052923670033710124]
Margin:  0.052923670033710124
0  Class:  tench Evaluated Delta Max Value:  -10.103072321064941
2  Class:  cassette_player Evaluated Delta Max Value:  -10.721048695767486
3  Class:  chain_saw Evaluated Delta Max Value:  -9.720805629755585
4  Class:  church Evaluated Delta Max Value:  -10.95332827996787
5  Class:  french_horn Evaluated Delta Max Value:  -10.172963880674814
6  Class:  garbage_truck Evaluated Delta Max Value:  -8.736625633062214
7  Class:  gas_pump Evaluated Delta Max Value:  -9.682136720898557
8  Class:  golf_ball Evaluated Delta Max Value:  -9.847891420037147
9  Class:  parachute Evaluated Delta Max Value:  -10.69087253691439
Network is PAC-model robust with error rate 0.01 and confidence level 0.999
Original Output:  tensor([-1.0100, 14.3750, -1.9142,  0.9142,  0.5006, -0.0800, -1.2618, -1.2174,
         2.4483,  0.0861])
True Label:  1
Verification Radius(L-inf):  4
Mean:  (0.485, 0.456, 0.406)
Std:  (0.229, 0.224, 0.225)
Stepwise Spliting # 0 Start
Sampling...
Constructing Template 0...
Component 0 Spliting...
Constructing Template 1...
Component 1 Spliting...
Constructing Template 2...
Component 2 Spliting...
Constructing Template 3...
Component 3 Spliting...
Constructing Template 4...
Component 4 Spliting...
Constructing Template 5...
Component 5 Spliting...
Constructing Template 6...
Component 6 Spliting...
Constructing Template 7...
Component 7 Spliting...
Constructing Template 8...
Component 8 Spliting...
Constructing Template 9...
Component 9 Spliting...
Stepwise Spliting # 1 Start
Sampling...
Constructing Template 0...
Component 0 Spliting...
Constructing Template 1...
Component 1 Spliting...
Constructing Template 2...
Component 2 Spliting...
Constructing Template 3...
Component 3 Spliting...
Constructing Template 4...
Component 4 Spliting...
Constructing Template 5...
Component 5 Spliting...
Constructing Template 6...
Component 6 Spliting...
Constructing Template 7...
Component 7 Spliting...
Constructing Template 8...
Component 8 Spliting...
Constructing Template 9...
Component 9 Spliting...
Stepwise Spliting # 2 Start
Sampling...
Constructing Template 0...
Component 0 Spliting...
Constructing Template 1...
Component 1 Spliting...
Constructing Template 2...
Component 2 Spliting...
Constructing Template 3...
Component 3 Spliting...
Constructing Template 4...
Component 4 Spliting...
Constructing Template 5...
Component 5 Spliting...
Constructing Template 6...
Component 6 Spliting...
Constructing Template 7...
Component 7 Spliting...
Constructing Template 8...
Component 8 Spliting...
Constructing Template 9...
Component 9 Spliting...
Stepwise Spliting # 3 Start
Sampling...
Constructing Template 0...
Component 0 Spliting...
Constructing Template 1...
Component 1 Spliting...
Constructing Template 2...
Component 2 Spliting...
Constructing Template 3...
Component 3 Spliting...
Constructing Template 4...
Component 4 Spliting...
Constructing Template 5...
Component 5 Spliting...
Constructing Template 6...
Component 6 Spliting...
Constructing Template 7...
Component 7 Spliting...
Constructing Template 8...
Component 8 Spliting...
Constructing Template 9...
Component 9 Spliting...
Stepwise Spliting # 4 Start
Sampling...
Constructing Template 0...
Component 0 Spliting...
Constructing Template 1...
Component 1 Spliting...
Constructing Template 2...
Component 2 Spliting...
Constructing Template 3...
Component 3 Spliting...
Constructing Template 4...
Component 4 Spliting...
Constructing Template 5...
Component 5 Spliting...
Constructing Template 6...
Component 6 Spliting...
Constructing Template 7...
Component 7 Spliting...
Constructing Template 8...
Component 8 Spliting...
Constructing Template 9...
Component 9 Spliting...
Last Step...
Component Margins:  [0.03254933416347683, 0.03426346675179204, 0.03621830441822027, 0.03742579322117656, 0.0326389995748535, 0.035849589370837265, 0.030771495097534185, 0.03444692823792117, 0.0329514600528924, 0.03662612603165272]
Margin:  0.03742579322117656
0  Class:  tench Evaluated Delta Max Value:  -11.47717590237695
2  Class:  cassette_player Evaluated Delta Max Value:  -12.520511578950455
3  Class:  chain_saw Evaluated Delta Max Value:  -9.857959855504
4  Class:  church Evaluated Delta Max Value:  -10.40225960853696
5  Class:  french_horn Evaluated Delta Max Value:  -11.082993513660055
6  Class:  garbage_truck Evaluated Delta Max Value:  -12.160867002365858
7  Class:  gas_pump Evaluated Delta Max Value:  -11.99141329603982
8  Class:  golf_ball Evaluated Delta Max Value:  -8.301984456736868
9  Class:  parachute Evaluated Delta Max Value:  -10.432923205237353
Network is PAC-model robust with error rate 0.01 and confidence level 0.999
Original Output:  tensor([-3.9966, -0.8020,  8.7227,  3.2620, -0.6216,  0.9688,  4.2236,  2.7448,
         2.1710,  0.2427])
True Label:  2
Verification Radius(L-inf):  4
Mean:  (0.485, 0.456, 0.406)
Std:  (0.229, 0.224, 0.225)
Stepwise Spliting # 0 Start
Sampling...
Constructing Template 0...
Component 0 Spliting...
Constructing Template 1...
Component 1 Spliting...
Constructing Template 2...
Component 2 Spliting...
Constructing Template 3...
Component 3 Spliting...
Constructing Template 4...
Component 4 Spliting...
Constructing Template 5...
Component 5 Spliting...
Constructing Template 6...
Component 6 Spliting...
Constructing Template 7...
Component 7 Spliting...
Constructing Template 8...
Component 8 Spliting...
Constructing Template 9...
Component 9 Spliting...
Stepwise Spliting # 1 Start
Sampling...
Constructing Template 0...
Component 0 Spliting...
Constructing Template 1...
Component 1 Spliting...
Constructing Template 2...
Component 2 Spliting...
Constructing Template 3...
Component 3 Spliting...
Constructing Template 4...
Component 4 Spliting...
Constructing Template 5...
Component 5 Spliting...
Constructing Template 6...
Component 6 Spliting...
Constructing Template 7...
Component 7 Spliting...
Constructing Template 8...
Component 8 Spliting...
Constructing Template 9...
Component 9 Spliting...
Stepwise Spliting # 2 Start
Sampling...
Constructing Template 0...
Component 0 Spliting...
Constructing Template 1...
Component 1 Spliting...
Constructing Template 2...
Component 2 Spliting...
Constructing Template 3...
Component 3 Spliting...
Constructing Template 4...
Component 4 Spliting...
Constructing Template 5...
Component 5 Spliting...
Constructing Template 6...
Component 6 Spliting...
Constructing Template 7...
Component 7 Spliting...
Constructing Template 8...
Component 8 Spliting...
Constructing Template 9...
Component 9 Spliting...
Stepwise Spliting # 3 Start
Sampling...
Constructing Template 0...
Component 0 Spliting...
Constructing Template 1...
Component 1 Spliting...
Constructing Template 2...
Component 2 Spliting...
Constructing Template 3...
Component 3 Spliting...
Constructing Template 4...
Component 4 Spliting...
Constructing Template 5...
Component 5 Spliting...
Constructing Template 6...
Component 6 Spliting...
Constructing Template 7...
Component 7 Spliting...
Constructing Template 8...
Component 8 Spliting...
Constructing Template 9...
Component 9 Spliting...
Stepwise Spliting # 4 Start
Sampling...
Constructing Template 0...
Component 0 Spliting...
Constructing Template 1...
Component 1 Spliting...
Constructing Template 2...
Component 2 Spliting...
Constructing Template 3...
Component 3 Spliting...
Constructing Template 4...
Component 4 Spliting...
Constructing Template 5...
Component 5 Spliting...
Constructing Template 6...
Component 6 Spliting...
Constructing Template 7...
Component 7 Spliting...
Constructing Template 8...
Component 8 Spliting...
Constructing Template 9...
Component 9 Spliting...
Last Step...
Component Margins:  [0.05066722870772189, 0.041447401882756196, 0.03428217998188732, 0.04450098648237821, 0.042261161954595394, 0.04628812925964798, 0.04090808535608126, 0.03185877972987283, 0.0337067115516092, 0.04929828657222046]
Margin:  0.05066722870772189
0  Class:  tench Evaluated Delta Max Value:  -8.559560370966718
1  Class:  english_springer Evaluated Delta Max Value:  -5.840433659865818
3  Class:  chain_saw Evaluated Delta Max Value:  -1.3998640352868001
4  Class:  church Evaluated Delta Max Value:  -5.451409710618052
5  Class:  french_horn Evaluated Delta Max Value:  -4.080357644300076
6  Class:  garbage_truck Evaluated Delta Max Value:  -0.8260593117076436
7  Class:  gas_pump Evaluated Delta Max Value:  -2.932863805558807
8  Class:  golf_ball Evaluated Delta Max Value:  -3.180749448676007
9  Class:  parachute Evaluated Delta Max Value:  -4.5034707165568815
Network is PAC-model robust with error rate 0.01 and confidence level 0.999
Original Output:  tensor([-2.3508, -0.3361,  9.7586,  1.2393, -0.8981, -0.2710,  7.3752,  6.2453,
         0.1155, -1.8556])
True Label:  2
Verification Radius(L-inf):  4
Mean:  (0.485, 0.456, 0.406)
Std:  (0.229, 0.224, 0.225)
Stepwise Spliting # 0 Start
Sampling...
Constructing Template 0...
Component 0 Spliting...
Constructing Template 1...
Component 1 Spliting...
Constructing Template 2...
Component 2 Spliting...
Constructing Template 3...
Component 3 Spliting...
Constructing Template 4...
Component 4 Spliting...
Constructing Template 5...
Component 5 Spliting...
Constructing Template 6...
Component 6 Spliting...
Constructing Template 7...
Component 7 Spliting...
Constructing Template 8...
Component 8 Spliting...
Constructing Template 9...
Component 9 Spliting...
Stepwise Spliting # 1 Start
Sampling...
Constructing Template 0...
Component 0 Spliting...
Constructing Template 1...
Component 1 Spliting...
Constructing Template 2...
Component 2 Spliting...
Constructing Template 3...
Component 3 Spliting...
Constructing Template 4...
Component 4 Spliting...
Constructing Template 5...
Component 5 Spliting...
Constructing Template 6...
Component 6 Spliting...
Constructing Template 7...
Component 7 Spliting...
Constructing Template 8...
Component 8 Spliting...
Constructing Template 9...
Component 9 Spliting...
Stepwise Spliting # 2 Start
Sampling...
Constructing Template 0...
Component 0 Spliting...
Constructing Template 1...
Component 1 Spliting...
Constructing Template 2...
Component 2 Spliting...
Constructing Template 3...
Component 3 Spliting...
Constructing Template 4...
Component 4 Spliting...
Constructing Template 5...
Component 5 Spliting...
Constructing Template 6...
Component 6 Spliting...
Constructing Template 7...
Component 7 Spliting...
Constructing Template 8...
Component 8 Spliting...
Constructing Template 9...
Component 9 Spliting...
Stepwise Spliting # 3 Start
Sampling...
Constructing Template 0...
Component 0 Spliting...
Constructing Template 1...
Component 1 Spliting...
Constructing Template 2...
Component 2 Spliting...
Constructing Template 3...
Component 3 Spliting...
Constructing Template 4...
Component 4 Spliting...
Constructing Template 5...
Component 5 Spliting...
Constructing Template 6...
Component 6 Spliting...
Constructing Template 7...
Component 7 Spliting...
Constructing Template 8...
Component 8 Spliting...
Constructing Template 9...
Component 9 Spliting...
Stepwise Spliting # 4 Start
Sampling...
Constructing Template 0...
Component 0 Spliting...
Constructing Template 1...
Component 1 Spliting...
Constructing Template 2...
Component 2 Spliting...
Constructing Template 3...
Component 3 Spliting...
Constructing Template 4...
Component 4 Spliting...
Constructing Template 5...
Component 5 Spliting...
Constructing Template 6...
Component 6 Spliting...
Constructing Template 7...
Component 7 Spliting...
Constructing Template 8...
Component 8 Spliting...
Constructing Template 9...
Component 9 Spliting...
Last Step...
Component Margins:  [0.047311961737719344, 0.03747177816582825, 0.03814373304096286, 0.04014255470037398, 0.04605392282799592, 0.03862300837933397, 0.06250793188554038, 0.05383800579529918, 0.040235501756566094, 0.05147690101846081]
Margin:  0.06250793188554038
0  Class:  tench Evaluated Delta Max Value:  -8.244361248405617
1  Class:  english_springer Evaluated Delta Max Value:  -6.599106774412426
3  Class:  chain_saw Evaluated Delta Max Value:  -4.751013879413041
4  Class:  church Evaluated Delta Max Value:  -6.686082561623173
5  Class:  french_horn Evaluated Delta Max Value:  -6.194565349721642
6  Class:  garbage_truck Evaluated Delta Max Value:  2.4407137898028437
Potential Counter-example Found
Fake Counter-Example. Potential Attack Class: garbage_truck Score: tensor(8.0203, device='cuda:0') Real Largest Class: cassette_player Score: tensor(9.5477, device='cuda:0') Original Label Score: tensor(9.5477, device='cuda:0')
Difference: tensor(-1.5274, device='cuda:0')
7  Class:  gas_pump Evaluated Delta Max Value:  1.5097184555069072
Potential Counter-example Found
Fake Counter-Example. Potential Attack Class: gas_pump Score: tensor(6.7968, device='cuda:0') Real Largest Class: cassette_player Score: tensor(9.4536, device='cuda:0') Original Label Score: tensor(9.4536, device='cuda:0')
Difference: tensor(-2.6568, device='cuda:0')
8  Class:  golf_ball Evaluated Delta Max Value:  -6.102850382687362
9  Class:  parachute Evaluated Delta Max Value:  -7.172155025933642
Unknown. Potential Counter-Example exists.
Original Output:  tensor([ 3.3019,  1.8179, -0.7050, 11.1354, -0.9133,  1.3010,  2.1970,  0.9974,
         1.1766,  0.5008])
True Label:  3
Verification Radius(L-inf):  4
Mean:  (0.485, 0.456, 0.406)
Std:  (0.229, 0.224, 0.225)
Stepwise Spliting # 0 Start
Sampling...
Constructing Template 0...
Component 0 Spliting...
Constructing Template 1...
Component 1 Spliting...
Constructing Template 2...
Component 2 Spliting...
Constructing Template 3...
Component 3 Spliting...
Constructing Template 4...
Component 4 Spliting...
Constructing Template 5...
Component 5 Spliting...
Constructing Template 6...
Component 6 Spliting...
Constructing Template 7...
Component 7 Spliting...
Constructing Template 8...
Component 8 Spliting...
Constructing Template 9...
Component 9 Spliting...
Stepwise Spliting # 1 Start
Sampling...
Constructing Template 0...
Component 0 Spliting...
Constructing Template 1...
Component 1 Spliting...
Constructing Template 2...
Component 2 Spliting...
Constructing Template 3...
Component 3 Spliting...
Constructing Template 4...
Component 4 Spliting...
Constructing Template 5...
Component 5 Spliting...
Constructing Template 6...
Component 6 Spliting...
Constructing Template 7...
Component 7 Spliting...
Constructing Template 8...
Component 8 Spliting...
Constructing Template 9...
Component 9 Spliting...
Stepwise Spliting # 2 Start
Sampling...
Constructing Template 0...
Component 0 Spliting...
Constructing Template 1...
Component 1 Spliting...
Constructing Template 2...
Component 2 Spliting...
Constructing Template 3...
Component 3 Spliting...
Constructing Template 4...
Component 4 Spliting...
Constructing Template 5...
Component 5 Spliting...
Constructing Template 6...
Component 6 Spliting...
Constructing Template 7...
Component 7 Spliting...
Constructing Template 8...
Component 8 Spliting...
Constructing Template 9...
Component 9 Spliting...
Stepwise Spliting # 3 Start
Sampling...
Constructing Template 0...
Component 0 Spliting...
Constructing Template 1...
Component 1 Spliting...
Constructing Template 2...
Component 2 Spliting...
Constructing Template 3...
Component 3 Spliting...
Constructing Template 4...
Component 4 Spliting...
Constructing Template 5...
Component 5 Spliting...
Constructing Template 6...
Component 6 Spliting...
Constructing Template 7...
Component 7 Spliting...
Constructing Template 8...
Component 8 Spliting...
Constructing Template 9...
Component 9 Spliting...
Stepwise Spliting # 4 Start
Sampling...
Constructing Template 0...
Component 0 Spliting...
Constructing Template 1...
Component 1 Spliting...
Constructing Template 2...
Component 2 Spliting...
Constructing Template 3...
Component 3 Spliting...
Constructing Template 4...
Component 4 Spliting...
Constructing Template 5...
Component 5 Spliting...
Constructing Template 6...
Component 6 Spliting...
Constructing Template 7...
Component 7 Spliting...
Constructing Template 8...
Component 8 Spliting...
Constructing Template 9...
Component 9 Spliting...
Last Step...
Component Margins:  [0.043026623807399744, 0.04174733826666355, 0.04305883193570281, 0.039751525143449484, 0.048059506083651726, 0.049224838621164224, 0.033733644395228524, 0.04200750916345797, 0.04782878696296855, 0.03476512767415052]
Margin:  0.049224838621164224
0  Class:  tench Evaluated Delta Max Value:  -3.5177820481491295
1  Class:  english_springer Evaluated Delta Max Value:  -5.001979977934187
2  Class:  cassette_player Evaluated Delta Max Value:  -7.388906611830782
4  Class:  church Evaluated Delta Max Value:  -7.4488290514370235
5  Class:  french_horn Evaluated Delta Max Value:  -5.144997887515412
6  Class:  garbage_truck Evaluated Delta Max Value:  -5.185470273776539
7  Class:  gas_pump Evaluated Delta Max Value:  -5.6754797744187755
8  Class:  golf_ball Evaluated Delta Max Value:  -5.428748745723819
9  Class:  parachute Evaluated Delta Max Value:  -7.340294237637686
Network is PAC-model robust with error rate 0.01 and confidence level 0.999
Original Output:  tensor([-3.6147, -1.5084,  4.8592,  6.1479,  1.2579,  3.8704,  1.0062,  3.1489,
        -0.5471, -0.7908])
True Label:  3
Verification Radius(L-inf):  4
Mean:  (0.485, 0.456, 0.406)
Std:  (0.229, 0.224, 0.225)
Stepwise Spliting # 0 Start
Sampling...
Constructing Template 0...
Component 0 Spliting...
Constructing Template 1...
Component 1 Spliting...
Constructing Template 2...
Component 2 Spliting...
Constructing Template 3...
Component 3 Spliting...
Constructing Template 4...
Component 4 Spliting...
Constructing Template 5...
Component 5 Spliting...
Constructing Template 6...
Component 6 Spliting...
Constructing Template 7...
Component 7 Spliting...
Constructing Template 8...
Component 8 Spliting...
Constructing Template 9...
Component 9 Spliting...
Stepwise Spliting # 1 Start
Sampling...
Constructing Template 0...
Component 0 Spliting...
Constructing Template 1...
Component 1 Spliting...
Constructing Template 2...
Component 2 Spliting...
Constructing Template 3...
Component 3 Spliting...
Constructing Template 4...
Component 4 Spliting...
Constructing Template 5...
Component 5 Spliting...
Constructing Template 6...
Component 6 Spliting...
Constructing Template 7...
Component 7 Spliting...
Constructing Template 8...
Component 8 Spliting...
Constructing Template 9...
Component 9 Spliting...
Stepwise Spliting # 2 Start
Sampling...
Constructing Template 0...
Component 0 Spliting...
Constructing Template 1...
Component 1 Spliting...
Constructing Template 2...
Component 2 Spliting...
Constructing Template 3...
Component 3 Spliting...
Constructing Template 4...
Component 4 Spliting...
Constructing Template 5...
Component 5 Spliting...
Constructing Template 6...
Component 6 Spliting...
Constructing Template 7...
Component 7 Spliting...
Constructing Template 8...
Component 8 Spliting...
Constructing Template 9...
Component 9 Spliting...
Stepwise Spliting # 3 Start
Sampling...
Constructing Template 0...
Component 0 Spliting...
Constructing Template 1...
Component 1 Spliting...
Constructing Template 2...
Component 2 Spliting...
Constructing Template 3...
Component 3 Spliting...
Constructing Template 4...
Component 4 Spliting...
Constructing Template 5...
Component 5 Spliting...
Constructing Template 6...
Component 6 Spliting...
Constructing Template 7...
Component 7 Spliting...
Constructing Template 8...
Component 8 Spliting...
Constructing Template 9...
Component 9 Spliting...
Stepwise Spliting # 4 Start
Sampling...
Constructing Template 0...
Component 0 Spliting...
Constructing Template 1...
Component 1 Spliting...
Constructing Template 2...
Component 2 Spliting...
Constructing Template 3...
Component 3 Spliting...
Constructing Template 4...
Component 4 Spliting...
Constructing Template 5...
Component 5 Spliting...
Constructing Template 6...
Component 6 Spliting...
Constructing Template 7...
Component 7 Spliting...
Constructing Template 8...
Component 8 Spliting...
Constructing Template 9...
Component 9 Spliting...
Last Step...
Component Margins:  [0.06377622666255967, 0.06836409608700578, 0.06362310471994559, 0.059466446925346084, 0.08024056105768729, 0.10372966184777788, 0.06000971994049742, 0.07524408911649516, 0.051226767874267054, 0.06166118120959396]
Margin:  0.10372966184777788
0  Class:  tench Evaluated Delta Max Value:  -3.664713522497797
1  Class:  english_springer Evaluated Delta Max Value:  -2.2043472483588324
2  Class:  cassette_player Evaluated Delta Max Value:  3.9606295778122353
Potential Counter-example Found
Fake Counter-Example. Potential Attack Class: cassette_player Score: tensor(5.0506, device='cuda:0') Real Largest Class: chain_saw Score: tensor(5.1808, device='cuda:0') Original Label Score: tensor(5.1808, device='cuda:0')
Difference: tensor(-0.1302, device='cuda:0')
4  Class:  church Evaluated Delta Max Value:  2.3773802171187093
Potential Counter-example Found
Fake Counter-Example. Potential Attack Class: church Score: tensor(1.9661, device='cuda:0') Real Largest Class: chain_saw Score: tensor(5.2089, device='cuda:0') Original Label Score: tensor(5.2089, device='cuda:0')
Difference: tensor(-3.2428, device='cuda:0')
5  Class:  french_horn Evaluated Delta Max Value:  6.512958842244149
Potential Counter-example Found
Fake Counter-Example. Potential Attack Class: french_horn Score: tensor(4.9868, device='cuda:0') Real Largest Class: chain_saw Score: tensor(5.2570, device='cuda:0') Original Label Score: tensor(5.2570, device='cuda:0')
Difference: tensor(-0.2703, device='cuda:0')
6  Class:  garbage_truck Evaluated Delta Max Value:  0.9814363817316654
Potential Counter-example Found
Fake Counter-Example. Potential Attack Class: garbage_truck Score: tensor(1.5460, device='cuda:0') Real Largest Class: chain_saw Score: tensor(5.2251, device='cuda:0') Original Label Score: tensor(5.2251, device='cuda:0')
Difference: tensor(-3.6791, device='cuda:0')
7  Class:  gas_pump Evaluated Delta Max Value:  3.575865907466036
Potential Counter-example Found
Fake Counter-Example. Potential Attack Class: gas_pump Score: tensor(3.7260, device='cuda:0') Real Largest Class: chain_saw Score: tensor(5.3690, device='cuda:0') Original Label Score: tensor(5.3690, device='cuda:0')
Difference: tensor(-1.6430, device='cuda:0')
8  Class:  golf_ball Evaluated Delta Max Value:  -1.5479241201546436
9  Class:  parachute Evaluated Delta Max Value:  -1.6428381610075
Unknown. Potential Counter-Example exists.
Original Output:  tensor([-1.8615,  0.7244, -1.8665,  0.6764, 11.4318, -0.0896,  3.7112,  2.4948,
         1.5065,  1.8143])
True Label:  4
Verification Radius(L-inf):  4
Mean:  (0.485, 0.456, 0.406)
Std:  (0.229, 0.224, 0.225)
Stepwise Spliting # 0 Start
Sampling...
Constructing Template 0...
Component 0 Spliting...
Constructing Template 1...
Component 1 Spliting...
Constructing Template 2...
Component 2 Spliting...
Constructing Template 3...
Component 3 Spliting...
Constructing Template 4...
Component 4 Spliting...
Constructing Template 5...
Component 5 Spliting...
Constructing Template 6...
Component 6 Spliting...
Constructing Template 7...
Component 7 Spliting...
Constructing Template 8...
Component 8 Spliting...
Constructing Template 9...
Component 9 Spliting...
Stepwise Spliting # 1 Start
Sampling...
Constructing Template 0...
Component 0 Spliting...
Constructing Template 1...
Component 1 Spliting...
Constructing Template 2...
Component 2 Spliting...
Constructing Template 3...
Component 3 Spliting...
Constructing Template 4...
Component 4 Spliting...
Constructing Template 5...
Component 5 Spliting...
Constructing Template 6...
Component 6 Spliting...
Constructing Template 7...
Component 7 Spliting...
Constructing Template 8...
Component 8 Spliting...
Constructing Template 9...
Component 9 Spliting...
Stepwise Spliting # 2 Start
Sampling...
Constructing Template 0...
Component 0 Spliting...
Constructing Template 1...
Component 1 Spliting...
Constructing Template 2...
Component 2 Spliting...
Constructing Template 3...
Component 3 Spliting...
Constructing Template 4...
Component 4 Spliting...
Constructing Template 5...
Component 5 Spliting...
Constructing Template 6...
Component 6 Spliting...
Constructing Template 7...
Component 7 Spliting...
Constructing Template 8...
Component 8 Spliting...
Constructing Template 9...
Component 9 Spliting...
Stepwise Spliting # 3 Start
Sampling...
Constructing Template 0...
Component 0 Spliting...
Constructing Template 1...
Component 1 Spliting...
Constructing Template 2...
Component 2 Spliting...
Constructing Template 3...
Component 3 Spliting...
Constructing Template 4...
Component 4 Spliting...
Constructing Template 5...
Component 5 Spliting...
Constructing Template 6...
Component 6 Spliting...
Constructing Template 7...
Component 7 Spliting...
Constructing Template 8...
Component 8 Spliting...
Constructing Template 9...
Component 9 Spliting...
Stepwise Spliting # 4 Start
Sampling...
Constructing Template 0...
Component 0 Spliting...
Constructing Template 1...
Component 1 Spliting...
Constructing Template 2...
Component 2 Spliting...
Constructing Template 3...
Component 3 Spliting...
Constructing Template 4...
Component 4 Spliting...
Constructing Template 5...
Component 5 Spliting...
Constructing Template 6...
Component 6 Spliting...
Constructing Template 7...
Component 7 Spliting...
Constructing Template 8...
Component 8 Spliting...
Constructing Template 9...
Component 9 Spliting...
Last Step...
Component Margins:  [0.06100368318869087, 0.06237355331475669, 0.06372821275210683, 0.06468783287484747, 0.051202657996176626, 0.05528366417612851, 0.06943086423983225, 0.052788941373743015, 0.05662211020191599, 0.07707943036317921]
Margin:  0.07707943036317921
0  Class:  tench Evaluated Delta Max Value:  -7.550063649406397
1  Class:  english_springer Evaluated Delta Max Value:  -4.881454532467384
2  Class:  cassette_player Evaluated Delta Max Value:  -7.861484996181341
3  Class:  chain_saw Evaluated Delta Max Value:  -4.346108213846261
5  Class:  french_horn Evaluated Delta Max Value:  -6.525088194902301
6  Class:  garbage_truck Evaluated Delta Max Value:  -0.6748466543875544
7  Class:  gas_pump Evaluated Delta Max Value:  -3.606430976427605
8  Class:  golf_ball Evaluated Delta Max Value:  -4.352467321394375
9  Class:  parachute Evaluated Delta Max Value:  -4.030841275161999
Network is PAC-model robust with error rate 0.01 and confidence level 0.999
Original Output:  tensor([-1.4740, -1.6731, -1.6293, -0.2567, 12.7010,  0.9361, -0.0907,  0.4333,
        -0.3275, -0.4868])
True Label:  4
Verification Radius(L-inf):  4
Mean:  (0.485, 0.456, 0.406)
Std:  (0.229, 0.224, 0.225)
Stepwise Spliting # 0 Start
Sampling...
Constructing Template 0...
Component 0 Spliting...
Constructing Template 1...
Component 1 Spliting...
Constructing Template 2...
Component 2 Spliting...
Constructing Template 3...
Component 3 Spliting...
Constructing Template 4...
Component 4 Spliting...
Constructing Template 5...
Component 5 Spliting...
Constructing Template 6...
Component 6 Spliting...
Constructing Template 7...
Component 7 Spliting...
Constructing Template 8...
Component 8 Spliting...
Constructing Template 9...
Component 9 Spliting...
Stepwise Spliting # 1 Start
Sampling...
Constructing Template 0...
Component 0 Spliting...
Constructing Template 1...
Component 1 Spliting...
Constructing Template 2...
Component 2 Spliting...
Constructing Template 3...
Component 3 Spliting...
Constructing Template 4...
Component 4 Spliting...
Constructing Template 5...
Component 5 Spliting...
Constructing Template 6...
Component 6 Spliting...
Constructing Template 7...
Component 7 Spliting...
Constructing Template 8...
Component 8 Spliting...
Constructing Template 9...
Component 9 Spliting...
Stepwise Spliting # 2 Start
Sampling...
Constructing Template 0...
Component 0 Spliting...
Constructing Template 1...
Component 1 Spliting...
Constructing Template 2...
Component 2 Spliting...
Constructing Template 3...
Component 3 Spliting...
Constructing Template 4...
Component 4 Spliting...
Constructing Template 5...
Component 5 Spliting...
Constructing Template 6...
Component 6 Spliting...
Constructing Template 7...
Component 7 Spliting...
Constructing Template 8...
Component 8 Spliting...
Constructing Template 9...
Component 9 Spliting...
Stepwise Spliting # 3 Start
Sampling...
Constructing Template 0...
Component 0 Spliting...
Constructing Template 1...
Component 1 Spliting...
Constructing Template 2...
Component 2 Spliting...
Constructing Template 3...
Component 3 Spliting...
Constructing Template 4...
Component 4 Spliting...
Constructing Template 5...
Component 5 Spliting...
Constructing Template 6...
Component 6 Spliting...
Constructing Template 7...
Component 7 Spliting...
Constructing Template 8...
Component 8 Spliting...
Constructing Template 9...
Component 9 Spliting...
Stepwise Spliting # 4 Start
Sampling...
Constructing Template 0...
Component 0 Spliting...
Constructing Template 1...
Component 1 Spliting...
Constructing Template 2...
Component 2 Spliting...
Constructing Template 3...
Component 3 Spliting...
Constructing Template 4...
Component 4 Spliting...
Constructing Template 5...
Component 5 Spliting...
Constructing Template 6...
Component 6 Spliting...
Constructing Template 7...
Component 7 Spliting...
Constructing Template 8...
Component 8 Spliting...
Constructing Template 9...
Component 9 Spliting...
Last Step...
Component Margins:  [0.10863849998635189, 0.05654640959437707, 0.055295025325118985, 0.10947583834543728, 0.06506000082084284, 0.08544401866477713, 0.06879326228855476, 0.05673057162259809, 0.062009301922172355, 0.06792002980930079]
Margin:  0.10947583834543728
0  Class:  tench Evaluated Delta Max Value:  -6.817197921853888
1  Class:  english_springer Evaluated Delta Max Value:  -9.159559405003106
2  Class:  cassette_player Evaluated Delta Max Value:  -8.581000604457223
3  Class:  chain_saw Evaluated Delta Max Value:  -5.731047165161572
5  Class:  french_horn Evaluated Delta Max Value:  -5.413450142004924
6  Class:  garbage_truck Evaluated Delta Max Value:  -7.188748325759777
7  Class:  gas_pump Evaluated Delta Max Value:  -7.227240464343339
8  Class:  golf_ball Evaluated Delta Max Value:  -7.878318987409495
9  Class:  parachute Evaluated Delta Max Value:  -7.799406020991521
Network is PAC-model robust with error rate 0.01 and confidence level 0.999
Original Output:  tensor([-3.0698, -0.4987, -0.6317,  1.5530,  2.7397, 10.4799, -0.0870, -1.2872,
        -1.8651, -0.8358])
True Label:  5
Verification Radius(L-inf):  4
Mean:  (0.485, 0.456, 0.406)
Std:  (0.229, 0.224, 0.225)
Stepwise Spliting # 0 Start
Sampling...
Constructing Template 0...
Component 0 Spliting...
Constructing Template 1...
Component 1 Spliting...
Constructing Template 2...
Component 2 Spliting...
Constructing Template 3...
Component 3 Spliting...
Constructing Template 4...
Component 4 Spliting...
Constructing Template 5...
Component 5 Spliting...
Constructing Template 6...
Component 6 Spliting...
Constructing Template 7...
Component 7 Spliting...
Constructing Template 8...
Component 8 Spliting...
Constructing Template 9...
Component 9 Spliting...
Stepwise Spliting # 1 Start
Sampling...
Constructing Template 0...
Component 0 Spliting...
Constructing Template 1...
Component 1 Spliting...
Constructing Template 2...
Component 2 Spliting...
Constructing Template 3...
Component 3 Spliting...
Constructing Template 4...
Component 4 Spliting...
Constructing Template 5...
Component 5 Spliting...
Constructing Template 6...
Component 6 Spliting...
Constructing Template 7...
Component 7 Spliting...
Constructing Template 8...
Component 8 Spliting...
Constructing Template 9...
Component 9 Spliting...
Stepwise Spliting # 2 Start
Sampling...
Constructing Template 0...
Component 0 Spliting...
Constructing Template 1...
Component 1 Spliting...
Constructing Template 2...
Component 2 Spliting...
Constructing Template 3...
Component 3 Spliting...
Constructing Template 4...
Component 4 Spliting...
Constructing Template 5...
Component 5 Spliting...
Constructing Template 6...
Component 6 Spliting...
Constructing Template 7...
Component 7 Spliting...
Constructing Template 8...
Component 8 Spliting...
Constructing Template 9...
Component 9 Spliting...
Stepwise Spliting # 3 Start
Sampling...
Constructing Template 0...
Component 0 Spliting...
Constructing Template 1...
Component 1 Spliting...
Constructing Template 2...
Component 2 Spliting...
Constructing Template 3...
Component 3 Spliting...
Constructing Template 4...
Component 4 Spliting...
Constructing Template 5...
Component 5 Spliting...
Constructing Template 6...
Component 6 Spliting...
Constructing Template 7...
Component 7 Spliting...
Constructing Template 8...
Component 8 Spliting...
Constructing Template 9...
Component 9 Spliting...
Stepwise Spliting # 4 Start
Sampling...
Constructing Template 0...
Component 0 Spliting...
Constructing Template 1...
Component 1 Spliting...
Constructing Template 2...
Component 2 Spliting...
Constructing Template 3...
Component 3 Spliting...
Constructing Template 4...
Component 4 Spliting...
Constructing Template 5...
Component 5 Spliting...
Constructing Template 6...
Component 6 Spliting...
Constructing Template 7...
Component 7 Spliting...
Constructing Template 8...
Component 8 Spliting...
Constructing Template 9...
Component 9 Spliting...
Last Step...
Component Margins:  [0.07586445749487858, 0.07400212749011725, 0.06517482270200858, 0.07651845294154036, 0.07259547342193784, 0.06766186895383264, 0.0866878791164849, 0.07317983485038226, 0.07448317439633456, 0.07951274498250882]
Margin:  0.0866878791164849
0  Class:  tench Evaluated Delta Max Value:  -5.437417862728197
1  Class:  english_springer Evaluated Delta Max Value:  -2.5695641250998955
2  Class:  cassette_player Evaluated Delta Max Value:  -3.979780827195035
3  Class:  chain_saw Evaluated Delta Max Value:  -1.6391058400277378
4  Class:  church Evaluated Delta Max Value:  0.5722272077602755
Potential Counter-example Found
Fake Counter-Example. Potential Attack Class: church Score: tensor(3.2636, device='cuda:0') Real Largest Class: french_horn Score: tensor(8.9500, device='cuda:0') Original Label Score: tensor(8.9500, device='cuda:0')
Difference: tensor(-5.6864, device='cuda:0')
6  Class:  garbage_truck Evaluated Delta Max Value:  -2.5085036444460984
7  Class:  gas_pump Evaluated Delta Max Value:  -4.7130385191977515
8  Class:  golf_ball Evaluated Delta Max Value:  -4.648992948538081
9  Class:  parachute Evaluated Delta Max Value:  -3.1754895563218186
Unknown. Potential Counter-Example exists.
Original Output:  tensor([-0.2383, -1.1452, -0.6018,  1.9971, -0.0507,  8.0426,  0.7867,  0.8130,
         0.0935, -2.0406])
True Label:  5
Verification Radius(L-inf):  4
Mean:  (0.485, 0.456, 0.406)
Std:  (0.229, 0.224, 0.225)
Stepwise Spliting # 0 Start
Sampling...
Constructing Template 0...
Component 0 Spliting...
Constructing Template 1...
Component 1 Spliting...
Constructing Template 2...
Component 2 Spliting...
Constructing Template 3...
Component 3 Spliting...
Constructing Template 4...
Component 4 Spliting...
Constructing Template 5...
Component 5 Spliting...
Constructing Template 6...
Component 6 Spliting...
Constructing Template 7...
Component 7 Spliting...
Constructing Template 8...
Component 8 Spliting...
Constructing Template 9...
Component 9 Spliting...
Stepwise Spliting # 1 Start
Sampling...
Constructing Template 0...
Component 0 Spliting...
Constructing Template 1...
Component 1 Spliting...
Constructing Template 2...
Component 2 Spliting...
Constructing Template 3...
Component 3 Spliting...
Constructing Template 4...
Component 4 Spliting...
Constructing Template 5...
Component 5 Spliting...
Constructing Template 6...
Component 6 Spliting...
Constructing Template 7...
Component 7 Spliting...
Constructing Template 8...
Component 8 Spliting...
Constructing Template 9...
Component 9 Spliting...
Stepwise Spliting # 2 Start
Sampling...
Constructing Template 0...
Component 0 Spliting...
Constructing Template 1...
Component 1 Spliting...
Constructing Template 2...
Component 2 Spliting...
Constructing Template 3...
Component 3 Spliting...
Constructing Template 4...
Component 4 Spliting...
Constructing Template 5...
Component 5 Spliting...
Constructing Template 6...
Component 6 Spliting...
Constructing Template 7...
Component 7 Spliting...
Constructing Template 8...
Component 8 Spliting...
Constructing Template 9...
Component 9 Spliting...
Stepwise Spliting # 3 Start
Sampling...
Constructing Template 0...
Component 0 Spliting...
Constructing Template 1...
Component 1 Spliting...
Constructing Template 2...
Component 2 Spliting...
Constructing Template 3...
Component 3 Spliting...
Constructing Template 4...
Component 4 Spliting...
Constructing Template 5...
Component 5 Spliting...
Constructing Template 6...
Component 6 Spliting...
Constructing Template 7...
Component 7 Spliting...
Constructing Template 8...
Component 8 Spliting...
Constructing Template 9...
Component 9 Spliting...
Stepwise Spliting # 4 Start
Sampling...
Constructing Template 0...
Component 0 Spliting...
Constructing Template 1...
Component 1 Spliting...
Constructing Template 2...
Component 2 Spliting...
Constructing Template 3...
Component 3 Spliting...
Constructing Template 4...
Component 4 Spliting...
Constructing Template 5...
Component 5 Spliting...
Constructing Template 6...
Component 6 Spliting...
Constructing Template 7...
Component 7 Spliting...
Constructing Template 8...
Component 8 Spliting...
Constructing Template 9...
Component 9 Spliting...
Last Step...
Component Margins:  [0.10039541487993109, 0.1010131662789977, 0.08582919779144937, 0.08472175530379511, 0.07922842724823731, 0.09965202215444346, 0.09297415805609077, 0.07938234076829875, 0.11109415643613207, 0.09604069368085622]
Margin:  0.11109415643613207
0  Class:  tench Evaluated Delta Max Value:  0.7969551159041499
Potential Counter-example Found
Fake Counter-Example. Potential Attack Class: tench Score: tensor(0.2002, device='cuda:0') Real Largest Class: french_horn Score: tensor(5.9419, device='cuda:0') Original Label Score: tensor(5.9419, device='cuda:0')
Difference: tensor(-5.7416, device='cuda:0')
1  Class:  english_springer Evaluated Delta Max Value:  -0.41654929028834875
2  Class:  cassette_player Evaluated Delta Max Value:  -0.8326105389193419
3  Class:  chain_saw Evaluated Delta Max Value:  2.6150373619706415
Potential Counter-example Found
Fake Counter-Example. Potential Attack Class: chain_saw Score: tensor(2.3507, device='cuda:0') Real Largest Class: french_horn Score: tensor(5.9366, device='cuda:0') Original Label Score: tensor(5.9366, device='cuda:0')
Difference: tensor(-3.5858, device='cuda:0')
4  Class:  church Evaluated Delta Max Value:  -0.31515544362432824
6  Class:  garbage_truck Evaluated Delta Max Value:  1.0410974332598197
Potential Counter-example Found
Fake Counter-Example. Potential Attack Class: garbage_truck Score: tensor(1.0177, device='cuda:0') Real Largest Class: french_horn Score: tensor(6.0393, device='cuda:0') Original Label Score: tensor(6.0393, device='cuda:0')
Difference: tensor(-5.0216, device='cuda:0')
7  Class:  gas_pump Evaluated Delta Max Value:  0.7334861713123422
Potential Counter-example Found
Fake Counter-Example. Potential Attack Class: gas_pump Score: tensor(0.9194, device='cuda:0') Real Largest Class: french_horn Score: tensor(5.9782, device='cuda:0') Original Label Score: tensor(5.9782, device='cuda:0')
Difference: tensor(-5.0588, device='cuda:0')
8  Class:  golf_ball Evaluated Delta Max Value:  0.6468825742950886
Potential Counter-example Found
Fake Counter-Example. Potential Attack Class: golf_ball Score: tensor(0.3729, device='cuda:0') Real Largest Class: french_horn Score: tensor(6.0089, device='cuda:0') Original Label Score: tensor(6.0089, device='cuda:0')
Difference: tensor(-5.6360, device='cuda:0')
9  Class:  parachute Evaluated Delta Max Value:  -0.7345453444028047
Unknown. Potential Counter-Example exists.
Original Output:  tensor([-2.2422,  0.9263,  1.6833,  0.1869,  0.8679, -2.9367, 13.1955,  4.8335,
        -0.0415,  0.1766])
True Label:  6
Verification Radius(L-inf):  4
Mean:  (0.485, 0.456, 0.406)
Std:  (0.229, 0.224, 0.225)
Stepwise Spliting # 0 Start
Sampling...
Constructing Template 0...
Component 0 Spliting...
Constructing Template 1...
Component 1 Spliting...
Constructing Template 2...
Component 2 Spliting...
Constructing Template 3...
Component 3 Spliting...
Constructing Template 4...
Component 4 Spliting...
Constructing Template 5...
Component 5 Spliting...
Constructing Template 6...
Component 6 Spliting...
Constructing Template 7...
Component 7 Spliting...
Constructing Template 8...
Component 8 Spliting...
Constructing Template 9...
Component 9 Spliting...
Stepwise Spliting # 1 Start
Sampling...
Constructing Template 0...
Component 0 Spliting...
Constructing Template 1...
Component 1 Spliting...
Constructing Template 2...
Component 2 Spliting...
Constructing Template 3...
Component 3 Spliting...
Constructing Template 4...
Component 4 Spliting...
Constructing Template 5...
Component 5 Spliting...
Constructing Template 6...
Component 6 Spliting...
Constructing Template 7...
Component 7 Spliting...
Constructing Template 8...
Component 8 Spliting...
Constructing Template 9...
Component 9 Spliting...
Stepwise Spliting # 2 Start
Sampling...
Constructing Template 0...
Component 0 Spliting...
Constructing Template 1...
Component 1 Spliting...
Constructing Template 2...
Component 2 Spliting...
Constructing Template 3...
Component 3 Spliting...
Constructing Template 4...
Component 4 Spliting...
Constructing Template 5...
Component 5 Spliting...
Constructing Template 6...
Component 6 Spliting...
Constructing Template 7...
Component 7 Spliting...
Constructing Template 8...
Component 8 Spliting...
Constructing Template 9...
Component 9 Spliting...
Stepwise Spliting # 3 Start
Sampling...
Constructing Template 0...
Component 0 Spliting...
Constructing Template 1...
Component 1 Spliting...
Constructing Template 2...
Component 2 Spliting...
Constructing Template 3...
Component 3 Spliting...
Constructing Template 4...
Component 4 Spliting...
Constructing Template 5...
Component 5 Spliting...
Constructing Template 6...
Component 6 Spliting...
Constructing Template 7...
Component 7 Spliting...
Constructing Template 8...
Component 8 Spliting...
Constructing Template 9...
Component 9 Spliting...
Stepwise Spliting # 4 Start
Sampling...
Constructing Template 0...
Component 0 Spliting...
Constructing Template 1...
Component 1 Spliting...
Constructing Template 2...
Component 2 Spliting...
Constructing Template 3...
Component 3 Spliting...
Constructing Template 4...
Component 4 Spliting...
Constructing Template 5...
Component 5 Spliting...
Constructing Template 6...
Component 6 Spliting...
Constructing Template 7...
Component 7 Spliting...
Constructing Template 8...
Component 8 Spliting...
Constructing Template 9...
Component 9 Spliting...
Last Step...
Component Margins:  [0.05504775138026652, 0.05099573662330137, 0.07269254115092671, 0.05200627778436928, 0.07534962713349902, 0.060640708142017274, 0.06294481474080804, 0.06982948449716364, 0.06039612416222084, 0.05090422405455719]
Margin:  0.07534962713349902
0  Class:  tench Evaluated Delta Max Value:  -10.165461580304129
1  Class:  english_springer Evaluated Delta Max Value:  -7.423159648731365
2  Class:  cassette_player Evaluated Delta Max Value:  -5.261079634186339
3  Class:  chain_saw Evaluated Delta Max Value:  -8.678123943335446
4  Class:  church Evaluated Delta Max Value:  -6.328935330953033
5  Class:  french_horn Evaluated Delta Max Value:  -10.63218049369166
7  Class:  gas_pump Evaluated Delta Max Value:  -2.467923783354503
8  Class:  golf_ball Evaluated Delta Max Value:  -7.288450843286696
9  Class:  parachute Evaluated Delta Max Value:  -7.948266366541254
Network is PAC-model robust with error rate 0.01 and confidence level 0.999
Original Output:  tensor([-0.6009, -0.3758, -0.4629,  0.8146,  3.4588, -1.5658, 10.2101,  2.7620,
        -0.6615,  0.2412])
True Label:  6
Verification Radius(L-inf):  4
Mean:  (0.485, 0.456, 0.406)
Std:  (0.229, 0.224, 0.225)
Stepwise Spliting # 0 Start
Sampling...
Constructing Template 0...
Component 0 Spliting...
Constructing Template 1...
Component 1 Spliting...
Constructing Template 2...
Component 2 Spliting...
Constructing Template 3...
Component 3 Spliting...
Constructing Template 4...
Component 4 Spliting...
Constructing Template 5...
Component 5 Spliting...
Constructing Template 6...
Component 6 Spliting...
Constructing Template 7...
Component 7 Spliting...
Constructing Template 8...
Component 8 Spliting...
Constructing Template 9...
Component 9 Spliting...
Stepwise Spliting # 1 Start
Sampling...
Constructing Template 0...
Component 0 Spliting...
Constructing Template 1...
Component 1 Spliting...
Constructing Template 2...
Component 2 Spliting...
Constructing Template 3...
Component 3 Spliting...
Constructing Template 4...
Component 4 Spliting...
Constructing Template 5...
Component 5 Spliting...
Constructing Template 6...
Component 6 Spliting...
Constructing Template 7...
Component 7 Spliting...
Constructing Template 8...
Component 8 Spliting...
Constructing Template 9...
Component 9 Spliting...
Stepwise Spliting # 2 Start
Sampling...
Constructing Template 0...
Component 0 Spliting...
Constructing Template 1...
Component 1 Spliting...
Constructing Template 2...
Component 2 Spliting...
Constructing Template 3...
Component 3 Spliting...
Constructing Template 4...
Component 4 Spliting...
Constructing Template 5...
Component 5 Spliting...
Constructing Template 6...
Component 6 Spliting...
Constructing Template 7...
Component 7 Spliting...
Constructing Template 8...
Component 8 Spliting...
Constructing Template 9...
Component 9 Spliting...
Stepwise Spliting # 3 Start
Sampling...
Constructing Template 0...
Component 0 Spliting...
Constructing Template 1...
Component 1 Spliting...
Constructing Template 2...
Component 2 Spliting...
Constructing Template 3...
Component 3 Spliting...
Constructing Template 4...
Component 4 Spliting...
Constructing Template 5...
Component 5 Spliting...
Constructing Template 6...
Component 6 Spliting...
Constructing Template 7...
Component 7 Spliting...
Constructing Template 8...
Component 8 Spliting...
Constructing Template 9...
Component 9 Spliting...
Stepwise Spliting # 4 Start
Sampling...
Constructing Template 0...
Component 0 Spliting...
Constructing Template 1...
Component 1 Spliting...
Constructing Template 2...
Component 2 Spliting...
Constructing Template 3...
Component 3 Spliting...
Constructing Template 4...
Component 4 Spliting...
Constructing Template 5...
Component 5 Spliting...
Constructing Template 6...
Component 6 Spliting...
Constructing Template 7...
Component 7 Spliting...
Constructing Template 8...
Component 8 Spliting...
Constructing Template 9...
Component 9 Spliting...
Last Step...
Component Margins:  [0.10781748174456496, 0.08709033716246495, 0.08707924272150791, 0.07270022509535146, 0.1414624699954663, 0.09258232791655985, 0.0842351259876537, 0.09473178924151604, 0.11304882320768428, 0.1253921152323656]
Margin:  0.1414624699954663
0  Class:  tench Evaluated Delta Max Value:  -0.5708782183158627
1  Class:  english_springer Evaluated Delta Max Value:  -0.8095194082137533
2  Class:  cassette_player Evaluated Delta Max Value:  -1.3714502294347506
3  Class:  chain_saw Evaluated Delta Max Value:  -1.4072924607153494
4  Class:  church Evaluated Delta Max Value:  7.586627196931304
Potential Counter-example Found
Fake Counter-Example. Potential Attack Class: church Score: tensor(4.3889, device='cuda:0') Real Largest Class: garbage_truck Score: tensor(8.2562, device='cuda:0') Original Label Score: tensor(8.2562, device='cuda:0')
Difference: tensor(-3.8673, device='cuda:0')
5  Class:  french_horn Evaluated Delta Max Value:  -1.4312207983970078
7  Class:  gas_pump Evaluated Delta Max Value:  3.1139872382151994
Potential Counter-example Found
Fake Counter-Example. Potential Attack Class: gas_pump Score: tensor(3.0696, device='cuda:0') Real Largest Class: garbage_truck Score: tensor(8.1021, device='cuda:0') Original Label Score: tensor(8.1021, device='cuda:0')
Difference: tensor(-5.0325, device='cuda:0')
8  Class:  golf_ball Evaluated Delta Max Value:  -0.42976949230711714
9  Class:  parachute Evaluated Delta Max Value:  -0.5904060994604139
Unknown. Potential Counter-Example exists.
Original Output:  tensor([-3.9144,  0.6373,  1.0621,  3.1714,  2.0951,  0.5439,  3.0187, 15.3735,
         0.4619, -0.7704])
True Label:  7
Verification Radius(L-inf):  4
Mean:  (0.485, 0.456, 0.406)
Std:  (0.229, 0.224, 0.225)
Stepwise Spliting # 0 Start
Sampling...
Constructing Template 0...
Component 0 Spliting...
Constructing Template 1...
Component 1 Spliting...
Constructing Template 2...
Component 2 Spliting...
Constructing Template 3...
Component 3 Spliting...
Constructing Template 4...
Component 4 Spliting...
Constructing Template 5...
Component 5 Spliting...
Constructing Template 6...
Component 6 Spliting...
Constructing Template 7...
Component 7 Spliting...
Constructing Template 8...
Component 8 Spliting...
Constructing Template 9...
Component 9 Spliting...
Stepwise Spliting # 1 Start
Sampling...
Constructing Template 0...
Component 0 Spliting...
Constructing Template 1...
Component 1 Spliting...
Constructing Template 2...
Component 2 Spliting...
Constructing Template 3...
Component 3 Spliting...
Constructing Template 4...
Component 4 Spliting...
Constructing Template 5...
Component 5 Spliting...
Constructing Template 6...
Component 6 Spliting...
Constructing Template 7...
Component 7 Spliting...
Constructing Template 8...
Component 8 Spliting...
Constructing Template 9...
Component 9 Spliting...
Stepwise Spliting # 2 Start
Sampling...
Constructing Template 0...
Component 0 Spliting...
Constructing Template 1...
Component 1 Spliting...
Constructing Template 2...
Component 2 Spliting...
Constructing Template 3...
Component 3 Spliting...
Constructing Template 4...
Component 4 Spliting...
Constructing Template 5...
Component 5 Spliting...
Constructing Template 6...
Component 6 Spliting...
Constructing Template 7...
Component 7 Spliting...
Constructing Template 8...
Component 8 Spliting...
Constructing Template 9...
Component 9 Spliting...
Stepwise Spliting # 3 Start
Sampling...
Constructing Template 0...
Component 0 Spliting...
Constructing Template 1...
Component 1 Spliting...
Constructing Template 2...
Component 2 Spliting...
Constructing Template 3...
Component 3 Spliting...
Constructing Template 4...
Component 4 Spliting...
Constructing Template 5...
Component 5 Spliting...
Constructing Template 6...
Component 6 Spliting...
Constructing Template 7...
Component 7 Spliting...
Constructing Template 8...
Component 8 Spliting...
Constructing Template 9...
Component 9 Spliting...
Stepwise Spliting # 4 Start
Sampling...
Constructing Template 0...
Component 0 Spliting...
Constructing Template 1...
Component 1 Spliting...
Constructing Template 2...
Component 2 Spliting...
Constructing Template 3...
Component 3 Spliting...
Constructing Template 4...
Component 4 Spliting...
Constructing Template 5...
Component 5 Spliting...
Constructing Template 6...
Component 6 Spliting...
Constructing Template 7...
Component 7 Spliting...
Constructing Template 8...
Component 8 Spliting...
Constructing Template 9...
Component 9 Spliting...
Last Step...
Component Margins:  [0.07582417552574228, 0.040850195153552704, 0.0461912807614695, 0.04931178799082403, 0.05504636399151863, 0.048664926705832556, 0.0493396838282294, 0.04104145180217955, 0.043559154286608504, 0.04360561622949888]
Margin:  0.07582417552574228
0  Class:  tench Evaluated Delta Max Value:  -12.968842298595774
1  Class:  english_springer Evaluated Delta Max Value:  -9.780390390122951
2  Class:  cassette_player Evaluated Delta Max Value:  -9.7572030277537
3  Class:  chain_saw Evaluated Delta Max Value:  -6.820341053536943
4  Class:  church Evaluated Delta Max Value:  -8.696931791030735
5  Class:  french_horn Evaluated Delta Max Value:  -9.426827313537569
6  Class:  garbage_truck Evaluated Delta Max Value:  -7.103642410637519
8  Class:  golf_ball Evaluated Delta Max Value:  -10.551444471042362
9  Class:  parachute Evaluated Delta Max Value:  -11.30166371717305
Network is PAC-model robust with error rate 0.01 and confidence level 0.999
Original Output:  tensor([-2.3522, -0.8187,  8.8037,  0.4215, -0.3907, -1.9301,  4.9094, 11.4425,
         0.0840, -0.7946])
True Label:  7
Verification Radius(L-inf):  4
Mean:  (0.485, 0.456, 0.406)
Std:  (0.229, 0.224, 0.225)
Stepwise Spliting # 0 Start
Sampling...
Constructing Template 0...
Component 0 Spliting...
Constructing Template 1...
Component 1 Spliting...
Constructing Template 2...
Component 2 Spliting...
Constructing Template 3...
Component 3 Spliting...
Constructing Template 4...
Component 4 Spliting...
Constructing Template 5...
Component 5 Spliting...
Constructing Template 6...
Component 6 Spliting...
Constructing Template 7...
Component 7 Spliting...
Constructing Template 8...
Component 8 Spliting...
Constructing Template 9...
Component 9 Spliting...
Stepwise Spliting # 1 Start
Sampling...
Constructing Template 0...
Component 0 Spliting...
Constructing Template 1...
Component 1 Spliting...
Constructing Template 2...
Component 2 Spliting...
Constructing Template 3...
Component 3 Spliting...
Constructing Template 4...
Component 4 Spliting...
Constructing Template 5...
Component 5 Spliting...
Constructing Template 6...
Component 6 Spliting...
Constructing Template 7...
Component 7 Spliting...
Constructing Template 8...
Component 8 Spliting...
Constructing Template 9...
Component 9 Spliting...
Stepwise Spliting # 2 Start
Sampling...
Constructing Template 0...
Component 0 Spliting...
Constructing Template 1...
Component 1 Spliting...
Constructing Template 2...
Component 2 Spliting...
Constructing Template 3...
Component 3 Spliting...
Constructing Template 4...
Component 4 Spliting...
Constructing Template 5...
Component 5 Spliting...
Constructing Template 6...
Component 6 Spliting...
Constructing Template 7...
Component 7 Spliting...
Constructing Template 8...
Component 8 Spliting...
Constructing Template 9...
Component 9 Spliting...
Stepwise Spliting # 3 Start
Sampling...
Constructing Template 0...
Component 0 Spliting...
Constructing Template 1...
Component 1 Spliting...
Constructing Template 2...
Component 2 Spliting...
Constructing Template 3...
Component 3 Spliting...
Constructing Template 4...
Component 4 Spliting...
Constructing Template 5...
Component 5 Spliting...
Constructing Template 6...
Component 6 Spliting...
Constructing Template 7...
Component 7 Spliting...
Constructing Template 8...
Component 8 Spliting...
Constructing Template 9...
Component 9 Spliting...
Stepwise Spliting # 4 Start
Sampling...
Constructing Template 0...
Component 0 Spliting...
Constructing Template 1...
Component 1 Spliting...
Constructing Template 2...
Component 2 Spliting...
Constructing Template 3...
Component 3 Spliting...
Constructing Template 4...
Component 4 Spliting...
Constructing Template 5...
Component 5 Spliting...
Constructing Template 6...
Component 6 Spliting...
Constructing Template 7...
Component 7 Spliting...
Constructing Template 8...
Component 8 Spliting...
Constructing Template 9...
Component 9 Spliting...
Last Step...
Component Margins:  [0.03453166417227571, 0.02865917677275931, 0.033838793965774494, 0.02629032752434135, 0.040383935957652994, 0.03186043090881974, 0.028188006734679583, 0.024519247909951858, 0.029175540310331982, 0.036015703527855436]
Margin:  0.040383935957652994
0  Class:  tench Evaluated Delta Max Value:  -10.726381104043348
1  Class:  english_springer Evaluated Delta Max Value:  -9.63040704276596
2  Class:  cassette_player Evaluated Delta Max Value:  0.28883966966820496
Potential Counter-example Found
Fake Counter-Example. Potential Attack Class: cassette_player Score: tensor(8.9818, device='cuda:0') Real Largest Class: gas_pump Score: tensor(10.9320, device='cuda:0') Original Label Score: tensor(10.9320, device='cuda:0')
Difference: tensor(-1.9502, device='cuda:0')
3  Class:  chain_saw Evaluated Delta Max Value:  -8.50728411827053
4  Class:  church Evaluated Delta Max Value:  -7.983909909647499
5  Class:  french_horn Evaluated Delta Max Value:  -10.404130043436325
6  Class:  garbage_truck Evaluated Delta Max Value:  -3.531382935433803
8  Class:  golf_ball Evaluated Delta Max Value:  -8.792313600745498
9  Class:  parachute Evaluated Delta Max Value:  -9.22534550763738
Unknown. Potential Counter-Example exists.
Original Output:  tensor([-2.3509,  0.3265, -0.9968, -1.5473,  0.5954, -1.3627, -1.0036,  4.7594,
        18.3469,  3.8402])
True Label:  8
Verification Radius(L-inf):  4
Mean:  (0.485, 0.456, 0.406)
Std:  (0.229, 0.224, 0.225)
Stepwise Spliting # 0 Start
Sampling...
Constructing Template 0...
Component 0 Spliting...
Constructing Template 1...
Component 1 Spliting...
Constructing Template 2...
Component 2 Spliting...
Constructing Template 3...
Component 3 Spliting...
Constructing Template 4...
Component 4 Spliting...
Constructing Template 5...
Component 5 Spliting...
Constructing Template 6...
Component 6 Spliting...
Constructing Template 7...
Component 7 Spliting...
Constructing Template 8...
Component 8 Spliting...
Constructing Template 9...
Component 9 Spliting...
Stepwise Spliting # 1 Start
Sampling...
Constructing Template 0...
Component 0 Spliting...
Constructing Template 1...
Component 1 Spliting...
Constructing Template 2...
Component 2 Spliting...
Constructing Template 3...
Component 3 Spliting...
Constructing Template 4...
Component 4 Spliting...
Constructing Template 5...
Component 5 Spliting...
Constructing Template 6...
Component 6 Spliting...
Constructing Template 7...
Component 7 Spliting...
Constructing Template 8...
Component 8 Spliting...
Constructing Template 9...
Component 9 Spliting...
Stepwise Spliting # 2 Start
Sampling...
Constructing Template 0...
Component 0 Spliting...
Constructing Template 1...
Component 1 Spliting...
Constructing Template 2...
Component 2 Spliting...
Constructing Template 3...
Component 3 Spliting...
Constructing Template 4...
Component 4 Spliting...
Constructing Template 5...
Component 5 Spliting...
Constructing Template 6...
Component 6 Spliting...
Constructing Template 7...
Component 7 Spliting...
Constructing Template 8...
Component 8 Spliting...
Constructing Template 9...
Component 9 Spliting...
Stepwise Spliting # 3 Start
Sampling...
Constructing Template 0...
Component 0 Spliting...
Constructing Template 1...
Component 1 Spliting...
Constructing Template 2...
Component 2 Spliting...
Constructing Template 3...
Component 3 Spliting...
Constructing Template 4...
Component 4 Spliting...
Constructing Template 5...
Component 5 Spliting...
Constructing Template 6...
Component 6 Spliting...
Constructing Template 7...
Component 7 Spliting...
Constructing Template 8...
Component 8 Spliting...
Constructing Template 9...
Component 9 Spliting...
Stepwise Spliting # 4 Start
Sampling...
Constructing Template 0...
Component 0 Spliting...
Constructing Template 1...
Component 1 Spliting...
Constructing Template 2...
Component 2 Spliting...
Constructing Template 3...
Component 3 Spliting...
Constructing Template 4...
Component 4 Spliting...
Constructing Template 5...
Component 5 Spliting...
Constructing Template 6...
Component 6 Spliting...
Constructing Template 7...
Component 7 Spliting...
Constructing Template 8...
Component 8 Spliting...
Constructing Template 9...
Component 9 Spliting...
Last Step...
Component Margins:  [0.06381826749076325, 0.05203381576553667, 0.06747106509010337, 0.058352690385351735, 0.060137447117661225, 0.06657443172429112, 0.07333085525223382, 0.06379492947749732, 0.05783971940660493, 0.052816188450703905]
Margin:  0.07333085525223382
0  Class:  tench Evaluated Delta Max Value:  -13.69249574407181
1  Class:  english_springer Evaluated Delta Max Value:  -11.350839132943825
2  Class:  cassette_player Evaluated Delta Max Value:  -11.922641877201563
3  Class:  chain_saw Evaluated Delta Max Value:  -12.748819020968963
4  Class:  church Evaluated Delta Max Value:  -10.48779027025272
5  Class:  french_horn Evaluated Delta Max Value:  -11.996731733581548
6  Class:  garbage_truck Evaluated Delta Max Value:  -12.074913021105264
7  Class:  gas_pump Evaluated Delta Max Value:  -6.999767311608611
9  Class:  parachute Evaluated Delta Max Value:  -8.437229166490187
Network is PAC-model robust with error rate 0.01 and confidence level 0.999
Original Output:  tensor([-2.4159, -1.8651,  0.9801, -1.4750, -2.3196, -0.3691, -2.7483,  1.5135,
        15.2992,  0.8560])
True Label:  8
Verification Radius(L-inf):  4
Mean:  (0.485, 0.456, 0.406)
Std:  (0.229, 0.224, 0.225)
Stepwise Spliting # 0 Start
Sampling...
Constructing Template 0...
Component 0 Spliting...
Constructing Template 1...
Component 1 Spliting...
Constructing Template 2...
Component 2 Spliting...
Constructing Template 3...
Component 3 Spliting...
Constructing Template 4...
Component 4 Spliting...
Constructing Template 5...
Component 5 Spliting...
Constructing Template 6...
Component 6 Spliting...
Constructing Template 7...
Component 7 Spliting...
Constructing Template 8...
Component 8 Spliting...
Constructing Template 9...
Component 9 Spliting...
Stepwise Spliting # 1 Start
Sampling...
Constructing Template 0...
Component 0 Spliting...
Constructing Template 1...
Component 1 Spliting...
Constructing Template 2...
Component 2 Spliting...
Constructing Template 3...
Component 3 Spliting...
Constructing Template 4...
Component 4 Spliting...
Constructing Template 5...
Component 5 Spliting...
Constructing Template 6...
Component 6 Spliting...
Constructing Template 7...
Component 7 Spliting...
Constructing Template 8...
Component 8 Spliting...
Constructing Template 9...
Component 9 Spliting...
Stepwise Spliting # 2 Start
Sampling...
Constructing Template 0...
Component 0 Spliting...
Constructing Template 1...
Component 1 Spliting...
Constructing Template 2...
Component 2 Spliting...
Constructing Template 3...
Component 3 Spliting...
Constructing Template 4...
Component 4 Spliting...
Constructing Template 5...
Component 5 Spliting...
Constructing Template 6...
Component 6 Spliting...
Constructing Template 7...
Component 7 Spliting...
Constructing Template 8...
Component 8 Spliting...
Constructing Template 9...
Component 9 Spliting...
Stepwise Spliting # 3 Start
Sampling...
Constructing Template 0...
Component 0 Spliting...
Constructing Template 1...
Component 1 Spliting...
Constructing Template 2...
Component 2 Spliting...
Constructing Template 3...
Component 3 Spliting...
Constructing Template 4...
Component 4 Spliting...
Constructing Template 5...
Component 5 Spliting...
Constructing Template 6...
Component 6 Spliting...
Constructing Template 7...
Component 7 Spliting...
Constructing Template 8...
Component 8 Spliting...
Constructing Template 9...
Component 9 Spliting...
Stepwise Spliting # 4 Start
Sampling...
Constructing Template 0...
Component 0 Spliting...
Constructing Template 1...
Component 1 Spliting...
Constructing Template 2...
Component 2 Spliting...
Constructing Template 3...
Component 3 Spliting...
Constructing Template 4...
Component 4 Spliting...
Constructing Template 5...
Component 5 Spliting...
Constructing Template 6...
Component 6 Spliting...
Constructing Template 7...
Component 7 Spliting...
Constructing Template 8...
Component 8 Spliting...
Constructing Template 9...
Component 9 Spliting...
Last Step...
Component Margins:  [0.08996765350730485, 0.08291441479457973, 0.08023660192600879, 0.08247726203893535, 0.08410082693965748, 0.08460970624747866, 0.09761916032018547, 0.077438939775611, 0.07944779518506273, 0.07438545676167507]
Margin:  0.09761916032018547
0  Class:  tench Evaluated Delta Max Value:  -9.206511014160295
1  Class:  english_springer Evaluated Delta Max Value:  -8.68328794159613
2  Class:  cassette_player Evaluated Delta Max Value:  -5.562159303244304
3  Class:  chain_saw Evaluated Delta Max Value:  -9.157329968187819
4  Class:  church Evaluated Delta Max Value:  -8.784537213649363
5  Class:  french_horn Evaluated Delta Max Value:  -6.8010295599961434
6  Class:  garbage_truck Evaluated Delta Max Value:  -9.496055521936963
7  Class:  gas_pump Evaluated Delta Max Value:  -4.525625903049573
9  Class:  parachute Evaluated Delta Max Value:  -6.807938561519361
Network is PAC-model robust with error rate 0.01 and confidence level 0.999
Original Output:  tensor([-2.8920,  0.5567,  2.6775,  3.9074, -0.6059, -1.7418,  3.7720,  1.0535,
         2.7506, 15.7148])
True Label:  9
Verification Radius(L-inf):  4
Mean:  (0.485, 0.456, 0.406)
Std:  (0.229, 0.224, 0.225)
Stepwise Spliting # 0 Start
Sampling...
Constructing Template 0...
Component 0 Spliting...
Constructing Template 1...
Component 1 Spliting...
Constructing Template 2...
Component 2 Spliting...
Constructing Template 3...
Component 3 Spliting...
Constructing Template 4...
Component 4 Spliting...
Constructing Template 5...
Component 5 Spliting...
Constructing Template 6...
Component 6 Spliting...
Constructing Template 7...
Component 7 Spliting...
Constructing Template 8...
Component 8 Spliting...
Constructing Template 9...
Component 9 Spliting...
Stepwise Spliting # 1 Start
Sampling...
Constructing Template 0...
Component 0 Spliting...
Constructing Template 1...
Component 1 Spliting...
Constructing Template 2...
Component 2 Spliting...
Constructing Template 3...
Component 3 Spliting...
Constructing Template 4...
Component 4 Spliting...
Constructing Template 5...
Component 5 Spliting...
Constructing Template 6...
Component 6 Spliting...
Constructing Template 7...
Component 7 Spliting...
Constructing Template 8...
Component 8 Spliting...
Constructing Template 9...
Component 9 Spliting...
Stepwise Spliting # 2 Start
Sampling...
Constructing Template 0...
Component 0 Spliting...
Constructing Template 1...
Component 1 Spliting...
Constructing Template 2...
Component 2 Spliting...
Constructing Template 3...
Component 3 Spliting...
Constructing Template 4...
Component 4 Spliting...
Constructing Template 5...
Component 5 Spliting...
Constructing Template 6...
Component 6 Spliting...
Constructing Template 7...
Component 7 Spliting...
Constructing Template 8...
Component 8 Spliting...
Constructing Template 9...
Component 9 Spliting...
Stepwise Spliting # 3 Start
Sampling...
Constructing Template 0...
Component 0 Spliting...
Constructing Template 1...
Component 1 Spliting...
Constructing Template 2...
Component 2 Spliting...
Constructing Template 3...
Component 3 Spliting...
Constructing Template 4...
Component 4 Spliting...
Constructing Template 5...
Component 5 Spliting...
Constructing Template 6...
Component 6 Spliting...
Constructing Template 7...
Component 7 Spliting...
Constructing Template 8...
Component 8 Spliting...
Constructing Template 9...
Component 9 Spliting...
Stepwise Spliting # 4 Start
Sampling...
Constructing Template 0...
Component 0 Spliting...
Constructing Template 1...
Component 1 Spliting...
Constructing Template 2...
Component 2 Spliting...
Constructing Template 3...
Component 3 Spliting...
Constructing Template 4...
Component 4 Spliting...
Constructing Template 5...
Component 5 Spliting...
Constructing Template 6...
Component 6 Spliting...
Constructing Template 7...
Component 7 Spliting...
Constructing Template 8...
Component 8 Spliting...
Constructing Template 9...
Component 9 Spliting...
Last Step...
Component Margins:  [0.0436052014094912, 0.05540507131924244, 0.048195347740902506, 0.061499773829185145, 0.04099718843885469, 0.04441480159255562, 0.04339256756016319, 0.04353963520055082, 0.03153879867196174, 0.04140408215187463]
Margin:  0.061499773829185145
0  Class:  tench Evaluated Delta Max Value:  -13.942832583479918
1  Class:  english_springer Evaluated Delta Max Value:  -9.878697824500744
2  Class:  cassette_player Evaluated Delta Max Value:  -8.04839620040347
3  Class:  chain_saw Evaluated Delta Max Value:  -6.142011101211336
4  Class:  church Evaluated Delta Max Value:  -12.448144654116492
5  Class:  french_horn Evaluated Delta Max Value:  -12.668802148108325
6  Class:  garbage_truck Evaluated Delta Max Value:  -6.914097281222027
7  Class:  gas_pump Evaluated Delta Max Value:  -9.582021365329682
8  Class:  golf_ball Evaluated Delta Max Value:  -9.290591487156336
Network is PAC-model robust with error rate 0.01 and confidence level 0.999
Original Output:  tensor([-3.4532,  0.0713, -0.7424,  1.9338, -0.7839, -1.5280, -1.2016, -0.1657,
         2.6459, 13.3998])
True Label:  9
Verification Radius(L-inf):  4
Mean:  (0.485, 0.456, 0.406)
Std:  (0.229, 0.224, 0.225)
Stepwise Spliting # 0 Start
Sampling...
Constructing Template 0...
Component 0 Spliting...
Constructing Template 1...
Component 1 Spliting...
Constructing Template 2...
Component 2 Spliting...
Constructing Template 3...
Component 3 Spliting...
Constructing Template 4...
Component 4 Spliting...
Constructing Template 5...
Component 5 Spliting...
Constructing Template 6...
Component 6 Spliting...
Constructing Template 7...
Component 7 Spliting...
Constructing Template 8...
Component 8 Spliting...
Constructing Template 9...
Component 9 Spliting...
Stepwise Spliting # 1 Start
Sampling...
Constructing Template 0...
Component 0 Spliting...
Constructing Template 1...
Component 1 Spliting...
Constructing Template 2...
Component 2 Spliting...
Constructing Template 3...
Component 3 Spliting...
Constructing Template 4...
Component 4 Spliting...
Constructing Template 5...
Component 5 Spliting...
Constructing Template 6...
Component 6 Spliting...
Constructing Template 7...
Component 7 Spliting...
Constructing Template 8...
Component 8 Spliting...
Constructing Template 9...
Component 9 Spliting...
Stepwise Spliting # 2 Start
Sampling...
Constructing Template 0...
Component 0 Spliting...
Constructing Template 1...
Component 1 Spliting...
Constructing Template 2...
Component 2 Spliting...
Constructing Template 3...
Component 3 Spliting...
Constructing Template 4...
Component 4 Spliting...
Constructing Template 5...
Component 5 Spliting...
Constructing Template 6...
Component 6 Spliting...
Constructing Template 7...
Component 7 Spliting...
Constructing Template 8...
Component 8 Spliting...
Constructing Template 9...
Component 9 Spliting...
Stepwise Spliting # 3 Start
Sampling...
Constructing Template 0...
Component 0 Spliting...
Constructing Template 1...
Component 1 Spliting...
Constructing Template 2...
Component 2 Spliting...
Constructing Template 3...
Component 3 Spliting...
Constructing Template 4...
Component 4 Spliting...
Constructing Template 5...
Component 5 Spliting...
Constructing Template 6...
Component 6 Spliting...
Constructing Template 7...
Component 7 Spliting...
Constructing Template 8...
Component 8 Spliting...
Constructing Template 9...
Component 9 Spliting...
Stepwise Spliting # 4 Start
Sampling...
Constructing Template 0...
Component 0 Spliting...
Constructing Template 1...
Component 1 Spliting...
Constructing Template 2...
Component 2 Spliting...
Constructing Template 3...
Component 3 Spliting...
Constructing Template 4...
Component 4 Spliting...
Constructing Template 5...
Component 5 Spliting...
Constructing Template 6...
Component 6 Spliting...
Constructing Template 7...
Component 7 Spliting...
Constructing Template 8...
Component 8 Spliting...
Constructing Template 9...
Component 9 Spliting...
Last Step...
Component Margins:  [0.06559944604888202, 0.07637323975215793, 0.10021774367498715, 0.06888563639344625, 0.08662557017987282, 0.0725835464616047, 0.06763276748275615, 0.07848342498058614, 0.0648700220544427, 0.06706283855165651]
Margin:  0.10021774367498715
0  Class:  tench Evaluated Delta Max Value:  -9.353436899932491
1  Class:  english_springer Evaluated Delta Max Value:  -4.872710987378587
2  Class:  cassette_player Evaluated Delta Max Value:  -6.0683838172125455
3  Class:  chain_saw Evaluated Delta Max Value:  -3.4562020998423932
4  Class:  church Evaluated Delta Max Value:  -6.108319470624863
5  Class:  french_horn Evaluated Delta Max Value:  -7.597275641345314
6  Class:  garbage_truck Evaluated Delta Max Value:  -6.96325070185655
7  Class:  gas_pump Evaluated Delta Max Value:  -5.591322810735354
8  Class:  golf_ball Evaluated Delta Max Value:  -4.734309798414975
Network is PAC-model robust with error rate 0.01 and confidence level 0.999
Total: 20 Verified : 13
Total Time: 28639.55006504059
