Original Output:  tensor([ 2.6978, -0.9482, -1.3006,  0.4666, -1.1514,  0.0373, -1.8363, -1.8553,
        -0.9786, -1.6308])
True Label:  0
Verification Radius(L-inf):  4
Mean:  (0.485, 0.456, 0.406)
Std:  (0.229, 0.224, 0.225)
Stepwise Spliting # 0 Start
Sampling...
Constructing Template 0...
Component 0 Spliting...
Constructing Template 1...
Component 1 Spliting...
Constructing Template 2...
Component 2 Spliting...
Constructing Template 3...
Component 3 Spliting...
Constructing Template 4...
Component 4 Spliting...
Constructing Template 5...
Component 5 Spliting...
Constructing Template 6...
Component 6 Spliting...
Constructing Template 7...
Component 7 Spliting...
Constructing Template 8...
Component 8 Spliting...
Constructing Template 9...
Component 9 Spliting...
Stepwise Spliting # 1 Start
Sampling...
Constructing Template 0...
Component 0 Spliting...
Constructing Template 1...
Component 1 Spliting...
Constructing Template 2...
Component 2 Spliting...
Constructing Template 3...
Component 3 Spliting...
Constructing Template 4...
Component 4 Spliting...
Constructing Template 5...
Component 5 Spliting...
Constructing Template 6...
Component 6 Spliting...
Constructing Template 7...
Component 7 Spliting...
Constructing Template 8...
Component 8 Spliting...
Constructing Template 9...
Component 9 Spliting...
Stepwise Spliting # 2 Start
Sampling...
Constructing Template 0...
Component 0 Spliting...
Constructing Template 1...
Component 1 Spliting...
Constructing Template 2...
Component 2 Spliting...
Constructing Template 3...
Component 3 Spliting...
Constructing Template 4...
Component 4 Spliting...
Constructing Template 5...
Component 5 Spliting...
Constructing Template 6...
Component 6 Spliting...
Constructing Template 7...
Component 7 Spliting...
Constructing Template 8...
Component 8 Spliting...
Constructing Template 9...
Component 9 Spliting...
Stepwise Spliting # 3 Start
Sampling...
Constructing Template 0...
Component 0 Spliting...
Constructing Template 1...
Component 1 Spliting...
Constructing Template 2...
Component 2 Spliting...
Constructing Template 3...
Component 3 Spliting...
Constructing Template 4...
Component 4 Spliting...
Constructing Template 5...
Component 5 Spliting...
Constructing Template 6...
Component 6 Spliting...
Constructing Template 7...
Component 7 Spliting...
Constructing Template 8...
Component 8 Spliting...
Constructing Template 9...
Component 9 Spliting...
Stepwise Spliting # 4 Start
Sampling...
Constructing Template 0...
Component 0 Spliting...
Constructing Template 1...
Component 1 Spliting...
Constructing Template 2...
Component 2 Spliting...
Constructing Template 3...
Component 3 Spliting...
Constructing Template 4...
Component 4 Spliting...
Constructing Template 5...
Component 5 Spliting...
Constructing Template 6...
Component 6 Spliting...
Constructing Template 7...
Component 7 Spliting...
Constructing Template 8...
Component 8 Spliting...
Constructing Template 9...
Component 9 Spliting...
Last Step...
Component Margins:  [0.024197218362654205, 0.024914880789265403, 0.03329775445685801, 0.027053067764133854, 0.032981380220963974, 0.04438317786299528, 0.03602309263845438, 0.0259741261827644, 0.026230562137837032, 0.029607734145073117]
Margin:  0.04438317786299528
1  Class:  english_springer Evaluated Delta Max Value:  -1.3101402306120127
2  Class:  cassette_player Evaluated Delta Max Value:  -1.107468389821789
3  Class:  chain_saw Evaluated Delta Max Value:  0.09480588517018451
Potential Counter-example Found
Fake Counter-Example. Potential Attack Class: chain_saw Score: tensor(0.6317, device='cuda:0') Real Largest Class: tench Score: tensor(2.3990, device='cuda:0') Original Label Score: tensor(2.3990, device='cuda:0')
Difference: tensor(-1.7673, device='cuda:0')
4  Class:  church Evaluated Delta Max Value:  -0.8162124837274665
5  Class:  french_horn Evaluated Delta Max Value:  0.7220479723619162
Potential Counter-example Found
Fake Counter-Example. Potential Attack Class: french_horn Score: tensor(0.4358, device='cuda:0') Real Largest Class: tench Score: tensor(2.5023, device='cuda:0') Original Label Score: tensor(2.5023, device='cuda:0')
Difference: tensor(-2.0666, device='cuda:0')
6  Class:  garbage_truck Evaluated Delta Max Value:  -1.950923331215189
7  Class:  gas_pump Evaluated Delta Max Value:  -2.1060346030687045
8  Class:  golf_ball Evaluated Delta Max Value:  -1.400968878479644
9  Class:  parachute Evaluated Delta Max Value:  -1.99429303003037
Unknown. Potential Counter-Example exists.
Original Output:  tensor([ 9.7849, -0.3184, -0.1449,  2.1751, -1.8366,  0.6732,  0.1035,  1.7622,
        -2.7142, -1.3786])
True Label:  0
Verification Radius(L-inf):  4
Mean:  (0.485, 0.456, 0.406)
Std:  (0.229, 0.224, 0.225)
Stepwise Spliting # 0 Start
Sampling...
Constructing Template 0...
Component 0 Spliting...
Constructing Template 1...
Component 1 Spliting...
Constructing Template 2...
Component 2 Spliting...
Constructing Template 3...
Component 3 Spliting...
Constructing Template 4...
Component 4 Spliting...
Constructing Template 5...
Component 5 Spliting...
Constructing Template 6...
Component 6 Spliting...
Constructing Template 7...
Component 7 Spliting...
Constructing Template 8...
Component 8 Spliting...
Constructing Template 9...
Component 9 Spliting...
Stepwise Spliting # 1 Start
Sampling...
Constructing Template 0...
Component 0 Spliting...
Constructing Template 1...
Component 1 Spliting...
Constructing Template 2...
Component 2 Spliting...
Constructing Template 3...
Component 3 Spliting...
Constructing Template 4...
Component 4 Spliting...
Constructing Template 5...
Component 5 Spliting...
Constructing Template 6...
Component 6 Spliting...
Constructing Template 7...
Component 7 Spliting...
Constructing Template 8...
Component 8 Spliting...
Constructing Template 9...
Component 9 Spliting...
Stepwise Spliting # 2 Start
Sampling...
Constructing Template 0...
Component 0 Spliting...
Constructing Template 1...
Component 1 Spliting...
Constructing Template 2...
Component 2 Spliting...
Constructing Template 3...
Component 3 Spliting...
Constructing Template 4...
Component 4 Spliting...
Constructing Template 5...
Component 5 Spliting...
Constructing Template 6...
Component 6 Spliting...
Constructing Template 7...
Component 7 Spliting...
Constructing Template 8...
Component 8 Spliting...
Constructing Template 9...
Component 9 Spliting...
Stepwise Spliting # 3 Start
Sampling...
Constructing Template 0...
Component 0 Spliting...
Constructing Template 1...
Component 1 Spliting...
Constructing Template 2...
Component 2 Spliting...
Constructing Template 3...
Component 3 Spliting...
Constructing Template 4...
Component 4 Spliting...
Constructing Template 5...
Component 5 Spliting...
Constructing Template 6...
Component 6 Spliting...
Constructing Template 7...
Component 7 Spliting...
Constructing Template 8...
Component 8 Spliting...
Constructing Template 9...
Component 9 Spliting...
Stepwise Spliting # 4 Start
Sampling...
Constructing Template 0...
Component 0 Spliting...
Constructing Template 1...
Component 1 Spliting...
Constructing Template 2...
Component 2 Spliting...
Constructing Template 3...
Component 3 Spliting...
Constructing Template 4...
Component 4 Spliting...
Constructing Template 5...
Component 5 Spliting...
Constructing Template 6...
Component 6 Spliting...
Constructing Template 7...
Component 7 Spliting...
Constructing Template 8...
Component 8 Spliting...
Constructing Template 9...
Component 9 Spliting...
Last Step...
Component Margins:  [0.0778896997640679, 0.07808036674206154, 0.07036592796480612, 0.06668733453387876, 0.06512922633940743, 0.07335382176193672, 0.07522589962124293, 0.08275229218626023, 0.0780685060751809, 0.06898914300675862]
Margin:  0.08275229218626023
1  Class:  english_springer Evaluated Delta Max Value:  -3.4963220927597005
2  Class:  cassette_player Evaluated Delta Max Value:  -2.6628148363939523
3  Class:  chain_saw Evaluated Delta Max Value:  -0.723367461489711
4  Class:  church Evaluated Delta Max Value:  -4.86641595419982
5  Class:  french_horn Evaluated Delta Max Value:  -2.2022869617095173
6  Class:  garbage_truck Evaluated Delta Max Value:  -2.64686009291586
7  Class:  gas_pump Evaluated Delta Max Value:  -0.7460511940581078
8  Class:  golf_ball Evaluated Delta Max Value:  -5.629334047507372
9  Class:  parachute Evaluated Delta Max Value:  -4.2324018765903
Network is PAC-model robust with error rate 0.01 and confidence level 0.999
Original Output:  tensor([-1.1848, 10.4889, -0.7738, -0.2404, -0.7660, -0.1447, -0.0404,  0.2108,
        -0.5934,  0.0382])
True Label:  1
Verification Radius(L-inf):  4
Mean:  (0.485, 0.456, 0.406)
Std:  (0.229, 0.224, 0.225)
Stepwise Spliting # 0 Start
Sampling...
Constructing Template 0...
Component 0 Spliting...
Constructing Template 1...
Component 1 Spliting...
Constructing Template 2...
Component 2 Spliting...
Constructing Template 3...
Component 3 Spliting...
Constructing Template 4...
Component 4 Spliting...
Constructing Template 5...
Component 5 Spliting...
Constructing Template 6...
Component 6 Spliting...
Constructing Template 7...
Component 7 Spliting...
Constructing Template 8...
Component 8 Spliting...
Constructing Template 9...
Component 9 Spliting...
Stepwise Spliting # 1 Start
Sampling...
Constructing Template 0...
Component 0 Spliting...
Constructing Template 1...
Component 1 Spliting...
Constructing Template 2...
Component 2 Spliting...
Constructing Template 3...
Component 3 Spliting...
Constructing Template 4...
Component 4 Spliting...
Constructing Template 5...
Component 5 Spliting...
Constructing Template 6...
Component 6 Spliting...
Constructing Template 7...
Component 7 Spliting...
Constructing Template 8...
Component 8 Spliting...
Constructing Template 9...
Component 9 Spliting...
Stepwise Spliting # 2 Start
Sampling...
Constructing Template 0...
Component 0 Spliting...
Constructing Template 1...
Component 1 Spliting...
Constructing Template 2...
Component 2 Spliting...
Constructing Template 3...
Component 3 Spliting...
Constructing Template 4...
Component 4 Spliting...
Constructing Template 5...
Component 5 Spliting...
Constructing Template 6...
Component 6 Spliting...
Constructing Template 7...
Component 7 Spliting...
Constructing Template 8...
Component 8 Spliting...
Constructing Template 9...
Component 9 Spliting...
Stepwise Spliting # 3 Start
Sampling...
Constructing Template 0...
Component 0 Spliting...
Constructing Template 1...
Component 1 Spliting...
Constructing Template 2...
Component 2 Spliting...
Constructing Template 3...
Component 3 Spliting...
Constructing Template 4...
Component 4 Spliting...
Constructing Template 5...
Component 5 Spliting...
Constructing Template 6...
Component 6 Spliting...
Constructing Template 7...
Component 7 Spliting...
Constructing Template 8...
Component 8 Spliting...
Constructing Template 9...
Component 9 Spliting...
Stepwise Spliting # 4 Start
Sampling...
Constructing Template 0...
Component 0 Spliting...
Constructing Template 1...
Component 1 Spliting...
Constructing Template 2...
Component 2 Spliting...
Constructing Template 3...
Component 3 Spliting...
Constructing Template 4...
Component 4 Spliting...
Constructing Template 5...
Component 5 Spliting...
Constructing Template 6...
Component 6 Spliting...
Constructing Template 7...
Component 7 Spliting...
Constructing Template 8...
Component 8 Spliting...
Constructing Template 9...
Component 9 Spliting...
Last Step...
Component Margins:  [0.04186162186181264, 0.02830148136519206, 0.035167191581113144, 0.04095227398624601, 0.03325733952637222, 0.02926665436748266, 0.04257726203023182, 0.037976334281728086, 0.03159869726983722, 0.04046980190753047]
Margin:  0.04257726203023182
0  Class:  tench Evaluated Delta Max Value:  -7.941151402978667
2  Class:  cassette_player Evaluated Delta Max Value:  -7.7978894489138995
3  Class:  chain_saw Evaluated Delta Max Value:  -7.110224563540402
4  Class:  church Evaluated Delta Max Value:  -7.888224166936094
5  Class:  french_horn Evaluated Delta Max Value:  -7.693103750526262
6  Class:  garbage_truck Evaluated Delta Max Value:  -6.871880761834271
7  Class:  gas_pump Evaluated Delta Max Value:  -6.8185378776257295
8  Class:  golf_ball Evaluated Delta Max Value:  -7.778667835922937
9  Class:  parachute Evaluated Delta Max Value:  -6.799308249393832
Network is PAC-model robust with error rate 0.01 and confidence level 0.999
Original Output:  tensor([ 0.1665, 11.7891, -2.7003,  1.1470,  1.2343, -0.2102, -1.7913, -0.1996,
         2.2721,  0.5022])
True Label:  1
Verification Radius(L-inf):  4
Mean:  (0.485, 0.456, 0.406)
Std:  (0.229, 0.224, 0.225)
Stepwise Spliting # 0 Start
Sampling...
Constructing Template 0...
Component 0 Spliting...
Constructing Template 1...
Component 1 Spliting...
Constructing Template 2...
Component 2 Spliting...
Constructing Template 3...
Component 3 Spliting...
Constructing Template 4...
Component 4 Spliting...
Constructing Template 5...
Component 5 Spliting...
Constructing Template 6...
Component 6 Spliting...
Constructing Template 7...
Component 7 Spliting...
Constructing Template 8...
Component 8 Spliting...
Constructing Template 9...
Component 9 Spliting...
Stepwise Spliting # 1 Start
Sampling...
Constructing Template 0...
Component 0 Spliting...
Constructing Template 1...
Component 1 Spliting...
Constructing Template 2...
Component 2 Spliting...
Constructing Template 3...
Component 3 Spliting...
Constructing Template 4...
Component 4 Spliting...
Constructing Template 5...
Component 5 Spliting...
Constructing Template 6...
Component 6 Spliting...
Constructing Template 7...
Component 7 Spliting...
Constructing Template 8...
Component 8 Spliting...
Constructing Template 9...
Component 9 Spliting...
Stepwise Spliting # 2 Start
Sampling...
Constructing Template 0...
Component 0 Spliting...
Constructing Template 1...
Component 1 Spliting...
Constructing Template 2...
Component 2 Spliting...
Constructing Template 3...
Component 3 Spliting...
Constructing Template 4...
Component 4 Spliting...
Constructing Template 5...
Component 5 Spliting...
Constructing Template 6...
Component 6 Spliting...
Constructing Template 7...
Component 7 Spliting...
Constructing Template 8...
Component 8 Spliting...
Constructing Template 9...
Component 9 Spliting...
Stepwise Spliting # 3 Start
Sampling...
Constructing Template 0...
Component 0 Spliting...
Constructing Template 1...
Component 1 Spliting...
Constructing Template 2...
Component 2 Spliting...
Constructing Template 3...
Component 3 Spliting...
Constructing Template 4...
Component 4 Spliting...
Constructing Template 5...
Component 5 Spliting...
Constructing Template 6...
Component 6 Spliting...
Constructing Template 7...
Component 7 Spliting...
Constructing Template 8...
Component 8 Spliting...
Constructing Template 9...
Component 9 Spliting...
Stepwise Spliting # 4 Start
Sampling...
Constructing Template 0...
Component 0 Spliting...
Constructing Template 1...
Component 1 Spliting...
Constructing Template 2...
Component 2 Spliting...
Constructing Template 3...
Component 3 Spliting...
Constructing Template 4...
Component 4 Spliting...
Constructing Template 5...
Component 5 Spliting...
Constructing Template 6...
Component 6 Spliting...
Constructing Template 7...
Component 7 Spliting...
Constructing Template 8...
Component 8 Spliting...
Constructing Template 9...
Component 9 Spliting...
Last Step...
Component Margins:  [0.036394108322076235, 0.0294824670183651, 0.024976374651901168, 0.03703776168922346, 0.03115698470590189, 0.03316237661921306, 0.02781096815770745, 0.035325462187405066, 0.0302387798127981, 0.03317687374160094]
Margin:  0.03703776168922346
0  Class:  tench Evaluated Delta Max Value:  -7.691028772443797
2  Class:  cassette_player Evaluated Delta Max Value:  -11.659555228906582
3  Class:  chain_saw Evaluated Delta Max Value:  -7.158066340611974
4  Class:  church Evaluated Delta Max Value:  -6.989405297772338
5  Class:  french_horn Evaluated Delta Max Value:  -8.715345852895364
6  Class:  garbage_truck Evaluated Delta Max Value:  -10.73220820346543
7  Class:  gas_pump Evaluated Delta Max Value:  -8.400700404509633
8  Class:  golf_ball Evaluated Delta Max Value:  -6.661719835252313
9  Class:  parachute Evaluated Delta Max Value:  -7.620841436313537
Network is PAC-model robust with error rate 0.01 and confidence level 0.999
Original Output:  tensor([-2.0700, -1.7961,  5.7516,  4.1772, -0.2817,  1.2954,  1.9375,  3.7211,
         0.9909, -0.0561])
True Label:  2
Verification Radius(L-inf):  4
Mean:  (0.485, 0.456, 0.406)
Std:  (0.229, 0.224, 0.225)
Stepwise Spliting # 0 Start
Sampling...
Constructing Template 0...
Component 0 Spliting...
Constructing Template 1...
Component 1 Spliting...
Constructing Template 2...
Component 2 Spliting...
Constructing Template 3...
Component 3 Spliting...
Constructing Template 4...
Component 4 Spliting...
Constructing Template 5...
Component 5 Spliting...
Constructing Template 6...
Component 6 Spliting...
Constructing Template 7...
Component 7 Spliting...
Constructing Template 8...
Component 8 Spliting...
Constructing Template 9...
Component 9 Spliting...
Stepwise Spliting # 1 Start
Sampling...
Constructing Template 0...
Component 0 Spliting...
Constructing Template 1...
Component 1 Spliting...
Constructing Template 2...
Component 2 Spliting...
Constructing Template 3...
Component 3 Spliting...
Constructing Template 4...
Component 4 Spliting...
Constructing Template 5...
Component 5 Spliting...
Constructing Template 6...
Component 6 Spliting...
Constructing Template 7...
Component 7 Spliting...
Constructing Template 8...
Component 8 Spliting...
Constructing Template 9...
Component 9 Spliting...
Stepwise Spliting # 2 Start
Sampling...
Constructing Template 0...
Component 0 Spliting...
Constructing Template 1...
Component 1 Spliting...
Constructing Template 2...
Component 2 Spliting...
Constructing Template 3...
Component 3 Spliting...
Constructing Template 4...
Component 4 Spliting...
Constructing Template 5...
Component 5 Spliting...
Constructing Template 6...
Component 6 Spliting...
Constructing Template 7...
Component 7 Spliting...
Constructing Template 8...
Component 8 Spliting...
Constructing Template 9...
Component 9 Spliting...
Stepwise Spliting # 3 Start
Sampling...
Constructing Template 0...
Component 0 Spliting...
Constructing Template 1...
Component 1 Spliting...
Constructing Template 2...
Component 2 Spliting...
Constructing Template 3...
Component 3 Spliting...
Constructing Template 4...
Component 4 Spliting...
Constructing Template 5...
Component 5 Spliting...
Constructing Template 6...
Component 6 Spliting...
Constructing Template 7...
Component 7 Spliting...
Constructing Template 8...
Component 8 Spliting...
Constructing Template 9...
Component 9 Spliting...
Stepwise Spliting # 4 Start
Sampling...
Constructing Template 0...
Component 0 Spliting...
Constructing Template 1...
Component 1 Spliting...
Constructing Template 2...
Component 2 Spliting...
Constructing Template 3...
Component 3 Spliting...
Constructing Template 4...
Component 4 Spliting...
Constructing Template 5...
Component 5 Spliting...
Constructing Template 6...
Component 6 Spliting...
Constructing Template 7...
Component 7 Spliting...
Constructing Template 8...
Component 8 Spliting...
Constructing Template 9...
Component 9 Spliting...
Last Step...
Component Margins:  [0.034489013626974874, 0.02582235573919789, 0.02523437879773205, 0.033847700170141715, 0.02222139375086174, 0.030387492311678477, 0.022875738848152416, 0.020379123469264515, 0.024776246111229305, 0.027631048659396917]
Margin:  0.034489013626974874
0  Class:  tench Evaluated Delta Max Value:  -4.603517222008403
1  Class:  english_springer Evaluated Delta Max Value:  -5.108671302988184
3  Class:  chain_saw Evaluated Delta Max Value:  1.1546246806326148
Potential Counter-example Found
Fake Counter-Example. Potential Attack Class: chain_saw Score: tensor(4.4043, device='cuda:0') Real Largest Class: cassette_player Score: tensor(5.4026, device='cuda:0') Original Label Score: tensor(5.4026, device='cuda:0')
Difference: tensor(-0.9983, device='cuda:0')
4  Class:  church Evaluated Delta Max Value:  -4.068668291546582
5  Class:  french_horn Evaluated Delta Max Value:  -1.9443274270141633
6  Class:  garbage_truck Evaluated Delta Max Value:  -1.839536453043424
7  Class:  gas_pump Evaluated Delta Max Value:  -0.2304913219426068
8  Class:  golf_ball Evaluated Delta Max Value:  -2.78046244615481
9  Class:  parachute Evaluated Delta Max Value:  -3.4292422305625174
Unknown. Potential Counter-Example exists.
Original Output:  tensor([-2.2790, -0.9904,  9.3891, -0.0497, -0.2353, -0.1835,  4.1583,  5.6006,
         1.5575, -1.9158])
True Label:  2
Verification Radius(L-inf):  4
Mean:  (0.485, 0.456, 0.406)
Std:  (0.229, 0.224, 0.225)
Stepwise Spliting # 0 Start
Sampling...
Constructing Template 0...
Component 0 Spliting...
Constructing Template 1...
Component 1 Spliting...
Constructing Template 2...
Component 2 Spliting...
Constructing Template 3...
Component 3 Spliting...
Constructing Template 4...
Component 4 Spliting...
Constructing Template 5...
Component 5 Spliting...
Constructing Template 6...
Component 6 Spliting...
Constructing Template 7...
Component 7 Spliting...
Constructing Template 8...
Component 8 Spliting...
Constructing Template 9...
Component 9 Spliting...
Stepwise Spliting # 1 Start
Sampling...
Constructing Template 0...
Component 0 Spliting...
Constructing Template 1...
Component 1 Spliting...
Constructing Template 2...
Component 2 Spliting...
Constructing Template 3...
Component 3 Spliting...
Constructing Template 4...
Component 4 Spliting...
Constructing Template 5...
Component 5 Spliting...
Constructing Template 6...
Component 6 Spliting...
Constructing Template 7...
Component 7 Spliting...
Constructing Template 8...
Component 8 Spliting...
Constructing Template 9...
Component 9 Spliting...
Stepwise Spliting # 2 Start
Sampling...
Constructing Template 0...
Component 0 Spliting...
Constructing Template 1...
Component 1 Spliting...
Constructing Template 2...
Component 2 Spliting...
Constructing Template 3...
Component 3 Spliting...
Constructing Template 4...
Component 4 Spliting...
Constructing Template 5...
Component 5 Spliting...
Constructing Template 6...
Component 6 Spliting...
Constructing Template 7...
Component 7 Spliting...
Constructing Template 8...
Component 8 Spliting...
Constructing Template 9...
Component 9 Spliting...
Stepwise Spliting # 3 Start
Sampling...
Constructing Template 0...
Component 0 Spliting...
Constructing Template 1...
Component 1 Spliting...
Constructing Template 2...
Component 2 Spliting...
Constructing Template 3...
Component 3 Spliting...
Constructing Template 4...
Component 4 Spliting...
Constructing Template 5...
Component 5 Spliting...
Constructing Template 6...
Component 6 Spliting...
Constructing Template 7...
Component 7 Spliting...
Constructing Template 8...
Component 8 Spliting...
Constructing Template 9...
Component 9 Spliting...
Stepwise Spliting # 4 Start
Sampling...
Constructing Template 0...
Component 0 Spliting...
Constructing Template 1...
Component 1 Spliting...
Constructing Template 2...
Component 2 Spliting...
Constructing Template 3...
Component 3 Spliting...
Constructing Template 4...
Component 4 Spliting...
Constructing Template 5...
Component 5 Spliting...
Constructing Template 6...
Component 6 Spliting...
Constructing Template 7...
Component 7 Spliting...
Constructing Template 8...
Component 8 Spliting...
Constructing Template 9...
Component 9 Spliting...
Last Step...
Component Margins:  [0.02487841960157411, 0.021093530260943183, 0.017803488628803876, 0.031788419602119866, 0.022975560007694185, 0.020972856343090207, 0.03388525790225971, 0.02723773930384965, 0.02211093768709027, 0.02796121657969053]
Margin:  0.03388525790225971
0  Class:  tench Evaluated Delta Max Value:  -9.539586799782212
1  Class:  english_springer Evaluated Delta Max Value:  -8.628868220296539
3  Class:  chain_saw Evaluated Delta Max Value:  -7.148992865282363
4  Class:  church Evaluated Delta Max Value:  -7.571158710349071
5  Class:  french_horn Evaluated Delta Max Value:  -7.655272459683518
6  Class:  garbage_truck Evaluated Delta Max Value:  -1.832897997326913
7  Class:  gas_pump Evaluated Delta Max Value:  -1.1855637580193967
8  Class:  golf_ball Evaluated Delta Max Value:  -6.145323053212897
9  Class:  parachute Evaluated Delta Max Value:  -9.137396528515197
Network is PAC-model robust with error rate 0.01 and confidence level 0.999
Original Output:  tensor([ 2.3923,  1.0144, -1.5482,  6.9688, -0.7831,  1.8782,  1.5048,  0.8361,
         1.1025,  1.3447])
True Label:  3
Verification Radius(L-inf):  4
Mean:  (0.485, 0.456, 0.406)
Std:  (0.229, 0.224, 0.225)
Stepwise Spliting # 0 Start
Sampling...
Constructing Template 0...
Component 0 Spliting...
Constructing Template 1...
Component 1 Spliting...
Constructing Template 2...
Component 2 Spliting...
Constructing Template 3...
Component 3 Spliting...
Constructing Template 4...
Component 4 Spliting...
Constructing Template 5...
Component 5 Spliting...
Constructing Template 6...
Component 6 Spliting...
Constructing Template 7...
Component 7 Spliting...
Constructing Template 8...
Component 8 Spliting...
Constructing Template 9...
Component 9 Spliting...
Stepwise Spliting # 1 Start
Sampling...
Constructing Template 0...
Component 0 Spliting...
Constructing Template 1...
Component 1 Spliting...
Constructing Template 2...
Component 2 Spliting...
Constructing Template 3...
Component 3 Spliting...
Constructing Template 4...
Component 4 Spliting...
Constructing Template 5...
Component 5 Spliting...
Constructing Template 6...
Component 6 Spliting...
Constructing Template 7...
Component 7 Spliting...
Constructing Template 8...
Component 8 Spliting...
Constructing Template 9...
Component 9 Spliting...
Stepwise Spliting # 2 Start
Sampling...
Constructing Template 0...
Component 0 Spliting...
Constructing Template 1...
Component 1 Spliting...
Constructing Template 2...
Component 2 Spliting...
Constructing Template 3...
Component 3 Spliting...
Constructing Template 4...
Component 4 Spliting...
Constructing Template 5...
Component 5 Spliting...
Constructing Template 6...
Component 6 Spliting...
Constructing Template 7...
Component 7 Spliting...
Constructing Template 8...
Component 8 Spliting...
Constructing Template 9...
Component 9 Spliting...
Stepwise Spliting # 3 Start
Sampling...
Constructing Template 0...
Component 0 Spliting...
Constructing Template 1...
Component 1 Spliting...
Constructing Template 2...
Component 2 Spliting...
Constructing Template 3...
Component 3 Spliting...
Constructing Template 4...
Component 4 Spliting...
Constructing Template 5...
Component 5 Spliting...
Constructing Template 6...
Component 6 Spliting...
Constructing Template 7...
Component 7 Spliting...
Constructing Template 8...
Component 8 Spliting...
Constructing Template 9...
Component 9 Spliting...
Stepwise Spliting # 4 Start
Sampling...
Constructing Template 0...
Component 0 Spliting...
Constructing Template 1...
Component 1 Spliting...
Constructing Template 2...
Component 2 Spliting...
Constructing Template 3...
Component 3 Spliting...
Constructing Template 4...
Component 4 Spliting...
Constructing Template 5...
Component 5 Spliting...
Constructing Template 6...
Component 6 Spliting...
Constructing Template 7...
Component 7 Spliting...
Constructing Template 8...
Component 8 Spliting...
Constructing Template 9...
Component 9 Spliting...
Last Step...
Component Margins:  [0.02680873328509481, 0.020872344171857016, 0.029853783627136643, 0.017857032879216916, 0.024286104079285664, 0.029856827084636883, 0.0253329123013728, 0.025817789126834967, 0.024048985675714896, 0.02518954291484299]
Margin:  0.029856827084636883
0  Class:  tench Evaluated Delta Max Value:  -2.56105521522439
1  Class:  english_springer Evaluated Delta Max Value:  -4.18784663393107
2  Class:  cassette_player Evaluated Delta Max Value:  -6.295063592191724
4  Class:  church Evaluated Delta Max Value:  -5.689384969733858
5  Class:  french_horn Evaluated Delta Max Value:  -2.783799088614721
6  Class:  garbage_truck Evaluated Delta Max Value:  -3.0822939532614066
7  Class:  gas_pump Evaluated Delta Max Value:  -4.077973299060427
8  Class:  golf_ball Evaluated Delta Max Value:  -3.7110016419751264
9  Class:  parachute Evaluated Delta Max Value:  -3.6149747934535084
Network is PAC-model robust with error rate 0.01 and confidence level 0.999
Original Output:  tensor([-2.6900, -1.7415,  5.2945,  4.7201,  0.8526,  2.6677,  0.7593,  2.2477,
        -0.8062, -0.1283])
True Label:  2
Verification Radius(L-inf):  4
Mean:  (0.485, 0.456, 0.406)
Std:  (0.229, 0.224, 0.225)
Stepwise Spliting # 0 Start
Sampling...
Constructing Template 0...
Component 0 Spliting...
Constructing Template 1...
Component 1 Spliting...
Constructing Template 2...
Component 2 Spliting...
Constructing Template 3...
Component 3 Spliting...
Constructing Template 4...
Component 4 Spliting...
Constructing Template 5...
Component 5 Spliting...
Constructing Template 6...
Component 6 Spliting...
Constructing Template 7...
Component 7 Spliting...
Constructing Template 8...
Component 8 Spliting...
Constructing Template 9...
Component 9 Spliting...
Stepwise Spliting # 1 Start
Sampling...
Constructing Template 0...
Component 0 Spliting...
Constructing Template 1...
Component 1 Spliting...
Constructing Template 2...
Component 2 Spliting...
Constructing Template 3...
Component 3 Spliting...
Constructing Template 4...
Component 4 Spliting...
Constructing Template 5...
Component 5 Spliting...
Constructing Template 6...
Component 6 Spliting...
Constructing Template 7...
Component 7 Spliting...
Constructing Template 8...
Component 8 Spliting...
Constructing Template 9...
Component 9 Spliting...
Stepwise Spliting # 2 Start
Sampling...
Constructing Template 0...
Component 0 Spliting...
Constructing Template 1...
Component 1 Spliting...
Constructing Template 2...
Component 2 Spliting...
Constructing Template 3...
Component 3 Spliting...
Constructing Template 4...
Component 4 Spliting...
Constructing Template 5...
Component 5 Spliting...
Constructing Template 6...
Component 6 Spliting...
Constructing Template 7...
Component 7 Spliting...
Constructing Template 8...
Component 8 Spliting...
Constructing Template 9...
Component 9 Spliting...
Stepwise Spliting # 3 Start
Sampling...
Constructing Template 0...
Component 0 Spliting...
Constructing Template 1...
Component 1 Spliting...
Constructing Template 2...
Component 2 Spliting...
Constructing Template 3...
Component 3 Spliting...
Constructing Template 4...
Component 4 Spliting...
Constructing Template 5...
Component 5 Spliting...
Constructing Template 6...
Component 6 Spliting...
Constructing Template 7...
Component 7 Spliting...
Constructing Template 8...
Component 8 Spliting...
Constructing Template 9...
Component 9 Spliting...
Stepwise Spliting # 4 Start
Sampling...
Constructing Template 0...
Component 0 Spliting...
Constructing Template 1...
Component 1 Spliting...
Constructing Template 2...
Component 2 Spliting...
Constructing Template 3...
Component 3 Spliting...
Constructing Template 4...
Component 4 Spliting...
Constructing Template 5...
Component 5 Spliting...
Constructing Template 6...
Component 6 Spliting...
Constructing Template 7...
Component 7 Spliting...
Constructing Template 8...
Component 8 Spliting...
Constructing Template 9...
Component 9 Spliting...
Last Step...
Component Margins:  [0.03547859144367571, 0.03397065154454104, 0.0293556381688882, 0.041537401562875775, 0.03853364001423065, 0.06542163122300915, 0.03349413728980721, 0.02933629620687972, 0.034190976619550284, 0.030049362029123117]
Margin:  0.06542163122300915
0  Class:  tench Evaluated Delta Max Value:  -4.68893165714144
1  Class:  english_springer Evaluated Delta Max Value:  -3.950953030805366
3  Class:  chain_saw Evaluated Delta Max Value:  2.943877231367147
Potential Counter-example Found
Counter-Example Found! Potential Attack Class: chain_saw Score: tensor(5.0935, device='cuda:0') Real Largest Class: chain_saw Score: tensor(5.0935, device='cuda:0') Original Label Score: tensor(5.0789, device='cuda:0')
Difference: tensor(0.0146, device='cuda:0')
4  Class:  church Evaluated Delta Max Value:  -0.9088943961070282
5  Class:  french_horn Evaluated Delta Max Value:  2.4173078147698575
Potential Counter-example Found
Fake Counter-Example. Potential Attack Class: french_horn Score: tensor(3.1235, device='cuda:0') Real Largest Class: cassette_player Score: tensor(4.9672, device='cuda:0') Original Label Score: tensor(4.9672, device='cuda:0')
Difference: tensor(-1.8437, device='cuda:0')
6  Class:  garbage_truck Evaluated Delta Max Value:  -1.40276088667038
7  Class:  gas_pump Evaluated Delta Max Value:  -0.32786631671737165
8  Class:  golf_ball Evaluated Delta Max Value:  -3.1687958512679866
9  Class:  parachute Evaluated Delta Max Value:  -2.534852713892557
Unsafe. Adversarial Example Found.
Original Output:  tensor([-0.9919, -0.2036, -0.9123,  0.6255,  8.7684,  0.0464,  3.5727,  2.8752,
         0.7698,  0.2396])
True Label:  4
Verification Radius(L-inf):  4
Mean:  (0.485, 0.456, 0.406)
Std:  (0.229, 0.224, 0.225)
Stepwise Spliting # 0 Start
Sampling...
Constructing Template 0...
Component 0 Spliting...
Constructing Template 1...
Component 1 Spliting...
Constructing Template 2...
Component 2 Spliting...
Constructing Template 3...
Component 3 Spliting...
Constructing Template 4...
Component 4 Spliting...
Constructing Template 5...
Component 5 Spliting...
Constructing Template 6...
Component 6 Spliting...
Constructing Template 7...
Component 7 Spliting...
Constructing Template 8...
Component 8 Spliting...
Constructing Template 9...
Component 9 Spliting...
Stepwise Spliting # 1 Start
Sampling...
Constructing Template 0...
Component 0 Spliting...
Constructing Template 1...
Component 1 Spliting...
Constructing Template 2...
Component 2 Spliting...
Constructing Template 3...
Component 3 Spliting...
Constructing Template 4...
Component 4 Spliting...
Constructing Template 5...
Component 5 Spliting...
Constructing Template 6...
Component 6 Spliting...
Constructing Template 7...
Component 7 Spliting...
Constructing Template 8...
Component 8 Spliting...
Constructing Template 9...
Component 9 Spliting...
Stepwise Spliting # 2 Start
Sampling...
Constructing Template 0...
Component 0 Spliting...
Constructing Template 1...
Component 1 Spliting...
Constructing Template 2...
Component 2 Spliting...
Constructing Template 3...
Component 3 Spliting...
Constructing Template 4...
Component 4 Spliting...
Constructing Template 5...
Component 5 Spliting...
Constructing Template 6...
Component 6 Spliting...
Constructing Template 7...
Component 7 Spliting...
Constructing Template 8...
Component 8 Spliting...
Constructing Template 9...
Component 9 Spliting...
Stepwise Spliting # 3 Start
Sampling...
Constructing Template 0...
Component 0 Spliting...
Constructing Template 1...
Component 1 Spliting...
Constructing Template 2...
Component 2 Spliting...
Constructing Template 3...
Component 3 Spliting...
Constructing Template 4...
Component 4 Spliting...
Constructing Template 5...
Component 5 Spliting...
Constructing Template 6...
Component 6 Spliting...
Constructing Template 7...
Component 7 Spliting...
Constructing Template 8...
Component 8 Spliting...
Constructing Template 9...
Component 9 Spliting...
Stepwise Spliting # 4 Start
Sampling...
Constructing Template 0...
Component 0 Spliting...
Constructing Template 1...
Component 1 Spliting...
Constructing Template 2...
Component 2 Spliting...
Constructing Template 3...
Component 3 Spliting...
Constructing Template 4...
Component 4 Spliting...
Constructing Template 5...
Component 5 Spliting...
Constructing Template 6...
Component 6 Spliting...
Constructing Template 7...
Component 7 Spliting...
Constructing Template 8...
Component 8 Spliting...
Constructing Template 9...
Component 9 Spliting...
Last Step...
Component Margins:  [0.06764184351040203, 0.060342439092544, 0.05536693925035596, 0.05485966276521559, 0.050802011404970315, 0.052282095207488055, 0.057258963928838114, 0.044923466777961885, 0.05762970478394891, 0.05295976654202583]
Margin:  0.06764184351040203
0  Class:  tench Evaluated Delta Max Value:  -4.738572492118424
1  Class:  english_springer Evaluated Delta Max Value:  -4.320917660970999
2  Class:  cassette_player Evaluated Delta Max Value:  -4.721270865050348
3  Class:  chain_saw Evaluated Delta Max Value:  -3.2354735618078374
5  Class:  french_horn Evaluated Delta Max Value:  -3.84816177487383
6  Class:  garbage_truck Evaluated Delta Max Value:  -0.07139546338101166
7  Class:  gas_pump Evaluated Delta Max Value:  -1.5990379096045135
8  Class:  golf_ball Evaluated Delta Max Value:  -2.716296934791692
9  Class:  parachute Evaluated Delta Max Value:  -4.122971772123445
Network is PAC-model robust with error rate 0.01 and confidence level 0.999
Original Output:  tensor([-0.0546, -1.7189, -2.3426, -0.5085,  7.8875,  1.0359, -1.4880, -0.9126,
        -0.7369, -1.0850])
True Label:  4
Verification Radius(L-inf):  4
Mean:  (0.485, 0.456, 0.406)
Std:  (0.229, 0.224, 0.225)
Stepwise Spliting # 0 Start
Sampling...
Constructing Template 0...
Component 0 Spliting...
Constructing Template 1...
Component 1 Spliting...
Constructing Template 2...
Component 2 Spliting...
Constructing Template 3...
Component 3 Spliting...
Constructing Template 4...
Component 4 Spliting...
Constructing Template 5...
Component 5 Spliting...
Constructing Template 6...
Component 6 Spliting...
Constructing Template 7...
Component 7 Spliting...
Constructing Template 8...
Component 8 Spliting...
Constructing Template 9...
Component 9 Spliting...
Stepwise Spliting # 1 Start
Sampling...
Constructing Template 0...
Component 0 Spliting...
Constructing Template 1...
Component 1 Spliting...
Constructing Template 2...
Component 2 Spliting...
Constructing Template 3...
Component 3 Spliting...
Constructing Template 4...
Component 4 Spliting...
Constructing Template 5...
Component 5 Spliting...
Constructing Template 6...
Component 6 Spliting...
Constructing Template 7...
Component 7 Spliting...
Constructing Template 8...
Component 8 Spliting...
Constructing Template 9...
Component 9 Spliting...
Stepwise Spliting # 2 Start
Sampling...
Constructing Template 0...
Component 0 Spliting...
Constructing Template 1...
Component 1 Spliting...
Constructing Template 2...
Component 2 Spliting...
Constructing Template 3...
Component 3 Spliting...
Constructing Template 4...
Component 4 Spliting...
Constructing Template 5...
Component 5 Spliting...
Constructing Template 6...
Component 6 Spliting...
Constructing Template 7...
Component 7 Spliting...
Constructing Template 8...
Component 8 Spliting...
Constructing Template 9...
Component 9 Spliting...
Stepwise Spliting # 3 Start
Sampling...
Constructing Template 0...
Component 0 Spliting...
Constructing Template 1...
Component 1 Spliting...
Constructing Template 2...
Component 2 Spliting...
Constructing Template 3...
Component 3 Spliting...
Constructing Template 4...
Component 4 Spliting...
Constructing Template 5...
Component 5 Spliting...
Constructing Template 6...
Component 6 Spliting...
Constructing Template 7...
Component 7 Spliting...
Constructing Template 8...
Component 8 Spliting...
Constructing Template 9...
Component 9 Spliting...
Stepwise Spliting # 4 Start
Sampling...
Constructing Template 0...
Component 0 Spliting...
Constructing Template 1...
Component 1 Spliting...
Constructing Template 2...
Component 2 Spliting...
Constructing Template 3...
Component 3 Spliting...
Constructing Template 4...
Component 4 Spliting...
Constructing Template 5...
Component 5 Spliting...
Constructing Template 6...
Component 6 Spliting...
Constructing Template 7...
Component 7 Spliting...
Constructing Template 8...
Component 8 Spliting...
Constructing Template 9...
Component 9 Spliting...
Last Step...
Component Margins:  [0.10054726273896719, 0.09276754875737225, 0.070571958670957, 0.07717274044946265, 0.09220983139068029, 0.08210977814912557, 0.07946275161059368, 0.05630888965802683, 0.07856523876636867, 0.08440994593726892]
Margin:  0.10054726273896719
0  Class:  tench Evaluated Delta Max Value:  0.7990242325151655
Potential Counter-example Found
Fake Counter-Example. Potential Attack Class: tench Score: tensor(0.3292, device='cuda:0') Real Largest Class: church Score: tensor(6.6872, device='cuda:0') Original Label Score: tensor(6.6872, device='cuda:0')
Difference: tensor(-6.3580, device='cuda:0')
1  Class:  english_springer Evaluated Delta Max Value:  -1.8844174065137098
2  Class:  cassette_player Evaluated Delta Max Value:  -3.6577436955737177
3  Class:  chain_saw Evaluated Delta Max Value:  -0.6418479868582736
5  Class:  french_horn Evaluated Delta Max Value:  0.4712653567002141
Potential Counter-example Found
Fake Counter-Example. Potential Attack Class: french_horn Score: tensor(1.0453, device='cuda:0') Real Largest Class: church Score: tensor(6.7310, device='cuda:0') Original Label Score: tensor(6.7310, device='cuda:0')
Difference: tensor(-5.6858, device='cuda:0')
6  Class:  garbage_truck Evaluated Delta Max Value:  -3.265111874207621
7  Class:  gas_pump Evaluated Delta Max Value:  -3.393382996377092
8  Class:  golf_ball Evaluated Delta Max Value:  -1.6379266638391705
9  Class:  parachute Evaluated Delta Max Value:  -2.170007038692061
Unknown. Potential Counter-Example exists.
Original Output:  tensor([-1.0174, -0.0832, -1.1154,  0.9058,  3.4294,  5.4827, -0.5899,  0.4467,
        -1.6824, -1.1534])
True Label:  5
Verification Radius(L-inf):  4
Mean:  (0.485, 0.456, 0.406)
Std:  (0.229, 0.224, 0.225)
Stepwise Spliting # 0 Start
Sampling...
Constructing Template 0...
Component 0 Spliting...
Constructing Template 1...
Component 1 Spliting...
Constructing Template 2...
Component 2 Spliting...
Constructing Template 3...
Component 3 Spliting...
Constructing Template 4...
Component 4 Spliting...
Constructing Template 5...
Component 5 Spliting...
Constructing Template 6...
Component 6 Spliting...
Constructing Template 7...
Component 7 Spliting...
Constructing Template 8...
Component 8 Spliting...
Constructing Template 9...
Component 9 Spliting...
Stepwise Spliting # 1 Start
Sampling...
Constructing Template 0...
Component 0 Spliting...
Constructing Template 1...
Component 1 Spliting...
Constructing Template 2...
Component 2 Spliting...
Constructing Template 3...
Component 3 Spliting...
Constructing Template 4...
Component 4 Spliting...
Constructing Template 5...
Component 5 Spliting...
Constructing Template 6...
Component 6 Spliting...
Constructing Template 7...
Component 7 Spliting...
Constructing Template 8...
Component 8 Spliting...
Constructing Template 9...
Component 9 Spliting...
Stepwise Spliting # 2 Start
Sampling...
Constructing Template 0...
Component 0 Spliting...
Constructing Template 1...
Component 1 Spliting...
Constructing Template 2...
Component 2 Spliting...
Constructing Template 3...
Component 3 Spliting...
Constructing Template 4...
Component 4 Spliting...
Constructing Template 5...
Component 5 Spliting...
Constructing Template 6...
Component 6 Spliting...
Constructing Template 7...
Component 7 Spliting...
Constructing Template 8...
Component 8 Spliting...
Constructing Template 9...
Component 9 Spliting...
Stepwise Spliting # 3 Start
Sampling...
Constructing Template 0...
Component 0 Spliting...
Constructing Template 1...
Component 1 Spliting...
Constructing Template 2...
Component 2 Spliting...
Constructing Template 3...
Component 3 Spliting...
Constructing Template 4...
Component 4 Spliting...
Constructing Template 5...
Component 5 Spliting...
Constructing Template 6...
Component 6 Spliting...
Constructing Template 7...
Component 7 Spliting...
Constructing Template 8...
Component 8 Spliting...
Constructing Template 9...
Component 9 Spliting...
Stepwise Spliting # 4 Start
Sampling...
Constructing Template 0...
Component 0 Spliting...
Constructing Template 1...
Component 1 Spliting...
Constructing Template 2...
Component 2 Spliting...
Constructing Template 3...
Component 3 Spliting...
Constructing Template 4...
Component 4 Spliting...
Constructing Template 5...
Component 5 Spliting...
Constructing Template 6...
Component 6 Spliting...
Constructing Template 7...
Component 7 Spliting...
Constructing Template 8...
Component 8 Spliting...
Constructing Template 9...
Component 9 Spliting...
Last Step...
Component Margins:  [0.05603785304035558, 0.07188185614108411, 0.06746131192378879, 0.07857677720938616, 0.0986048283780534, 0.06694019135039575, 0.07196131210081269, 0.07436883489237722, 0.07934197621797878, 0.05953408727348819]
Margin:  0.0986048283780534
0  Class:  tench Evaluated Delta Max Value:  -1.0307995255598523
1  Class:  english_springer Evaluated Delta Max Value:  0.4684428706422825
Potential Counter-example Found
Fake Counter-Example. Potential Attack Class: english_springer Score: tensor(-0.0295, device='cuda:0') Real Largest Class: french_horn Score: tensor(4.7119, device='cuda:0') Original Label Score: tensor(4.7119, device='cuda:0')
Difference: tensor(-4.7414, device='cuda:0')
2  Class:  cassette_player Evaluated Delta Max Value:  0.6980029324298649
Potential Counter-example Found
Fake Counter-Example. Potential Attack Class: cassette_player Score: tensor(-0.8868, device='cuda:0') Real Largest Class: french_horn Score: tensor(4.6952, device='cuda:0') Original Label Score: tensor(4.6952, device='cuda:0')
Difference: tensor(-5.5820, device='cuda:0')
3  Class:  chain_saw Evaluated Delta Max Value:  1.0454404019026307
Potential Counter-example Found
Fake Counter-Example. Potential Attack Class: chain_saw Score: tensor(0.9268, device='cuda:0') Real Largest Class: french_horn Score: tensor(4.6859, device='cuda:0') Original Label Score: tensor(4.6859, device='cuda:0')
Difference: tensor(-3.7591, device='cuda:0')
4  Class:  church Evaluated Delta Max Value:  7.859495555408255
Potential Counter-example Found
Fake Counter-Example. Potential Attack Class: church Score: tensor(4.1342, device='cuda:0') Real Largest Class: french_horn Score: tensor(4.6513, device='cuda:0') Original Label Score: tensor(4.6513, device='cuda:0')
Difference: tensor(-0.5171, device='cuda:0')
6  Class:  garbage_truck Evaluated Delta Max Value:  1.9999435333302429
Potential Counter-example Found
Fake Counter-Example. Potential Attack Class: garbage_truck Score: tensor(-0.2393, device='cuda:0') Real Largest Class: french_horn Score: tensor(4.6683, device='cuda:0') Original Label Score: tensor(4.6683, device='cuda:0')
Difference: tensor(-4.9076, device='cuda:0')
7  Class:  gas_pump Evaluated Delta Max Value:  2.6902716593435327
Potential Counter-example Found
Fake Counter-Example. Potential Attack Class: gas_pump Score: tensor(0.7680, device='cuda:0') Real Largest Class: french_horn Score: tensor(4.7155, device='cuda:0') Original Label Score: tensor(4.7155, device='cuda:0')
Difference: tensor(-3.9476, device='cuda:0')
8  Class:  golf_ball Evaluated Delta Max Value:  -0.5231672592474188
9  Class:  parachute Evaluated Delta Max Value:  -0.5790009934011742
Unknown. Potential Counter-Example exists.
Original Output:  tensor([-0.2104, -1.2823, -1.1788,  2.0124,  1.0339,  6.2655, -0.1802,  0.7447,
        -0.5773, -1.4383])
True Label:  5
Verification Radius(L-inf):  4
Mean:  (0.485, 0.456, 0.406)
Std:  (0.229, 0.224, 0.225)
Stepwise Spliting # 0 Start
Sampling...
Constructing Template 0...
Component 0 Spliting...
Constructing Template 1...
Component 1 Spliting...
Constructing Template 2...
Component 2 Spliting...
Constructing Template 3...
Component 3 Spliting...
Constructing Template 4...
Component 4 Spliting...
Constructing Template 5...
Component 5 Spliting...
Constructing Template 6...
Component 6 Spliting...
Constructing Template 7...
Component 7 Spliting...
Constructing Template 8...
Component 8 Spliting...
Constructing Template 9...
Component 9 Spliting...
Stepwise Spliting # 1 Start
Sampling...
Constructing Template 0...
Component 0 Spliting...
Constructing Template 1...
Component 1 Spliting...
Constructing Template 2...
Component 2 Spliting...
Constructing Template 3...
Component 3 Spliting...
Constructing Template 4...
Component 4 Spliting...
Constructing Template 5...
Component 5 Spliting...
Constructing Template 6...
Component 6 Spliting...
Constructing Template 7...
Component 7 Spliting...
Constructing Template 8...
Component 8 Spliting...
Constructing Template 9...
Component 9 Spliting...
Stepwise Spliting # 2 Start
Sampling...
Constructing Template 0...
Component 0 Spliting...
Constructing Template 1...
Component 1 Spliting...
Constructing Template 2...
Component 2 Spliting...
Constructing Template 3...
Component 3 Spliting...
Constructing Template 4...
Component 4 Spliting...
Constructing Template 5...
Component 5 Spliting...
Constructing Template 6...
Component 6 Spliting...
Constructing Template 7...
Component 7 Spliting...
Constructing Template 8...
Component 8 Spliting...
Constructing Template 9...
Component 9 Spliting...
Stepwise Spliting # 3 Start
Sampling...
Constructing Template 0...
Component 0 Spliting...
Constructing Template 1...
Component 1 Spliting...
Constructing Template 2...
Component 2 Spliting...
Constructing Template 3...
Component 3 Spliting...
Constructing Template 4...
Component 4 Spliting...
Constructing Template 5...
Component 5 Spliting...
Constructing Template 6...
Component 6 Spliting...
Constructing Template 7...
Component 7 Spliting...
Constructing Template 8...
Component 8 Spliting...
Constructing Template 9...
Component 9 Spliting...
Stepwise Spliting # 4 Start
Sampling...
Constructing Template 0...
Component 0 Spliting...
Constructing Template 1...
Component 1 Spliting...
Constructing Template 2...
Component 2 Spliting...
Constructing Template 3...
Component 3 Spliting...
Constructing Template 4...
Component 4 Spliting...
Constructing Template 5...
Component 5 Spliting...
Constructing Template 6...
Component 6 Spliting...
Constructing Template 7...
Component 7 Spliting...
Constructing Template 8...
Component 8 Spliting...
Constructing Template 9...
Component 9 Spliting...
Last Step...
Component Margins:  [0.05990029617389325, 0.06191850423407175, 0.04718541537011145, 0.0493637931020503, 0.046914468237718054, 0.055352746554539145, 0.05560726060564747, 0.05374497507552234, 0.057578690343779826, 0.058837467992320924]
Margin:  0.06191850423407175
0  Class:  tench Evaluated Delta Max Value:  -1.4538995027762986
1  Class:  english_springer Evaluated Delta Max Value:  -2.63682844729429
2  Class:  cassette_player Evaluated Delta Max Value:  -3.5231426311438145
3  Class:  chain_saw Evaluated Delta Max Value:  0.3975329773387051
Potential Counter-example Found
Fake Counter-Example. Potential Attack Class: chain_saw Score: tensor(2.1688, device='cuda:0') Real Largest Class: french_horn Score: tensor(5.3981, device='cuda:0') Original Label Score: tensor(5.3981, device='cuda:0')
Difference: tensor(-3.2292, device='cuda:0')
4  Class:  church Evaluated Delta Max Value:  -0.8741145550654057
6  Class:  garbage_truck Evaluated Delta Max Value:  -1.7998079780085705
7  Class:  gas_pump Evaluated Delta Max Value:  -1.1917397303560955
8  Class:  golf_ball Evaluated Delta Max Value:  -2.0872705631531723
9  Class:  parachute Evaluated Delta Max Value:  -2.7442373956417896
Unknown. Potential Counter-Example exists.
Original Output:  tensor([-2.0733e+00, -1.1986e+00,  4.1568e+00,  1.1906e+00,  1.9322e+00,
        -1.1357e+00,  9.9706e+00,  5.2839e+00, -1.5219e-03, -1.5367e-01])
True Label:  6
Verification Radius(L-inf):  4
Mean:  (0.485, 0.456, 0.406)
Std:  (0.229, 0.224, 0.225)
Stepwise Spliting # 0 Start
Sampling...
Constructing Template 0...
Component 0 Spliting...
Constructing Template 1...
Component 1 Spliting...
Constructing Template 2...
Component 2 Spliting...
Constructing Template 3...
Component 3 Spliting...
Constructing Template 4...
Component 4 Spliting...
Constructing Template 5...
Component 5 Spliting...
Constructing Template 6...
Component 6 Spliting...
Constructing Template 7...
Component 7 Spliting...
Constructing Template 8...
Component 8 Spliting...
Constructing Template 9...
Component 9 Spliting...
Stepwise Spliting # 1 Start
Sampling...
Constructing Template 0...
Component 0 Spliting...
Constructing Template 1...
Component 1 Spliting...
Constructing Template 2...
Component 2 Spliting...
Constructing Template 3...
Component 3 Spliting...
Constructing Template 4...
Component 4 Spliting...
Constructing Template 5...
Component 5 Spliting...
Constructing Template 6...
Component 6 Spliting...
Constructing Template 7...
Component 7 Spliting...
Constructing Template 8...
Component 8 Spliting...
Constructing Template 9...
Component 9 Spliting...
Stepwise Spliting # 2 Start
Sampling...
Constructing Template 0...
Component 0 Spliting...
Constructing Template 1...
Component 1 Spliting...
Constructing Template 2...
Component 2 Spliting...
Constructing Template 3...
Component 3 Spliting...
Constructing Template 4...
Component 4 Spliting...
Constructing Template 5...
Component 5 Spliting...
Constructing Template 6...
Component 6 Spliting...
Constructing Template 7...
Component 7 Spliting...
Constructing Template 8...
Component 8 Spliting...
Constructing Template 9...
Component 9 Spliting...
Stepwise Spliting # 3 Start
Sampling...
Constructing Template 0...
Component 0 Spliting...
Constructing Template 1...
Component 1 Spliting...
Constructing Template 2...
Component 2 Spliting...
Constructing Template 3...
Component 3 Spliting...
Constructing Template 4...
Component 4 Spliting...
Constructing Template 5...
Component 5 Spliting...
Constructing Template 6...
Component 6 Spliting...
Constructing Template 7...
Component 7 Spliting...
Constructing Template 8...
Component 8 Spliting...
Constructing Template 9...
Component 9 Spliting...
Stepwise Spliting # 4 Start
Sampling...
Constructing Template 0...
Component 0 Spliting...
Constructing Template 1...
Component 1 Spliting...
Constructing Template 2...
Component 2 Spliting...
Constructing Template 3...
Component 3 Spliting...
Constructing Template 4...
Component 4 Spliting...
Constructing Template 5...
Component 5 Spliting...
Constructing Template 6...
Component 6 Spliting...
Constructing Template 7...
Component 7 Spliting...
Constructing Template 8...
Component 8 Spliting...
Constructing Template 9...
Component 9 Spliting...
Last Step...
Component Margins:  [0.050189847961307876, 0.042916343638180976, 0.05594141706218975, 0.037647296742107095, 0.0392164622642035, 0.048186402629395886, 0.0431695157261176, 0.04950322953700015, 0.04938925594722754, 0.034598181090382596]
Margin:  0.05594141706218975
0  Class:  tench Evaluated Delta Max Value:  -7.793160490473648
1  Class:  english_springer Evaluated Delta Max Value:  -7.11101844826541
2  Class:  cassette_player Evaluated Delta Max Value:  -0.7960038954281328
3  Class:  chain_saw Evaluated Delta Max Value:  -5.315920947948482
4  Class:  church Evaluated Delta Max Value:  -4.137040324592032
5  Class:  french_horn Evaluated Delta Max Value:  -6.62745814975233
7  Class:  gas_pump Evaluated Delta Max Value:  -0.21530184912225686
8  Class:  golf_ball Evaluated Delta Max Value:  -5.031697450969389
9  Class:  parachute Evaluated Delta Max Value:  -6.675335755285893
Network is PAC-model robust with error rate 0.01 and confidence level 0.999
Original Output:  tensor([-0.2268, -0.8832, -0.1759, -0.0299,  3.3853, -0.8655,  4.1557,  2.3395,
        -0.0480, -0.7789])
True Label:  6
Verification Radius(L-inf):  4
Mean:  (0.485, 0.456, 0.406)
Std:  (0.229, 0.224, 0.225)
Stepwise Spliting # 0 Start
Sampling...
Constructing Template 0...
Component 0 Spliting...
Constructing Template 1...
Component 1 Spliting...
Constructing Template 2...
Component 2 Spliting...
Constructing Template 3...
Component 3 Spliting...
Constructing Template 4...
Component 4 Spliting...
Constructing Template 5...
Component 5 Spliting...
Constructing Template 6...
Component 6 Spliting...
Constructing Template 7...
Component 7 Spliting...
Constructing Template 8...
Component 8 Spliting...
Constructing Template 9...
Component 9 Spliting...
Stepwise Spliting # 1 Start
Sampling...
Constructing Template 0...
Component 0 Spliting...
Constructing Template 1...
Component 1 Spliting...
Constructing Template 2...
Component 2 Spliting...
Constructing Template 3...
Component 3 Spliting...
Constructing Template 4...
Component 4 Spliting...
Constructing Template 5...
Component 5 Spliting...
Constructing Template 6...
Component 6 Spliting...
Constructing Template 7...
Component 7 Spliting...
Constructing Template 8...
Component 8 Spliting...
Constructing Template 9...
Component 9 Spliting...
Stepwise Spliting # 2 Start
Sampling...
Constructing Template 0...
Component 0 Spliting...
Constructing Template 1...
Component 1 Spliting...
Constructing Template 2...
Component 2 Spliting...
Constructing Template 3...
Component 3 Spliting...
Constructing Template 4...
Component 4 Spliting...
Constructing Template 5...
Component 5 Spliting...
Constructing Template 6...
Component 6 Spliting...
Constructing Template 7...
Component 7 Spliting...
Constructing Template 8...
Component 8 Spliting...
Constructing Template 9...
Component 9 Spliting...
Stepwise Spliting # 3 Start
Sampling...
Constructing Template 0...
Component 0 Spliting...
Constructing Template 1...
Component 1 Spliting...
Constructing Template 2...
Component 2 Spliting...
Constructing Template 3...
Component 3 Spliting...
Constructing Template 4...
Component 4 Spliting...
Constructing Template 5...
Component 5 Spliting...
Constructing Template 6...
Component 6 Spliting...
Constructing Template 7...
Component 7 Spliting...
Constructing Template 8...
Component 8 Spliting...
Constructing Template 9...
Component 9 Spliting...
Stepwise Spliting # 4 Start
Sampling...
Constructing Template 0...
Component 0 Spliting...
Constructing Template 1...
Component 1 Spliting...
Constructing Template 2...
Component 2 Spliting...
Constructing Template 3...
Component 3 Spliting...
Constructing Template 4...
Component 4 Spliting...
Constructing Template 5...
Component 5 Spliting...
Constructing Template 6...
Component 6 Spliting...
Constructing Template 7...
Component 7 Spliting...
Constructing Template 8...
Component 8 Spliting...
Constructing Template 9...
Component 9 Spliting...
Last Step...
Component Margins:  [0.044967715479796055, 0.04225905002530972, 0.04141578798799728, 0.03444076559589604, 0.04602718013724627, 0.04408378821962167, 0.036852627480956635, 0.03452570487899553, 0.039994275035175164, 0.034207440023626745]
Margin:  0.04602718013724627
0  Class:  tench Evaluated Delta Max Value:  0.15562155323782023
Potential Counter-example Found
Fake Counter-Example. Potential Attack Class: tench Score: tensor(0.0234, device='cuda:0') Real Largest Class: garbage_truck Score: tensor(3.6471, device='cuda:0') Original Label Score: tensor(3.6471, device='cuda:0')
Difference: tensor(-3.6236, device='cuda:0')
1  Class:  english_springer Evaluated Delta Max Value:  -1.4756055232308787
2  Class:  cassette_player Evaluated Delta Max Value:  -0.6479339605024597
3  Class:  chain_saw Evaluated Delta Max Value:  -1.1994113012996317
4  Class:  church Evaluated Delta Max Value:  4.651838034430762
Potential Counter-example Found
Fake Counter-Example. Potential Attack Class: church Score: tensor(3.7861, device='cuda:0') Real Largest Class: garbage_truck Score: tensor(3.8911, device='cuda:0') Original Label Score: tensor(3.8911, device='cuda:0')
Difference: tensor(-0.1050, device='cuda:0')
5  Class:  french_horn Evaluated Delta Max Value:  -1.2480625510442678
7  Class:  gas_pump Evaluated Delta Max Value:  1.319495637577843
Potential Counter-example Found
Fake Counter-Example. Potential Attack Class: gas_pump Score: tensor(2.4518, device='cuda:0') Real Largest Class: garbage_truck Score: tensor(3.7462, device='cuda:0') Original Label Score: tensor(3.7462, device='cuda:0')
Difference: tensor(-1.2944, device='cuda:0')
8  Class:  golf_ball Evaluated Delta Max Value:  -0.28956544201684564
9  Class:  parachute Evaluated Delta Max Value:  -1.5998444677240922
Unknown. Potential Counter-Example exists.
Original Output:  tensor([-2.8272e+00,  5.7879e-01,  1.7950e+00,  2.5398e+00,  4.4659e+00,
        -1.2509e-02,  2.4145e+00,  1.3718e+01, -2.5581e-01, -9.4359e-01])
True Label:  7
Verification Radius(L-inf):  4
Mean:  (0.485, 0.456, 0.406)
Std:  (0.229, 0.224, 0.225)
Stepwise Spliting # 0 Start
Sampling...
Constructing Template 0...
Component 0 Spliting...
Constructing Template 1...
Component 1 Spliting...
Constructing Template 2...
Component 2 Spliting...
Constructing Template 3...
Component 3 Spliting...
Constructing Template 4...
Component 4 Spliting...
Constructing Template 5...
Component 5 Spliting...
Constructing Template 6...
Component 6 Spliting...
Constructing Template 7...
Component 7 Spliting...
Constructing Template 8...
Component 8 Spliting...
Constructing Template 9...
Component 9 Spliting...
Stepwise Spliting # 1 Start
Sampling...
Constructing Template 0...
Component 0 Spliting...
Constructing Template 1...
Component 1 Spliting...
Constructing Template 2...
Component 2 Spliting...
Constructing Template 3...
Component 3 Spliting...
Constructing Template 4...
Component 4 Spliting...
Constructing Template 5...
Component 5 Spliting...
Constructing Template 6...
Component 6 Spliting...
Constructing Template 7...
Component 7 Spliting...
Constructing Template 8...
Component 8 Spliting...
Constructing Template 9...
Component 9 Spliting...
Stepwise Spliting # 2 Start
Sampling...
Constructing Template 0...
Component 0 Spliting...
Constructing Template 1...
Component 1 Spliting...
Constructing Template 2...
Component 2 Spliting...
Constructing Template 3...
Component 3 Spliting...
Constructing Template 4...
Component 4 Spliting...
Constructing Template 5...
Component 5 Spliting...
Constructing Template 6...
Component 6 Spliting...
Constructing Template 7...
Component 7 Spliting...
Constructing Template 8...
Component 8 Spliting...
Constructing Template 9...
Component 9 Spliting...
Stepwise Spliting # 3 Start
Sampling...
Constructing Template 0...
Component 0 Spliting...
Constructing Template 1...
Component 1 Spliting...
Constructing Template 2...
Component 2 Spliting...
Constructing Template 3...
Component 3 Spliting...
Constructing Template 4...
Component 4 Spliting...
Constructing Template 5...
Component 5 Spliting...
Constructing Template 6...
Component 6 Spliting...
Constructing Template 7...
Component 7 Spliting...
Constructing Template 8...
Component 8 Spliting...
Constructing Template 9...
Component 9 Spliting...
Stepwise Spliting # 4 Start
Sampling...
Constructing Template 0...
Component 0 Spliting...
Constructing Template 1...
Component 1 Spliting...
Constructing Template 2...
Component 2 Spliting...
Constructing Template 3...
Component 3 Spliting...
Constructing Template 4...
Component 4 Spliting...
Constructing Template 5...
Component 5 Spliting...
Constructing Template 6...
Component 6 Spliting...
Constructing Template 7...
Component 7 Spliting...
Constructing Template 8...
Component 8 Spliting...
Constructing Template 9...
Component 9 Spliting...
Last Step...
Component Margins:  [0.04636416709974611, 0.032597929647156576, 0.031005356674251416, 0.039789463775649736, 0.04217874207376049, 0.039369077946432185, 0.034885403629559164, 0.03275072198663764, 0.0340359334427518, 0.04511838782894273]
Margin:  0.04636416709974611
0  Class:  tench Evaluated Delta Max Value:  -12.432304910638106
1  Class:  english_springer Evaluated Delta Max Value:  -10.174129828222735
2  Class:  cassette_player Evaluated Delta Max Value:  -8.900471978024447
3  Class:  chain_saw Evaluated Delta Max Value:  -7.951970869669305
4  Class:  church Evaluated Delta Max Value:  -6.05966529117679
5  Class:  french_horn Evaluated Delta Max Value:  -10.037242124421898
6  Class:  garbage_truck Evaluated Delta Max Value:  -8.189147242412508
8  Class:  golf_ball Evaluated Delta Max Value:  -10.567662366070378
9  Class:  parachute Evaluated Delta Max Value:  -11.2585698547302
Network is PAC-model robust with error rate 0.01 and confidence level 0.999
Original Output:  tensor([-1.1733, -1.2469,  8.4379,  0.3695,  1.5252, -1.0852,  4.8360,  9.3919,
         0.2322, -1.7989])
True Label:  7
Verification Radius(L-inf):  4
Mean:  (0.485, 0.456, 0.406)
Std:  (0.229, 0.224, 0.225)
Stepwise Spliting # 0 Start
Sampling...
Constructing Template 0...
Component 0 Spliting...
Constructing Template 1...
Component 1 Spliting...
Constructing Template 2...
Component 2 Spliting...
Constructing Template 3...
Component 3 Spliting...
Constructing Template 4...
Component 4 Spliting...
Constructing Template 5...
Component 5 Spliting...
Constructing Template 6...
Component 6 Spliting...
Constructing Template 7...
Component 7 Spliting...
Constructing Template 8...
Component 8 Spliting...
Constructing Template 9...
Component 9 Spliting...
Stepwise Spliting # 1 Start
Sampling...
Constructing Template 0...
Component 0 Spliting...
Constructing Template 1...
Component 1 Spliting...
Constructing Template 2...
Component 2 Spliting...
Constructing Template 3...
Component 3 Spliting...
Constructing Template 4...
Component 4 Spliting...
Constructing Template 5...
Component 5 Spliting...
Constructing Template 6...
Component 6 Spliting...
Constructing Template 7...
Component 7 Spliting...
Constructing Template 8...
Component 8 Spliting...
Constructing Template 9...
Component 9 Spliting...
Stepwise Spliting # 2 Start
Sampling...
Constructing Template 0...
Component 0 Spliting...
Constructing Template 1...
Component 1 Spliting...
Constructing Template 2...
Component 2 Spliting...
Constructing Template 3...
Component 3 Spliting...
Constructing Template 4...
Component 4 Spliting...
Constructing Template 5...
Component 5 Spliting...
Constructing Template 6...
Component 6 Spliting...
Constructing Template 7...
Component 7 Spliting...
Constructing Template 8...
Component 8 Spliting...
Constructing Template 9...
Component 9 Spliting...
Stepwise Spliting # 3 Start
Sampling...
Constructing Template 0...
Component 0 Spliting...
Constructing Template 1...
Component 1 Spliting...
Constructing Template 2...
Component 2 Spliting...
Constructing Template 3...
Component 3 Spliting...
Constructing Template 4...
Component 4 Spliting...
Constructing Template 5...
Component 5 Spliting...
Constructing Template 6...
Component 6 Spliting...
Constructing Template 7...
Component 7 Spliting...
Constructing Template 8...
Component 8 Spliting...
Constructing Template 9...
Component 9 Spliting...
Stepwise Spliting # 4 Start
Sampling...
Constructing Template 0...
Component 0 Spliting...
Constructing Template 1...
Component 1 Spliting...
Constructing Template 2...
Component 2 Spliting...
Constructing Template 3...
Component 3 Spliting...
Constructing Template 4...
Component 4 Spliting...
Constructing Template 5...
Component 5 Spliting...
Constructing Template 6...
Component 6 Spliting...
Constructing Template 7...
Component 7 Spliting...
Constructing Template 8...
Component 8 Spliting...
Constructing Template 9...
Component 9 Spliting...
Last Step...
Component Margins:  [0.022272515854600883, 0.021026892888860615, 0.021065487467884725, 0.023687378894374334, 0.02496209034458019, 0.02514461122289191, 0.016195700203551766, 0.02029792217581239, 0.018032567155691126, 0.023086618066447073]
Margin:  0.02514461122289191
0  Class:  tench Evaluated Delta Max Value:  -8.43225891040827
1  Class:  english_springer Evaluated Delta Max Value:  -8.747318085872985
2  Class:  cassette_player Evaluated Delta Max Value:  1.0935205235859875
Potential Counter-example Found
Fake Counter-Example. Potential Attack Class: cassette_player Score: tensor(8.6255, device='cuda:0') Real Largest Class: gas_pump Score: tensor(9.1997, device='cuda:0') Original Label Score: tensor(9.1997, device='cuda:0')
Difference: tensor(-0.5742, device='cuda:0')
3  Class:  chain_saw Evaluated Delta Max Value:  -7.05242204459114
4  Class:  church Evaluated Delta Max Value:  -5.584760848870779
5  Class:  french_horn Evaluated Delta Max Value:  -8.40180052689403
6  Class:  garbage_truck Evaluated Delta Max Value:  -3.002573203600755
8  Class:  golf_ball Evaluated Delta Max Value:  -7.4855287053728645
9  Class:  parachute Evaluated Delta Max Value:  -9.09141993434737
Unknown. Potential Counter-Example exists.
Original Output:  tensor([-0.7061,  0.7215, -0.5679, -0.3968,  0.7451, -0.0818, -1.2881,  3.4393,
        17.1781,  4.8437])
True Label:  8
Verification Radius(L-inf):  4
Mean:  (0.485, 0.456, 0.406)
Std:  (0.229, 0.224, 0.225)
Stepwise Spliting # 0 Start
Sampling...
Constructing Template 0...
Component 0 Spliting...
Constructing Template 1...
Component 1 Spliting...
Constructing Template 2...
Component 2 Spliting...
Constructing Template 3...
Component 3 Spliting...
Constructing Template 4...
Component 4 Spliting...
Constructing Template 5...
Component 5 Spliting...
Constructing Template 6...
Component 6 Spliting...
Constructing Template 7...
Component 7 Spliting...
Constructing Template 8...
Component 8 Spliting...
Constructing Template 9...
Component 9 Spliting...
Stepwise Spliting # 1 Start
Sampling...
Constructing Template 0...
Component 0 Spliting...
Constructing Template 1...
Component 1 Spliting...
Constructing Template 2...
Component 2 Spliting...
Constructing Template 3...
Component 3 Spliting...
Constructing Template 4...
Component 4 Spliting...
Constructing Template 5...
Component 5 Spliting...
Constructing Template 6...
Component 6 Spliting...
Constructing Template 7...
Component 7 Spliting...
Constructing Template 8...
Component 8 Spliting...
Constructing Template 9...
Component 9 Spliting...
Stepwise Spliting # 2 Start
Sampling...
Constructing Template 0...
Component 0 Spliting...
Constructing Template 1...
Component 1 Spliting...
Constructing Template 2...
Component 2 Spliting...
Constructing Template 3...
Component 3 Spliting...
Constructing Template 4...
Component 4 Spliting...
Constructing Template 5...
Component 5 Spliting...
Constructing Template 6...
Component 6 Spliting...
Constructing Template 7...
Component 7 Spliting...
Constructing Template 8...
Component 8 Spliting...
Constructing Template 9...
Component 9 Spliting...
Stepwise Spliting # 3 Start
Sampling...
Constructing Template 0...
Component 0 Spliting...
Constructing Template 1...
Component 1 Spliting...
Constructing Template 2...
Component 2 Spliting...
Constructing Template 3...
Component 3 Spliting...
Constructing Template 4...
Component 4 Spliting...
Constructing Template 5...
Component 5 Spliting...
Constructing Template 6...
Component 6 Spliting...
Constructing Template 7...
Component 7 Spliting...
Constructing Template 8...
Component 8 Spliting...
Constructing Template 9...
Component 9 Spliting...
Stepwise Spliting # 4 Start
Sampling...
Constructing Template 0...
Component 0 Spliting...
Constructing Template 1...
Component 1 Spliting...
Constructing Template 2...
Component 2 Spliting...
Constructing Template 3...
Component 3 Spliting...
Constructing Template 4...
Component 4 Spliting...
Constructing Template 5...
Component 5 Spliting...
Constructing Template 6...
Component 6 Spliting...
Constructing Template 7...
Component 7 Spliting...
Constructing Template 8...
Component 8 Spliting...
Constructing Template 9...
Component 9 Spliting...
Last Step...
Component Margins:  [0.06700887869061134, 0.0677651519052862, 0.06803665477512766, 0.06629813514749827, 0.0932261794662459, 0.07619727076756888, 0.061936734951942185, 0.052659265824543056, 0.05928805514809454, 0.05300506321357901]
Margin:  0.0932261794662459
0  Class:  tench Evaluated Delta Max Value:  -11.04423939148316
1  Class:  english_springer Evaluated Delta Max Value:  -9.575474595793343
2  Class:  cassette_player Evaluated Delta Max Value:  -12.278925956029179
3  Class:  chain_saw Evaluated Delta Max Value:  -11.153521373424002
4  Class:  church Evaluated Delta Max Value:  -9.382748093099764
5  Class:  french_horn Evaluated Delta Max Value:  -10.904895020493166
6  Class:  garbage_truck Evaluated Delta Max Value:  -12.125977042324166
7  Class:  gas_pump Evaluated Delta Max Value:  -9.143196253163932
9  Class:  parachute Evaluated Delta Max Value:  -6.991526080804645
Network is PAC-model robust with error rate 0.01 and confidence level 0.999
Original Output:  tensor([-2.2475, -1.1807,  1.3453, -1.2070, -3.1735, -0.2264, -2.9533, -0.2366,
        12.5721, -0.0773])
True Label:  8
Verification Radius(L-inf):  4
Mean:  (0.485, 0.456, 0.406)
Std:  (0.229, 0.224, 0.225)
Stepwise Spliting # 0 Start
Sampling...
Constructing Template 0...
Component 0 Spliting...
Constructing Template 1...
Component 1 Spliting...
Constructing Template 2...
Component 2 Spliting...
Constructing Template 3...
Component 3 Spliting...
Constructing Template 4...
Component 4 Spliting...
Constructing Template 5...
Component 5 Spliting...
Constructing Template 6...
Component 6 Spliting...
Constructing Template 7...
Component 7 Spliting...
Constructing Template 8...
Component 8 Spliting...
Constructing Template 9...
Component 9 Spliting...
Stepwise Spliting # 1 Start
Sampling...
Constructing Template 0...
Component 0 Spliting...
Constructing Template 1...
Component 1 Spliting...
Constructing Template 2...
Component 2 Spliting...
Constructing Template 3...
Component 3 Spliting...
Constructing Template 4...
Component 4 Spliting...
Constructing Template 5...
Component 5 Spliting...
Constructing Template 6...
Component 6 Spliting...
Constructing Template 7...
Component 7 Spliting...
Constructing Template 8...
Component 8 Spliting...
Constructing Template 9...
Component 9 Spliting...
Stepwise Spliting # 2 Start
Sampling...
Constructing Template 0...
Component 0 Spliting...
Constructing Template 1...
Component 1 Spliting...
Constructing Template 2...
Component 2 Spliting...
Constructing Template 3...
Component 3 Spliting...
Constructing Template 4...
Component 4 Spliting...
Constructing Template 5...
Component 5 Spliting...
Constructing Template 6...
Component 6 Spliting...
Constructing Template 7...
Component 7 Spliting...
Constructing Template 8...
Component 8 Spliting...
Constructing Template 9...
Component 9 Spliting...
Stepwise Spliting # 3 Start
Sampling...
Constructing Template 0...
Component 0 Spliting...
Constructing Template 1...
Component 1 Spliting...
Constructing Template 2...
Component 2 Spliting...
Constructing Template 3...
Component 3 Spliting...
Constructing Template 4...
Component 4 Spliting...
Constructing Template 5...
Component 5 Spliting...
Constructing Template 6...
Component 6 Spliting...
Constructing Template 7...
Component 7 Spliting...
Constructing Template 8...
Component 8 Spliting...
Constructing Template 9...
Component 9 Spliting...
Stepwise Spliting # 4 Start
Sampling...
Constructing Template 0...
Component 0 Spliting...
Constructing Template 1...
Component 1 Spliting...
Constructing Template 2...
Component 2 Spliting...
Constructing Template 3...
Component 3 Spliting...
Constructing Template 4...
Component 4 Spliting...
Constructing Template 5...
Component 5 Spliting...
Constructing Template 6...
Component 6 Spliting...
Constructing Template 7...
Component 7 Spliting...
Constructing Template 8...
Component 8 Spliting...
Constructing Template 9...
Component 9 Spliting...
Last Step...
Component Margins:  [0.09851464872620141, 0.08709489685844751, 0.06829307842017585, 0.06519058726107252, 0.06899446186928593, 0.0784355968663446, 0.0692065922030265, 0.0567612138976914, 0.07221971276800598, 0.06398738550729499]
Margin:  0.09851464872620141
0  Class:  tench Evaluated Delta Max Value:  -5.945586935494436
1  Class:  english_springer Evaluated Delta Max Value:  -4.457720847835514
2  Class:  cassette_player Evaluated Delta Max Value:  -4.578105969065177
3  Class:  chain_saw Evaluated Delta Max Value:  -6.947152739653898
4  Class:  church Evaluated Delta Max Value:  -7.667182430946676
5  Class:  french_horn Evaluated Delta Max Value:  -5.251623930725755
6  Class:  garbage_truck Evaluated Delta Max Value:  -7.489631768906992
7  Class:  gas_pump Evaluated Delta Max Value:  -7.454517665473092
9  Class:  parachute Evaluated Delta Max Value:  -6.079378445338584
Network is PAC-model robust with error rate 0.01 and confidence level 0.999
Original Output:  tensor([-2.8155,  0.1195,  3.0391,  4.2946, -0.3103, -1.1873,  0.9053,  1.7556,
         2.6379, 14.7646])
True Label:  9
Verification Radius(L-inf):  4
Mean:  (0.485, 0.456, 0.406)
Std:  (0.229, 0.224, 0.225)
Stepwise Spliting # 0 Start
Sampling...
Constructing Template 0...
Component 0 Spliting...
Constructing Template 1...
Component 1 Spliting...
Constructing Template 2...
Component 2 Spliting...
Constructing Template 3...
Component 3 Spliting...
Constructing Template 4...
Component 4 Spliting...
Constructing Template 5...
Component 5 Spliting...
Constructing Template 6...
Component 6 Spliting...
Constructing Template 7...
Component 7 Spliting...
Constructing Template 8...
Component 8 Spliting...
Constructing Template 9...
Component 9 Spliting...
Stepwise Spliting # 1 Start
Sampling...
Constructing Template 0...
Component 0 Spliting...
Constructing Template 1...
Component 1 Spliting...
Constructing Template 2...
Component 2 Spliting...
Constructing Template 3...
Component 3 Spliting...
Constructing Template 4...
Component 4 Spliting...
Constructing Template 5...
Component 5 Spliting...
Constructing Template 6...
Component 6 Spliting...
Constructing Template 7...
Component 7 Spliting...
Constructing Template 8...
Component 8 Spliting...
Constructing Template 9...
Component 9 Spliting...
Stepwise Spliting # 2 Start
Sampling...
Constructing Template 0...
Component 0 Spliting...
Constructing Template 1...
Component 1 Spliting...
Constructing Template 2...
Component 2 Spliting...
Constructing Template 3...
Component 3 Spliting...
Constructing Template 4...
Component 4 Spliting...
Constructing Template 5...
Component 5 Spliting...
Constructing Template 6...
Component 6 Spliting...
Constructing Template 7...
Component 7 Spliting...
Constructing Template 8...
Component 8 Spliting...
Constructing Template 9...
Component 9 Spliting...
Stepwise Spliting # 3 Start
Sampling...
Constructing Template 0...
Component 0 Spliting...
Constructing Template 1...
Component 1 Spliting...
Constructing Template 2...
Component 2 Spliting...
Constructing Template 3...
Component 3 Spliting...
Constructing Template 4...
Component 4 Spliting...
Constructing Template 5...
Component 5 Spliting...
Constructing Template 6...
Component 6 Spliting...
Constructing Template 7...
Component 7 Spliting...
Constructing Template 8...
Component 8 Spliting...
Constructing Template 9...
Component 9 Spliting...
Stepwise Spliting # 4 Start
Sampling...
Constructing Template 0...
Component 0 Spliting...
Constructing Template 1...
Component 1 Spliting...
Constructing Template 2...
Component 2 Spliting...
Constructing Template 3...
Component 3 Spliting...
Constructing Template 4...
Component 4 Spliting...
Constructing Template 5...
Component 5 Spliting...
Constructing Template 6...
Component 6 Spliting...
Constructing Template 7...
Component 7 Spliting...
Constructing Template 8...
Component 8 Spliting...
Constructing Template 9...
Component 9 Spliting...
Last Step...
Component Margins:  [0.03354042994837059, 0.036714227901406105, 0.033638948500726684, 0.0433524730612902, 0.02684887227153787, 0.03243536992932761, 0.030780680901909108, 0.03158705311476062, 0.028788305412566828, 0.029495297540721666]
Margin:  0.0433524730612902
0  Class:  tench Evaluated Delta Max Value:  -14.26510243587261
1  Class:  english_springer Evaluated Delta Max Value:  -10.98616186018744
2  Class:  cassette_player Evaluated Delta Max Value:  -7.887784636501873
3  Class:  chain_saw Evaluated Delta Max Value:  -6.545582383124927
4  Class:  church Evaluated Delta Max Value:  -12.061847085991477
5  Class:  french_horn Evaluated Delta Max Value:  -12.550865874876898
6  Class:  garbage_truck Evaluated Delta Max Value:  -10.443877077412889
7  Class:  gas_pump Evaluated Delta Max Value:  -9.572454304773313
8  Class:  golf_ball Evaluated Delta Max Value:  -8.75611394407869
Network is PAC-model robust with error rate 0.01 and confidence level 0.999
Original Output:  tensor([-3.1802,  1.5908, -1.4047,  1.6715, -1.5130, -0.8794, -2.8478, -1.6404,
         2.7648, 11.7400])
True Label:  9
Verification Radius(L-inf):  4
Mean:  (0.485, 0.456, 0.406)
Std:  (0.229, 0.224, 0.225)
Stepwise Spliting # 0 Start
Sampling...
Constructing Template 0...
Component 0 Spliting...
Constructing Template 1...
Component 1 Spliting...
Constructing Template 2...
Component 2 Spliting...
Constructing Template 3...
Component 3 Spliting...
Constructing Template 4...
Component 4 Spliting...
Constructing Template 5...
Component 5 Spliting...
Constructing Template 6...
Component 6 Spliting...
Constructing Template 7...
Component 7 Spliting...
Constructing Template 8...
Component 8 Spliting...
Constructing Template 9...
Component 9 Spliting...
Stepwise Spliting # 1 Start
Sampling...
Constructing Template 0...
Component 0 Spliting...
Constructing Template 1...
Component 1 Spliting...
Constructing Template 2...
Component 2 Spliting...
Constructing Template 3...
Component 3 Spliting...
Constructing Template 4...
Component 4 Spliting...
Constructing Template 5...
Component 5 Spliting...
Constructing Template 6...
Component 6 Spliting...
Constructing Template 7...
Component 7 Spliting...
Constructing Template 8...
Component 8 Spliting...
Constructing Template 9...
Component 9 Spliting...
Stepwise Spliting # 2 Start
Sampling...
Constructing Template 0...
Component 0 Spliting...
Constructing Template 1...
Component 1 Spliting...
Constructing Template 2...
Component 2 Spliting...
Constructing Template 3...
Component 3 Spliting...
Constructing Template 4...
Component 4 Spliting...
Constructing Template 5...
Component 5 Spliting...
Constructing Template 6...
Component 6 Spliting...
Constructing Template 7...
Component 7 Spliting...
Constructing Template 8...
Component 8 Spliting...
Constructing Template 9...
Component 9 Spliting...
Stepwise Spliting # 3 Start
Sampling...
Constructing Template 0...
Component 0 Spliting...
Constructing Template 1...
Component 1 Spliting...
Constructing Template 2...
Component 2 Spliting...
Constructing Template 3...
Component 3 Spliting...
Constructing Template 4...
Component 4 Spliting...
Constructing Template 5...
Component 5 Spliting...
Constructing Template 6...
Component 6 Spliting...
Constructing Template 7...
Component 7 Spliting...
Constructing Template 8...
Component 8 Spliting...
Constructing Template 9...
Component 9 Spliting...
Stepwise Spliting # 4 Start
Sampling...
Constructing Template 0...
Component 0 Spliting...
Constructing Template 1...
Component 1 Spliting...
Constructing Template 2...
Component 2 Spliting...
Constructing Template 3...
Component 3 Spliting...
Constructing Template 4...
Component 4 Spliting...
Constructing Template 5...
Component 5 Spliting...
Constructing Template 6...
Component 6 Spliting...
Constructing Template 7...
Component 7 Spliting...
Constructing Template 8...
Component 8 Spliting...
Constructing Template 9...
Component 9 Spliting...
Last Step...
Component Margins:  [0.06813099737287232, 0.08434943654570581, 0.08570384242855411, 0.0643333605681331, 0.06918012789556904, 0.06613877380960709, 0.06851061739753561, 0.07251760354254344, 0.057835371045127815, 0.06365257139760416]
Margin:  0.08570384242855411
0  Class:  tench Evaluated Delta Max Value:  -7.055654037885379
1  Class:  english_springer Evaluated Delta Max Value:  -1.7582783463414966
2  Class:  cassette_player Evaluated Delta Max Value:  -4.738043413458389
3  Class:  chain_saw Evaluated Delta Max Value:  -2.964025169219477
4  Class:  church Evaluated Delta Max Value:  -6.131622097803575
5  Class:  french_horn Evaluated Delta Max Value:  -5.264598933201869
6  Class:  garbage_truck Evaluated Delta Max Value:  -6.842028694892161
7  Class:  gas_pump Evaluated Delta Max Value:  -5.840449006650502
8  Class:  golf_ball Evaluated Delta Max Value:  -2.95907478979497
Network is PAC-model robust with error rate 0.01 and confidence level 0.999
Total: 20 Verified : 12
Total Time: 28498.492160320282
