Verification Radius(L-inf):  28
Mean:  (0.1307,)
Std:  (0.3081,)
Label to verify: 5
Original Output: tensor([[-3.7795, -0.5219, -2.0421, 10.0649, -8.8069, 14.9440, -5.1160, -2.7712,
         -0.2287, -0.7861]])
Error Ratio: 0.01
Free Variables: 32
Current Optimization: 0
Constructing Template (First Phase Focused Learning) with 2000 Cases
Set parameter Username
Academic license - for non-commercial use only - expires 2022-02-24
Scenario Optimization (Second Phase Focused Learning) with 8000 Cases
Current Optimization: 1
Constructing Template (First Phase Focused Learning) with 2000 Cases
Scenario Optimization (Second Phase Focused Learning) with 8000 Cases
Current Optimization: 2
Constructing Template (First Phase Focused Learning) with 2000 Cases
Scenario Optimization (Second Phase Focused Learning) with 8000 Cases
Current Optimization: 3
Constructing Template (First Phase Focused Learning) with 2000 Cases
Scenario Optimization (Second Phase Focused Learning) with 8000 Cases
Current Optimization: 4
Constructing Template (First Phase Focused Learning) with 2000 Cases
Scenario Optimization (Second Phase Focused Learning) with 8000 Cases
Current Optimization: 6
Constructing Template (First Phase Focused Learning) with 2000 Cases
Scenario Optimization (Second Phase Focused Learning) with 8000 Cases
Current Optimization: 7
Constructing Template (First Phase Focused Learning) with 2000 Cases
Scenario Optimization (Second Phase Focused Learning) with 8000 Cases
Current Optimization: 8
Constructing Template (First Phase Focused Learning) with 2000 Cases
Scenario Optimization (Second Phase Focused Learning) with 8000 Cases
Current Optimization: 9
Constructing Template (First Phase Focused Learning) with 2000 Cases
Scenario Optimization (Second Phase Focused Learning) with 8000 Cases
Verifying...
Component Margins: [0.10481914978645722, 0.11816330822151262, 0.14435135624994438, 0.10300297042751141, 0.11231935381287086, 0.0, 0.0956239648635909, 0.12082995264429934, 0.13741580104973145, 0.07901320782330487]
Margin: 0.22572006579386183
Network is PAC-model robust with error rate 0.01 and confidence level 0.999
Verification Radius(L-inf):  66
Mean:  (0.1307,)
Std:  (0.3081,)
Label to verify: 0
Original Output: tensor([[16.5665, -1.0853,  3.1250, -3.0094, -7.4145, -3.6436,  0.7975, -1.6740,
         -3.0121, -0.4885]])
Error Ratio: 0.01
Free Variables: 32
Current Optimization: 1
Constructing Template (First Phase Focused Learning) with 2000 Cases
Scenario Optimization (Second Phase Focused Learning) with 8000 Cases
Current Optimization: 2
Constructing Template (First Phase Focused Learning) with 2000 Cases
Scenario Optimization (Second Phase Focused Learning) with 8000 Cases
Current Optimization: 3
Constructing Template (First Phase Focused Learning) with 2000 Cases
Scenario Optimization (Second Phase Focused Learning) with 8000 Cases
Current Optimization: 4
Constructing Template (First Phase Focused Learning) with 2000 Cases
Scenario Optimization (Second Phase Focused Learning) with 8000 Cases
Current Optimization: 5
Constructing Template (First Phase Focused Learning) with 2000 Cases
Scenario Optimization (Second Phase Focused Learning) with 8000 Cases
Current Optimization: 6
Constructing Template (First Phase Focused Learning) with 2000 Cases
Scenario Optimization (Second Phase Focused Learning) with 8000 Cases
Current Optimization: 7
Constructing Template (First Phase Focused Learning) with 2000 Cases
Scenario Optimization (Second Phase Focused Learning) with 8000 Cases
Current Optimization: 8
Constructing Template (First Phase Focused Learning) with 2000 Cases
Scenario Optimization (Second Phase Focused Learning) with 8000 Cases
Current Optimization: 9
Constructing Template (First Phase Focused Learning) with 2000 Cases
Scenario Optimization (Second Phase Focused Learning) with 8000 Cases
Verifying...
Component Margins: [0.0, 0.4225192681642895, 0.46480389265090466, 0.5567459792243525, 0.5853457576491032, 0.499206242314457, 0.31690279855873155, 0.508125706361531, 0.5253314506653601, 0.5145306060846859]
Margin: 0.770135904525187
Network is PAC-model robust with error rate 0.01 and confidence level 0.999
Verification Radius(L-inf):  43
Mean:  (0.1307,)
Std:  (0.3081,)
Label to verify: 4
Original Output: tensor([[-4.8287,  0.5803, -0.0543, -2.2333,  8.7517, -3.6276, -3.8327,  3.2897,
          0.1911,  2.4119]])
Error Ratio: 0.01
Free Variables: 32
Current Optimization: 0
Constructing Template (First Phase Focused Learning) with 2000 Cases
Scenario Optimization (Second Phase Focused Learning) with 8000 Cases
Current Optimization: 1
Constructing Template (First Phase Focused Learning) with 2000 Cases
Scenario Optimization (Second Phase Focused Learning) with 8000 Cases
Current Optimization: 2
Constructing Template (First Phase Focused Learning) with 2000 Cases
Scenario Optimization (Second Phase Focused Learning) with 8000 Cases
Current Optimization: 3
Constructing Template (First Phase Focused Learning) with 2000 Cases
Scenario Optimization (Second Phase Focused Learning) with 8000 Cases
Current Optimization: 5
Constructing Template (First Phase Focused Learning) with 2000 Cases
Scenario Optimization (Second Phase Focused Learning) with 8000 Cases
Current Optimization: 6
Constructing Template (First Phase Focused Learning) with 2000 Cases
Scenario Optimization (Second Phase Focused Learning) with 8000 Cases
Current Optimization: 7
Constructing Template (First Phase Focused Learning) with 2000 Cases
Scenario Optimization (Second Phase Focused Learning) with 8000 Cases
Current Optimization: 8
Constructing Template (First Phase Focused Learning) with 2000 Cases
Scenario Optimization (Second Phase Focused Learning) with 8000 Cases
Current Optimization: 9
Constructing Template (First Phase Focused Learning) with 2000 Cases
Scenario Optimization (Second Phase Focused Learning) with 8000 Cases
Verifying...
Component Margins: [0.21754621153441203, 0.16769750907778586, 0.28049622300255483, 0.2908901088152254, 0.0, 0.21042774699244698, 0.23273886022617424, 0.20755457364988686, 0.24226571697989963, 0.24333452620081159]
Margin: 0.34540182822427923
Network is PAC-model robust with error rate 0.01 and confidence level 0.999
Verification Radius(L-inf):  47
Mean:  (0.1307,)
Std:  (0.3081,)
Label to verify: 1
Original Output: tensor([[-2.9056, 11.1469,  1.0692, -3.8995,  1.9960, -3.7013, -2.1583,  2.2521,
          1.9871, -4.6930]])
Error Ratio: 0.01
Free Variables: 32
Current Optimization: 0
Constructing Template (First Phase Focused Learning) with 2000 Cases
Scenario Optimization (Second Phase Focused Learning) with 8000 Cases
Current Optimization: 2
Constructing Template (First Phase Focused Learning) with 2000 Cases
Scenario Optimization (Second Phase Focused Learning) with 8000 Cases
Current Optimization: 3
Constructing Template (First Phase Focused Learning) with 2000 Cases
Scenario Optimization (Second Phase Focused Learning) with 8000 Cases
Current Optimization: 4
Constructing Template (First Phase Focused Learning) with 2000 Cases
Scenario Optimization (Second Phase Focused Learning) with 8000 Cases
Current Optimization: 5
Constructing Template (First Phase Focused Learning) with 2000 Cases
Scenario Optimization (Second Phase Focused Learning) with 8000 Cases
Current Optimization: 6
Constructing Template (First Phase Focused Learning) with 2000 Cases
Scenario Optimization (Second Phase Focused Learning) with 8000 Cases
Current Optimization: 7
Constructing Template (First Phase Focused Learning) with 2000 Cases
Scenario Optimization (Second Phase Focused Learning) with 8000 Cases
Current Optimization: 8
Constructing Template (First Phase Focused Learning) with 2000 Cases
Scenario Optimization (Second Phase Focused Learning) with 8000 Cases
Current Optimization: 9
Constructing Template (First Phase Focused Learning) with 2000 Cases
Scenario Optimization (Second Phase Focused Learning) with 8000 Cases
Verifying...
Component Margins: [0.2841695538034813, 0.0, 0.3276919768249248, 0.40507025241710015, 0.31493968488829926, 0.36366529111877777, 0.31085167179289763, 0.3112145040649812, 0.37653980661359077, 0.40884173574318206]
Margin: 0.5051541676406952
Network is PAC-model robust with error rate 0.01 and confidence level 0.999
Verification Radius(L-inf):  47
Mean:  (0.1307,)
Std:  (0.3081,)
Label to verify: 9
Original Output: tensor([[-4.3829, -2.5298, -4.2305,  0.9154,  3.3426, -2.3330, -9.3869,  3.4250,
          2.8977, 13.4866]])
Error Ratio: 0.01
Free Variables: 32
Current Optimization: 0
Constructing Template (First Phase Focused Learning) with 2000 Cases
Scenario Optimization (Second Phase Focused Learning) with 8000 Cases
Current Optimization: 1
Constructing Template (First Phase Focused Learning) with 2000 Cases
Scenario Optimization (Second Phase Focused Learning) with 8000 Cases
Current Optimization: 2
Constructing Template (First Phase Focused Learning) with 2000 Cases
Scenario Optimization (Second Phase Focused Learning) with 8000 Cases
Current Optimization: 3
Constructing Template (First Phase Focused Learning) with 2000 Cases
Scenario Optimization (Second Phase Focused Learning) with 8000 Cases
Current Optimization: 4
Constructing Template (First Phase Focused Learning) with 2000 Cases
Scenario Optimization (Second Phase Focused Learning) with 8000 Cases
Current Optimization: 5
Constructing Template (First Phase Focused Learning) with 2000 Cases
Scenario Optimization (Second Phase Focused Learning) with 8000 Cases
Current Optimization: 6
Constructing Template (First Phase Focused Learning) with 2000 Cases
Scenario Optimization (Second Phase Focused Learning) with 8000 Cases
Current Optimization: 7
Constructing Template (First Phase Focused Learning) with 2000 Cases
Scenario Optimization (Second Phase Focused Learning) with 8000 Cases
Current Optimization: 8
Constructing Template (First Phase Focused Learning) with 2000 Cases
Scenario Optimization (Second Phase Focused Learning) with 8000 Cases
Verifying...
Component Margins: [0.3154380609670857, 0.3493957680575459, 0.33785482419498364, 0.3977991064820787, 0.32162214045561305, 0.34255075217915715, 0.36220310393541644, 0.35121464470917285, 0.37798071994346055, 0.0]
Margin: 0.45519681627911623
Network is PAC-model robust with error rate 0.01 and confidence level 0.999
Verification Radius(L-inf):  50
Mean:  (0.1307,)
Std:  (0.3081,)
Label to verify: 2
Original Output: tensor([[-0.2398, -3.1878, 15.4679,  4.0518, -3.5136, -6.9744, -5.5162,  0.5973,
          4.1775, -3.8895]])
Error Ratio: 0.01
Free Variables: 32
Current Optimization: 0
Constructing Template (First Phase Focused Learning) with 2000 Cases
Scenario Optimization (Second Phase Focused Learning) with 8000 Cases
Current Optimization: 1
Constructing Template (First Phase Focused Learning) with 2000 Cases
Scenario Optimization (Second Phase Focused Learning) with 8000 Cases
Current Optimization: 3
Constructing Template (First Phase Focused Learning) with 2000 Cases
Scenario Optimization (Second Phase Focused Learning) with 8000 Cases
Current Optimization: 4
Constructing Template (First Phase Focused Learning) with 2000 Cases
Scenario Optimization (Second Phase Focused Learning) with 8000 Cases
Current Optimization: 5
Constructing Template (First Phase Focused Learning) with 2000 Cases
Scenario Optimization (Second Phase Focused Learning) with 8000 Cases
Current Optimization: 6
Constructing Template (First Phase Focused Learning) with 2000 Cases
Scenario Optimization (Second Phase Focused Learning) with 8000 Cases
Current Optimization: 7
Constructing Template (First Phase Focused Learning) with 2000 Cases
Scenario Optimization (Second Phase Focused Learning) with 8000 Cases
Current Optimization: 8
Constructing Template (First Phase Focused Learning) with 2000 Cases
Scenario Optimization (Second Phase Focused Learning) with 8000 Cases
Current Optimization: 9
Constructing Template (First Phase Focused Learning) with 2000 Cases
Scenario Optimization (Second Phase Focused Learning) with 8000 Cases
Verifying...
Component Margins: [0.2794231037486535, 0.28298965106756624, 0.0, 0.32192335922230325, 0.36708504085248717, 0.3549607232569237, 0.30585392750897034, 0.29573266860725106, 0.3419250016706497, 0.42939238216554454]
Margin: 0.5317403141181032
Network is PAC-model robust with error rate 0.01 and confidence level 0.999
Verification Radius(L-inf):  47
Mean:  (0.1307,)
Std:  (0.3081,)
Label to verify: 1
Original Output: tensor([[-3.6522, 12.6829,  0.2653, -1.7199,  0.3209, -2.5759, -0.4591, -1.6871,
          2.2179, -4.5699]])
Error Ratio: 0.01
Free Variables: 32
Current Optimization: 0
Constructing Template (First Phase Focused Learning) with 2000 Cases
Scenario Optimization (Second Phase Focused Learning) with 8000 Cases
Current Optimization: 2
Constructing Template (First Phase Focused Learning) with 2000 Cases
Scenario Optimization (Second Phase Focused Learning) with 8000 Cases
Current Optimization: 3
Constructing Template (First Phase Focused Learning) with 2000 Cases
Scenario Optimization (Second Phase Focused Learning) with 8000 Cases
Current Optimization: 4
Constructing Template (First Phase Focused Learning) with 2000 Cases
Scenario Optimization (Second Phase Focused Learning) with 8000 Cases
Current Optimization: 5
Constructing Template (First Phase Focused Learning) with 2000 Cases
Scenario Optimization (Second Phase Focused Learning) with 8000 Cases
Current Optimization: 6
Constructing Template (First Phase Focused Learning) with 2000 Cases
Scenario Optimization (Second Phase Focused Learning) with 8000 Cases
Current Optimization: 7
Constructing Template (First Phase Focused Learning) with 2000 Cases
Scenario Optimization (Second Phase Focused Learning) with 8000 Cases
Current Optimization: 8
Constructing Template (First Phase Focused Learning) with 2000 Cases
Scenario Optimization (Second Phase Focused Learning) with 8000 Cases
Current Optimization: 9
Constructing Template (First Phase Focused Learning) with 2000 Cases
Scenario Optimization (Second Phase Focused Learning) with 8000 Cases
Verifying...
Component Margins: [0.24569633104870853, 0.0, 0.3030917961209846, 0.35901957206118407, 0.2893382824958986, 0.328230137745864, 0.31429377532349434, 0.30262136402426804, 0.34154699298803515, 0.3477932406192204]
Margin: 0.43641944150631495
Network is PAC-model robust with error rate 0.01 and confidence level 0.999
Verification Radius(L-inf):  55
Mean:  (0.1307,)
Std:  (0.3081,)
Label to verify: 3
Original Output: tensor([[ -5.6575,  -1.8440,   3.2381,  22.3264, -12.6845,  -0.1726, -13.6149,
           1.8188,   3.0020,   5.4434]])
Error Ratio: 0.01
Free Variables: 32
Current Optimization: 0
Constructing Template (First Phase Focused Learning) with 2000 Cases
Scenario Optimization (Second Phase Focused Learning) with 8000 Cases
Current Optimization: 1
Constructing Template (First Phase Focused Learning) with 2000 Cases
Scenario Optimization (Second Phase Focused Learning) with 8000 Cases
Current Optimization: 2
Constructing Template (First Phase Focused Learning) with 2000 Cases
Scenario Optimization (Second Phase Focused Learning) with 8000 Cases
Current Optimization: 4
Constructing Template (First Phase Focused Learning) with 2000 Cases
Scenario Optimization (Second Phase Focused Learning) with 8000 Cases
Current Optimization: 5
Constructing Template (First Phase Focused Learning) with 2000 Cases
Scenario Optimization (Second Phase Focused Learning) with 8000 Cases
Current Optimization: 6
Constructing Template (First Phase Focused Learning) with 2000 Cases
Scenario Optimization (Second Phase Focused Learning) with 8000 Cases
Current Optimization: 7
Constructing Template (First Phase Focused Learning) with 2000 Cases
Scenario Optimization (Second Phase Focused Learning) with 8000 Cases
Current Optimization: 8
Constructing Template (First Phase Focused Learning) with 2000 Cases
Scenario Optimization (Second Phase Focused Learning) with 8000 Cases
Current Optimization: 9
Constructing Template (First Phase Focused Learning) with 2000 Cases
Scenario Optimization (Second Phase Focused Learning) with 8000 Cases
Verifying...
Component Margins: [0.6319289545721116, 0.4202115712548942, 0.6196230304668111, 0.0, 0.6158265703485966, 0.44118401994309553, 0.643746756531643, 0.3648924630137081, 0.7339530102021959, 0.5249600848779563]
Margin: 0.8741935325706027
Network is PAC-model robust with error rate 0.01 and confidence level 0.999
Verification Radius(L-inf):  49
Mean:  (0.1307,)
Std:  (0.3081,)
Label to verify: 1
Original Output: tensor([[-1.9752,  9.9163, -2.5949, -1.6536,  0.8339, -0.9148, -0.7906, -0.2698,
          0.0408, -1.8730]])
Error Ratio: 0.01
Free Variables: 32
Current Optimization: 0
Constructing Template (First Phase Focused Learning) with 2000 Cases
Scenario Optimization (Second Phase Focused Learning) with 8000 Cases
Current Optimization: 2
Constructing Template (First Phase Focused Learning) with 2000 Cases
Scenario Optimization (Second Phase Focused Learning) with 8000 Cases
Current Optimization: 3
Constructing Template (First Phase Focused Learning) with 2000 Cases
Scenario Optimization (Second Phase Focused Learning) with 8000 Cases
Current Optimization: 4
Constructing Template (First Phase Focused Learning) with 2000 Cases
Scenario Optimization (Second Phase Focused Learning) with 8000 Cases
Current Optimization: 5
Constructing Template (First Phase Focused Learning) with 2000 Cases
Scenario Optimization (Second Phase Focused Learning) with 8000 Cases
Current Optimization: 6
Constructing Template (First Phase Focused Learning) with 2000 Cases
Scenario Optimization (Second Phase Focused Learning) with 8000 Cases
Current Optimization: 7
Constructing Template (First Phase Focused Learning) with 2000 Cases
Scenario Optimization (Second Phase Focused Learning) with 8000 Cases
Current Optimization: 8
Constructing Template (First Phase Focused Learning) with 2000 Cases
Scenario Optimization (Second Phase Focused Learning) with 8000 Cases
Current Optimization: 9
Constructing Template (First Phase Focused Learning) with 2000 Cases
Scenario Optimization (Second Phase Focused Learning) with 8000 Cases
Verifying...
Component Margins: [0.2863090966321823, 0.0, 0.3302517620834759, 0.44167354110752144, 0.34312692541809375, 0.4230666694258197, 0.40021796104630347, 0.3945570080585867, 0.41885674443190535, 0.45916826325217575]
Margin: 0.5848201513636457
Network is PAC-model robust with error rate 0.01 and confidence level 0.999
Verification Radius(L-inf):  49
Mean:  (0.1307,)
Std:  (0.3081,)
Label to verify: 4
Original Output: tensor([[-2.4316, -0.1358,  0.8167, -5.3341, 13.7127, -3.1455, -2.6938,  2.5576,
         -0.5682, -1.9776]])
Error Ratio: 0.01
Free Variables: 32
Current Optimization: 0
Constructing Template (First Phase Focused Learning) with 2000 Cases
Scenario Optimization (Second Phase Focused Learning) with 8000 Cases
Current Optimization: 1
Constructing Template (First Phase Focused Learning) with 2000 Cases
Scenario Optimization (Second Phase Focused Learning) with 8000 Cases
Current Optimization: 2
Constructing Template (First Phase Focused Learning) with 2000 Cases
Scenario Optimization (Second Phase Focused Learning) with 8000 Cases
Current Optimization: 3
Constructing Template (First Phase Focused Learning) with 2000 Cases
Scenario Optimization (Second Phase Focused Learning) with 8000 Cases
Current Optimization: 5
Constructing Template (First Phase Focused Learning) with 2000 Cases
Scenario Optimization (Second Phase Focused Learning) with 8000 Cases
Current Optimization: 6
Constructing Template (First Phase Focused Learning) with 2000 Cases
Scenario Optimization (Second Phase Focused Learning) with 8000 Cases
Current Optimization: 7
Constructing Template (First Phase Focused Learning) with 2000 Cases
Scenario Optimization (Second Phase Focused Learning) with 8000 Cases
Current Optimization: 8
Constructing Template (First Phase Focused Learning) with 2000 Cases
Scenario Optimization (Second Phase Focused Learning) with 8000 Cases
Current Optimization: 9
Constructing Template (First Phase Focused Learning) with 2000 Cases
Scenario Optimization (Second Phase Focused Learning) with 8000 Cases
Verifying...
Component Margins: [0.4382885680770674, 0.2800411261702994, 0.46644413881655117, 0.5025497584917602, 0.0, 0.4059059907273107, 0.35439698399296393, 0.44165553390876694, 0.48000283878079447, 0.5374932195597021]
Margin: 0.6665522836420799
Network is PAC-model robust with error rate 0.01 and confidence level 0.999
Verification Radius(L-inf):  47
Mean:  (0.1307,)
Std:  (0.3081,)
Label to verify: 3
Original Output: tensor([[ -3.2263,   0.3745,  -0.9963,  17.8952,  -6.6475,   1.7220, -13.1966,
          -1.4583,  -0.1718,   7.0952]])
Error Ratio: 0.01
Free Variables: 32
Current Optimization: 0
Constructing Template (First Phase Focused Learning) with 2000 Cases
Scenario Optimization (Second Phase Focused Learning) with 8000 Cases
Current Optimization: 1
Constructing Template (First Phase Focused Learning) with 2000 Cases
Scenario Optimization (Second Phase Focused Learning) with 8000 Cases
Current Optimization: 2
Constructing Template (First Phase Focused Learning) with 2000 Cases
Scenario Optimization (Second Phase Focused Learning) with 8000 Cases
Current Optimization: 4
Constructing Template (First Phase Focused Learning) with 2000 Cases
Scenario Optimization (Second Phase Focused Learning) with 8000 Cases
Current Optimization: 5
Constructing Template (First Phase Focused Learning) with 2000 Cases
Scenario Optimization (Second Phase Focused Learning) with 8000 Cases
Current Optimization: 6
Constructing Template (First Phase Focused Learning) with 2000 Cases
Scenario Optimization (Second Phase Focused Learning) with 8000 Cases
Current Optimization: 7
Constructing Template (First Phase Focused Learning) with 2000 Cases
Scenario Optimization (Second Phase Focused Learning) with 8000 Cases
Current Optimization: 8
Constructing Template (First Phase Focused Learning) with 2000 Cases
Scenario Optimization (Second Phase Focused Learning) with 8000 Cases
Current Optimization: 9
Constructing Template (First Phase Focused Learning) with 2000 Cases
Scenario Optimization (Second Phase Focused Learning) with 8000 Cases
Verifying...
Component Margins: [0.43802681281851497, 0.28603286501027364, 0.39784975406180545, 0.0, 0.3946477833156321, 0.32998915335958595, 0.44067295020084896, 0.2509634359395517, 0.4727344531147076, 0.317234306108241]
Margin: 0.6920685716016663
Network is PAC-model robust with error rate 0.01 and confidence level 0.999
Verification Radius(L-inf):  48
Mean:  (0.1307,)
Std:  (0.3081,)
Label to verify: 5
Original Output: tensor([[-0.1042, -2.7672, -1.0830,  1.4431, -4.4062, 10.6539,  0.9984, -2.7250,
          0.9507, -2.6670]])
Error Ratio: 0.01
Free Variables: 32
Current Optimization: 0
Constructing Template (First Phase Focused Learning) with 2000 Cases
Scenario Optimization (Second Phase Focused Learning) with 8000 Cases
Current Optimization: 1
Constructing Template (First Phase Focused Learning) with 2000 Cases
Scenario Optimization (Second Phase Focused Learning) with 8000 Cases
Current Optimization: 2
Constructing Template (First Phase Focused Learning) with 2000 Cases
Scenario Optimization (Second Phase Focused Learning) with 8000 Cases
Current Optimization: 3
Constructing Template (First Phase Focused Learning) with 2000 Cases
Scenario Optimization (Second Phase Focused Learning) with 8000 Cases
Current Optimization: 4
Constructing Template (First Phase Focused Learning) with 2000 Cases
Scenario Optimization (Second Phase Focused Learning) with 8000 Cases
Current Optimization: 6
Constructing Template (First Phase Focused Learning) with 2000 Cases
Scenario Optimization (Second Phase Focused Learning) with 8000 Cases
Current Optimization: 7
Constructing Template (First Phase Focused Learning) with 2000 Cases
Scenario Optimization (Second Phase Focused Learning) with 8000 Cases
Current Optimization: 8
Constructing Template (First Phase Focused Learning) with 2000 Cases
Scenario Optimization (Second Phase Focused Learning) with 8000 Cases
Current Optimization: 9
Constructing Template (First Phase Focused Learning) with 2000 Cases
Scenario Optimization (Second Phase Focused Learning) with 8000 Cases
Verifying...
Component Margins: [0.3238924845876077, 0.3214073578865339, 0.3938994841351131, 0.31916045198534737, 0.3714013173860131, 0.0, 0.3320023300842643, 0.3114177815673564, 0.3373281405571224, 0.31020508540605957]
Margin: 0.4570019179372711
Network is PAC-model robust with error rate 0.01 and confidence level 0.999
Verification Radius(L-inf):  61
Mean:  (0.1307,)
Std:  (0.3081,)
Label to verify: 3
Original Output: tensor([[ -6.8661,  -2.7945,   0.4223,  24.5254,  -5.5464,   0.9676, -11.1058,
           1.8423,   0.1693,  -0.2741]])
Error Ratio: 0.01
Free Variables: 32
Current Optimization: 0
Constructing Template (First Phase Focused Learning) with 2000 Cases
Scenario Optimization (Second Phase Focused Learning) with 8000 Cases
Current Optimization: 1
Constructing Template (First Phase Focused Learning) with 2000 Cases
Scenario Optimization (Second Phase Focused Learning) with 8000 Cases
Current Optimization: 2
Constructing Template (First Phase Focused Learning) with 2000 Cases
Scenario Optimization (Second Phase Focused Learning) with 8000 Cases
Current Optimization: 4
Constructing Template (First Phase Focused Learning) with 2000 Cases
Scenario Optimization (Second Phase Focused Learning) with 8000 Cases
Current Optimization: 5
Constructing Template (First Phase Focused Learning) with 2000 Cases
Scenario Optimization (Second Phase Focused Learning) with 8000 Cases
Current Optimization: 6
Constructing Template (First Phase Focused Learning) with 2000 Cases
Scenario Optimization (Second Phase Focused Learning) with 8000 Cases
Current Optimization: 7
Constructing Template (First Phase Focused Learning) with 2000 Cases
Scenario Optimization (Second Phase Focused Learning) with 8000 Cases
Current Optimization: 8
Constructing Template (First Phase Focused Learning) with 2000 Cases
Scenario Optimization (Second Phase Focused Learning) with 8000 Cases
Current Optimization: 9
Constructing Template (First Phase Focused Learning) with 2000 Cases
Scenario Optimization (Second Phase Focused Learning) with 8000 Cases
Verifying...
Component Margins: [0.7100426866720457, 0.4225504462915742, 0.5290745531911893, 0.0, 0.5868921281206501, 0.5947356364967039, 0.7789706453584796, 0.4138312855066265, 0.85311598124681, 0.5887334657151385]
Margin: 0.9953501337786079
Network is PAC-model robust with error rate 0.01 and confidence level 0.999
Verification Radius(L-inf):  54
Mean:  (0.1307,)
Std:  (0.3081,)
Label to verify: 6
Original Output: tensor([[  0.3394,  -6.7001,  -1.2789,  -1.9379,  -0.5163,   3.6416,  18.1865,
         -10.3180,   2.7881,  -4.1048]])
Error Ratio: 0.01
Free Variables: 32
Current Optimization: 0
Constructing Template (First Phase Focused Learning) with 2000 Cases
Scenario Optimization (Second Phase Focused Learning) with 8000 Cases
Current Optimization: 1
Constructing Template (First Phase Focused Learning) with 2000 Cases
Scenario Optimization (Second Phase Focused Learning) with 8000 Cases
Current Optimization: 2
Constructing Template (First Phase Focused Learning) with 2000 Cases
Scenario Optimization (Second Phase Focused Learning) with 8000 Cases
Current Optimization: 3
Constructing Template (First Phase Focused Learning) with 2000 Cases
Scenario Optimization (Second Phase Focused Learning) with 8000 Cases
Current Optimization: 4
Constructing Template (First Phase Focused Learning) with 2000 Cases
Scenario Optimization (Second Phase Focused Learning) with 8000 Cases
Current Optimization: 5
Constructing Template (First Phase Focused Learning) with 2000 Cases
Scenario Optimization (Second Phase Focused Learning) with 8000 Cases
Current Optimization: 7
Constructing Template (First Phase Focused Learning) with 2000 Cases
Scenario Optimization (Second Phase Focused Learning) with 8000 Cases
Current Optimization: 8
Constructing Template (First Phase Focused Learning) with 2000 Cases
Scenario Optimization (Second Phase Focused Learning) with 8000 Cases
Current Optimization: 9
Constructing Template (First Phase Focused Learning) with 2000 Cases
Scenario Optimization (Second Phase Focused Learning) with 8000 Cases
Verifying...
Component Margins: [0.482583784559807, 0.4744970041215214, 0.5114835444391421, 0.5061710342386374, 0.5369157532656225, 0.3037468839676486, 0.0, 0.5718237935564872, 0.46944632509317685, 0.5109025900777973]
Margin: 0.7139644544205481
Network is PAC-model robust with error rate 0.01 and confidence level 0.999
Verification Radius(L-inf):  49
Mean:  (0.1307,)
Std:  (0.3081,)
Label to verify: 1
Original Output: tensor([[-1.7384e+00,  9.7436e+00, -1.0117e+00, -1.7321e+00, -9.3087e-03,
         -1.8609e+00, -1.2528e+00,  5.8801e-01,  8.7843e-01, -2.8693e+00]])
Error Ratio: 0.01
Free Variables: 32
Current Optimization: 0
Constructing Template (First Phase Focused Learning) with 2000 Cases
Scenario Optimization (Second Phase Focused Learning) with 8000 Cases
Current Optimization: 2
Constructing Template (First Phase Focused Learning) with 2000 Cases
Scenario Optimization (Second Phase Focused Learning) with 8000 Cases
Current Optimization: 3
Constructing Template (First Phase Focused Learning) with 2000 Cases
Scenario Optimization (Second Phase Focused Learning) with 8000 Cases
Current Optimization: 4
Constructing Template (First Phase Focused Learning) with 2000 Cases
Scenario Optimization (Second Phase Focused Learning) with 8000 Cases
Current Optimization: 5
Constructing Template (First Phase Focused Learning) with 2000 Cases
Scenario Optimization (Second Phase Focused Learning) with 8000 Cases
Current Optimization: 6
Constructing Template (First Phase Focused Learning) with 2000 Cases
Scenario Optimization (Second Phase Focused Learning) with 8000 Cases
Current Optimization: 7
Constructing Template (First Phase Focused Learning) with 2000 Cases
Scenario Optimization (Second Phase Focused Learning) with 8000 Cases
Current Optimization: 8
Constructing Template (First Phase Focused Learning) with 2000 Cases
Scenario Optimization (Second Phase Focused Learning) with 8000 Cases
Current Optimization: 9
Constructing Template (First Phase Focused Learning) with 2000 Cases
Scenario Optimization (Second Phase Focused Learning) with 8000 Cases
Verifying...
Component Margins: [0.2846039583436277, 0.0, 0.3441408839172036, 0.4066052816536412, 0.31442403499742094, 0.34669671496462556, 0.3071517777483895, 0.3459199371531701, 0.36957797580211676, 0.41983649832712]
Margin: 0.633310364096376
Network is PAC-model robust with error rate 0.01 and confidence level 0.999
Verification Radius(L-inf):  49
Mean:  (0.1307,)
Std:  (0.3081,)
Label to verify: 7
Original Output: tensor([[ -1.3903,  -0.5816,  -0.2519,   2.0430,  -2.4481,  -1.9919, -11.7866,
          15.5558,  -2.0817,   4.1732]])
Error Ratio: 0.01
Free Variables: 32
Current Optimization: 0
Constructing Template (First Phase Focused Learning) with 2000 Cases
Scenario Optimization (Second Phase Focused Learning) with 8000 Cases
Current Optimization: 1
Constructing Template (First Phase Focused Learning) with 2000 Cases
Scenario Optimization (Second Phase Focused Learning) with 8000 Cases
Current Optimization: 2
Constructing Template (First Phase Focused Learning) with 2000 Cases
Scenario Optimization (Second Phase Focused Learning) with 8000 Cases
Current Optimization: 3
Constructing Template (First Phase Focused Learning) with 2000 Cases
Scenario Optimization (Second Phase Focused Learning) with 8000 Cases
Current Optimization: 4
Constructing Template (First Phase Focused Learning) with 2000 Cases
Scenario Optimization (Second Phase Focused Learning) with 8000 Cases
Current Optimization: 5
Constructing Template (First Phase Focused Learning) with 2000 Cases
Scenario Optimization (Second Phase Focused Learning) with 8000 Cases
Current Optimization: 6
Constructing Template (First Phase Focused Learning) with 2000 Cases
Scenario Optimization (Second Phase Focused Learning) with 8000 Cases
Current Optimization: 8
Constructing Template (First Phase Focused Learning) with 2000 Cases
Scenario Optimization (Second Phase Focused Learning) with 8000 Cases
Current Optimization: 9
Constructing Template (First Phase Focused Learning) with 2000 Cases
Scenario Optimization (Second Phase Focused Learning) with 8000 Cases
Verifying...
Component Margins: [0.3701957112159237, 0.31118085279908586, 0.43112212256171895, 0.4169373618196682, 0.434677922618616, 0.37007273774579463, 0.38506469796916926, 0.0, 0.5094617936914657, 0.4721842528468003]
Margin: 0.5597850632675438
Network is PAC-model robust with error rate 0.01 and confidence level 0.999
Verification Radius(L-inf):  49
Mean:  (0.1307,)
Std:  (0.3081,)
Label to verify: 2
Original Output: tensor([[ 1.1298, -3.7528, 14.1213,  3.6582, -2.9537, -5.3311, -5.8427,  4.0802,
         -0.4058, -3.6526]])
Error Ratio: 0.01
Free Variables: 32
Current Optimization: 0
Constructing Template (First Phase Focused Learning) with 2000 Cases
Scenario Optimization (Second Phase Focused Learning) with 8000 Cases
Current Optimization: 1
Constructing Template (First Phase Focused Learning) with 2000 Cases
Scenario Optimization (Second Phase Focused Learning) with 8000 Cases
Current Optimization: 3
Constructing Template (First Phase Focused Learning) with 2000 Cases
Scenario Optimization (Second Phase Focused Learning) with 8000 Cases
Current Optimization: 4
Constructing Template (First Phase Focused Learning) with 2000 Cases
Scenario Optimization (Second Phase Focused Learning) with 8000 Cases
Current Optimization: 5
Constructing Template (First Phase Focused Learning) with 2000 Cases
Scenario Optimization (Second Phase Focused Learning) with 8000 Cases
Current Optimization: 6
Constructing Template (First Phase Focused Learning) with 2000 Cases
Scenario Optimization (Second Phase Focused Learning) with 8000 Cases
Current Optimization: 7
Constructing Template (First Phase Focused Learning) with 2000 Cases
Scenario Optimization (Second Phase Focused Learning) with 8000 Cases
Current Optimization: 8
Constructing Template (First Phase Focused Learning) with 2000 Cases
Scenario Optimization (Second Phase Focused Learning) with 8000 Cases
Current Optimization: 9
Constructing Template (First Phase Focused Learning) with 2000 Cases
Scenario Optimization (Second Phase Focused Learning) with 8000 Cases
Verifying...
Component Margins: [0.3318562807357768, 0.2580753813985569, 0.0, 0.3585233153173003, 0.43009572321683837, 0.39459337315772647, 0.3722134212772255, 0.2891760835465984, 0.3891310181134242, 0.4452966010789611]
Margin: 0.5242499415392352
Network is PAC-model robust with error rate 0.01 and confidence level 0.999
Verification Radius(L-inf):  51
Mean:  (0.1307,)
Std:  (0.3081,)
Label to verify: 8
Original Output: tensor([[-1.7871, -1.5321,  1.3768,  1.5975, -2.8042, -2.0600, -6.7012, -1.3818,
         14.9878, -0.4568]])
Error Ratio: 0.01
Free Variables: 32
Current Optimization: 0
Constructing Template (First Phase Focused Learning) with 2000 Cases
Scenario Optimization (Second Phase Focused Learning) with 8000 Cases
Current Optimization: 1
Constructing Template (First Phase Focused Learning) with 2000 Cases
Scenario Optimization (Second Phase Focused Learning) with 8000 Cases
Current Optimization: 2
Constructing Template (First Phase Focused Learning) with 2000 Cases
Scenario Optimization (Second Phase Focused Learning) with 8000 Cases
Current Optimization: 3
Constructing Template (First Phase Focused Learning) with 2000 Cases
Scenario Optimization (Second Phase Focused Learning) with 8000 Cases
Current Optimization: 4
Constructing Template (First Phase Focused Learning) with 2000 Cases
Scenario Optimization (Second Phase Focused Learning) with 8000 Cases
Current Optimization: 5
Constructing Template (First Phase Focused Learning) with 2000 Cases
Scenario Optimization (Second Phase Focused Learning) with 8000 Cases
Current Optimization: 6
Constructing Template (First Phase Focused Learning) with 2000 Cases
Scenario Optimization (Second Phase Focused Learning) with 8000 Cases
Current Optimization: 7
Constructing Template (First Phase Focused Learning) with 2000 Cases
Scenario Optimization (Second Phase Focused Learning) with 8000 Cases
Current Optimization: 9
Constructing Template (First Phase Focused Learning) with 2000 Cases
Scenario Optimization (Second Phase Focused Learning) with 8000 Cases
Verifying...
Component Margins: [0.3159545943720054, 0.3354778426468995, 0.38442468826327403, 0.47971583267908546, 0.515973558719337, 0.34151560180807894, 0.34441714018885833, 0.47107931606594017, 0.0, 0.44032915948467904]
Margin: 0.8665933072935097
Network is PAC-model robust with error rate 0.01 and confidence level 0.999
Verification Radius(L-inf):  35
Mean:  (0.1307,)
Std:  (0.3081,)
Label to verify: 6
Original Output: tensor([[ 0.1017, -2.5386, -2.0209, -1.0025, -1.8757,  3.8410,  9.3745, -6.0592,
          2.5046, -2.2095]])
Error Ratio: 0.01
Free Variables: 32
Current Optimization: 0
Constructing Template (First Phase Focused Learning) with 2000 Cases
Scenario Optimization (Second Phase Focused Learning) with 8000 Cases
Current Optimization: 1
Constructing Template (First Phase Focused Learning) with 2000 Cases
Scenario Optimization (Second Phase Focused Learning) with 8000 Cases
Current Optimization: 2
Constructing Template (First Phase Focused Learning) with 2000 Cases
Scenario Optimization (Second Phase Focused Learning) with 8000 Cases
Current Optimization: 3
Constructing Template (First Phase Focused Learning) with 2000 Cases
Scenario Optimization (Second Phase Focused Learning) with 8000 Cases
Current Optimization: 4
Constructing Template (First Phase Focused Learning) with 2000 Cases
Scenario Optimization (Second Phase Focused Learning) with 8000 Cases
Current Optimization: 5
Constructing Template (First Phase Focused Learning) with 2000 Cases
Scenario Optimization (Second Phase Focused Learning) with 8000 Cases
Current Optimization: 7
Constructing Template (First Phase Focused Learning) with 2000 Cases
Scenario Optimization (Second Phase Focused Learning) with 8000 Cases
Current Optimization: 8
Constructing Template (First Phase Focused Learning) with 2000 Cases
Scenario Optimization (Second Phase Focused Learning) with 8000 Cases
Current Optimization: 9
Constructing Template (First Phase Focused Learning) with 2000 Cases
Scenario Optimization (Second Phase Focused Learning) with 8000 Cases
Verifying...
Component Margins: [0.15870989023221913, 0.19131822758296171, 0.1885873204937038, 0.25641757422936967, 0.20442545738243514, 0.2330955759249832, 0.0, 0.26859648551006776, 0.20952632887795003, 0.26358601504821033]
Margin: 0.36285700013345235
Network is PAC-model robust with error rate 0.01 and confidence level 0.999
Verification Radius(L-inf):  45
Mean:  (0.1307,)
Std:  (0.3081,)
Label to verify: 9
Original Output: tensor([[ -3.6811,  -2.0555,  -4.7256,   2.5317,   0.9925,   2.3460, -10.4025,
           1.9276,   2.5227,  11.6994]])
Error Ratio: 0.01
Free Variables: 32
Current Optimization: 0
Constructing Template (First Phase Focused Learning) with 2000 Cases
Scenario Optimization (Second Phase Focused Learning) with 8000 Cases
Current Optimization: 1
Constructing Template (First Phase Focused Learning) with 2000 Cases
Scenario Optimization (Second Phase Focused Learning) with 8000 Cases
Current Optimization: 2
Constructing Template (First Phase Focused Learning) with 2000 Cases
Scenario Optimization (Second Phase Focused Learning) with 8000 Cases
Current Optimization: 3
Constructing Template (First Phase Focused Learning) with 2000 Cases
Scenario Optimization (Second Phase Focused Learning) with 8000 Cases
Current Optimization: 4
Constructing Template (First Phase Focused Learning) with 2000 Cases
Scenario Optimization (Second Phase Focused Learning) with 8000 Cases
Current Optimization: 5
Constructing Template (First Phase Focused Learning) with 2000 Cases
Scenario Optimization (Second Phase Focused Learning) with 8000 Cases
Current Optimization: 6
Constructing Template (First Phase Focused Learning) with 2000 Cases
Scenario Optimization (Second Phase Focused Learning) with 8000 Cases
Current Optimization: 7
Constructing Template (First Phase Focused Learning) with 2000 Cases
Scenario Optimization (Second Phase Focused Learning) with 8000 Cases
Current Optimization: 8
Constructing Template (First Phase Focused Learning) with 2000 Cases
Scenario Optimization (Second Phase Focused Learning) with 8000 Cases
Verifying...
Component Margins: [0.2976026434459886, 0.3376148846165016, 0.3638461329597526, 0.3027448799562338, 0.2869177870230269, 0.3421500275416448, 0.3585459801093696, 0.27427460655012975, 0.340110014386134, 0.0]
Margin: 0.4575867201065158
Network is PAC-model robust with error rate 0.01 and confidence level 0.999
Verification Radius(L-inf):  47
Mean:  (0.1307,)
Std:  (0.3081,)
Label to verify: 4
Original Output: tensor([[-6.9788, -1.1647,  2.8546, -5.0665, 15.0623, -2.3306, -2.2947,  1.4409,
          1.0461, -1.6513]])
Error Ratio: 0.01
Free Variables: 32
Current Optimization: 0
Constructing Template (First Phase Focused Learning) with 2000 Cases
Scenario Optimization (Second Phase Focused Learning) with 8000 Cases
Current Optimization: 1
Constructing Template (First Phase Focused Learning) with 2000 Cases
Scenario Optimization (Second Phase Focused Learning) with 8000 Cases
Current Optimization: 2
Constructing Template (First Phase Focused Learning) with 2000 Cases
Scenario Optimization (Second Phase Focused Learning) with 8000 Cases
Current Optimization: 3
Constructing Template (First Phase Focused Learning) with 2000 Cases
Scenario Optimization (Second Phase Focused Learning) with 8000 Cases
Current Optimization: 5
Constructing Template (First Phase Focused Learning) with 2000 Cases
Scenario Optimization (Second Phase Focused Learning) with 8000 Cases
Current Optimization: 6
Constructing Template (First Phase Focused Learning) with 2000 Cases
Scenario Optimization (Second Phase Focused Learning) with 8000 Cases
Current Optimization: 7
Constructing Template (First Phase Focused Learning) with 2000 Cases
Scenario Optimization (Second Phase Focused Learning) with 8000 Cases
Current Optimization: 8
Constructing Template (First Phase Focused Learning) with 2000 Cases
Scenario Optimization (Second Phase Focused Learning) with 8000 Cases
Current Optimization: 9
Constructing Template (First Phase Focused Learning) with 2000 Cases
Scenario Optimization (Second Phase Focused Learning) with 8000 Cases
Verifying...
Component Margins: [0.32124972758344256, 0.2105708603366901, 0.4114960732410505, 0.4371535948086772, 0.0, 0.27015499738051335, 0.28804750363649884, 0.3405323613706141, 0.38767958120930496, 0.47056934606174433]
Margin: 0.5715603269743621
Network is PAC-model robust with error rate 0.01 and confidence level 0.999
Verification Radius(L-inf):  58
Mean:  (0.1307,)
Std:  (0.3081,)
Label to verify: 0
Original Output: tensor([[15.2506, -1.9143,  1.1733,  0.4343, -4.7596, -2.4031,  1.4132, -3.0868,
         -3.6379, -2.3633]])
Error Ratio: 0.01
Free Variables: 32
Current Optimization: 1
Constructing Template (First Phase Focused Learning) with 2000 Cases
Scenario Optimization (Second Phase Focused Learning) with 8000 Cases
Current Optimization: 2
Constructing Template (First Phase Focused Learning) with 2000 Cases
Scenario Optimization (Second Phase Focused Learning) with 8000 Cases
Current Optimization: 3
Constructing Template (First Phase Focused Learning) with 2000 Cases
Scenario Optimization (Second Phase Focused Learning) with 8000 Cases
Current Optimization: 4
Constructing Template (First Phase Focused Learning) with 2000 Cases
Scenario Optimization (Second Phase Focused Learning) with 8000 Cases
Current Optimization: 5
Constructing Template (First Phase Focused Learning) with 2000 Cases
Scenario Optimization (Second Phase Focused Learning) with 8000 Cases
Current Optimization: 6
Constructing Template (First Phase Focused Learning) with 2000 Cases
Scenario Optimization (Second Phase Focused Learning) with 8000 Cases
Current Optimization: 7
Constructing Template (First Phase Focused Learning) with 2000 Cases
Scenario Optimization (Second Phase Focused Learning) with 8000 Cases
Current Optimization: 8
Constructing Template (First Phase Focused Learning) with 2000 Cases
Scenario Optimization (Second Phase Focused Learning) with 8000 Cases
Current Optimization: 9
Constructing Template (First Phase Focused Learning) with 2000 Cases
Scenario Optimization (Second Phase Focused Learning) with 8000 Cases
Verifying...
Component Margins: [0.0, 0.3455952196562287, 0.3709234243331544, 0.47700642979611024, 0.4197178050819856, 0.45087007580650373, 0.30659218023843093, 0.4358013323795936, 0.4180482911352066, 0.36114707967905785]
Margin: 0.6411564218585326
Network is PAC-model robust with error rate 0.01 and confidence level 0.999
Verification Radius(L-inf):  42
Mean:  (0.1307,)
Std:  (0.3081,)
Label to verify: 9
Original Output: tensor([[-2.0193, -2.4342, -1.7526, -0.0157,  2.6242, -3.1560, -5.7491,  2.1152,
          2.3709,  8.8562]])
Error Ratio: 0.01
Free Variables: 32
Current Optimization: 0
Constructing Template (First Phase Focused Learning) with 2000 Cases
Scenario Optimization (Second Phase Focused Learning) with 8000 Cases
Current Optimization: 1
Constructing Template (First Phase Focused Learning) with 2000 Cases
Scenario Optimization (Second Phase Focused Learning) with 8000 Cases
Current Optimization: 2
Constructing Template (First Phase Focused Learning) with 2000 Cases
Scenario Optimization (Second Phase Focused Learning) with 8000 Cases
Current Optimization: 3
Constructing Template (First Phase Focused Learning) with 2000 Cases
Scenario Optimization (Second Phase Focused Learning) with 8000 Cases
Current Optimization: 4
Constructing Template (First Phase Focused Learning) with 2000 Cases
Scenario Optimization (Second Phase Focused Learning) with 8000 Cases
Current Optimization: 5
Constructing Template (First Phase Focused Learning) with 2000 Cases
Scenario Optimization (Second Phase Focused Learning) with 8000 Cases
Current Optimization: 6
Constructing Template (First Phase Focused Learning) with 2000 Cases
Scenario Optimization (Second Phase Focused Learning) with 8000 Cases
Current Optimization: 7
Constructing Template (First Phase Focused Learning) with 2000 Cases
Scenario Optimization (Second Phase Focused Learning) with 8000 Cases
Current Optimization: 8
Constructing Template (First Phase Focused Learning) with 2000 Cases
Scenario Optimization (Second Phase Focused Learning) with 8000 Cases
Verifying...
Component Margins: [0.21040762946648556, 0.2535409092636762, 0.2640373188587731, 0.2324141240441038, 0.2992500536597085, 0.22292241200689014, 0.2797531372152572, 0.2323139320140366, 0.27874313238996073, 0.0]
Margin: 0.43004306467084064
Network is PAC-model robust with error rate 0.01 and confidence level 0.999
Verification Radius(L-inf):  48
Mean:  (0.1307,)
Std:  (0.3081,)
Label to verify: 1
Original Output: tensor([[-2.9893, 11.2660,  1.1883, -3.7503,  2.3062, -4.7895, -3.0019,  2.9128,
          1.6901, -3.7237]])
Error Ratio: 0.01
Free Variables: 32
Current Optimization: 0
Constructing Template (First Phase Focused Learning) with 2000 Cases
Scenario Optimization (Second Phase Focused Learning) with 8000 Cases
Current Optimization: 2
Constructing Template (First Phase Focused Learning) with 2000 Cases
Scenario Optimization (Second Phase Focused Learning) with 8000 Cases
Current Optimization: 3
Constructing Template (First Phase Focused Learning) with 2000 Cases
Scenario Optimization (Second Phase Focused Learning) with 8000 Cases
Current Optimization: 4
Constructing Template (First Phase Focused Learning) with 2000 Cases
Scenario Optimization (Second Phase Focused Learning) with 8000 Cases
Current Optimization: 5
Constructing Template (First Phase Focused Learning) with 2000 Cases
Scenario Optimization (Second Phase Focused Learning) with 8000 Cases
Current Optimization: 6
Constructing Template (First Phase Focused Learning) with 2000 Cases
Scenario Optimization (Second Phase Focused Learning) with 8000 Cases
Current Optimization: 7
Constructing Template (First Phase Focused Learning) with 2000 Cases
Scenario Optimization (Second Phase Focused Learning) with 8000 Cases
Current Optimization: 8
Constructing Template (First Phase Focused Learning) with 2000 Cases
Scenario Optimization (Second Phase Focused Learning) with 8000 Cases
Current Optimization: 9
Constructing Template (First Phase Focused Learning) with 2000 Cases
Scenario Optimization (Second Phase Focused Learning) with 8000 Cases
Verifying...
Component Margins: [0.27820253899824005, 0.0, 0.32476858638649314, 0.3757165482982718, 0.32155684289969144, 0.3355538205523242, 0.310677163727251, 0.3010362513216313, 0.37461797677410136, 0.43967717241804005]
Margin: 0.5434286463218161
Network is PAC-model robust with error rate 0.01 and confidence level 0.999
Verification Radius(L-inf):  33
Mean:  (0.1307,)
Std:  (0.3081,)
Label to verify: 1
Original Output: tensor([[-2.2012,  9.6330,  5.6708,  4.0391,  2.9221, -0.5966, -4.2402, -0.6248,
         -6.7948, -7.0847]])
Error Ratio: 0.01
Free Variables: 32
Current Optimization: 0
Constructing Template (First Phase Focused Learning) with 2000 Cases
Scenario Optimization (Second Phase Focused Learning) with 8000 Cases
Current Optimization: 2
Constructing Template (First Phase Focused Learning) with 2000 Cases
Scenario Optimization (Second Phase Focused Learning) with 8000 Cases
Current Optimization: 3
Constructing Template (First Phase Focused Learning) with 2000 Cases
Scenario Optimization (Second Phase Focused Learning) with 8000 Cases
Current Optimization: 4
Constructing Template (First Phase Focused Learning) with 2000 Cases
Scenario Optimization (Second Phase Focused Learning) with 8000 Cases
Current Optimization: 5
Constructing Template (First Phase Focused Learning) with 2000 Cases
Scenario Optimization (Second Phase Focused Learning) with 8000 Cases
Current Optimization: 6
Constructing Template (First Phase Focused Learning) with 2000 Cases
Scenario Optimization (Second Phase Focused Learning) with 8000 Cases
Current Optimization: 7
Constructing Template (First Phase Focused Learning) with 2000 Cases
Scenario Optimization (Second Phase Focused Learning) with 8000 Cases
Current Optimization: 8
Constructing Template (First Phase Focused Learning) with 2000 Cases
Scenario Optimization (Second Phase Focused Learning) with 8000 Cases
Current Optimization: 9
Constructing Template (First Phase Focused Learning) with 2000 Cases
Scenario Optimization (Second Phase Focused Learning) with 8000 Cases
Verifying...
Component Margins: [0.1037460387126405, 0.0, 0.08879903085844029, 0.14055331797417162, 0.10941634743860042, 0.1445263912759475, 0.12485909437919036, 0.08938437485799633, 0.15446939606745652, 0.1854837011044688]
Margin: 0.22531995722251352
Network is PAC-model robust with error rate 0.01 and confidence level 0.999
25 PAC-Model Robust out of 25 cases.
Total Time:  2461.206521511078
