Files already downloaded and verified
Verification Radius(L-inf):  12
Mean:  (0.4914, 0.4822, 0.4465)
Std:  (0.2023, 0.1994, 0.201)
Label to verify: 9
Original Output: tensor([[-2.6034,  0.1729, -0.3277, -1.5458, -3.0168, -1.3952, -1.8366, -0.3172,
         -1.6092, 12.4795]])
Error Ratio: 0.01
Free Variables: 50
Currently Optimization: 0
Constructing Template (First Phase Focused Learning, Regression) with 20000 Cases
Scenario Optimization (Second Phase Focused Learning) with 11600 Cases
Set parameter Username
Academic license - for non-commercial use only - expires 2022-02-24
Currently Optimization: 1
Constructing Template (First Phase Focused Learning, Regression) with 20000 Cases
Scenario Optimization (Second Phase Focused Learning) with 11600 Cases
Currently Optimization: 2
Constructing Template (First Phase Focused Learning, Regression) with 20000 Cases
Scenario Optimization (Second Phase Focused Learning) with 11600 Cases
Currently Optimization: 3
Constructing Template (First Phase Focused Learning, Regression) with 20000 Cases
Scenario Optimization (Second Phase Focused Learning) with 11600 Cases
Currently Optimization: 4
Constructing Template (First Phase Focused Learning, Regression) with 20000 Cases
Scenario Optimization (Second Phase Focused Learning) with 11600 Cases
Currently Optimization: 5
Constructing Template (First Phase Focused Learning, Regression) with 20000 Cases
Scenario Optimization (Second Phase Focused Learning) with 11600 Cases
Currently Optimization: 6
Constructing Template (First Phase Focused Learning, Regression) with 20000 Cases
Scenario Optimization (Second Phase Focused Learning) with 11600 Cases
Currently Optimization: 7
Constructing Template (First Phase Focused Learning, Regression) with 20000 Cases
Scenario Optimization (Second Phase Focused Learning) with 11600 Cases
Currently Optimization: 8
Constructing Template (First Phase Focused Learning, Regression) with 20000 Cases
Scenario Optimization (Second Phase Focused Learning) with 11600 Cases
Verifying...
Component Margins: [0.10379675751813791, 0.09059526935319805, 0.12164665180854031, 0.09143923039963359, 0.11008133071786015, 0.09621864112138173, 0.11020469505453492, 0.14550163723902224, 0.1202245334290454, 0.0]
Margin: 0.19719949183697594
Network is PAC-model robust with error rate 0.01 and confidence level 0.999
Verification Radius(L-inf):  13
Mean:  (0.4914, 0.4822, 0.4465)
Std:  (0.2023, 0.1994, 0.201)
Label to verify: 9
Original Output: tensor([[-2.6034,  0.1729, -0.3277, -1.5458, -3.0168, -1.3952, -1.8366, -0.3172,
         -1.6092, 12.4795]])
Error Ratio: 0.01
Free Variables: 50
Currently Optimization: 0
Constructing Template (First Phase Focused Learning, Regression) with 20000 Cases
Scenario Optimization (Second Phase Focused Learning) with 11600 Cases
Currently Optimization: 1
Constructing Template (First Phase Focused Learning, Regression) with 20000 Cases
Scenario Optimization (Second Phase Focused Learning) with 11600 Cases
Currently Optimization: 2
Constructing Template (First Phase Focused Learning, Regression) with 20000 Cases
Scenario Optimization (Second Phase Focused Learning) with 11600 Cases
Currently Optimization: 3
Constructing Template (First Phase Focused Learning, Regression) with 20000 Cases
Scenario Optimization (Second Phase Focused Learning) with 11600 Cases
Currently Optimization: 4
Constructing Template (First Phase Focused Learning, Regression) with 20000 Cases
Scenario Optimization (Second Phase Focused Learning) with 11600 Cases
Currently Optimization: 5
Constructing Template (First Phase Focused Learning, Regression) with 20000 Cases
Scenario Optimization (Second Phase Focused Learning) with 11600 Cases
Currently Optimization: 6
Constructing Template (First Phase Focused Learning, Regression) with 20000 Cases
Scenario Optimization (Second Phase Focused Learning) with 11600 Cases
Currently Optimization: 7
Constructing Template (First Phase Focused Learning, Regression) with 20000 Cases
Scenario Optimization (Second Phase Focused Learning) with 11600 Cases
Currently Optimization: 8
Constructing Template (First Phase Focused Learning, Regression) with 20000 Cases
Scenario Optimization (Second Phase Focused Learning) with 11600 Cases
Verifying...
Component Margins: [0.11960724098876825, 0.10331595255187843, 0.13847868963402982, 0.1042404126236299, 0.1271191711223927, 0.11082238216400273, 0.12836094344948862, 0.1695915941094302, 0.13989679035884428, 0.0]
Margin: 0.20871049128373187
Potential Counter-Example Found! Attack From 7
Difference Evaluation( 7 - 9 ): [ -0.24430954527609317 , 0.09487364294276723 ]
Fake Counter-Example. Potential Attack label: 7 Score: tensor(5.6234, device='cuda:0') Real Largest Label: 9 Score: tensor(6.3318, device='cuda:0') Original Label Score: tensor(6.3318, device='cuda:0')
Difference: tensor(-0.7084, device='cuda:0')
Unknown. Potential Counter-Example exists.
Verification Radius(L-inf):  11
Mean:  (0.4914, 0.4822, 0.4465)
Std:  (0.2023, 0.1994, 0.201)
Label to verify: 9
Original Output: tensor([[-2.6034,  0.1729, -0.3277, -1.5458, -3.0168, -1.3952, -1.8366, -0.3172,
         -1.6092, 12.4795]])
Error Ratio: 0.01
Free Variables: 50
Currently Optimization: 0
Constructing Template (First Phase Focused Learning, Regression) with 5000 Cases
Scenario Optimization (Second Phase Focused Learning) with 11600 Cases
Currently Optimization: 1
Constructing Template (First Phase Focused Learning, Regression) with 5000 Cases
Scenario Optimization (Second Phase Focused Learning) with 11600 Cases
Currently Optimization: 2
Constructing Template (First Phase Focused Learning, Regression) with 5000 Cases
Scenario Optimization (Second Phase Focused Learning) with 11600 Cases
Currently Optimization: 3
Constructing Template (First Phase Focused Learning, Regression) with 5000 Cases
Scenario Optimization (Second Phase Focused Learning) with 11600 Cases
Currently Optimization: 4
Constructing Template (First Phase Focused Learning, Regression) with 5000 Cases
Scenario Optimization (Second Phase Focused Learning) with 11600 Cases
Currently Optimization: 5
Constructing Template (First Phase Focused Learning, Regression) with 5000 Cases
Scenario Optimization (Second Phase Focused Learning) with 11600 Cases
Currently Optimization: 6
Constructing Template (First Phase Focused Learning, Regression) with 5000 Cases
Scenario Optimization (Second Phase Focused Learning) with 11600 Cases
Currently Optimization: 7
Constructing Template (First Phase Focused Learning, Regression) with 5000 Cases
Scenario Optimization (Second Phase Focused Learning) with 11600 Cases
Currently Optimization: 8
Constructing Template (First Phase Focused Learning, Regression) with 5000 Cases
Scenario Optimization (Second Phase Focused Learning) with 11600 Cases
Verifying...
Component Margins: [0.13142838170761126, 0.11063098333207085, 0.1458069812119352, 0.11929063361066591, 0.13730912180397295, 0.1276712005875651, 0.14019538084074393, 0.1900664618872667, 0.148662343485113, 0.0]
Margin: 0.21348107454891796
Network is PAC-model robust with error rate 0.01 and confidence level 0.999
Verification Radius(L-inf):  12
Mean:  (0.4914, 0.4822, 0.4465)
Std:  (0.2023, 0.1994, 0.201)
Label to verify: 9
Original Output: tensor([[-2.6034,  0.1729, -0.3277, -1.5458, -3.0168, -1.3952, -1.8366, -0.3172,
         -1.6092, 12.4795]])
Error Ratio: 0.01
Free Variables: 50
Currently Optimization: 0
Constructing Template (First Phase Focused Learning, Regression) with 5000 Cases
Scenario Optimization (Second Phase Focused Learning) with 11600 Cases
Currently Optimization: 1
Constructing Template (First Phase Focused Learning, Regression) with 5000 Cases
Scenario Optimization (Second Phase Focused Learning) with 11600 Cases
Currently Optimization: 2
Constructing Template (First Phase Focused Learning, Regression) with 5000 Cases
Scenario Optimization (Second Phase Focused Learning) with 11600 Cases
Currently Optimization: 3
Constructing Template (First Phase Focused Learning, Regression) with 5000 Cases
Scenario Optimization (Second Phase Focused Learning) with 11600 Cases
Currently Optimization: 4
Constructing Template (First Phase Focused Learning, Regression) with 5000 Cases
Scenario Optimization (Second Phase Focused Learning) with 11600 Cases
Currently Optimization: 5
Constructing Template (First Phase Focused Learning, Regression) with 5000 Cases
Scenario Optimization (Second Phase Focused Learning) with 11600 Cases
Currently Optimization: 6
Constructing Template (First Phase Focused Learning, Regression) with 5000 Cases
Scenario Optimization (Second Phase Focused Learning) with 11600 Cases
Currently Optimization: 7
Constructing Template (First Phase Focused Learning, Regression) with 5000 Cases
Scenario Optimization (Second Phase Focused Learning) with 11600 Cases
Currently Optimization: 8
Constructing Template (First Phase Focused Learning, Regression) with 5000 Cases
Scenario Optimization (Second Phase Focused Learning) with 11600 Cases
Verifying...
Component Margins: [0.15399622193764703, 0.1303223669387468, 0.17338867841197514, 0.13788246958277264, 0.15834972622396523, 0.14776658481648092, 0.164790385325541, 0.22235013051890373, 0.17470744959215642, 0.0]
Margin: 0.24753007755756684
Network is PAC-model robust with error rate 0.01 and confidence level 0.999
Verification Radius(L-inf):  12
Mean:  (0.4914, 0.4822, 0.4465)
Std:  (0.2023, 0.1994, 0.201)
Label to verify: 9
Original Output: tensor([[-2.6034,  0.1729, -0.3277, -1.5458, -3.0168, -1.3952, -1.8366, -0.3172,
         -1.6092, 12.4795]])
Error Ratio: 0.1
Free Variables: 52
Currently Optimization: 0
Constructing Template (First Phase Focused Learning, Regression) with 20000 Cases
Scenario Optimization (Second Phase Focused Learning) with 1200 Cases
Currently Optimization: 1
Constructing Template (First Phase Focused Learning, Regression) with 20000 Cases
Scenario Optimization (Second Phase Focused Learning) with 1200 Cases
Currently Optimization: 2
Constructing Template (First Phase Focused Learning, Regression) with 20000 Cases
Scenario Optimization (Second Phase Focused Learning) with 1200 Cases
Currently Optimization: 3
Constructing Template (First Phase Focused Learning, Regression) with 20000 Cases
Scenario Optimization (Second Phase Focused Learning) with 1200 Cases
Currently Optimization: 4
Constructing Template (First Phase Focused Learning, Regression) with 20000 Cases
Scenario Optimization (Second Phase Focused Learning) with 1200 Cases
Currently Optimization: 5
Constructing Template (First Phase Focused Learning, Regression) with 20000 Cases
Scenario Optimization (Second Phase Focused Learning) with 1200 Cases
Currently Optimization: 6
Constructing Template (First Phase Focused Learning, Regression) with 20000 Cases
Scenario Optimization (Second Phase Focused Learning) with 1200 Cases
Currently Optimization: 7
Constructing Template (First Phase Focused Learning, Regression) with 20000 Cases
Scenario Optimization (Second Phase Focused Learning) with 1200 Cases
Currently Optimization: 8
Constructing Template (First Phase Focused Learning, Regression) with 20000 Cases
Scenario Optimization (Second Phase Focused Learning) with 1200 Cases
Verifying...
Component Margins: [0.07718767082340423, 0.06303303650245819, 0.09272069257818816, 0.07147813123592735, 0.07730009909509249, 0.07595114826639085, 0.08788755103146978, 0.10708907443229342, 0.09827696708184407, 0.0]
Margin: 0.15623710185387552
Network is PAC-model robust with error rate 0.1 and confidence level 0.999
Verification Radius(L-inf):  13
Mean:  (0.4914, 0.4822, 0.4465)
Std:  (0.2023, 0.1994, 0.201)
Label to verify: 9
Original Output: tensor([[-2.6034,  0.1729, -0.3277, -1.5458, -3.0168, -1.3952, -1.8366, -0.3172,
         -1.6092, 12.4795]])
Error Ratio: 0.1
Free Variables: 52
Currently Optimization: 0
Constructing Template (First Phase Focused Learning, Regression) with 20000 Cases
Scenario Optimization (Second Phase Focused Learning) with 1200 Cases
Currently Optimization: 1
Constructing Template (First Phase Focused Learning, Regression) with 20000 Cases
Scenario Optimization (Second Phase Focused Learning) with 1200 Cases
Currently Optimization: 2
Constructing Template (First Phase Focused Learning, Regression) with 20000 Cases
Scenario Optimization (Second Phase Focused Learning) with 1200 Cases
Currently Optimization: 3
Constructing Template (First Phase Focused Learning, Regression) with 20000 Cases
Scenario Optimization (Second Phase Focused Learning) with 1200 Cases
Currently Optimization: 4
Constructing Template (First Phase Focused Learning, Regression) with 20000 Cases
Scenario Optimization (Second Phase Focused Learning) with 1200 Cases
Currently Optimization: 5
Constructing Template (First Phase Focused Learning, Regression) with 20000 Cases
Scenario Optimization (Second Phase Focused Learning) with 1200 Cases
Currently Optimization: 6
Constructing Template (First Phase Focused Learning, Regression) with 20000 Cases
Scenario Optimization (Second Phase Focused Learning) with 1200 Cases
Currently Optimization: 7
Constructing Template (First Phase Focused Learning, Regression) with 20000 Cases
Scenario Optimization (Second Phase Focused Learning) with 1200 Cases
Currently Optimization: 8
Constructing Template (First Phase Focused Learning, Regression) with 20000 Cases
Scenario Optimization (Second Phase Focused Learning) with 1200 Cases
Verifying...
Component Margins: [0.08831183634514433, 0.07247306754601138, 0.10761523548184926, 0.08254552144921042, 0.09097711681477103, 0.08913368775064283, 0.10297813906146802, 0.1246396232547238, 0.11368350726943198, 0.0]
Margin: 0.16991781250203175
Potential Counter-Example Found! Attack From 7
Difference Evaluation( 7 - 9 ): [ -0.1708517011328437 , 0.0784275453766039 ]
Fake Counter-Example. Potential Attack label: 7 Score: tensor(5.6234, device='cuda:0') Real Largest Label: 9 Score: tensor(6.3318, device='cuda:0') Original Label Score: tensor(6.3318, device='cuda:0')
Difference: tensor(-0.7084, device='cuda:0')
Unknown. Potential Counter-Example exists.
Verification Radius(L-inf):  12
Mean:  (0.4914, 0.4822, 0.4465)
Std:  (0.2023, 0.1994, 0.201)
Label to verify: 9
Original Output: tensor([[-2.6034,  0.1729, -0.3277, -1.5458, -3.0168, -1.3952, -1.8366, -0.3172,
         -1.6092, 12.4795]])
Error Ratio: 0.1
Free Variables: 52
Currently Optimization: 0
Constructing Template (First Phase Focused Learning, Regression) with 5000 Cases
Scenario Optimization (Second Phase Focused Learning) with 1200 Cases
Currently Optimization: 1
Constructing Template (First Phase Focused Learning, Regression) with 5000 Cases
Scenario Optimization (Second Phase Focused Learning) with 1200 Cases
Currently Optimization: 2
Constructing Template (First Phase Focused Learning, Regression) with 5000 Cases
Scenario Optimization (Second Phase Focused Learning) with 1200 Cases
Currently Optimization: 3
Constructing Template (First Phase Focused Learning, Regression) with 5000 Cases
Scenario Optimization (Second Phase Focused Learning) with 1200 Cases
Currently Optimization: 4
Constructing Template (First Phase Focused Learning, Regression) with 5000 Cases
Scenario Optimization (Second Phase Focused Learning) with 1200 Cases
Currently Optimization: 5
Constructing Template (First Phase Focused Learning, Regression) with 5000 Cases
Scenario Optimization (Second Phase Focused Learning) with 1200 Cases
Currently Optimization: 6
Constructing Template (First Phase Focused Learning, Regression) with 5000 Cases
Scenario Optimization (Second Phase Focused Learning) with 1200 Cases
Currently Optimization: 7
Constructing Template (First Phase Focused Learning, Regression) with 5000 Cases
Scenario Optimization (Second Phase Focused Learning) with 1200 Cases
Currently Optimization: 8
Constructing Template (First Phase Focused Learning, Regression) with 5000 Cases
Scenario Optimization (Second Phase Focused Learning) with 1200 Cases
Verifying...
Component Margins: [0.11498786887126551, 0.0997153417920617, 0.12829622389559217, 0.09990578534754195, 0.12025422742146447, 0.10843465984092193, 0.12256544397421834, 0.16596789841844917, 0.13156236397548215, 0.0]
Margin: 0.24498167419002037
Network is PAC-model robust with error rate 0.1 and confidence level 0.999
Verification Radius(L-inf):  13
Mean:  (0.4914, 0.4822, 0.4465)
Std:  (0.2023, 0.1994, 0.201)
Label to verify: 9
Original Output: tensor([[-2.6034,  0.1729, -0.3277, -1.5458, -3.0168, -1.3952, -1.8366, -0.3172,
         -1.6092, 12.4795]])
Error Ratio: 0.1
Free Variables: 52
Currently Optimization: 0
Constructing Template (First Phase Focused Learning, Regression) with 5000 Cases
Scenario Optimization (Second Phase Focused Learning) with 1200 Cases
Currently Optimization: 1
Constructing Template (First Phase Focused Learning, Regression) with 5000 Cases
Scenario Optimization (Second Phase Focused Learning) with 1200 Cases
Currently Optimization: 2
Constructing Template (First Phase Focused Learning, Regression) with 5000 Cases
Scenario Optimization (Second Phase Focused Learning) with 1200 Cases
Currently Optimization: 3
Constructing Template (First Phase Focused Learning, Regression) with 5000 Cases
Scenario Optimization (Second Phase Focused Learning) with 1200 Cases
Currently Optimization: 4
Constructing Template (First Phase Focused Learning, Regression) with 5000 Cases
Scenario Optimization (Second Phase Focused Learning) with 1200 Cases
Currently Optimization: 5
Constructing Template (First Phase Focused Learning, Regression) with 5000 Cases
Scenario Optimization (Second Phase Focused Learning) with 1200 Cases
Currently Optimization: 6
Constructing Template (First Phase Focused Learning, Regression) with 5000 Cases
Scenario Optimization (Second Phase Focused Learning) with 1200 Cases
Currently Optimization: 7
Constructing Template (First Phase Focused Learning, Regression) with 5000 Cases
Scenario Optimization (Second Phase Focused Learning) with 1200 Cases
Currently Optimization: 8
Constructing Template (First Phase Focused Learning, Regression) with 5000 Cases
Scenario Optimization (Second Phase Focused Learning) with 1200 Cases
Verifying...
Component Margins: [0.1333800727872342, 0.1162459024892416, 0.1477420536041878, 0.11740049243944917, 0.13773612009551414, 0.12417074125953845, 0.14212895014248855, 0.19108575791555674, 0.15330258442935035, 0.0]
Margin: 0.30249906738363563
Potential Counter-Example Found! Attack From 7
Difference Evaluation( 7 - 9 ): [ 0.8673028637279261 , 1.2494743795590395 ]
Fake Counter-Example. Potential Attack label: 7 Score: tensor(5.3470, device='cuda:0') Real Largest Label: 9 Score: tensor(6.6148, device='cuda:0') Original Label Score: tensor(6.6148, device='cuda:0')
Difference: tensor(-1.2678, device='cuda:0')
Unknown. Potential Counter-Example exists.
Verification Radius(L-inf):  12
Mean:  (0.4914, 0.4822, 0.4465)
Std:  (0.2023, 0.1994, 0.201)
Label to verify: 9
Original Output: tensor([[-2.6034,  0.1729, -0.3277, -1.5458, -3.0168, -1.3952, -1.8366, -0.3172,
         -1.6092, 12.4795]])
Error Ratio: 0.01
Free Variables: 50
Currently Optimization: 0
Constructing Template (First Phase Focused Learning, Regression) with 20000 Cases
Scenario Optimization (Second Phase Focused Learning) with 10800 Cases
Currently Optimization: 1
Constructing Template (First Phase Focused Learning, Regression) with 20000 Cases
Scenario Optimization (Second Phase Focused Learning) with 10800 Cases
Currently Optimization: 2
Constructing Template (First Phase Focused Learning, Regression) with 20000 Cases
Scenario Optimization (Second Phase Focused Learning) with 10800 Cases
Currently Optimization: 3
Constructing Template (First Phase Focused Learning, Regression) with 20000 Cases
Scenario Optimization (Second Phase Focused Learning) with 10800 Cases
Currently Optimization: 4
Constructing Template (First Phase Focused Learning, Regression) with 20000 Cases
Scenario Optimization (Second Phase Focused Learning) with 10800 Cases
Currently Optimization: 5
Constructing Template (First Phase Focused Learning, Regression) with 20000 Cases
Scenario Optimization (Second Phase Focused Learning) with 10800 Cases
Currently Optimization: 6
Constructing Template (First Phase Focused Learning, Regression) with 20000 Cases
Scenario Optimization (Second Phase Focused Learning) with 10800 Cases
Currently Optimization: 7
Constructing Template (First Phase Focused Learning, Regression) with 20000 Cases
Scenario Optimization (Second Phase Focused Learning) with 10800 Cases
Currently Optimization: 8
Constructing Template (First Phase Focused Learning, Regression) with 20000 Cases
Scenario Optimization (Second Phase Focused Learning) with 10800 Cases
Verifying...
Component Margins: [0.10237071841524674, 0.08964370586133077, 0.12160592444962705, 0.09117271307354269, 0.10984641424749259, 0.09575922883607313, 0.1089038735200249, 0.14478720867460254, 0.1202245334290454, 0.0]
Margin: 0.17765955923832344
Network is PAC-model robust with error rate 0.01 and confidence level 0.9
Verification Radius(L-inf):  13
Mean:  (0.4914, 0.4822, 0.4465)
Std:  (0.2023, 0.1994, 0.201)
Label to verify: 9
Original Output: tensor([[-2.6034,  0.1729, -0.3277, -1.5458, -3.0168, -1.3952, -1.8366, -0.3172,
         -1.6092, 12.4795]])
Error Ratio: 0.01
Free Variables: 50
Currently Optimization: 0
Constructing Template (First Phase Focused Learning, Regression) with 20000 Cases
Scenario Optimization (Second Phase Focused Learning) with 10800 Cases
Currently Optimization: 1
Constructing Template (First Phase Focused Learning, Regression) with 20000 Cases
Scenario Optimization (Second Phase Focused Learning) with 10800 Cases
Currently Optimization: 2
Constructing Template (First Phase Focused Learning, Regression) with 20000 Cases
Scenario Optimization (Second Phase Focused Learning) with 10800 Cases
Currently Optimization: 3
Constructing Template (First Phase Focused Learning, Regression) with 20000 Cases
Scenario Optimization (Second Phase Focused Learning) with 10800 Cases
Currently Optimization: 4
Constructing Template (First Phase Focused Learning, Regression) with 20000 Cases
Scenario Optimization (Second Phase Focused Learning) with 10800 Cases
Currently Optimization: 5
Constructing Template (First Phase Focused Learning, Regression) with 20000 Cases
Scenario Optimization (Second Phase Focused Learning) with 10800 Cases
Currently Optimization: 6
Constructing Template (First Phase Focused Learning, Regression) with 20000 Cases
Scenario Optimization (Second Phase Focused Learning) with 10800 Cases
Currently Optimization: 7
Constructing Template (First Phase Focused Learning, Regression) with 20000 Cases
Scenario Optimization (Second Phase Focused Learning) with 10800 Cases
Currently Optimization: 8
Constructing Template (First Phase Focused Learning, Regression) with 20000 Cases
Scenario Optimization (Second Phase Focused Learning) with 10800 Cases
Verifying...
Component Margins: [0.11737536505847479, 0.10287455024433376, 0.1383554850678848, 0.10406608096417601, 0.12682674959004112, 0.11033068809488354, 0.12659182752555223, 0.1685865794401763, 0.13989679035884428, 0.0]
Margin: 0.20495167713279372
Potential Counter-Example Found! Attack From 7
Difference Evaluation( 7 - 9 ): [ -0.2621498868961505 , 0.07502327198420211 ]
Fake Counter-Example. Potential Attack label: 7 Score: tensor(5.6234, device='cuda:0') Real Largest Label: 9 Score: tensor(6.3318, device='cuda:0') Original Label Score: tensor(6.3318, device='cuda:0')
Difference: tensor(-0.7084, device='cuda:0')
Unknown. Potential Counter-Example exists.
Verification Radius(L-inf):  11
Mean:  (0.4914, 0.4822, 0.4465)
Std:  (0.2023, 0.1994, 0.201)
Label to verify: 9
Original Output: tensor([[-2.6034,  0.1729, -0.3277, -1.5458, -3.0168, -1.3952, -1.8366, -0.3172,
         -1.6092, 12.4795]])
Error Ratio: 0.01
Free Variables: 50
Currently Optimization: 0
Constructing Template (First Phase Focused Learning, Regression) with 5000 Cases
Scenario Optimization (Second Phase Focused Learning) with 10800 Cases
Currently Optimization: 1
Constructing Template (First Phase Focused Learning, Regression) with 5000 Cases
Scenario Optimization (Second Phase Focused Learning) with 10800 Cases
Currently Optimization: 2
Constructing Template (First Phase Focused Learning, Regression) with 5000 Cases
Scenario Optimization (Second Phase Focused Learning) with 10800 Cases
Currently Optimization: 3
Constructing Template (First Phase Focused Learning, Regression) with 5000 Cases
Scenario Optimization (Second Phase Focused Learning) with 10800 Cases
Currently Optimization: 4
Constructing Template (First Phase Focused Learning, Regression) with 5000 Cases
Scenario Optimization (Second Phase Focused Learning) with 10800 Cases
Currently Optimization: 5
Constructing Template (First Phase Focused Learning, Regression) with 5000 Cases
Scenario Optimization (Second Phase Focused Learning) with 10800 Cases
Currently Optimization: 6
Constructing Template (First Phase Focused Learning, Regression) with 5000 Cases
Scenario Optimization (Second Phase Focused Learning) with 10800 Cases
Currently Optimization: 7
Constructing Template (First Phase Focused Learning, Regression) with 5000 Cases
Scenario Optimization (Second Phase Focused Learning) with 10800 Cases
Currently Optimization: 8
Constructing Template (First Phase Focused Learning, Regression) with 5000 Cases
Scenario Optimization (Second Phase Focused Learning) with 10800 Cases
Verifying...
Component Margins: [0.12990706338607177, 0.10985743933010161, 0.14540346085130323, 0.11873296820171304, 0.13596577728279538, 0.12694388233939632, 0.1394529370253621, 0.18568646046949075, 0.14848270381909096, 0.0]
Margin: 0.2637997341473479
Network is PAC-model robust with error rate 0.01 and confidence level 0.9
Verification Radius(L-inf):  12
Mean:  (0.4914, 0.4822, 0.4465)
Std:  (0.2023, 0.1994, 0.201)
Label to verify: 9
Original Output: tensor([[-2.6034,  0.1729, -0.3277, -1.5458, -3.0168, -1.3952, -1.8366, -0.3172,
         -1.6092, 12.4795]])
Error Ratio: 0.01
Free Variables: 50
Currently Optimization: 0
Constructing Template (First Phase Focused Learning, Regression) with 5000 Cases
Scenario Optimization (Second Phase Focused Learning) with 10800 Cases
Currently Optimization: 1
Constructing Template (First Phase Focused Learning, Regression) with 5000 Cases
Scenario Optimization (Second Phase Focused Learning) with 10800 Cases
Currently Optimization: 2
Constructing Template (First Phase Focused Learning, Regression) with 5000 Cases
Scenario Optimization (Second Phase Focused Learning) with 10800 Cases
Currently Optimization: 3
Constructing Template (First Phase Focused Learning, Regression) with 5000 Cases
Scenario Optimization (Second Phase Focused Learning) with 10800 Cases
Currently Optimization: 4
Constructing Template (First Phase Focused Learning, Regression) with 5000 Cases
Scenario Optimization (Second Phase Focused Learning) with 10800 Cases
Currently Optimization: 5
Constructing Template (First Phase Focused Learning, Regression) with 5000 Cases
Scenario Optimization (Second Phase Focused Learning) with 10800 Cases
Currently Optimization: 6
Constructing Template (First Phase Focused Learning, Regression) with 5000 Cases
Scenario Optimization (Second Phase Focused Learning) with 10800 Cases
Currently Optimization: 7
Constructing Template (First Phase Focused Learning, Regression) with 5000 Cases
Scenario Optimization (Second Phase Focused Learning) with 10800 Cases
Currently Optimization: 8
Constructing Template (First Phase Focused Learning, Regression) with 5000 Cases
Scenario Optimization (Second Phase Focused Learning) with 10800 Cases
Verifying...
Component Margins: [0.1524833679186866, 0.12948243690158365, 0.17259901650087434, 0.13743407831782606, 0.15735027673371005, 0.1467713185635453, 0.16454429461144848, 0.21757197117390248, 0.1744423654176164, 0.0]
Margin: 0.2845996059710778
Potential Counter-Example Found! Attack From 7
Difference Evaluation( 7 - 9 ): [ -0.42808216431697743 , 0.007061778030827526 ]
Fake Counter-Example. Potential Attack label: 7 Score: tensor(5.0800, device='cuda:0') Real Largest Label: 9 Score: tensor(6.9414, device='cuda:0') Original Label Score: tensor(6.9414, device='cuda:0')
Difference: tensor(-1.8614, device='cuda:0')
Unknown. Potential Counter-Example exists.
Time:  2374.4067692756653
Epsilon: 0.01 Eta: 0.001 K(1): 20000 Radius(L-inf): 12    Network is PAC-model robust.
Epsilon: 0.01 Eta: 0.001 K(1): 20000 Radius(L-inf): 13    Unknown. Potential Counter-Example exists.
Epsilon: 0.01 Eta: 0.001 K(1): 5000 Radius(L-inf): 11    Network is PAC-model robust.
Epsilon: 0.01 Eta: 0.001 K(1): 5000 Radius(L-inf): 12    Network is PAC-model robust.
Epsilon: 0.1 Eta: 0.001 K(1): 20000 Radius(L-inf): 12    Network is PAC-model robust.
Epsilon: 0.1 Eta: 0.001 K(1): 20000 Radius(L-inf): 13    Unknown. Potential Counter-Example exists.
Epsilon: 0.1 Eta: 0.001 K(1): 5000 Radius(L-inf): 12    Network is PAC-model robust.
Epsilon: 0.1 Eta: 0.001 K(1): 5000 Radius(L-inf): 13    Unknown. Potential Counter-Example exists.
Epsilon: 0.01 Eta: 0.1 K(1): 20000 Radius(L-inf): 12    Network is PAC-model robust.
Epsilon: 0.01 Eta: 0.1 K(1): 20000 Radius(L-inf): 13    Unknown. Potential Counter-Example exists.
Epsilon: 0.01 Eta: 0.1 K(1): 5000 Radius(L-inf): 11    Network is PAC-model robust.
Epsilon: 0.01 Eta: 0.1 K(1): 5000 Radius(L-inf): 12    Unknown. Potential Counter-Example exists.

