Files already downloaded and verified
Verification Radius(L-inf):  11
Mean:  (0.4914, 0.4822, 0.4465)
Std:  (0.2023, 0.1994, 0.201)
Label to verify: 9
Original Output: tensor([[ 0.2211, -1.2802, -0.1700, -0.8052, -1.6307, -2.2918, -0.6676, -0.4856,
         -1.5417,  8.6515]])
Error Ratio: 0.01
Free Variables: 50
Currently Optimization: 0
Constructing Template (First Phase Focused Learning, Regression) with 20000 Cases
Scenario Optimization (Second Phase Focused Learning) with 11600 Cases
Set parameter Username
Academic license - for non-commercial use only - expires 2022-02-24
Currently Optimization: 1
Constructing Template (First Phase Focused Learning, Regression) with 20000 Cases
Scenario Optimization (Second Phase Focused Learning) with 11600 Cases
Currently Optimization: 2
Constructing Template (First Phase Focused Learning, Regression) with 20000 Cases
Scenario Optimization (Second Phase Focused Learning) with 11600 Cases
Currently Optimization: 3
Constructing Template (First Phase Focused Learning, Regression) with 20000 Cases
Scenario Optimization (Second Phase Focused Learning) with 11600 Cases
Currently Optimization: 4
Constructing Template (First Phase Focused Learning, Regression) with 20000 Cases
Scenario Optimization (Second Phase Focused Learning) with 11600 Cases
Currently Optimization: 5
Constructing Template (First Phase Focused Learning, Regression) with 20000 Cases
Scenario Optimization (Second Phase Focused Learning) with 11600 Cases
Currently Optimization: 6
Constructing Template (First Phase Focused Learning, Regression) with 20000 Cases
Scenario Optimization (Second Phase Focused Learning) with 11600 Cases
Currently Optimization: 7
Constructing Template (First Phase Focused Learning, Regression) with 20000 Cases
Scenario Optimization (Second Phase Focused Learning) with 11600 Cases
Currently Optimization: 8
Constructing Template (First Phase Focused Learning, Regression) with 20000 Cases
Scenario Optimization (Second Phase Focused Learning) with 11600 Cases
Verifying...
Component Margins: [0.13432585261287103, 0.06806777982511149, 0.09498058937347456, 0.10806913274591036, 0.12016197206427559, 0.11326642442295179, 0.10216682996781601, 0.1084033934886844, 0.10490411696177773, 0.0]
Margin: 0.1690060893994172
Network is PAC-model robust with error rate 0.01 and confidence level 0.999
Verification Radius(L-inf):  12
Mean:  (0.4914, 0.4822, 0.4465)
Std:  (0.2023, 0.1994, 0.201)
Label to verify: 9
Original Output: tensor([[ 0.2211, -1.2802, -0.1700, -0.8052, -1.6307, -2.2918, -0.6676, -0.4856,
         -1.5417,  8.6515]])
Error Ratio: 0.01
Free Variables: 50
Currently Optimization: 0
Constructing Template (First Phase Focused Learning, Regression) with 20000 Cases
Scenario Optimization (Second Phase Focused Learning) with 11600 Cases
Currently Optimization: 1
Constructing Template (First Phase Focused Learning, Regression) with 20000 Cases
Scenario Optimization (Second Phase Focused Learning) with 11600 Cases
Currently Optimization: 2
Constructing Template (First Phase Focused Learning, Regression) with 20000 Cases
Scenario Optimization (Second Phase Focused Learning) with 11600 Cases
Currently Optimization: 3
Constructing Template (First Phase Focused Learning, Regression) with 20000 Cases
Scenario Optimization (Second Phase Focused Learning) with 11600 Cases
Currently Optimization: 4
Constructing Template (First Phase Focused Learning, Regression) with 20000 Cases
Scenario Optimization (Second Phase Focused Learning) with 11600 Cases
Currently Optimization: 5
Constructing Template (First Phase Focused Learning, Regression) with 20000 Cases
Scenario Optimization (Second Phase Focused Learning) with 11600 Cases
Currently Optimization: 6
Constructing Template (First Phase Focused Learning, Regression) with 20000 Cases
Scenario Optimization (Second Phase Focused Learning) with 11600 Cases
Currently Optimization: 7
Constructing Template (First Phase Focused Learning, Regression) with 20000 Cases
Scenario Optimization (Second Phase Focused Learning) with 11600 Cases
Currently Optimization: 8
Constructing Template (First Phase Focused Learning, Regression) with 20000 Cases
Scenario Optimization (Second Phase Focused Learning) with 11600 Cases
Verifying...
Component Margins: [0.15742292883944708, 0.07876315322899559, 0.11062910815089946, 0.12465463854730133, 0.142398224605166, 0.12976846814588006, 0.118680326352016, 0.12768687664050696, 0.12102752594882984, 0.0]
Margin: 0.19598682243057297
Potential Counter-Example Found! Attack From 0
Difference Evaluation( 0 - 9 ): [ -0.28026244210773843 , 0.03458341557115574 ]
Fake Counter-Example. Potential Attack label: 0 Score: tensor(5.3458, device='cuda:0') Real Largest Label: 9 Score: tensor(6.0534, device='cuda:0') Original Label Score: tensor(6.0534, device='cuda:0')
Difference: tensor(-0.7076, device='cuda:0')
Unknown. Potential Counter-Example exists.
Verification Radius(L-inf):  10
Mean:  (0.4914, 0.4822, 0.4465)
Std:  (0.2023, 0.1994, 0.201)
Label to verify: 9
Original Output: tensor([[ 0.2211, -1.2802, -0.1700, -0.8052, -1.6307, -2.2918, -0.6676, -0.4856,
         -1.5417,  8.6515]])
Error Ratio: 0.01
Free Variables: 50
Currently Optimization: 0
Constructing Template (First Phase Focused Learning, Regression) with 5000 Cases
Scenario Optimization (Second Phase Focused Learning) with 11600 Cases
Currently Optimization: 1
Constructing Template (First Phase Focused Learning, Regression) with 5000 Cases
Scenario Optimization (Second Phase Focused Learning) with 11600 Cases
Currently Optimization: 2
Constructing Template (First Phase Focused Learning, Regression) with 5000 Cases
Scenario Optimization (Second Phase Focused Learning) with 11600 Cases
Currently Optimization: 3
Constructing Template (First Phase Focused Learning, Regression) with 5000 Cases
Scenario Optimization (Second Phase Focused Learning) with 11600 Cases
Currently Optimization: 4
Constructing Template (First Phase Focused Learning, Regression) with 5000 Cases
Scenario Optimization (Second Phase Focused Learning) with 11600 Cases
Currently Optimization: 5
Constructing Template (First Phase Focused Learning, Regression) with 5000 Cases
Scenario Optimization (Second Phase Focused Learning) with 11600 Cases
Currently Optimization: 6
Constructing Template (First Phase Focused Learning, Regression) with 5000 Cases
Scenario Optimization (Second Phase Focused Learning) with 11600 Cases
Currently Optimization: 7
Constructing Template (First Phase Focused Learning, Regression) with 5000 Cases
Scenario Optimization (Second Phase Focused Learning) with 11600 Cases
Currently Optimization: 8
Constructing Template (First Phase Focused Learning, Regression) with 5000 Cases
Scenario Optimization (Second Phase Focused Learning) with 11600 Cases
Verifying...
Component Margins: [0.17049933373848805, 0.08354327719133756, 0.11567284137932722, 0.13451608809578805, 0.1434691034634066, 0.14712558468856896, 0.12332041268128979, 0.13343802535062085, 0.13278210704763746, 0.0]
Margin: 0.20479928126646385
Network is PAC-model robust with error rate 0.01 and confidence level 0.999
Verification Radius(L-inf):  11
Mean:  (0.4914, 0.4822, 0.4465)
Std:  (0.2023, 0.1994, 0.201)
Label to verify: 9
Original Output: tensor([[ 0.2211, -1.2802, -0.1700, -0.8052, -1.6307, -2.2918, -0.6676, -0.4856,
         -1.5417,  8.6515]])
Error Ratio: 0.01
Free Variables: 50
Currently Optimization: 0
Constructing Template (First Phase Focused Learning, Regression) with 5000 Cases
Scenario Optimization (Second Phase Focused Learning) with 11600 Cases
Currently Optimization: 1
Constructing Template (First Phase Focused Learning, Regression) with 5000 Cases
Scenario Optimization (Second Phase Focused Learning) with 11600 Cases
Currently Optimization: 2
Constructing Template (First Phase Focused Learning, Regression) with 5000 Cases
Scenario Optimization (Second Phase Focused Learning) with 11600 Cases
Currently Optimization: 3
Constructing Template (First Phase Focused Learning, Regression) with 5000 Cases
Scenario Optimization (Second Phase Focused Learning) with 11600 Cases
Currently Optimization: 4
Constructing Template (First Phase Focused Learning, Regression) with 5000 Cases
Scenario Optimization (Second Phase Focused Learning) with 11600 Cases
Currently Optimization: 5
Constructing Template (First Phase Focused Learning, Regression) with 5000 Cases
Scenario Optimization (Second Phase Focused Learning) with 11600 Cases
Currently Optimization: 6
Constructing Template (First Phase Focused Learning, Regression) with 5000 Cases
Scenario Optimization (Second Phase Focused Learning) with 11600 Cases
Currently Optimization: 7
Constructing Template (First Phase Focused Learning, Regression) with 5000 Cases
Scenario Optimization (Second Phase Focused Learning) with 11600 Cases
Currently Optimization: 8
Constructing Template (First Phase Focused Learning, Regression) with 5000 Cases
Scenario Optimization (Second Phase Focused Learning) with 11600 Cases
Verifying...
Component Margins: [0.20084282593997696, 0.09906023039607702, 0.13748930655089373, 0.15650207894015444, 0.1719541037562467, 0.1725095472304129, 0.14679184305662019, 0.1603801256075772, 0.1547431542320911, 0.0]
Margin: 0.2504278968015168
Potential Counter-Example Found! Attack From 0
Difference Evaluation( 0 - 9 ): [ 0.21167986208756523 , 0.6133655139675191 ]
Fake Counter-Example. Potential Attack label: 0 Score: tensor(5.0119, device='cuda:0') Real Largest Label: 9 Score: tensor(6.4121, device='cuda:0') Original Label Score: tensor(6.4121, device='cuda:0')
Difference: tensor(-1.4002, device='cuda:0')
Unknown. Potential Counter-Example exists.
Verification Radius(L-inf):  11
Mean:  (0.4914, 0.4822, 0.4465)
Std:  (0.2023, 0.1994, 0.201)
Label to verify: 9
Original Output: tensor([[ 0.2211, -1.2802, -0.1700, -0.8052, -1.6307, -2.2918, -0.6676, -0.4856,
         -1.5417,  8.6515]])
Error Ratio: 0.1
Free Variables: 52
Currently Optimization: 0
Constructing Template (First Phase Focused Learning, Regression) with 20000 Cases
Scenario Optimization (Second Phase Focused Learning) with 1200 Cases
Currently Optimization: 1
Constructing Template (First Phase Focused Learning, Regression) with 20000 Cases
Scenario Optimization (Second Phase Focused Learning) with 1200 Cases
Currently Optimization: 2
Constructing Template (First Phase Focused Learning, Regression) with 20000 Cases
Scenario Optimization (Second Phase Focused Learning) with 1200 Cases
Currently Optimization: 3
Constructing Template (First Phase Focused Learning, Regression) with 20000 Cases
Scenario Optimization (Second Phase Focused Learning) with 1200 Cases
Currently Optimization: 4
Constructing Template (First Phase Focused Learning, Regression) with 20000 Cases
Scenario Optimization (Second Phase Focused Learning) with 1200 Cases
Currently Optimization: 5
Constructing Template (First Phase Focused Learning, Regression) with 20000 Cases
Scenario Optimization (Second Phase Focused Learning) with 1200 Cases
Currently Optimization: 6
Constructing Template (First Phase Focused Learning, Regression) with 20000 Cases
Scenario Optimization (Second Phase Focused Learning) with 1200 Cases
Currently Optimization: 7
Constructing Template (First Phase Focused Learning, Regression) with 20000 Cases
Scenario Optimization (Second Phase Focused Learning) with 1200 Cases
Currently Optimization: 8
Constructing Template (First Phase Focused Learning, Regression) with 20000 Cases
Scenario Optimization (Second Phase Focused Learning) with 1200 Cases
Verifying...
Component Margins: [0.094769134061975, 0.0500514316944865, 0.06794282783723647, 0.07573801078061439, 0.08721107593093522, 0.0767235792907875, 0.07025240987491235, 0.0794055901668743, 0.08059114735920464, 0.0]
Margin: 0.1494770490325532
Network is PAC-model robust with error rate 0.1 and confidence level 0.999
Verification Radius(L-inf):  12
Mean:  (0.4914, 0.4822, 0.4465)
Std:  (0.2023, 0.1994, 0.201)
Label to verify: 9
Original Output: tensor([[ 0.2211, -1.2802, -0.1700, -0.8052, -1.6307, -2.2918, -0.6676, -0.4856,
         -1.5417,  8.6515]])
Error Ratio: 0.1
Free Variables: 52
Currently Optimization: 0
Constructing Template (First Phase Focused Learning, Regression) with 20000 Cases
Scenario Optimization (Second Phase Focused Learning) with 1200 Cases
Currently Optimization: 1
Constructing Template (First Phase Focused Learning, Regression) with 20000 Cases
Scenario Optimization (Second Phase Focused Learning) with 1200 Cases
Currently Optimization: 2
Constructing Template (First Phase Focused Learning, Regression) with 20000 Cases
Scenario Optimization (Second Phase Focused Learning) with 1200 Cases
Currently Optimization: 3
Constructing Template (First Phase Focused Learning, Regression) with 20000 Cases
Scenario Optimization (Second Phase Focused Learning) with 1200 Cases
Currently Optimization: 4
Constructing Template (First Phase Focused Learning, Regression) with 20000 Cases
Scenario Optimization (Second Phase Focused Learning) with 1200 Cases
Currently Optimization: 5
Constructing Template (First Phase Focused Learning, Regression) with 20000 Cases
Scenario Optimization (Second Phase Focused Learning) with 1200 Cases
Currently Optimization: 6
Constructing Template (First Phase Focused Learning, Regression) with 20000 Cases
Scenario Optimization (Second Phase Focused Learning) with 1200 Cases
Currently Optimization: 7
Constructing Template (First Phase Focused Learning, Regression) with 20000 Cases
Scenario Optimization (Second Phase Focused Learning) with 1200 Cases
Currently Optimization: 8
Constructing Template (First Phase Focused Learning, Regression) with 20000 Cases
Scenario Optimization (Second Phase Focused Learning) with 1200 Cases
Verifying...
Component Margins: [0.11068464184670322, 0.05730788846512382, 0.07812936699949484, 0.08455094785787962, 0.10203191561041715, 0.08861963468382845, 0.08164455430611892, 0.09165672290640473, 0.09235187473441914, 0.0]
Margin: 0.17928508570560275
Network is PAC-model robust with error rate 0.1 and confidence level 0.999
Verification Radius(L-inf):  10
Mean:  (0.4914, 0.4822, 0.4465)
Std:  (0.2023, 0.1994, 0.201)
Label to verify: 9
Original Output: tensor([[ 0.2211, -1.2802, -0.1700, -0.8052, -1.6307, -2.2918, -0.6676, -0.4856,
         -1.5417,  8.6515]])
Error Ratio: 0.1
Free Variables: 52
Currently Optimization: 0
Constructing Template (First Phase Focused Learning, Regression) with 5000 Cases
Scenario Optimization (Second Phase Focused Learning) with 1200 Cases
Currently Optimization: 1
Constructing Template (First Phase Focused Learning, Regression) with 5000 Cases
Scenario Optimization (Second Phase Focused Learning) with 1200 Cases
Currently Optimization: 2
Constructing Template (First Phase Focused Learning, Regression) with 5000 Cases
Scenario Optimization (Second Phase Focused Learning) with 1200 Cases
Currently Optimization: 3
Constructing Template (First Phase Focused Learning, Regression) with 5000 Cases
Scenario Optimization (Second Phase Focused Learning) with 1200 Cases
Currently Optimization: 4
Constructing Template (First Phase Focused Learning, Regression) with 5000 Cases
Scenario Optimization (Second Phase Focused Learning) with 1200 Cases
Currently Optimization: 5
Constructing Template (First Phase Focused Learning, Regression) with 5000 Cases
Scenario Optimization (Second Phase Focused Learning) with 1200 Cases
Currently Optimization: 6
Constructing Template (First Phase Focused Learning, Regression) with 5000 Cases
Scenario Optimization (Second Phase Focused Learning) with 1200 Cases
Currently Optimization: 7
Constructing Template (First Phase Focused Learning, Regression) with 5000 Cases
Scenario Optimization (Second Phase Focused Learning) with 1200 Cases
Currently Optimization: 8
Constructing Template (First Phase Focused Learning, Regression) with 5000 Cases
Scenario Optimization (Second Phase Focused Learning) with 1200 Cases
Verifying...
Component Margins: [0.12784070323304092, 0.06240702034720653, 0.08506261574359944, 0.10740441428921663, 0.11212882282189376, 0.1065009646510704, 0.09470556141972405, 0.09923552047251577, 0.09912877058210907, 0.0]
Margin: 0.21445994182059636
Network is PAC-model robust with error rate 0.1 and confidence level 0.999
Verification Radius(L-inf):  11
Mean:  (0.4914, 0.4822, 0.4465)
Std:  (0.2023, 0.1994, 0.201)
Label to verify: 9
Original Output: tensor([[ 0.2211, -1.2802, -0.1700, -0.8052, -1.6307, -2.2918, -0.6676, -0.4856,
         -1.5417,  8.6515]])
Error Ratio: 0.1
Free Variables: 52
Currently Optimization: 0
Constructing Template (First Phase Focused Learning, Regression) with 5000 Cases
Scenario Optimization (Second Phase Focused Learning) with 1200 Cases
Currently Optimization: 1
Constructing Template (First Phase Focused Learning, Regression) with 5000 Cases
Scenario Optimization (Second Phase Focused Learning) with 1200 Cases
Currently Optimization: 2
Constructing Template (First Phase Focused Learning, Regression) with 5000 Cases
Scenario Optimization (Second Phase Focused Learning) with 1200 Cases
Currently Optimization: 3
Constructing Template (First Phase Focused Learning, Regression) with 5000 Cases
Scenario Optimization (Second Phase Focused Learning) with 1200 Cases
Currently Optimization: 4
Constructing Template (First Phase Focused Learning, Regression) with 5000 Cases
Scenario Optimization (Second Phase Focused Learning) with 1200 Cases
Currently Optimization: 5
Constructing Template (First Phase Focused Learning, Regression) with 5000 Cases
Scenario Optimization (Second Phase Focused Learning) with 1200 Cases
Currently Optimization: 6
Constructing Template (First Phase Focused Learning, Regression) with 5000 Cases
Scenario Optimization (Second Phase Focused Learning) with 1200 Cases
Currently Optimization: 7
Constructing Template (First Phase Focused Learning, Regression) with 5000 Cases
Scenario Optimization (Second Phase Focused Learning) with 1200 Cases
Currently Optimization: 8
Constructing Template (First Phase Focused Learning, Regression) with 5000 Cases
Scenario Optimization (Second Phase Focused Learning) with 1200 Cases
Verifying...
Component Margins: [0.15127836014532378, 0.07410340681415398, 0.09938975797148467, 0.12412698734652956, 0.13434714181201482, 0.12477926790763944, 0.11211351510146263, 0.11599080963907314, 0.11421048042779006, 0.0]
Margin: 0.24554924494703023
Potential Counter-Example Found! Attack From 0
Difference Evaluation( 0 - 9 ): [ 0.3854574171709953 , 0.6880141374616429 ]
Fake Counter-Example. Potential Attack label: 0 Score: tensor(5.0205, device='cuda:0') Real Largest Label: 9 Score: tensor(6.3837, device='cuda:0') Original Label Score: tensor(6.3837, device='cuda:0')
Difference: tensor(-1.3632, device='cuda:0')
Unknown. Potential Counter-Example exists.
Verification Radius(L-inf):  11
Mean:  (0.4914, 0.4822, 0.4465)
Std:  (0.2023, 0.1994, 0.201)
Label to verify: 9
Original Output: tensor([[ 0.2211, -1.2802, -0.1700, -0.8052, -1.6307, -2.2918, -0.6676, -0.4856,
         -1.5417,  8.6515]])
Error Ratio: 0.01
Free Variables: 50
Currently Optimization: 0
Constructing Template (First Phase Focused Learning, Regression) with 20000 Cases
Scenario Optimization (Second Phase Focused Learning) with 10800 Cases
Currently Optimization: 1
Constructing Template (First Phase Focused Learning, Regression) with 20000 Cases
Scenario Optimization (Second Phase Focused Learning) with 10800 Cases
Currently Optimization: 2
Constructing Template (First Phase Focused Learning, Regression) with 20000 Cases
Scenario Optimization (Second Phase Focused Learning) with 10800 Cases
Currently Optimization: 3
Constructing Template (First Phase Focused Learning, Regression) with 20000 Cases
Scenario Optimization (Second Phase Focused Learning) with 10800 Cases
Currently Optimization: 4
Constructing Template (First Phase Focused Learning, Regression) with 20000 Cases
Scenario Optimization (Second Phase Focused Learning) with 10800 Cases
Currently Optimization: 5
Constructing Template (First Phase Focused Learning, Regression) with 20000 Cases
Scenario Optimization (Second Phase Focused Learning) with 10800 Cases
Currently Optimization: 6
Constructing Template (First Phase Focused Learning, Regression) with 20000 Cases
Scenario Optimization (Second Phase Focused Learning) with 10800 Cases
Currently Optimization: 7
Constructing Template (First Phase Focused Learning, Regression) with 20000 Cases
Scenario Optimization (Second Phase Focused Learning) with 10800 Cases
Currently Optimization: 8
Constructing Template (First Phase Focused Learning, Regression) with 20000 Cases
Scenario Optimization (Second Phase Focused Learning) with 10800 Cases
Verifying...
Component Margins: [0.1329535100318506, 0.06787455004742182, 0.0945922792792539, 0.10762462874916523, 0.1193521013055308, 0.11260613683160962, 0.10120286508079025, 0.10742181982545254, 0.1046413681000896, 0.0]
Margin: 0.1742645416567683
Network is PAC-model robust with error rate 0.01 and confidence level 0.9
Verification Radius(L-inf):  12
Mean:  (0.4914, 0.4822, 0.4465)
Std:  (0.2023, 0.1994, 0.201)
Label to verify: 9
Original Output: tensor([[ 0.2211, -1.2802, -0.1700, -0.8052, -1.6307, -2.2918, -0.6676, -0.4856,
         -1.5417,  8.6515]])
Error Ratio: 0.01
Free Variables: 50
Currently Optimization: 0
Constructing Template (First Phase Focused Learning, Regression) with 20000 Cases
Scenario Optimization (Second Phase Focused Learning) with 10800 Cases
Currently Optimization: 1
Constructing Template (First Phase Focused Learning, Regression) with 20000 Cases
Scenario Optimization (Second Phase Focused Learning) with 10800 Cases
Currently Optimization: 2
Constructing Template (First Phase Focused Learning, Regression) with 20000 Cases
Scenario Optimization (Second Phase Focused Learning) with 10800 Cases
Currently Optimization: 3
Constructing Template (First Phase Focused Learning, Regression) with 20000 Cases
Scenario Optimization (Second Phase Focused Learning) with 10800 Cases
Currently Optimization: 4
Constructing Template (First Phase Focused Learning, Regression) with 20000 Cases
Scenario Optimization (Second Phase Focused Learning) with 10800 Cases
Currently Optimization: 5
Constructing Template (First Phase Focused Learning, Regression) with 20000 Cases
Scenario Optimization (Second Phase Focused Learning) with 10800 Cases
Currently Optimization: 6
Constructing Template (First Phase Focused Learning, Regression) with 20000 Cases
Scenario Optimization (Second Phase Focused Learning) with 10800 Cases
Currently Optimization: 7
Constructing Template (First Phase Focused Learning, Regression) with 20000 Cases
Scenario Optimization (Second Phase Focused Learning) with 10800 Cases
Currently Optimization: 8
Constructing Template (First Phase Focused Learning, Regression) with 20000 Cases
Scenario Optimization (Second Phase Focused Learning) with 10800 Cases
Verifying...
Component Margins: [0.15519830939449408, 0.07869374599375537, 0.10972983656816905, 0.1244295592509101, 0.14108104131120902, 0.12939920228688526, 0.11763038286183924, 0.12615046873548258, 0.12092571164685328, 0.0]
Margin: 0.21334384688183405
Potential Counter-Example Found! Attack From 0
Difference Evaluation( 0 - 9 ): [ -0.26770236873045605 , 0.04269425005853211 ]
Fake Counter-Example. Potential Attack label: 0 Score: tensor(5.3458, device='cuda:0') Real Largest Label: 9 Score: tensor(6.0534, device='cuda:0') Original Label Score: tensor(6.0534, device='cuda:0')
Difference: tensor(-0.7076, device='cuda:0')
Unknown. Potential Counter-Example exists.
Verification Radius(L-inf):  10
Mean:  (0.4914, 0.4822, 0.4465)
Std:  (0.2023, 0.1994, 0.201)
Label to verify: 9
Original Output: tensor([[ 0.2211, -1.2802, -0.1700, -0.8052, -1.6307, -2.2918, -0.6676, -0.4856,
         -1.5417,  8.6515]])
Error Ratio: 0.01
Free Variables: 50
Currently Optimization: 0
Constructing Template (First Phase Focused Learning, Regression) with 5000 Cases
Scenario Optimization (Second Phase Focused Learning) with 10800 Cases
Currently Optimization: 1
Constructing Template (First Phase Focused Learning, Regression) with 5000 Cases
Scenario Optimization (Second Phase Focused Learning) with 10800 Cases
Currently Optimization: 2
Constructing Template (First Phase Focused Learning, Regression) with 5000 Cases
Scenario Optimization (Second Phase Focused Learning) with 10800 Cases
Currently Optimization: 3
Constructing Template (First Phase Focused Learning, Regression) with 5000 Cases
Scenario Optimization (Second Phase Focused Learning) with 10800 Cases
Currently Optimization: 4
Constructing Template (First Phase Focused Learning, Regression) with 5000 Cases
Scenario Optimization (Second Phase Focused Learning) with 10800 Cases
Currently Optimization: 5
Constructing Template (First Phase Focused Learning, Regression) with 5000 Cases
Scenario Optimization (Second Phase Focused Learning) with 10800 Cases
Currently Optimization: 6
Constructing Template (First Phase Focused Learning, Regression) with 5000 Cases
Scenario Optimization (Second Phase Focused Learning) with 10800 Cases
Currently Optimization: 7
Constructing Template (First Phase Focused Learning, Regression) with 5000 Cases
Scenario Optimization (Second Phase Focused Learning) with 10800 Cases
Currently Optimization: 8
Constructing Template (First Phase Focused Learning, Regression) with 5000 Cases
Scenario Optimization (Second Phase Focused Learning) with 10800 Cases
Verifying...
Component Margins: [0.16962030772996314, 0.08300907724335455, 0.1145827481291062, 0.13401672951425078, 0.14318735276752412, 0.14301688855176253, 0.12317934098281444, 0.13184445133357853, 0.13276291165333012, 0.0]
Margin: 0.20696034798040586
Network is PAC-model robust with error rate 0.01 and confidence level 0.9
Verification Radius(L-inf):  11
Mean:  (0.4914, 0.4822, 0.4465)
Std:  (0.2023, 0.1994, 0.201)
Label to verify: 9
Original Output: tensor([[ 0.2211, -1.2802, -0.1700, -0.8052, -1.6307, -2.2918, -0.6676, -0.4856,
         -1.5417,  8.6515]])
Error Ratio: 0.01
Free Variables: 50
Currently Optimization: 0
Constructing Template (First Phase Focused Learning, Regression) with 5000 Cases
Scenario Optimization (Second Phase Focused Learning) with 10800 Cases
Currently Optimization: 1
Constructing Template (First Phase Focused Learning, Regression) with 5000 Cases
Scenario Optimization (Second Phase Focused Learning) with 10800 Cases
Currently Optimization: 2
Constructing Template (First Phase Focused Learning, Regression) with 5000 Cases
Scenario Optimization (Second Phase Focused Learning) with 10800 Cases
Currently Optimization: 3
Constructing Template (First Phase Focused Learning, Regression) with 5000 Cases
Scenario Optimization (Second Phase Focused Learning) with 10800 Cases
Currently Optimization: 4
Constructing Template (First Phase Focused Learning, Regression) with 5000 Cases
Scenario Optimization (Second Phase Focused Learning) with 10800 Cases
Currently Optimization: 5
Constructing Template (First Phase Focused Learning, Regression) with 5000 Cases
Scenario Optimization (Second Phase Focused Learning) with 10800 Cases
Currently Optimization: 6
Constructing Template (First Phase Focused Learning, Regression) with 5000 Cases
Scenario Optimization (Second Phase Focused Learning) with 10800 Cases
Currently Optimization: 7
Constructing Template (First Phase Focused Learning, Regression) with 5000 Cases
Scenario Optimization (Second Phase Focused Learning) with 10800 Cases
Currently Optimization: 8
Constructing Template (First Phase Focused Learning, Regression) with 5000 Cases
Scenario Optimization (Second Phase Focused Learning) with 10800 Cases
Verifying...
Component Margins: [0.2000824651222129, 0.09825591583811244, 0.1363702285232875, 0.1557365275425604, 0.1715797649632873, 0.1680377551254578, 0.14602791929725928, 0.15855561320613087, 0.15448108486158235, 0.0]
Margin: 0.24218003975403946
Potential Counter-Example Found! Attack From 0
Difference Evaluation( 0 - 9 ): [ 0.20049239445749023 , 0.600657324701916 ]
Fake Counter-Example. Potential Attack label: 0 Score: tensor(5.0119, device='cuda:0') Real Largest Label: 9 Score: tensor(6.4121, device='cuda:0') Original Label Score: tensor(6.4121, device='cuda:0')
Difference: tensor(-1.4002, device='cuda:0')
Unknown. Potential Counter-Example exists.
Time:  2273.346782684326
Epsilon: 0.01 Eta: 0.001 K(1): 20000 Radius(L-inf): 11    Network is PAC-model robust.
Epsilon: 0.01 Eta: 0.001 K(1): 20000 Radius(L-inf): 12    Unknown. Potential Counter-Example exists.
Epsilon: 0.01 Eta: 0.001 K(1): 5000 Radius(L-inf): 10    Network is PAC-model robust.
Epsilon: 0.01 Eta: 0.001 K(1): 5000 Radius(L-inf): 11    Unknown. Potential Counter-Example exists.
Epsilon: 0.1 Eta: 0.001 K(1): 20000 Radius(L-inf): 11    Network is PAC-model robust.
Epsilon: 0.1 Eta: 0.001 K(1): 20000 Radius(L-inf): 12    Network is PAC-model robust.
Epsilon: 0.1 Eta: 0.001 K(1): 5000 Radius(L-inf): 10    Network is PAC-model robust.
Epsilon: 0.1 Eta: 0.001 K(1): 5000 Radius(L-inf): 11    Unknown. Potential Counter-Example exists.
Epsilon: 0.01 Eta: 0.1 K(1): 20000 Radius(L-inf): 11    Network is PAC-model robust.
Epsilon: 0.01 Eta: 0.1 K(1): 20000 Radius(L-inf): 12    Unknown. Potential Counter-Example exists.
Epsilon: 0.01 Eta: 0.1 K(1): 5000 Radius(L-inf): 10    Network is PAC-model robust.
Epsilon: 0.01 Eta: 0.1 K(1): 5000 Radius(L-inf): 11    Unknown. Potential Counter-Example exists.

