Files already downloaded and verified
Verification Radius(L-inf):  6
Mean:  (0.4914, 0.4822, 0.4465)
Std:  (0.2023, 0.1994, 0.201)
Label to verify: 4
Original Output: tensor([[-1.5983, -2.5180, -0.1335, -1.1183, 11.4635,  0.1684,  0.8768, -0.8176,
         -3.6770, -2.6469]])
Error Ratio: 0.01
Free Variables: 50
Currently Optimization: 0
Constructing Template (First Phase Focused Learning, Regression) with 20000 Cases
Scenario Optimization (Second Phase Focused Learning) with 11600 Cases
Set parameter Username
Academic license - for non-commercial use only - expires 2022-02-24
Currently Optimization: 1
Constructing Template (First Phase Focused Learning, Regression) with 20000 Cases
Scenario Optimization (Second Phase Focused Learning) with 11600 Cases
Currently Optimization: 2
Constructing Template (First Phase Focused Learning, Regression) with 20000 Cases
Scenario Optimization (Second Phase Focused Learning) with 11600 Cases
Currently Optimization: 3
Constructing Template (First Phase Focused Learning, Regression) with 20000 Cases
Scenario Optimization (Second Phase Focused Learning) with 11600 Cases
Currently Optimization: 5
Constructing Template (First Phase Focused Learning, Regression) with 20000 Cases
Scenario Optimization (Second Phase Focused Learning) with 11600 Cases
Currently Optimization: 6
Constructing Template (First Phase Focused Learning, Regression) with 20000 Cases
Scenario Optimization (Second Phase Focused Learning) with 11600 Cases
Currently Optimization: 7
Constructing Template (First Phase Focused Learning, Regression) with 20000 Cases
Scenario Optimization (Second Phase Focused Learning) with 11600 Cases
Currently Optimization: 8
Constructing Template (First Phase Focused Learning, Regression) with 20000 Cases
Scenario Optimization (Second Phase Focused Learning) with 11600 Cases
Currently Optimization: 9
Constructing Template (First Phase Focused Learning, Regression) with 20000 Cases
Scenario Optimization (Second Phase Focused Learning) with 11600 Cases
Verifying...
Component Margins: [0.07724309583024203, 0.07627880814827107, 0.08761546264514038, 0.06949305420583195, 0.0, 0.06476194635132912, 0.10014237419096039, 0.10224746565525969, 0.0681721672069548, 0.07851258511672543]
Margin: 0.12398384147939012
Network is PAC-model robust with error rate 0.01 and confidence level 0.999
Verification Radius(L-inf):  7
Mean:  (0.4914, 0.4822, 0.4465)
Std:  (0.2023, 0.1994, 0.201)
Label to verify: 4
Original Output: tensor([[-1.5983, -2.5180, -0.1335, -1.1183, 11.4635,  0.1684,  0.8768, -0.8176,
         -3.6770, -2.6469]])
Error Ratio: 0.01
Free Variables: 50
Currently Optimization: 0
Constructing Template (First Phase Focused Learning, Regression) with 20000 Cases
Scenario Optimization (Second Phase Focused Learning) with 11600 Cases
Currently Optimization: 1
Constructing Template (First Phase Focused Learning, Regression) with 20000 Cases
Scenario Optimization (Second Phase Focused Learning) with 11600 Cases
Currently Optimization: 2
Constructing Template (First Phase Focused Learning, Regression) with 20000 Cases
Scenario Optimization (Second Phase Focused Learning) with 11600 Cases
Currently Optimization: 3
Constructing Template (First Phase Focused Learning, Regression) with 20000 Cases
Scenario Optimization (Second Phase Focused Learning) with 11600 Cases
Currently Optimization: 5
Constructing Template (First Phase Focused Learning, Regression) with 20000 Cases
Scenario Optimization (Second Phase Focused Learning) with 11600 Cases
Currently Optimization: 6
Constructing Template (First Phase Focused Learning, Regression) with 20000 Cases
Scenario Optimization (Second Phase Focused Learning) with 11600 Cases
Currently Optimization: 7
Constructing Template (First Phase Focused Learning, Regression) with 20000 Cases
Scenario Optimization (Second Phase Focused Learning) with 11600 Cases
Currently Optimization: 8
Constructing Template (First Phase Focused Learning, Regression) with 20000 Cases
Scenario Optimization (Second Phase Focused Learning) with 11600 Cases
Currently Optimization: 9
Constructing Template (First Phase Focused Learning, Regression) with 20000 Cases
Scenario Optimization (Second Phase Focused Learning) with 11600 Cases
Verifying...
Component Margins: [0.10056162776955248, 0.10035522125001678, 0.1141550515502457, 0.09136321858792221, 0.0, 0.0839762998660767, 0.1309245469322737, 0.13151603983405769, 0.08706654140894221, 0.10292385671730858]
Margin: 0.17352761246703352
Potential Counter-Example Found! Attack From 6
Difference Evaluation( 6 - 4 ): [ 1.1288505949802334 , 1.390699688844781 ]
Counter-Example Found! Potential Attack label: 6 Score: tensor(9.0460, device='cuda:0') Real Largest Label: 6 Score: tensor(9.0460, device='cuda:0') Original Label Score: tensor(5.7412, device='cuda:0')
Difference: tensor(3.3048, device='cuda:0')
Unsafe. Adversarial Example Found.
Verification Radius(L-inf):  5
Mean:  (0.4914, 0.4822, 0.4465)
Std:  (0.2023, 0.1994, 0.201)
Label to verify: 4
Original Output: tensor([[-1.5983, -2.5180, -0.1335, -1.1183, 11.4635,  0.1684,  0.8768, -0.8176,
         -3.6770, -2.6469]])
Error Ratio: 0.01
Free Variables: 50
Currently Optimization: 0
Constructing Template (First Phase Focused Learning, Regression) with 5000 Cases
Scenario Optimization (Second Phase Focused Learning) with 11600 Cases
Currently Optimization: 1
Constructing Template (First Phase Focused Learning, Regression) with 5000 Cases
Scenario Optimization (Second Phase Focused Learning) with 11600 Cases
Currently Optimization: 2
Constructing Template (First Phase Focused Learning, Regression) with 5000 Cases
Scenario Optimization (Second Phase Focused Learning) with 11600 Cases
Currently Optimization: 3
Constructing Template (First Phase Focused Learning, Regression) with 5000 Cases
Scenario Optimization (Second Phase Focused Learning) with 11600 Cases
Currently Optimization: 5
Constructing Template (First Phase Focused Learning, Regression) with 5000 Cases
Scenario Optimization (Second Phase Focused Learning) with 11600 Cases
Currently Optimization: 6
Constructing Template (First Phase Focused Learning, Regression) with 5000 Cases
Scenario Optimization (Second Phase Focused Learning) with 11600 Cases
Currently Optimization: 7
Constructing Template (First Phase Focused Learning, Regression) with 5000 Cases
Scenario Optimization (Second Phase Focused Learning) with 11600 Cases
Currently Optimization: 8
Constructing Template (First Phase Focused Learning, Regression) with 5000 Cases
Scenario Optimization (Second Phase Focused Learning) with 11600 Cases
Currently Optimization: 9
Constructing Template (First Phase Focused Learning, Regression) with 5000 Cases
Scenario Optimization (Second Phase Focused Learning) with 11600 Cases
Verifying...
Component Margins: [0.08217170189974814, 0.08172015348999448, 0.09263966438061247, 0.07379568402616982, 0.0, 0.06998592893608886, 0.11013860812463552, 0.1111032039406632, 0.07412660478345223, 0.0849853859956776]
Margin: 0.13910830513782457
Network is PAC-model robust with error rate 0.01 and confidence level 0.999
Verification Radius(L-inf):  6
Mean:  (0.4914, 0.4822, 0.4465)
Std:  (0.2023, 0.1994, 0.201)
Label to verify: 4
Original Output: tensor([[-1.5983, -2.5180, -0.1335, -1.1183, 11.4635,  0.1684,  0.8768, -0.8176,
         -3.6770, -2.6469]])
Error Ratio: 0.01
Free Variables: 50
Currently Optimization: 0
Constructing Template (First Phase Focused Learning, Regression) with 5000 Cases
Scenario Optimization (Second Phase Focused Learning) with 11600 Cases
Currently Optimization: 1
Constructing Template (First Phase Focused Learning, Regression) with 5000 Cases
Scenario Optimization (Second Phase Focused Learning) with 11600 Cases
Currently Optimization: 2
Constructing Template (First Phase Focused Learning, Regression) with 5000 Cases
Scenario Optimization (Second Phase Focused Learning) with 11600 Cases
Currently Optimization: 3
Constructing Template (First Phase Focused Learning, Regression) with 5000 Cases
Scenario Optimization (Second Phase Focused Learning) with 11600 Cases
Currently Optimization: 5
Constructing Template (First Phase Focused Learning, Regression) with 5000 Cases
Scenario Optimization (Second Phase Focused Learning) with 11600 Cases
Currently Optimization: 6
Constructing Template (First Phase Focused Learning, Regression) with 5000 Cases
Scenario Optimization (Second Phase Focused Learning) with 11600 Cases
Currently Optimization: 7
Constructing Template (First Phase Focused Learning, Regression) with 5000 Cases
Scenario Optimization (Second Phase Focused Learning) with 11600 Cases
Currently Optimization: 8
Constructing Template (First Phase Focused Learning, Regression) with 5000 Cases
Scenario Optimization (Second Phase Focused Learning) with 11600 Cases
Currently Optimization: 9
Constructing Template (First Phase Focused Learning, Regression) with 5000 Cases
Scenario Optimization (Second Phase Focused Learning) with 11600 Cases
Verifying...
Component Margins: [0.11112061081463584, 0.11167380755226516, 0.1256815964024718, 0.10034916673967488, 0.0, 0.09519276727486359, 0.15020321886373805, 0.14976612513062387, 0.10079291534730936, 0.11552360988730588]
Margin: 0.20866451558794985
Potential Counter-Example Found! Attack From 6
Difference Evaluation( 6 - 4 ): [ 0.1612794831408758 , 0.4616859208683519 ]
Counter-Example Found! Potential Attack label: 6 Score: tensor(7.8973, device='cuda:0') Real Largest Label: 6 Score: tensor(7.8973, device='cuda:0') Original Label Score: tensor(6.7770, device='cuda:0')
Difference: tensor(1.1203, device='cuda:0')
Unsafe. Adversarial Example Found.
Verification Radius(L-inf):  6
Mean:  (0.4914, 0.4822, 0.4465)
Std:  (0.2023, 0.1994, 0.201)
Label to verify: 4
Original Output: tensor([[-1.5983, -2.5180, -0.1335, -1.1183, 11.4635,  0.1684,  0.8768, -0.8176,
         -3.6770, -2.6469]])
Error Ratio: 0.1
Free Variables: 52
Currently Optimization: 0
Constructing Template (First Phase Focused Learning, Regression) with 20000 Cases
Scenario Optimization (Second Phase Focused Learning) with 1200 Cases
Currently Optimization: 1
Constructing Template (First Phase Focused Learning, Regression) with 20000 Cases
Scenario Optimization (Second Phase Focused Learning) with 1200 Cases
Currently Optimization: 2
Constructing Template (First Phase Focused Learning, Regression) with 20000 Cases
Scenario Optimization (Second Phase Focused Learning) with 1200 Cases
Currently Optimization: 3
Constructing Template (First Phase Focused Learning, Regression) with 20000 Cases
Scenario Optimization (Second Phase Focused Learning) with 1200 Cases
Currently Optimization: 5
Constructing Template (First Phase Focused Learning, Regression) with 20000 Cases
Scenario Optimization (Second Phase Focused Learning) with 1200 Cases
Currently Optimization: 6
Constructing Template (First Phase Focused Learning, Regression) with 20000 Cases
Scenario Optimization (Second Phase Focused Learning) with 1200 Cases
Currently Optimization: 7
Constructing Template (First Phase Focused Learning, Regression) with 20000 Cases
Scenario Optimization (Second Phase Focused Learning) with 1200 Cases
Currently Optimization: 8
Constructing Template (First Phase Focused Learning, Regression) with 20000 Cases
Scenario Optimization (Second Phase Focused Learning) with 1200 Cases
Currently Optimization: 9
Constructing Template (First Phase Focused Learning, Regression) with 20000 Cases
Scenario Optimization (Second Phase Focused Learning) with 1200 Cases
Verifying...
Component Margins: [0.056620028356305384, 0.052243000019424495, 0.06394004558189692, 0.04880332901862194, 0.0, 0.045772449261465585, 0.07138712559619396, 0.07524869327347602, 0.04800481208697951, 0.05390003806371993]
Margin: 0.1297190198141358
Network is PAC-model robust with error rate 0.1 and confidence level 0.999
Verification Radius(L-inf):  7
Mean:  (0.4914, 0.4822, 0.4465)
Std:  (0.2023, 0.1994, 0.201)
Label to verify: 4
Original Output: tensor([[-1.5983, -2.5180, -0.1335, -1.1183, 11.4635,  0.1684,  0.8768, -0.8176,
         -3.6770, -2.6469]])
Error Ratio: 0.1
Free Variables: 52
Currently Optimization: 0
Constructing Template (First Phase Focused Learning, Regression) with 20000 Cases
Scenario Optimization (Second Phase Focused Learning) with 1200 Cases
Currently Optimization: 1
Constructing Template (First Phase Focused Learning, Regression) with 20000 Cases
Scenario Optimization (Second Phase Focused Learning) with 1200 Cases
Currently Optimization: 2
Constructing Template (First Phase Focused Learning, Regression) with 20000 Cases
Scenario Optimization (Second Phase Focused Learning) with 1200 Cases
Currently Optimization: 3
Constructing Template (First Phase Focused Learning, Regression) with 20000 Cases
Scenario Optimization (Second Phase Focused Learning) with 1200 Cases
Currently Optimization: 5
Constructing Template (First Phase Focused Learning, Regression) with 20000 Cases
Scenario Optimization (Second Phase Focused Learning) with 1200 Cases
Currently Optimization: 6
Constructing Template (First Phase Focused Learning, Regression) with 20000 Cases
Scenario Optimization (Second Phase Focused Learning) with 1200 Cases
Currently Optimization: 7
Constructing Template (First Phase Focused Learning, Regression) with 20000 Cases
Scenario Optimization (Second Phase Focused Learning) with 1200 Cases
Currently Optimization: 8
Constructing Template (First Phase Focused Learning, Regression) with 20000 Cases
Scenario Optimization (Second Phase Focused Learning) with 1200 Cases
Currently Optimization: 9
Constructing Template (First Phase Focused Learning, Regression) with 20000 Cases
Scenario Optimization (Second Phase Focused Learning) with 1200 Cases
Verifying...
Component Margins: [0.0736615597953479, 0.06802017253506736, 0.08133670474699704, 0.06263609009087698, 0.0, 0.0586503574286186, 0.09406821387670622, 0.09442575959128187, 0.0615050430258578, 0.07030360939217638]
Margin: 0.16195146856856368
Potential Counter-Example Found! Attack From 6
Difference Evaluation( 6 - 4 ): [ 1.165254642898888 , 1.3533910706523002 ]
Counter-Example Found! Potential Attack label: 6 Score: tensor(9.0460, device='cuda:0') Real Largest Label: 6 Score: tensor(9.0460, device='cuda:0') Original Label Score: tensor(5.7412, device='cuda:0')
Difference: tensor(3.3048, device='cuda:0')
Unsafe. Adversarial Example Found.
Verification Radius(L-inf):  5
Mean:  (0.4914, 0.4822, 0.4465)
Std:  (0.2023, 0.1994, 0.201)
Label to verify: 4
Original Output: tensor([[-1.5983, -2.5180, -0.1335, -1.1183, 11.4635,  0.1684,  0.8768, -0.8176,
         -3.6770, -2.6469]])
Error Ratio: 0.1
Free Variables: 52
Currently Optimization: 0
Constructing Template (First Phase Focused Learning, Regression) with 5000 Cases
Scenario Optimization (Second Phase Focused Learning) with 1200 Cases
Currently Optimization: 1
Constructing Template (First Phase Focused Learning, Regression) with 5000 Cases
Scenario Optimization (Second Phase Focused Learning) with 1200 Cases
Currently Optimization: 2
Constructing Template (First Phase Focused Learning, Regression) with 5000 Cases
Scenario Optimization (Second Phase Focused Learning) with 1200 Cases
Currently Optimization: 3
Constructing Template (First Phase Focused Learning, Regression) with 5000 Cases
Scenario Optimization (Second Phase Focused Learning) with 1200 Cases
Currently Optimization: 5
Constructing Template (First Phase Focused Learning, Regression) with 5000 Cases
Scenario Optimization (Second Phase Focused Learning) with 1200 Cases
Currently Optimization: 6
Constructing Template (First Phase Focused Learning, Regression) with 5000 Cases
Scenario Optimization (Second Phase Focused Learning) with 1200 Cases
Currently Optimization: 7
Constructing Template (First Phase Focused Learning, Regression) with 5000 Cases
Scenario Optimization (Second Phase Focused Learning) with 1200 Cases
Currently Optimization: 8
Constructing Template (First Phase Focused Learning, Regression) with 5000 Cases
Scenario Optimization (Second Phase Focused Learning) with 1200 Cases
Currently Optimization: 9
Constructing Template (First Phase Focused Learning, Regression) with 5000 Cases
Scenario Optimization (Second Phase Focused Learning) with 1200 Cases
Verifying...
Component Margins: [0.05912714886241808, 0.05679124267656524, 0.06682350648461484, 0.05269929516816522, 0.0, 0.04876610627602409, 0.07699320255500748, 0.07868687149559192, 0.05480844935960527, 0.057117691158467376]
Margin: 0.10518254754044598
Network is PAC-model robust with error rate 0.1 and confidence level 0.999
Verification Radius(L-inf):  6
Mean:  (0.4914, 0.4822, 0.4465)
Std:  (0.2023, 0.1994, 0.201)
Label to verify: 4
Original Output: tensor([[-1.5983, -2.5180, -0.1335, -1.1183, 11.4635,  0.1684,  0.8768, -0.8176,
         -3.6770, -2.6469]])
Error Ratio: 0.1
Free Variables: 52
Currently Optimization: 0
Constructing Template (First Phase Focused Learning, Regression) with 5000 Cases
Scenario Optimization (Second Phase Focused Learning) with 1200 Cases
Currently Optimization: 1
Constructing Template (First Phase Focused Learning, Regression) with 5000 Cases
Scenario Optimization (Second Phase Focused Learning) with 1200 Cases
Currently Optimization: 2
Constructing Template (First Phase Focused Learning, Regression) with 5000 Cases
Scenario Optimization (Second Phase Focused Learning) with 1200 Cases
Currently Optimization: 3
Constructing Template (First Phase Focused Learning, Regression) with 5000 Cases
Scenario Optimization (Second Phase Focused Learning) with 1200 Cases
Currently Optimization: 5
Constructing Template (First Phase Focused Learning, Regression) with 5000 Cases
Scenario Optimization (Second Phase Focused Learning) with 1200 Cases
Currently Optimization: 6
Constructing Template (First Phase Focused Learning, Regression) with 5000 Cases
Scenario Optimization (Second Phase Focused Learning) with 1200 Cases
Currently Optimization: 7
Constructing Template (First Phase Focused Learning, Regression) with 5000 Cases
Scenario Optimization (Second Phase Focused Learning) with 1200 Cases
Currently Optimization: 8
Constructing Template (First Phase Focused Learning, Regression) with 5000 Cases
Scenario Optimization (Second Phase Focused Learning) with 1200 Cases
Currently Optimization: 9
Constructing Template (First Phase Focused Learning, Regression) with 5000 Cases
Scenario Optimization (Second Phase Focused Learning) with 1200 Cases
Verifying...
Component Margins: [0.07906210263640401, 0.07845871840875711, 0.09060871283883308, 0.07328473475895902, 0.0, 0.06549246574929607, 0.10472635089434482, 0.10636151592783989, 0.07641946200445122, 0.08017847399863291]
Margin: 0.1750780755857484
Potential Counter-Example Found! Attack From 6
Difference Evaluation( 6 - 4 ): [ 0.3093650831374441 , 0.5188177849261337 ]
Counter-Example Found! Potential Attack label: 6 Score: tensor(7.8973, device='cuda:0') Real Largest Label: 6 Score: tensor(7.8973, device='cuda:0') Original Label Score: tensor(6.7770, device='cuda:0')
Difference: tensor(1.1203, device='cuda:0')
Unsafe. Adversarial Example Found.
Verification Radius(L-inf):  6
Mean:  (0.4914, 0.4822, 0.4465)
Std:  (0.2023, 0.1994, 0.201)
Label to verify: 4
Original Output: tensor([[-1.5983, -2.5180, -0.1335, -1.1183, 11.4635,  0.1684,  0.8768, -0.8176,
         -3.6770, -2.6469]])
Error Ratio: 0.01
Free Variables: 50
Currently Optimization: 0
Constructing Template (First Phase Focused Learning, Regression) with 20000 Cases
Scenario Optimization (Second Phase Focused Learning) with 10800 Cases
Currently Optimization: 1
Constructing Template (First Phase Focused Learning, Regression) with 20000 Cases
Scenario Optimization (Second Phase Focused Learning) with 10800 Cases
Currently Optimization: 2
Constructing Template (First Phase Focused Learning, Regression) with 20000 Cases
Scenario Optimization (Second Phase Focused Learning) with 10800 Cases
Currently Optimization: 3
Constructing Template (First Phase Focused Learning, Regression) with 20000 Cases
Scenario Optimization (Second Phase Focused Learning) with 10800 Cases
Currently Optimization: 5
Constructing Template (First Phase Focused Learning, Regression) with 20000 Cases
Scenario Optimization (Second Phase Focused Learning) with 10800 Cases
Currently Optimization: 6
Constructing Template (First Phase Focused Learning, Regression) with 20000 Cases
Scenario Optimization (Second Phase Focused Learning) with 10800 Cases
Currently Optimization: 7
Constructing Template (First Phase Focused Learning, Regression) with 20000 Cases
Scenario Optimization (Second Phase Focused Learning) with 10800 Cases
Currently Optimization: 8
Constructing Template (First Phase Focused Learning, Regression) with 20000 Cases
Scenario Optimization (Second Phase Focused Learning) with 10800 Cases
Currently Optimization: 9
Constructing Template (First Phase Focused Learning, Regression) with 20000 Cases
Scenario Optimization (Second Phase Focused Learning) with 10800 Cases
Verifying...
Component Margins: [0.0769509532297542, 0.07619497481896381, 0.08730344371486003, 0.06891988693146299, 0.0, 0.0646808646118693, 0.09971726288588145, 0.1018657939975047, 0.06791155305817291, 0.07846284595241688]
Margin: 0.12146162647228564
Network is PAC-model robust with error rate 0.01 and confidence level 0.9
Verification Radius(L-inf):  7
Mean:  (0.4914, 0.4822, 0.4465)
Std:  (0.2023, 0.1994, 0.201)
Label to verify: 4
Original Output: tensor([[-1.5983, -2.5180, -0.1335, -1.1183, 11.4635,  0.1684,  0.8768, -0.8176,
         -3.6770, -2.6469]])
Error Ratio: 0.01
Free Variables: 50
Currently Optimization: 0
Constructing Template (First Phase Focused Learning, Regression) with 20000 Cases
Scenario Optimization (Second Phase Focused Learning) with 10800 Cases
Currently Optimization: 1
Constructing Template (First Phase Focused Learning, Regression) with 20000 Cases
Scenario Optimization (Second Phase Focused Learning) with 10800 Cases
Currently Optimization: 2
Constructing Template (First Phase Focused Learning, Regression) with 20000 Cases
Scenario Optimization (Second Phase Focused Learning) with 10800 Cases
Currently Optimization: 3
Constructing Template (First Phase Focused Learning, Regression) with 20000 Cases
Scenario Optimization (Second Phase Focused Learning) with 10800 Cases
Currently Optimization: 5
Constructing Template (First Phase Focused Learning, Regression) with 20000 Cases
Scenario Optimization (Second Phase Focused Learning) with 10800 Cases
Currently Optimization: 6
Constructing Template (First Phase Focused Learning, Regression) with 20000 Cases
Scenario Optimization (Second Phase Focused Learning) with 10800 Cases
Currently Optimization: 7
Constructing Template (First Phase Focused Learning, Regression) with 20000 Cases
Scenario Optimization (Second Phase Focused Learning) with 10800 Cases
Currently Optimization: 8
Constructing Template (First Phase Focused Learning, Regression) with 20000 Cases
Scenario Optimization (Second Phase Focused Learning) with 10800 Cases
Currently Optimization: 9
Constructing Template (First Phase Focused Learning, Regression) with 20000 Cases
Scenario Optimization (Second Phase Focused Learning) with 10800 Cases
Verifying...
Component Margins: [0.1002406301325247, 0.09969198021999542, 0.11392384055326227, 0.09114827770690079, 0.0, 0.08386171844690966, 0.13021102590006234, 0.13107286710702393, 0.08653944442967684, 0.10289514660110843]
Margin: 0.16060018256958486
Potential Counter-Example Found! Attack From 6
Difference Evaluation( 6 - 4 ): [ 1.13185139225298 , 1.3922734440531048 ]
Counter-Example Found! Potential Attack label: 6 Score: tensor(9.0460, device='cuda:0') Real Largest Label: 6 Score: tensor(9.0460, device='cuda:0') Original Label Score: tensor(5.7412, device='cuda:0')
Difference: tensor(3.3048, device='cuda:0')
Unsafe. Adversarial Example Found.
Verification Radius(L-inf):  5
Mean:  (0.4914, 0.4822, 0.4465)
Std:  (0.2023, 0.1994, 0.201)
Label to verify: 4
Original Output: tensor([[-1.5983, -2.5180, -0.1335, -1.1183, 11.4635,  0.1684,  0.8768, -0.8176,
         -3.6770, -2.6469]])
Error Ratio: 0.01
Free Variables: 50
Currently Optimization: 0
Constructing Template (First Phase Focused Learning, Regression) with 5000 Cases
Scenario Optimization (Second Phase Focused Learning) with 10800 Cases
Currently Optimization: 1
Constructing Template (First Phase Focused Learning, Regression) with 5000 Cases
Scenario Optimization (Second Phase Focused Learning) with 10800 Cases
Currently Optimization: 2
Constructing Template (First Phase Focused Learning, Regression) with 5000 Cases
Scenario Optimization (Second Phase Focused Learning) with 10800 Cases
Currently Optimization: 3
Constructing Template (First Phase Focused Learning, Regression) with 5000 Cases
Scenario Optimization (Second Phase Focused Learning) with 10800 Cases
Currently Optimization: 5
Constructing Template (First Phase Focused Learning, Regression) with 5000 Cases
Scenario Optimization (Second Phase Focused Learning) with 10800 Cases
Currently Optimization: 6
Constructing Template (First Phase Focused Learning, Regression) with 5000 Cases
Scenario Optimization (Second Phase Focused Learning) with 10800 Cases
Currently Optimization: 7
Constructing Template (First Phase Focused Learning, Regression) with 5000 Cases
Scenario Optimization (Second Phase Focused Learning) with 10800 Cases
Currently Optimization: 8
Constructing Template (First Phase Focused Learning, Regression) with 5000 Cases
Scenario Optimization (Second Phase Focused Learning) with 10800 Cases
Currently Optimization: 9
Constructing Template (First Phase Focused Learning, Regression) with 5000 Cases
Scenario Optimization (Second Phase Focused Learning) with 10800 Cases
Verifying...
Component Margins: [0.08065676843946397, 0.08091391181031032, 0.09252610731264904, 0.07313909267084406, 0.0, 0.06881764764128655, 0.10959945239699291, 0.11083660074933542, 0.07283298350353087, 0.08470392903142067]
Margin: 0.1427014169621863
Network is PAC-model robust with error rate 0.01 and confidence level 0.9
Verification Radius(L-inf):  6
Mean:  (0.4914, 0.4822, 0.4465)
Std:  (0.2023, 0.1994, 0.201)
Label to verify: 4
Original Output: tensor([[-1.5983, -2.5180, -0.1335, -1.1183, 11.4635,  0.1684,  0.8768, -0.8176,
         -3.6770, -2.6469]])
Error Ratio: 0.01
Free Variables: 50
Currently Optimization: 0
Constructing Template (First Phase Focused Learning, Regression) with 5000 Cases
Scenario Optimization (Second Phase Focused Learning) with 10800 Cases
Currently Optimization: 1
Constructing Template (First Phase Focused Learning, Regression) with 5000 Cases
Scenario Optimization (Second Phase Focused Learning) with 10800 Cases
Currently Optimization: 2
Constructing Template (First Phase Focused Learning, Regression) with 5000 Cases
Scenario Optimization (Second Phase Focused Learning) with 10800 Cases
Currently Optimization: 3
Constructing Template (First Phase Focused Learning, Regression) with 5000 Cases
Scenario Optimization (Second Phase Focused Learning) with 10800 Cases
Currently Optimization: 5
Constructing Template (First Phase Focused Learning, Regression) with 5000 Cases
Scenario Optimization (Second Phase Focused Learning) with 10800 Cases
Currently Optimization: 6
Constructing Template (First Phase Focused Learning, Regression) with 5000 Cases
Scenario Optimization (Second Phase Focused Learning) with 10800 Cases
Currently Optimization: 7
Constructing Template (First Phase Focused Learning, Regression) with 5000 Cases
Scenario Optimization (Second Phase Focused Learning) with 10800 Cases
Currently Optimization: 8
Constructing Template (First Phase Focused Learning, Regression) with 5000 Cases
Scenario Optimization (Second Phase Focused Learning) with 10800 Cases
Currently Optimization: 9
Constructing Template (First Phase Focused Learning, Regression) with 5000 Cases
Scenario Optimization (Second Phase Focused Learning) with 10800 Cases
Verifying...
Component Margins: [0.10785020194247036, 0.11009528384042803, 0.1256815964024718, 0.09940602480024319, 0.0, 0.09327914001666138, 0.14715645573544942, 0.14915679541312693, 0.0989989454507655, 0.11355778403463364]
Margin: 0.21359177805785023
Potential Counter-Example Found! Attack From 6
Difference Evaluation( 6 - 4 ): [ 0.13912664387368961 , 0.43343955534458845 ]
Counter-Example Found! Potential Attack label: 6 Score: tensor(7.8973, device='cuda:0') Real Largest Label: 6 Score: tensor(7.8973, device='cuda:0') Original Label Score: tensor(6.7770, device='cuda:0')
Difference: tensor(1.1203, device='cuda:0')
Unsafe. Adversarial Example Found.
Time:  2644.4323737621307
Epsilon: 0.01 Eta: 0.001 K(1): 20000 Radius(L-inf): 6    Network is PAC-model robust.
Epsilon: 0.01 Eta: 0.001 K(1): 20000 Radius(L-inf): 7    Unsafe. Adversarial Example Found.
Epsilon: 0.01 Eta: 0.001 K(1): 5000 Radius(L-inf): 5    Network is PAC-model robust.
Epsilon: 0.01 Eta: 0.001 K(1): 5000 Radius(L-inf): 6    Unsafe. Adversarial Example Found.
Epsilon: 0.1 Eta: 0.001 K(1): 20000 Radius(L-inf): 6    Network is PAC-model robust.
Epsilon: 0.1 Eta: 0.001 K(1): 20000 Radius(L-inf): 7    Unsafe. Adversarial Example Found.
Epsilon: 0.1 Eta: 0.001 K(1): 5000 Radius(L-inf): 5    Network is PAC-model robust.
Epsilon: 0.1 Eta: 0.001 K(1): 5000 Radius(L-inf): 6    Unsafe. Adversarial Example Found.
Epsilon: 0.01 Eta: 0.1 K(1): 20000 Radius(L-inf): 6    Network is PAC-model robust.
Epsilon: 0.01 Eta: 0.1 K(1): 20000 Radius(L-inf): 7    Unsafe. Adversarial Example Found.
Epsilon: 0.01 Eta: 0.1 K(1): 5000 Radius(L-inf): 5    Network is PAC-model robust.
Epsilon: 0.01 Eta: 0.1 K(1): 5000 Radius(L-inf): 6    Unsafe. Adversarial Example Found.

