Files already downloaded and verified
Verification Radius(L-inf):  9
Mean:  (0.4914, 0.4822, 0.4465)
Std:  (0.2023, 0.1994, 0.201)
Label to verify: 9
Original Output: tensor([[ 0.9909, -0.1810, -1.9815, -1.5148, -1.7183, -1.7264, -2.4781, -1.9308,
         -1.6386, 12.1785]])
Error Ratio: 0.01
Free Variables: 50
Currently Optimization: 0
Constructing Template (First Phase Focused Learning, Regression) with 20000 Cases
Scenario Optimization (Second Phase Focused Learning) with 11600 Cases
Set parameter Username
Academic license - for non-commercial use only - expires 2022-02-24
Currently Optimization: 1
Constructing Template (First Phase Focused Learning, Regression) with 20000 Cases
Scenario Optimization (Second Phase Focused Learning) with 11600 Cases
Currently Optimization: 2
Constructing Template (First Phase Focused Learning, Regression) with 20000 Cases
Scenario Optimization (Second Phase Focused Learning) with 11600 Cases
Currently Optimization: 3
Constructing Template (First Phase Focused Learning, Regression) with 20000 Cases
Scenario Optimization (Second Phase Focused Learning) with 11600 Cases
Currently Optimization: 4
Constructing Template (First Phase Focused Learning, Regression) with 20000 Cases
Scenario Optimization (Second Phase Focused Learning) with 11600 Cases
Currently Optimization: 5
Constructing Template (First Phase Focused Learning, Regression) with 20000 Cases
Scenario Optimization (Second Phase Focused Learning) with 11600 Cases
Currently Optimization: 6
Constructing Template (First Phase Focused Learning, Regression) with 20000 Cases
Scenario Optimization (Second Phase Focused Learning) with 11600 Cases
Currently Optimization: 7
Constructing Template (First Phase Focused Learning, Regression) with 20000 Cases
Scenario Optimization (Second Phase Focused Learning) with 11600 Cases
Currently Optimization: 8
Constructing Template (First Phase Focused Learning, Regression) with 20000 Cases
Scenario Optimization (Second Phase Focused Learning) with 11600 Cases
Verifying...
Component Margins: [0.1512184255277944, 0.09446648365927232, 0.1404449966366939, 0.12386678449828381, 0.15260313531156164, 0.11305413609015817, 0.14380830332904962, 0.12247704906821334, 0.15656942626298742, 0.0]
Margin: 0.21865873591607254
Network is PAC-model robust with error rate 0.01 and confidence level 0.999
Verification Radius(L-inf):  10
Mean:  (0.4914, 0.4822, 0.4465)
Std:  (0.2023, 0.1994, 0.201)
Label to verify: 9
Original Output: tensor([[ 0.9909, -0.1810, -1.9815, -1.5148, -1.7183, -1.7264, -2.4781, -1.9308,
         -1.6386, 12.1785]])
Error Ratio: 0.01
Free Variables: 50
Currently Optimization: 0
Constructing Template (First Phase Focused Learning, Regression) with 20000 Cases
Scenario Optimization (Second Phase Focused Learning) with 11600 Cases
Currently Optimization: 1
Constructing Template (First Phase Focused Learning, Regression) with 20000 Cases
Scenario Optimization (Second Phase Focused Learning) with 11600 Cases
Currently Optimization: 2
Constructing Template (First Phase Focused Learning, Regression) with 20000 Cases
Scenario Optimization (Second Phase Focused Learning) with 11600 Cases
Currently Optimization: 3
Constructing Template (First Phase Focused Learning, Regression) with 20000 Cases
Scenario Optimization (Second Phase Focused Learning) with 11600 Cases
Currently Optimization: 4
Constructing Template (First Phase Focused Learning, Regression) with 20000 Cases
Scenario Optimization (Second Phase Focused Learning) with 11600 Cases
Currently Optimization: 5
Constructing Template (First Phase Focused Learning, Regression) with 20000 Cases
Scenario Optimization (Second Phase Focused Learning) with 11600 Cases
Currently Optimization: 6
Constructing Template (First Phase Focused Learning, Regression) with 20000 Cases
Scenario Optimization (Second Phase Focused Learning) with 11600 Cases
Currently Optimization: 7
Constructing Template (First Phase Focused Learning, Regression) with 20000 Cases
Scenario Optimization (Second Phase Focused Learning) with 11600 Cases
Currently Optimization: 8
Constructing Template (First Phase Focused Learning, Regression) with 20000 Cases
Scenario Optimization (Second Phase Focused Learning) with 11600 Cases
Verifying...
Component Margins: [0.18073197111946454, 0.11277975890729303, 0.1726026217113329, 0.15005224533449374, 0.18853553953413918, 0.1353227205452993, 0.1761381846840621, 0.14810549670833326, 0.19100459924984145, 0.0]
Margin: 0.2391289779273471
Potential Counter-Example Found! Attack From 0
Difference Evaluation( 0 - 9 ): [ 0.44223182424315166 , 0.8036957664820807 ]
Counter-Example Found! Potential Attack label: 0 Score: tensor(6.6025, device='cuda:0') Real Largest Label: 0 Score: tensor(6.6025, device='cuda:0') Original Label Score: tensor(4.7086, device='cuda:0')
Difference: tensor(1.8939, device='cuda:0')
Unsafe. Adversarial Example Found.
Verification Radius(L-inf):  8
Mean:  (0.4914, 0.4822, 0.4465)
Std:  (0.2023, 0.1994, 0.201)
Label to verify: 9
Original Output: tensor([[ 0.9909, -0.1810, -1.9815, -1.5148, -1.7183, -1.7264, -2.4781, -1.9308,
         -1.6386, 12.1785]])
Error Ratio: 0.01
Free Variables: 50
Currently Optimization: 0
Constructing Template (First Phase Focused Learning, Regression) with 5000 Cases
Scenario Optimization (Second Phase Focused Learning) with 11600 Cases
Currently Optimization: 1
Constructing Template (First Phase Focused Learning, Regression) with 5000 Cases
Scenario Optimization (Second Phase Focused Learning) with 11600 Cases
Currently Optimization: 2
Constructing Template (First Phase Focused Learning, Regression) with 5000 Cases
Scenario Optimization (Second Phase Focused Learning) with 11600 Cases
Currently Optimization: 3
Constructing Template (First Phase Focused Learning, Regression) with 5000 Cases
Scenario Optimization (Second Phase Focused Learning) with 11600 Cases
Currently Optimization: 4
Constructing Template (First Phase Focused Learning, Regression) with 5000 Cases
Scenario Optimization (Second Phase Focused Learning) with 11600 Cases
Currently Optimization: 5
Constructing Template (First Phase Focused Learning, Regression) with 5000 Cases
Scenario Optimization (Second Phase Focused Learning) with 11600 Cases
Currently Optimization: 6
Constructing Template (First Phase Focused Learning, Regression) with 5000 Cases
Scenario Optimization (Second Phase Focused Learning) with 11600 Cases
Currently Optimization: 7
Constructing Template (First Phase Focused Learning, Regression) with 5000 Cases
Scenario Optimization (Second Phase Focused Learning) with 11600 Cases
Currently Optimization: 8
Constructing Template (First Phase Focused Learning, Regression) with 5000 Cases
Scenario Optimization (Second Phase Focused Learning) with 11600 Cases
Verifying...
Component Margins: [0.16999850453410537, 0.11493047062957285, 0.16905239535622246, 0.14339742920618118, 0.1810559442515332, 0.13009916235176103, 0.16773680183841994, 0.14416108445150327, 0.18242924697337545, 0.0]
Margin: 0.2528803582389436
Network is PAC-model robust with error rate 0.01 and confidence level 0.999
Verification Radius(L-inf):  9
Mean:  (0.4914, 0.4822, 0.4465)
Std:  (0.2023, 0.1994, 0.201)
Label to verify: 9
Original Output: tensor([[ 0.9909, -0.1810, -1.9815, -1.5148, -1.7183, -1.7264, -2.4781, -1.9308,
         -1.6386, 12.1785]])
Error Ratio: 0.01
Free Variables: 50
Currently Optimization: 0
Constructing Template (First Phase Focused Learning, Regression) with 5000 Cases
Scenario Optimization (Second Phase Focused Learning) with 11600 Cases
Currently Optimization: 1
Constructing Template (First Phase Focused Learning, Regression) with 5000 Cases
Scenario Optimization (Second Phase Focused Learning) with 11600 Cases
Currently Optimization: 2
Constructing Template (First Phase Focused Learning, Regression) with 5000 Cases
Scenario Optimization (Second Phase Focused Learning) with 11600 Cases
Currently Optimization: 3
Constructing Template (First Phase Focused Learning, Regression) with 5000 Cases
Scenario Optimization (Second Phase Focused Learning) with 11600 Cases
Currently Optimization: 4
Constructing Template (First Phase Focused Learning, Regression) with 5000 Cases
Scenario Optimization (Second Phase Focused Learning) with 11600 Cases
Currently Optimization: 5
Constructing Template (First Phase Focused Learning, Regression) with 5000 Cases
Scenario Optimization (Second Phase Focused Learning) with 11600 Cases
Currently Optimization: 6
Constructing Template (First Phase Focused Learning, Regression) with 5000 Cases
Scenario Optimization (Second Phase Focused Learning) with 11600 Cases
Currently Optimization: 7
Constructing Template (First Phase Focused Learning, Regression) with 5000 Cases
Scenario Optimization (Second Phase Focused Learning) with 11600 Cases
Currently Optimization: 8
Constructing Template (First Phase Focused Learning, Regression) with 5000 Cases
Scenario Optimization (Second Phase Focused Learning) with 11600 Cases
Verifying...
Component Margins: [0.20902773937868602, 0.13924365051058735, 0.20919764394991086, 0.1780536939768899, 0.22527835629632956, 0.16168964031749708, 0.2104865518611959, 0.17676978889994804, 0.22966467840300725, 0.0]
Margin: 0.31702676762824566
Potential Counter-Example Found! Attack From 0
Difference Evaluation( 0 - 9 ): [ 0.6603419927771015 , 1.0783974715344735 ]
Counter-Example Found! Potential Attack label: 0 Score: tensor(6.1218, device='cuda:0') Real Largest Label: 0 Score: tensor(6.1218, device='cuda:0') Original Label Score: tensor(5.7511, device='cuda:0')
Difference: tensor(0.3707, device='cuda:0')
Unsafe. Adversarial Example Found.
Verification Radius(L-inf):  9
Mean:  (0.4914, 0.4822, 0.4465)
Std:  (0.2023, 0.1994, 0.201)
Label to verify: 9
Original Output: tensor([[ 0.9909, -0.1810, -1.9815, -1.5148, -1.7183, -1.7264, -2.4781, -1.9308,
         -1.6386, 12.1785]])
Error Ratio: 0.1
Free Variables: 52
Currently Optimization: 0
Constructing Template (First Phase Focused Learning, Regression) with 20000 Cases
Scenario Optimization (Second Phase Focused Learning) with 1200 Cases
Currently Optimization: 1
Constructing Template (First Phase Focused Learning, Regression) with 20000 Cases
Scenario Optimization (Second Phase Focused Learning) with 1200 Cases
Currently Optimization: 2
Constructing Template (First Phase Focused Learning, Regression) with 20000 Cases
Scenario Optimization (Second Phase Focused Learning) with 1200 Cases
Currently Optimization: 3
Constructing Template (First Phase Focused Learning, Regression) with 20000 Cases
Scenario Optimization (Second Phase Focused Learning) with 1200 Cases
Currently Optimization: 4
Constructing Template (First Phase Focused Learning, Regression) with 20000 Cases
Scenario Optimization (Second Phase Focused Learning) with 1200 Cases
Currently Optimization: 5
Constructing Template (First Phase Focused Learning, Regression) with 20000 Cases
Scenario Optimization (Second Phase Focused Learning) with 1200 Cases
Currently Optimization: 6
Constructing Template (First Phase Focused Learning, Regression) with 20000 Cases
Scenario Optimization (Second Phase Focused Learning) with 1200 Cases
Currently Optimization: 7
Constructing Template (First Phase Focused Learning, Regression) with 20000 Cases
Scenario Optimization (Second Phase Focused Learning) with 1200 Cases
Currently Optimization: 8
Constructing Template (First Phase Focused Learning, Regression) with 20000 Cases
Scenario Optimization (Second Phase Focused Learning) with 1200 Cases
Verifying...
Component Margins: [0.12038824735870135, 0.07126396840329088, 0.10954201873812251, 0.09205471651112786, 0.11934182422271598, 0.08649028849253483, 0.10401771477568705, 0.0946630547044838, 0.11312668804496853, 0.0]
Margin: 0.2269695414676196
Network is PAC-model robust with error rate 0.1 and confidence level 0.999
Verification Radius(L-inf):  10
Mean:  (0.4914, 0.4822, 0.4465)
Std:  (0.2023, 0.1994, 0.201)
Label to verify: 9
Original Output: tensor([[ 0.9909, -0.1810, -1.9815, -1.5148, -1.7183, -1.7264, -2.4781, -1.9308,
         -1.6386, 12.1785]])
Error Ratio: 0.1
Free Variables: 52
Currently Optimization: 0
Constructing Template (First Phase Focused Learning, Regression) with 20000 Cases
Scenario Optimization (Second Phase Focused Learning) with 1200 Cases
Currently Optimization: 1
Constructing Template (First Phase Focused Learning, Regression) with 20000 Cases
Scenario Optimization (Second Phase Focused Learning) with 1200 Cases
Currently Optimization: 2
Constructing Template (First Phase Focused Learning, Regression) with 20000 Cases
Scenario Optimization (Second Phase Focused Learning) with 1200 Cases
Currently Optimization: 3
Constructing Template (First Phase Focused Learning, Regression) with 20000 Cases
Scenario Optimization (Second Phase Focused Learning) with 1200 Cases
Currently Optimization: 4
Constructing Template (First Phase Focused Learning, Regression) with 20000 Cases
Scenario Optimization (Second Phase Focused Learning) with 1200 Cases
Currently Optimization: 5
Constructing Template (First Phase Focused Learning, Regression) with 20000 Cases
Scenario Optimization (Second Phase Focused Learning) with 1200 Cases
Currently Optimization: 6
Constructing Template (First Phase Focused Learning, Regression) with 20000 Cases
Scenario Optimization (Second Phase Focused Learning) with 1200 Cases
Currently Optimization: 7
Constructing Template (First Phase Focused Learning, Regression) with 20000 Cases
Scenario Optimization (Second Phase Focused Learning) with 1200 Cases
Currently Optimization: 8
Constructing Template (First Phase Focused Learning, Regression) with 20000 Cases
Scenario Optimization (Second Phase Focused Learning) with 1200 Cases
Verifying...
Component Margins: [0.1427711387799074, 0.08494805345249651, 0.13281317367839893, 0.11253188995901144, 0.14592029182430233, 0.10540528187987701, 0.1267366242100349, 0.11322558411340641, 0.13847893831363464, 0.0]
Margin: 0.2875366579087668
Potential Counter-Example Found! Attack From 0
Difference Evaluation( 0 - 9 ): [ 0.44015027011061286 , 0.7256925476704277 ]
Counter-Example Found! Potential Attack label: 0 Score: tensor(6.5804, device='cuda:0') Real Largest Label: 0 Score: tensor(6.5804, device='cuda:0') Original Label Score: tensor(4.7302, device='cuda:0')
Difference: tensor(1.8502, device='cuda:0')
Unsafe. Adversarial Example Found.
Verification Radius(L-inf):  8
Mean:  (0.4914, 0.4822, 0.4465)
Std:  (0.2023, 0.1994, 0.201)
Label to verify: 9
Original Output: tensor([[ 0.9909, -0.1810, -1.9815, -1.5148, -1.7183, -1.7264, -2.4781, -1.9308,
         -1.6386, 12.1785]])
Error Ratio: 0.1
Free Variables: 52
Currently Optimization: 0
Constructing Template (First Phase Focused Learning, Regression) with 5000 Cases
Scenario Optimization (Second Phase Focused Learning) with 1200 Cases
Currently Optimization: 1
Constructing Template (First Phase Focused Learning, Regression) with 5000 Cases
Scenario Optimization (Second Phase Focused Learning) with 1200 Cases
Currently Optimization: 2
Constructing Template (First Phase Focused Learning, Regression) with 5000 Cases
Scenario Optimization (Second Phase Focused Learning) with 1200 Cases
Currently Optimization: 3
Constructing Template (First Phase Focused Learning, Regression) with 5000 Cases
Scenario Optimization (Second Phase Focused Learning) with 1200 Cases
Currently Optimization: 4
Constructing Template (First Phase Focused Learning, Regression) with 5000 Cases
Scenario Optimization (Second Phase Focused Learning) with 1200 Cases
Currently Optimization: 5
Constructing Template (First Phase Focused Learning, Regression) with 5000 Cases
Scenario Optimization (Second Phase Focused Learning) with 1200 Cases
Currently Optimization: 6
Constructing Template (First Phase Focused Learning, Regression) with 5000 Cases
Scenario Optimization (Second Phase Focused Learning) with 1200 Cases
Currently Optimization: 7
Constructing Template (First Phase Focused Learning, Regression) with 5000 Cases
Scenario Optimization (Second Phase Focused Learning) with 1200 Cases
Currently Optimization: 8
Constructing Template (First Phase Focused Learning, Regression) with 5000 Cases
Scenario Optimization (Second Phase Focused Learning) with 1200 Cases
Verifying...
Component Margins: [0.12432618924370284, 0.08854061613807612, 0.1283441506297867, 0.10621652218489479, 0.1359909562740247, 0.09951216606845896, 0.12840700159142168, 0.10969432353434964, 0.13092048597364153, 0.0]
Margin: 0.2096409518392175
Network is PAC-model robust with error rate 0.1 and confidence level 0.999
Verification Radius(L-inf):  9
Mean:  (0.4914, 0.4822, 0.4465)
Std:  (0.2023, 0.1994, 0.201)
Label to verify: 9
Original Output: tensor([[ 0.9909, -0.1810, -1.9815, -1.5148, -1.7183, -1.7264, -2.4781, -1.9308,
         -1.6386, 12.1785]])
Error Ratio: 0.1
Free Variables: 52
Currently Optimization: 0
Constructing Template (First Phase Focused Learning, Regression) with 5000 Cases
Scenario Optimization (Second Phase Focused Learning) with 1200 Cases
Currently Optimization: 1
Constructing Template (First Phase Focused Learning, Regression) with 5000 Cases
Scenario Optimization (Second Phase Focused Learning) with 1200 Cases
Currently Optimization: 2
Constructing Template (First Phase Focused Learning, Regression) with 5000 Cases
Scenario Optimization (Second Phase Focused Learning) with 1200 Cases
Currently Optimization: 3
Constructing Template (First Phase Focused Learning, Regression) with 5000 Cases
Scenario Optimization (Second Phase Focused Learning) with 1200 Cases
Currently Optimization: 4
Constructing Template (First Phase Focused Learning, Regression) with 5000 Cases
Scenario Optimization (Second Phase Focused Learning) with 1200 Cases
Currently Optimization: 5
Constructing Template (First Phase Focused Learning, Regression) with 5000 Cases
Scenario Optimization (Second Phase Focused Learning) with 1200 Cases
Currently Optimization: 6
Constructing Template (First Phase Focused Learning, Regression) with 5000 Cases
Scenario Optimization (Second Phase Focused Learning) with 1200 Cases
Currently Optimization: 7
Constructing Template (First Phase Focused Learning, Regression) with 5000 Cases
Scenario Optimization (Second Phase Focused Learning) with 1200 Cases
Currently Optimization: 8
Constructing Template (First Phase Focused Learning, Regression) with 5000 Cases
Scenario Optimization (Second Phase Focused Learning) with 1200 Cases
Verifying...
Component Margins: [0.1504599695563452, 0.1080427774398146, 0.1602499033661376, 0.1322205401853661, 0.1706831321171216, 0.12323014961080954, 0.16170840187201269, 0.13467546770301436, 0.16618413375991858, 0.0]
Margin: 0.2937024271689328
Potential Counter-Example Found! Attack From 0
Difference Evaluation( 0 - 9 ): [ 0.7761551851274493 , 1.0770751242401397 ]
Counter-Example Found! Potential Attack label: 0 Score: tensor(6.1218, device='cuda:0') Real Largest Label: 0 Score: tensor(6.1218, device='cuda:0') Original Label Score: tensor(5.7511, device='cuda:0')
Difference: tensor(0.3707, device='cuda:0')
Unsafe. Adversarial Example Found.
Verification Radius(L-inf):  9
Mean:  (0.4914, 0.4822, 0.4465)
Std:  (0.2023, 0.1994, 0.201)
Label to verify: 9
Original Output: tensor([[ 0.9909, -0.1810, -1.9815, -1.5148, -1.7183, -1.7264, -2.4781, -1.9308,
         -1.6386, 12.1785]])
Error Ratio: 0.01
Free Variables: 50
Currently Optimization: 0
Constructing Template (First Phase Focused Learning, Regression) with 20000 Cases
Scenario Optimization (Second Phase Focused Learning) with 10800 Cases
Currently Optimization: 1
Constructing Template (First Phase Focused Learning, Regression) with 20000 Cases
Scenario Optimization (Second Phase Focused Learning) with 10800 Cases
Currently Optimization: 2
Constructing Template (First Phase Focused Learning, Regression) with 20000 Cases
Scenario Optimization (Second Phase Focused Learning) with 10800 Cases
Currently Optimization: 3
Constructing Template (First Phase Focused Learning, Regression) with 20000 Cases
Scenario Optimization (Second Phase Focused Learning) with 10800 Cases
Currently Optimization: 4
Constructing Template (First Phase Focused Learning, Regression) with 20000 Cases
Scenario Optimization (Second Phase Focused Learning) with 10800 Cases
Currently Optimization: 5
Constructing Template (First Phase Focused Learning, Regression) with 20000 Cases
Scenario Optimization (Second Phase Focused Learning) with 10800 Cases
Currently Optimization: 6
Constructing Template (First Phase Focused Learning, Regression) with 20000 Cases
Scenario Optimization (Second Phase Focused Learning) with 10800 Cases
Currently Optimization: 7
Constructing Template (First Phase Focused Learning, Regression) with 20000 Cases
Scenario Optimization (Second Phase Focused Learning) with 10800 Cases
Currently Optimization: 8
Constructing Template (First Phase Focused Learning, Regression) with 20000 Cases
Scenario Optimization (Second Phase Focused Learning) with 10800 Cases
Verifying...
Component Margins: [0.14984558329257527, 0.09414753835613718, 0.1389792204759306, 0.12365774655074377, 0.1518651626998495, 0.11296454178399327, 0.14198844295361426, 0.12145919308046489, 0.15603853769407677, 0.0]
Margin: 0.1950391730566139
Network is PAC-model robust with error rate 0.01 and confidence level 0.9
Verification Radius(L-inf):  10
Mean:  (0.4914, 0.4822, 0.4465)
Std:  (0.2023, 0.1994, 0.201)
Label to verify: 9
Original Output: tensor([[ 0.9909, -0.1810, -1.9815, -1.5148, -1.7183, -1.7264, -2.4781, -1.9308,
         -1.6386, 12.1785]])
Error Ratio: 0.01
Free Variables: 50
Currently Optimization: 0
Constructing Template (First Phase Focused Learning, Regression) with 20000 Cases
Scenario Optimization (Second Phase Focused Learning) with 10800 Cases
Currently Optimization: 1
Constructing Template (First Phase Focused Learning, Regression) with 20000 Cases
Scenario Optimization (Second Phase Focused Learning) with 10800 Cases
Currently Optimization: 2
Constructing Template (First Phase Focused Learning, Regression) with 20000 Cases
Scenario Optimization (Second Phase Focused Learning) with 10800 Cases
Currently Optimization: 3
Constructing Template (First Phase Focused Learning, Regression) with 20000 Cases
Scenario Optimization (Second Phase Focused Learning) with 10800 Cases
Currently Optimization: 4
Constructing Template (First Phase Focused Learning, Regression) with 20000 Cases
Scenario Optimization (Second Phase Focused Learning) with 10800 Cases
Currently Optimization: 5
Constructing Template (First Phase Focused Learning, Regression) with 20000 Cases
Scenario Optimization (Second Phase Focused Learning) with 10800 Cases
Currently Optimization: 6
Constructing Template (First Phase Focused Learning, Regression) with 20000 Cases
Scenario Optimization (Second Phase Focused Learning) with 10800 Cases
Currently Optimization: 7
Constructing Template (First Phase Focused Learning, Regression) with 20000 Cases
Scenario Optimization (Second Phase Focused Learning) with 10800 Cases
Currently Optimization: 8
Constructing Template (First Phase Focused Learning, Regression) with 20000 Cases
Scenario Optimization (Second Phase Focused Learning) with 10800 Cases
Verifying...
Component Margins: [0.17959430679199392, 0.11139705958011653, 0.17011620131386068, 0.14998754117584906, 0.18759482022501262, 0.1351686211251053, 0.17323490161652527, 0.14589594093835112, 0.18947761754248899, 0.0]
Margin: 0.24960217135697071
Potential Counter-Example Found! Attack From 0
Difference Evaluation( 0 - 9 ): [ 0.4559167615025366 , 0.8151053750865245 ]
Counter-Example Found! Potential Attack label: 0 Score: tensor(6.6025, device='cuda:0') Real Largest Label: 0 Score: tensor(6.6025, device='cuda:0') Original Label Score: tensor(4.7086, device='cuda:0')
Difference: tensor(1.8939, device='cuda:0')
Unsafe. Adversarial Example Found.
Verification Radius(L-inf):  8
Mean:  (0.4914, 0.4822, 0.4465)
Std:  (0.2023, 0.1994, 0.201)
Label to verify: 9
Original Output: tensor([[ 0.9909, -0.1810, -1.9815, -1.5148, -1.7183, -1.7264, -2.4781, -1.9308,
         -1.6386, 12.1785]])
Error Ratio: 0.01
Free Variables: 50
Currently Optimization: 0
Constructing Template (First Phase Focused Learning, Regression) with 5000 Cases
Scenario Optimization (Second Phase Focused Learning) with 10800 Cases
Currently Optimization: 1
Constructing Template (First Phase Focused Learning, Regression) with 5000 Cases
Scenario Optimization (Second Phase Focused Learning) with 10800 Cases
Currently Optimization: 2
Constructing Template (First Phase Focused Learning, Regression) with 5000 Cases
Scenario Optimization (Second Phase Focused Learning) with 10800 Cases
Currently Optimization: 3
Constructing Template (First Phase Focused Learning, Regression) with 5000 Cases
Scenario Optimization (Second Phase Focused Learning) with 10800 Cases
Currently Optimization: 4
Constructing Template (First Phase Focused Learning, Regression) with 5000 Cases
Scenario Optimization (Second Phase Focused Learning) with 10800 Cases
Currently Optimization: 5
Constructing Template (First Phase Focused Learning, Regression) with 5000 Cases
Scenario Optimization (Second Phase Focused Learning) with 10800 Cases
Currently Optimization: 6
Constructing Template (First Phase Focused Learning, Regression) with 5000 Cases
Scenario Optimization (Second Phase Focused Learning) with 10800 Cases
Currently Optimization: 7
Constructing Template (First Phase Focused Learning, Regression) with 5000 Cases
Scenario Optimization (Second Phase Focused Learning) with 10800 Cases
Currently Optimization: 8
Constructing Template (First Phase Focused Learning, Regression) with 5000 Cases
Scenario Optimization (Second Phase Focused Learning) with 10800 Cases
Verifying...
Component Margins: [0.16973338162838594, 0.11444815119791048, 0.16764627828631232, 0.1433331910556053, 0.18068116338274345, 0.13009916235176103, 0.16773241279687337, 0.14332891053621186, 0.18112231945936633, 0.0]
Margin: 0.2216898135684584
Network is PAC-model robust with error rate 0.01 and confidence level 0.9
Verification Radius(L-inf):  9
Mean:  (0.4914, 0.4822, 0.4465)
Std:  (0.2023, 0.1994, 0.201)
Label to verify: 9
Original Output: tensor([[ 0.9909, -0.1810, -1.9815, -1.5148, -1.7183, -1.7264, -2.4781, -1.9308,
         -1.6386, 12.1785]])
Error Ratio: 0.01
Free Variables: 50
Currently Optimization: 0
Constructing Template (First Phase Focused Learning, Regression) with 5000 Cases
Scenario Optimization (Second Phase Focused Learning) with 10800 Cases
Currently Optimization: 1
Constructing Template (First Phase Focused Learning, Regression) with 5000 Cases
Scenario Optimization (Second Phase Focused Learning) with 10800 Cases
Currently Optimization: 2
Constructing Template (First Phase Focused Learning, Regression) with 5000 Cases
Scenario Optimization (Second Phase Focused Learning) with 10800 Cases
Currently Optimization: 3
Constructing Template (First Phase Focused Learning, Regression) with 5000 Cases
Scenario Optimization (Second Phase Focused Learning) with 10800 Cases
Currently Optimization: 4
Constructing Template (First Phase Focused Learning, Regression) with 5000 Cases
Scenario Optimization (Second Phase Focused Learning) with 10800 Cases
Currently Optimization: 5
Constructing Template (First Phase Focused Learning, Regression) with 5000 Cases
Scenario Optimization (Second Phase Focused Learning) with 10800 Cases
Currently Optimization: 6
Constructing Template (First Phase Focused Learning, Regression) with 5000 Cases
Scenario Optimization (Second Phase Focused Learning) with 10800 Cases
Currently Optimization: 7
Constructing Template (First Phase Focused Learning, Regression) with 5000 Cases
Scenario Optimization (Second Phase Focused Learning) with 10800 Cases
Currently Optimization: 8
Constructing Template (First Phase Focused Learning, Regression) with 5000 Cases
Scenario Optimization (Second Phase Focused Learning) with 10800 Cases
Verifying...
Component Margins: [0.20878415321975913, 0.13874541877623078, 0.20770522795210875, 0.17804041683359445, 0.22495891293750006, 0.16168964031749708, 0.2104865518611959, 0.17594856511297446, 0.22820502723628677, 0.0]
Margin: 0.27266282253944496
Potential Counter-Example Found! Attack From 0
Difference Evaluation( 0 - 9 ): [ 0.6030771396362314 , 1.0206454460757497 ]
Counter-Example Found! Potential Attack label: 0 Score: tensor(6.1218, device='cuda:0') Real Largest Label: 0 Score: tensor(6.1218, device='cuda:0') Original Label Score: tensor(5.7511, device='cuda:0')
Difference: tensor(0.3707, device='cuda:0')
Unsafe. Adversarial Example Found.
Time:  2658.224571943283
Epsilon: 0.01 Eta: 0.001 K(1): 20000 Radius(L-inf): 9    Network is PAC-model robust.
Epsilon: 0.01 Eta: 0.001 K(1): 20000 Radius(L-inf): 10    Unsafe. Adversarial Example Found.
Epsilon: 0.01 Eta: 0.001 K(1): 5000 Radius(L-inf): 8    Network is PAC-model robust.
Epsilon: 0.01 Eta: 0.001 K(1): 5000 Radius(L-inf): 9    Unsafe. Adversarial Example Found.
Epsilon: 0.1 Eta: 0.001 K(1): 20000 Radius(L-inf): 9    Network is PAC-model robust.
Epsilon: 0.1 Eta: 0.001 K(1): 20000 Radius(L-inf): 10    Unsafe. Adversarial Example Found.
Epsilon: 0.1 Eta: 0.001 K(1): 5000 Radius(L-inf): 8    Network is PAC-model robust.
Epsilon: 0.1 Eta: 0.001 K(1): 5000 Radius(L-inf): 9    Unsafe. Adversarial Example Found.
Epsilon: 0.01 Eta: 0.1 K(1): 20000 Radius(L-inf): 9    Network is PAC-model robust.
Epsilon: 0.01 Eta: 0.1 K(1): 20000 Radius(L-inf): 10    Unsafe. Adversarial Example Found.
Epsilon: 0.01 Eta: 0.1 K(1): 5000 Radius(L-inf): 8    Network is PAC-model robust.
Epsilon: 0.01 Eta: 0.1 K(1): 5000 Radius(L-inf): 9    Unsafe. Adversarial Example Found.

